2019-12-29 20:21:52,208 -  - INFO - REQUEST RECIEVED: {"require":"hot-rank","new":false,"example":0}
2019-12-29 20:21:52,246 -  - INFO - RESPONSE SENDING: {'_id': '', 'rank': {'0': '2019大国重器名场面', '1': '郭德纲不知郭麒麟参演庆余年', '2': '澳门土生葡人', '3': '蒋方舟 开水族馆的生物男', '4': '地震瞬间丈夫一把拉回怀孕妻子', '5': '唐一菲开博怼小三谣言', '6': '杨幂今天寄明信片了吗', '7': '崔雪莉吧呼吁粉丝理智前往雪莉墓地', '8': '00后温州女孩参加商业大会', '9': '特朗普回应遭弹劾', '10': '误杀小女孩演技', '11': '关晓彤吴刚同框', '12': '中国电视好演员盛典', '13': '14岁姐姐去8岁弟弟家长会', '14': '韩国性别平等指数亚洲最高', '15': '杭州下雪', '16': '雪后紫金山', '17': '张若昀原声台词', '18': '因为一个综艺又相信爱情了', '19': '被暗恋的人删除是什么感受', '20': '一起出发吧', '21': '张子枫路演', '22': '庆余年', '23': '男人有了女儿后的转变', '24': '面试该不该素颜', '25': '冬天约女生出门的最佳理由', '26': '辛云来抱不动李兰迪', '27': '赵今麦暗黑系大片', '28': '德国反对将华为排除在5G建设之外', '29': '山东舰海上转圈圈', '30': '男生身高170以下的感受', '31': '被问最多的口红色号', '32': '女生个子太高是什么体验', '33': '母校食堂最好吃的东西', '34': '站姐788', '35': '李玉刚摔倒', '36': '男友智商比你低是什么体验', '37': '迪丽热巴宝宝滤镜', '38': '南北方人的吃辣等级', '39': '2019买过最好用的化妆品', '40': '你见过吃相最好看的人', '41': '抠门的人能有多抠', '42': '炸猪排钥匙扣', '43': '担心自己会一直丑下去', '44': '莫斯科12月还没下雪', '45': '庆祝澳门回归祖国20周年文艺晚会', '46': '八旬夫妻河中遇险消防员公主抱救回', '47': '上班不受气的秘笈', '48': '肖战朱一龙东方跨年', '49': '日本猴子集体吃烤地瓜'}, 'rise': {'0': '误杀', '1': '买燃油车还是新能源车', '2': '妈宝男是什么样的', '3': '禁欲系穿搭', '4': '女生的换头术有多强', '5': '中国女排新预告', '6': '中级经济师', '7': '敦煌铁路全线开通', '8': '当代年轻人有多爱收破烂', '9': '内地与澳门经贸往来成就', '10': '2019年的意难平', '11': '冬季流行什么卷发', '12': '第1批对美加征关税商品第2次排除清单', '13': 'C位化妆品大赛', '14': '大明风华', '15': '吉林大范围雾凇景观', '16': '熬夜和起早哪个学习效率高'}, 'ready': 1}
2019-12-29 20:21:52,247 -  - INFO - 127.0.0.1 - - [2019-12-29 20:21:52] "GET /data?request=%7B%22require%22%3A%22hot-rank%22%2C%22new%22%3Afalse%2C%22example%22%3A0%7D HTTP/1.1" 200 4244 0.039039
2019-12-29 20:21:54,422 -  - INFO - REQUEST RECIEVED: {"require":"hot-rank","new":true,"example":0}
2019-12-29 20:21:54,428 -  - INFO - RESPONSE SENDING: {'_id': '', 'rank': {'0': '2019大国重器名场面', '1': '郭德纲不知郭麒麟参演庆余年', '2': '澳门土生葡人', '3': '蒋方舟 开水族馆的生物男', '4': '地震瞬间丈夫一把拉回怀孕妻子', '5': '唐一菲开博怼小三谣言', '6': '杨幂今天寄明信片了吗', '7': '崔雪莉吧呼吁粉丝理智前往雪莉墓地', '8': '00后温州女孩参加商业大会', '9': '特朗普回应遭弹劾', '10': '误杀小女孩演技', '11': '关晓彤吴刚同框', '12': '中国电视好演员盛典', '13': '14岁姐姐去8岁弟弟家长会', '14': '韩国性别平等指数亚洲最高', '15': '杭州下雪', '16': '雪后紫金山', '17': '张若昀原声台词', '18': '因为一个综艺又相信爱情了', '19': '被暗恋的人删除是什么感受', '20': '一起出发吧', '21': '张子枫路演', '22': '庆余年', '23': '男人有了女儿后的转变', '24': '面试该不该素颜', '25': '冬天约女生出门的最佳理由', '26': '辛云来抱不动李兰迪', '27': '赵今麦暗黑系大片', '28': '德国反对将华为排除在5G建设之外', '29': '山东舰海上转圈圈', '30': '男生身高170以下的感受', '31': '被问最多的口红色号', '32': '女生个子太高是什么体验', '33': '母校食堂最好吃的东西', '34': '站姐788', '35': '李玉刚摔倒', '36': '男友智商比你低是什么体验', '37': '迪丽热巴宝宝滤镜', '38': '南北方人的吃辣等级', '39': '2019买过最好用的化妆品', '40': '你见过吃相最好看的人', '41': '抠门的人能有多抠', '42': '炸猪排钥匙扣', '43': '担心自己会一直丑下去', '44': '莫斯科12月还没下雪', '45': '庆祝澳门回归祖国20周年文艺晚会', '46': '八旬夫妻河中遇险消防员公主抱救回', '47': '上班不受气的秘笈', '48': '肖战朱一龙东方跨年', '49': '日本猴子集体吃烤地瓜'}, 'rise': {'0': '误杀', '1': '买燃油车还是新能源车', '2': '妈宝男是什么样的', '3': '禁欲系穿搭', '4': '女生的换头术有多强', '5': '中国女排新预告', '6': '中级经济师', '7': '敦煌铁路全线开通', '8': '当代年轻人有多爱收破烂', '9': '内地与澳门经贸往来成就', '10': '2019年的意难平', '11': '冬季流行什么卷发', '12': '第1批对美加征关税商品第2次排除清单', '13': 'C位化妆品大赛', '14': '大明风华', '15': '吉林大范围雾凇景观', '16': '熬夜和起早哪个学习效率高'}, 'ready': 1}
2019-12-29 20:21:54,428 -  - INFO - 127.0.0.1 - - [2019-12-29 20:21:54] "GET /data?request=%7B%22require%22%3A%22hot-rank%22%2C%22new%22%3Atrue%2C%22example%22%3A0%7D HTTP/1.1" 200 4244 0.005892
2019-12-29 20:21:55,482 -  - INFO - REQUEST RECIEVED: {"require":"topic","checkstatus":[1,0,0,0,0,0,0,0,0,0,0,0,0,0,0,0,0,0,0,0,0,0,0,0,0,0,0,0,0,0,0,0,0,0,0,0,0,0,0,0,0,0,0,0,0,0,0,0,0,0],"example":0}
2019-12-29 20:21:55,483 -  - INFO - RANKS REQUESTED: [0]
2019-12-29 20:21:55,497 -  - INFO - TIME-USED-FOR-MAINRESPONSE: 0.013670206069946289s
2019-12-29 20:21:55,498 -  - INFO - WAITING FOR WORD CLOUDING
2019-12-29 20:21:55,498 -  - INFO - TIME-WAITED-FOR-WORDCLOUD: 0.0009706020355224609s
2019-12-29 20:21:55,498 -  - INFO - 127.0.0.1 - - [2019-12-29 20:21:55] "GET /data?request=%7B%22require%22%3A%22topic%22%2C%22checkstatus%22%3A%5B1%2C0%2C0%2C0%2C0%2C0%2C0%2C0%2C0%2C0%2C0%2C0%2C0%2C0%2C0%2C0%2C0%2C0%2C0%2C0%2C0%2C0%2C0%2C0%2C0%2C0%2C0%2C0%2C0%2C0%2C0%2C0%2C0%2C0%2C0%2C0%2C0%2C0%2C0%2C0%2C0%2C0%2C0%2C0%2C0%2C0%2C0%2C0%2C0%2C0%5D%2C%22example%22%3A0%7D HTTP/1.1" 200 278 0.015603
2019-12-29 20:22:14,075 -  - INFO - REQUEST RECIEVED: {"require":"hot-rank","new":true,"example":0}
2019-12-29 20:22:14,082 -  - INFO - RESPONSE SENDING: {'_id': '', 'rank': {'0': '2019超燃励志故事', '1': '男友晒陈乔恩近照', '2': '荷兰要改名', '3': '王一博等赵丽颖', '4': '张若昀回应打过唇钉', '5': '医院辟谣未对杀医者家属免费治疗', '6': '金晨马甲线', '7': '谭松韵牛角包造型', '8': 'CGTN记者揭西方涉疆涉恐双重标准', '9': '周琦受伤', '10': '富士山的雪', '11': '姚晨饺子裙', '12': '18名新兵收到46份神秘盒饭', '13': 'RNG夺冠', '14': '长沙生态动物园大象踩死驯兽员', '15': '小虎的妖姬', '16': '李现 能放进哪个指头就放哪个指头', '17': '不建议朋友圈三天可见', '18': '女生眼中最土的行为', '19': '幼儿园过出养老院的气质', '20': '吃火锅时最low的行为', '21': '边伯贤蓝发', '22': '眼睛太大有什么烦恼', '23': '6万辆共享单车挤爆两大停车场', '24': '父母姓氏加起来的名字', '25': '沈阳下雪', '26': '翟潇闻劝粉丝不要听新歌', '27': '歌舞青春男主染病紧急送医', '28': '女生眼中的腿精', '29': '2025年社保卡将覆盖全国', '30': '小龙堡好猛', '31': 'EXO演唱会', '32': '最意难平的影视剧角色', '33': '一个女生堕落的表现', '34': '禁止任何人威胁医护人员人身安全', '35': '一起出发吧', '36': '迪丽热巴黄景瑜拥吻路透', '37': '周杰伦深圳演唱会', '38': '囧妈主题曲', '39': '你见过最稀奇的姓氏', '40': '国产阿尔茨海默症新药上市', '41': '赋予综艺灵魂的吃饭镜头', '42': '你最想和谁一起跨年', '43': '儿子不让百岁父亲喝酒被训斥', '44': '第一次搓澡的经历', '45': '杀医嫌犯系无业人员', '46': '海冰破裂数千企鹅幼仔被淹死', '47': '肖战首唱余年', '48': '李现丁宁互动', '49': '辣条助警方破获200万盗窃案'}, 'rise': {'0': '日本年龄最大新员工', '1': '赵丽颖低头抬眸', '2': '贝弗利受伤', '3': '杨幂扶迪丽热巴', '4': '今年你的状态', '5': '你最让爸妈感到自豪的一次', '6': '2019超暖瞬间', '7': '湖人结束4连败', '8': '福岛或2031年仍无法完成清污', '9': '迷惑地名大赏', '10': '北京保障房资格申请取消全部纸质证明', '11': '当今社会年轻人现状', '12': '考场外贴对联求逢考必过', '13': '女朋友生气是个谜', '14': '小区给业主发130万公共收益', '15': '少儿散打的爆笑打开方式', '16': '莫斯科用人造雪迎新年'}, 'hour': 20, 'ready': 1}
2019-12-29 20:22:14,083 -  - INFO - 127.0.0.1 - - [2019-12-29 20:22:14] "GET /data?request=%7B%22require%22%3A%22hot-rank%22%2C%22new%22%3Atrue%2C%22example%22%3A0%7D HTTP/1.1" 200 4209 0.008781
2019-12-29 20:22:15,148 -  - INFO - REQUEST RECIEVED: {"require":"topic","checkstatus":[1,0,0,0,0,0,0,0,0,0,0,0,0,0,0,0,0,0,0,0,0,0,0,0,0,0,0,0,0,0,0,0,0,0,0,0,0,0,0,0,0,0,0,0,0,0,0,0,0,0],"example":0}
2019-12-29 20:22:15,148 -  - INFO - RANKS REQUESTED: [0]
2019-12-29 20:22:15,186 -  - INFO - TIME-USED-FOR-MAINRESPONSE: 0.038062095642089844s
2019-12-29 20:22:15,186 -  - INFO - WAITING FOR WORD CLOUDING
2019-12-29 20:22:15,186 -  - INFO - TIME-WAITED-FOR-WORDCLOUD: 0.0s
2019-12-29 20:22:15,189 -  - INFO - 127.0.0.1 - - [2019-12-29 20:22:15] "GET /data?request=%7B%22require%22%3A%22topic%22%2C%22checkstatus%22%3A%5B1%2C0%2C0%2C0%2C0%2C0%2C0%2C0%2C0%2C0%2C0%2C0%2C0%2C0%2C0%2C0%2C0%2C0%2C0%2C0%2C0%2C0%2C0%2C0%2C0%2C0%2C0%2C0%2C0%2C0%2C0%2C0%2C0%2C0%2C0%2C0%2C0%2C0%2C0%2C0%2C0%2C0%2C0%2C0%2C0%2C0%2C0%2C0%2C0%2C0%5D%2C%22example%22%3A0%7D HTTP/1.1" 200 60479 0.042001
2019-12-29 20:22:18,994 -  - INFO - REQUEST RECIEVED: {"require":"topic","checkstatus":[0,0,0,0,0,0,0,0,0,0,0,0,0,0,0,0,0,0,0,0,0,0,0,0,0,0,0,0,0,0,0,0,0,0,0,0,0,0,0,0,0,0,0,0,0,0,0,0,0,0],"example":0}
2019-12-29 20:22:18,995 -  - INFO - RANKS REQUESTED: []
2019-12-29 20:22:19,002 -  - INFO - TIME-USED-FOR-MAINRESPONSE: 0.006815910339355469s
2019-12-29 20:22:19,003 -  - INFO - WAITING FOR WORD CLOUDING
2019-12-29 20:22:19,003 -  - INFO - TIME-WAITED-FOR-WORDCLOUD: 0.0010061264038085938s
2019-12-29 20:22:19,003 -  - INFO - 127.0.0.1 - - [2019-12-29 20:22:19] "GET /data?request=%7B%22require%22%3A%22topic%22%2C%22checkstatus%22%3A%5B0%2C0%2C0%2C0%2C0%2C0%2C0%2C0%2C0%2C0%2C0%2C0%2C0%2C0%2C0%2C0%2C0%2C0%2C0%2C0%2C0%2C0%2C0%2C0%2C0%2C0%2C0%2C0%2C0%2C0%2C0%2C0%2C0%2C0%2C0%2C0%2C0%2C0%2C0%2C0%2C0%2C0%2C0%2C0%2C0%2C0%2C0%2C0%2C0%2C0%5D%2C%22example%22%3A0%7D HTTP/1.1" 200 272 0.008815
2019-12-29 20:22:20,320 -  - INFO - REQUEST RECIEVED: {"require":"topic","checkstatus":[0,0,1,0,0,0,0,0,0,0,0,0,0,0,0,0,0,0,0,0,0,0,0,0,0,0,0,0,0,0,0,0,0,0,0,0,0,0,0,0,0,0,0,0,0,0,0,0,0,0],"example":0}
2019-12-29 20:22:20,321 -  - INFO - RANKS REQUESTED: [2]
2019-12-29 20:22:20,394 -  - INFO - TOPIC ERROR - IN TIME TOPIC NOT THERE YET
2019-12-29 20:22:20,394 -  - INFO - TIME-USED-FOR-MAINRESPONSE: 0.07251620292663574s
2019-12-29 20:22:20,394 -  - INFO - WAITING FOR WORD CLOUDING
2019-12-29 20:22:20,418 -  - INFO - TIME-WAITED-FOR-WORDCLOUD: 0.024399757385253906s
2019-12-29 20:22:20,418 -  - INFO - 127.0.0.1 - - [2019-12-29 20:22:20] "GET /data?request=%7B%22require%22%3A%22topic%22%2C%22checkstatus%22%3A%5B0%2C0%2C1%2C0%2C0%2C0%2C0%2C0%2C0%2C0%2C0%2C0%2C0%2C0%2C0%2C0%2C0%2C0%2C0%2C0%2C0%2C0%2C0%2C0%2C0%2C0%2C0%2C0%2C0%2C0%2C0%2C0%2C0%2C0%2C0%2C0%2C0%2C0%2C0%2C0%2C0%2C0%2C0%2C0%2C0%2C0%2C0%2C0%2C0%2C0%5D%2C%22example%22%3A0%7D HTTP/1.1" 200 278 0.097911
2019-12-29 20:22:21,382 -  - INFO - REQUEST RECIEVED: {"require":"topic","checkstatus":[0,1,0,0,0,0,0,0,0,0,0,0,0,0,0,0,0,0,0,0,0,0,0,0,0,0,0,0,0,0,0,0,0,0,0,0,0,0,0,0,0,0,0,0,0,0,0,0,0,0],"example":0}
2019-12-29 20:22:21,382 -  - INFO - RANKS REQUESTED: [1]
2019-12-29 20:22:21,402 -  - INFO - TIME-USED-FOR-MAINRESPONSE: 0.02051830291748047s
2019-12-29 20:22:21,405 -  - INFO - WAITING FOR WORD CLOUDING
2019-12-29 20:22:21,405 -  - INFO - TIME-WAITED-FOR-WORDCLOUD: 0.0029070377349853516s
2019-12-29 20:22:21,408 -  - INFO - 127.0.0.1 - - [2019-12-29 20:22:21] "GET /data?request=%7B%22require%22%3A%22topic%22%2C%22checkstatus%22%3A%5B0%2C1%2C0%2C0%2C0%2C0%2C0%2C0%2C0%2C0%2C0%2C0%2C0%2C0%2C0%2C0%2C0%2C0%2C0%2C0%2C0%2C0%2C0%2C0%2C0%2C0%2C0%2C0%2C0%2C0%2C0%2C0%2C0%2C0%2C0%2C0%2C0%2C0%2C0%2C0%2C0%2C0%2C0%2C0%2C0%2C0%2C0%2C0%2C0%2C0%5D%2C%22example%22%3A0%7D HTTP/1.1" 200 56992 0.027329
2019-12-29 20:22:23,074 -  - INFO - REQUEST RECIEVED: {"require":"topic","checkstatus":[0,0,0,0,0,0,0,0,0,0,0,0,0,0,0,0,0,0,0,0,0,0,0,0,0,0,0,0,0,0,0,0,0,0,0,0,0,0,0,0,0,0,0,0,0,0,0,0,0,0],"example":0}
2019-12-29 20:22:23,074 -  - INFO - RANKS REQUESTED: []
2019-12-29 20:22:23,082 -  - INFO - TIME-USED-FOR-MAINRESPONSE: 0.00780940055847168s
2019-12-29 20:22:23,082 -  - INFO - WAITING FOR WORD CLOUDING
2019-12-29 20:22:23,082 -  - INFO - TIME-WAITED-FOR-WORDCLOUD: 0.0s
2019-12-29 20:22:23,083 -  - INFO - 127.0.0.1 - - [2019-12-29 20:22:23] "GET /data?request=%7B%22require%22%3A%22topic%22%2C%22checkstatus%22%3A%5B0%2C0%2C0%2C0%2C0%2C0%2C0%2C0%2C0%2C0%2C0%2C0%2C0%2C0%2C0%2C0%2C0%2C0%2C0%2C0%2C0%2C0%2C0%2C0%2C0%2C0%2C0%2C0%2C0%2C0%2C0%2C0%2C0%2C0%2C0%2C0%2C0%2C0%2C0%2C0%2C0%2C0%2C0%2C0%2C0%2C0%2C0%2C0%2C0%2C0%5D%2C%22example%22%3A0%7D HTTP/1.1" 200 272 0.008785
2019-12-29 20:22:48,864 -  - INFO - REQUEST RECIEVED: {"require":"topic","checkstatus":[1,1,1,1,1,1,1,1,1,1,1,1,1,1,1,1,1,1,1,1,1,1,1,1,1,1,1,1,1,1,1,1,1,1,1,1,1,1,1,1,1,1,1,1,1,1,1,1,1,1],"example":0}
2019-12-29 20:22:48,864 -  - INFO - RANKS REQUESTED: [0, 1, 2, 3, 4, 5, 6, 7, 8, 9, 10, 11, 12, 13, 14, 15, 16, 17, 18, 19, 20, 21, 22, 23, 24, 25, 26, 27, 28, 29, 30, 31, 32, 33, 34, 35, 36, 37, 38, 39, 40, 41, 42, 43, 44, 45, 46, 47, 48, 49]
2019-12-29 20:22:48,988 -  - INFO - TOPIC ERROR - IN TIME TOPIC NOT THERE YET
2019-12-29 20:22:49,032 -  - INFO - TOPIC ERROR - IN TIME TOPIC NOT THERE YET
2019-12-29 20:22:49,064 -  - INFO - TOPIC ERROR - IN TIME TOPIC NOT THERE YET
2019-12-29 20:22:49,082 -  - INFO - TOPIC ERROR - IN TIME TOPIC NOT THERE YET
2019-12-29 20:22:49,099 -  - INFO - TOPIC ERROR - IN TIME TOPIC NOT THERE YET
2019-12-29 20:22:49,130 -  - INFO - TOPIC ERROR - IN TIME TOPIC NOT THERE YET
2019-12-29 20:22:49,143 -  - INFO - TOPIC ERROR - IN TIME TOPIC NOT THERE YET
2019-12-29 20:22:49,163 -  - INFO - TOPIC ERROR - IN TIME TOPIC NOT THERE YET
2019-12-29 20:22:49,626 -  - INFO - TIME-USED-FOR-MAINRESPONSE: 0.7614846229553223s
2019-12-29 20:22:49,626 -  - INFO - WAITING FOR WORD CLOUDING
2019-12-29 20:22:49,626 -  - INFO - TIME-WAITED-FOR-WORDCLOUD: 0.0s
2019-12-29 20:22:49,633 -  - INFO - 127.0.0.1 - - [2019-12-29 20:22:49] "GET /data?request=%7B%22require%22%3A%22topic%22%2C%22checkstatus%22%3A%5B1%2C1%2C1%2C1%2C1%2C1%2C1%2C1%2C1%2C1%2C1%2C1%2C1%2C1%2C1%2C1%2C1%2C1%2C1%2C1%2C1%2C1%2C1%2C1%2C1%2C1%2C1%2C1%2C1%2C1%2C1%2C1%2C1%2C1%2C1%2C1%2C1%2C1%2C1%2C1%2C1%2C1%2C1%2C1%2C1%2C1%2C1%2C1%2C1%2C1%5D%2C%22example%22%3A0%7D HTTP/1.1" 200 93832 0.769294
2019-12-29 20:23:14,580 -  - INFO - REQUEST RECIEVED: {"require":"topic","checkstatus":[0,0,0,0,0,0,0,0,0,0,0,0,0,0,0,0,0,0,0,0,0,0,0,0,0,0,0,0,0,0,0,0,0,0,0,0,0,0,0,0,0,0,0,0,0,0,0,0,0,0],"example":0}
2019-12-29 20:23:14,580 -  - INFO - RANKS REQUESTED: []
2019-12-29 20:23:14,588 -  - INFO - TIME-USED-FOR-MAINRESPONSE: 0.007806301116943359s
2019-12-29 20:23:14,589 -  - INFO - WAITING FOR WORD CLOUDING
2019-12-29 20:23:14,589 -  - INFO - TIME-WAITED-FOR-WORDCLOUD: 0.0009925365447998047s
2019-12-29 20:23:14,590 -  - INFO - 127.0.0.1 - - [2019-12-29 20:23:14] "GET /data?request=%7B%22require%22%3A%22topic%22%2C%22checkstatus%22%3A%5B0%2C0%2C0%2C0%2C0%2C0%2C0%2C0%2C0%2C0%2C0%2C0%2C0%2C0%2C0%2C0%2C0%2C0%2C0%2C0%2C0%2C0%2C0%2C0%2C0%2C0%2C0%2C0%2C0%2C0%2C0%2C0%2C0%2C0%2C0%2C0%2C0%2C0%2C0%2C0%2C0%2C0%2C0%2C0%2C0%2C0%2C0%2C0%2C0%2C0%5D%2C%22example%22%3A0%7D HTTP/1.1" 200 272 0.009761
2019-12-29 20:23:15,612 -  - INFO - REQUEST RECIEVED: {"require":"topic","checkstatus":[0,0,1,0,0,0,0,0,0,0,0,0,0,0,0,0,0,0,0,0,0,0,0,0,0,0,0,0,0,0,0,0,0,0,0,0,0,0,0,0,0,0,0,0,0,0,0,0,0,0],"example":0}
2019-12-29 20:23:15,612 -  - INFO - RANKS REQUESTED: [2]
2019-12-29 20:23:15,650 -  - INFO - TIME-USED-FOR-MAINRESPONSE: 0.038063764572143555s
2019-12-29 20:23:15,650 -  - INFO - WAITING FOR WORD CLOUDING
2019-12-29 20:23:15,650 -  - INFO - TIME-WAITED-FOR-WORDCLOUD: 0.0s
2019-12-29 20:23:15,653 -  - INFO - 127.0.0.1 - - [2019-12-29 20:23:15] "GET /data?request=%7B%22require%22%3A%22topic%22%2C%22checkstatus%22%3A%5B0%2C0%2C1%2C0%2C0%2C0%2C0%2C0%2C0%2C0%2C0%2C0%2C0%2C0%2C0%2C0%2C0%2C0%2C0%2C0%2C0%2C0%2C0%2C0%2C0%2C0%2C0%2C0%2C0%2C0%2C0%2C0%2C0%2C0%2C0%2C0%2C0%2C0%2C0%2C0%2C0%2C0%2C0%2C0%2C0%2C0%2C0%2C0%2C0%2C0%5D%2C%22example%22%3A0%7D HTTP/1.1" 200 51811 0.040992
2019-12-29 20:23:25,608 -  - INFO - REQUEST RECIEVED: {"require":"topic","checkstatus":[0,0,0,0,0,0,0,0,0,0,0,0,0,0,0,0,0,0,0,0,0,0,0,0,0,0,0,0,0,0,0,0,0,0,0,0,0,0,0,0,0,0,0,0,0,0,0,0,0,0],"example":0}
2019-12-29 20:23:25,608 -  - INFO - RANKS REQUESTED: []
2019-12-29 20:23:25,615 -  - INFO - TIME-USED-FOR-MAINRESPONSE: 0.006830930709838867s
2019-12-29 20:23:25,615 -  - INFO - WAITING FOR WORD CLOUDING
2019-12-29 20:23:25,616 -  - INFO - TIME-WAITED-FOR-WORDCLOUD: 0.0s
2019-12-29 20:23:25,616 -  - INFO - 127.0.0.1 - - [2019-12-29 20:23:25] "GET /data?request=%7B%22require%22%3A%22topic%22%2C%22checkstatus%22%3A%5B0%2C0%2C0%2C0%2C0%2C0%2C0%2C0%2C0%2C0%2C0%2C0%2C0%2C0%2C0%2C0%2C0%2C0%2C0%2C0%2C0%2C0%2C0%2C0%2C0%2C0%2C0%2C0%2C0%2C0%2C0%2C0%2C0%2C0%2C0%2C0%2C0%2C0%2C0%2C0%2C0%2C0%2C0%2C0%2C0%2C0%2C0%2C0%2C0%2C0%5D%2C%22example%22%3A0%7D HTTP/1.1" 200 272 0.008783
2019-12-29 20:23:26,408 -  - INFO - REQUEST RECIEVED: {"require":"topic","checkstatus":[0,0,0,0,0,1,0,0,0,0,0,0,0,0,0,0,0,0,0,0,0,0,0,0,0,0,0,0,0,0,0,0,0,0,0,0,0,0,0,0,0,0,0,0,0,0,0,0,0,0],"example":0}
2019-12-29 20:23:26,409 -  - INFO - RANKS REQUESTED: [5]
2019-12-29 20:23:26,437 -  - INFO - TIME-USED-FOR-MAINRESPONSE: 0.027327299118041992s
2019-12-29 20:23:26,437 -  - INFO - WAITING FOR WORD CLOUDING
2019-12-29 20:23:26,463 -  - INFO - TIME-WAITED-FOR-WORDCLOUD: 0.026350975036621094s
2019-12-29 20:23:26,467 -  - INFO - 127.0.0.1 - - [2019-12-29 20:23:26] "GET /data?request=%7B%22require%22%3A%22topic%22%2C%22checkstatus%22%3A%5B0%2C0%2C0%2C0%2C0%2C1%2C0%2C0%2C0%2C0%2C0%2C0%2C0%2C0%2C0%2C0%2C0%2C0%2C0%2C0%2C0%2C0%2C0%2C0%2C0%2C0%2C0%2C0%2C0%2C0%2C0%2C0%2C0%2C0%2C0%2C0%2C0%2C0%2C0%2C0%2C0%2C0%2C0%2C0%2C0%2C0%2C0%2C0%2C0%2C0%5D%2C%22example%22%3A0%7D HTTP/1.1" 200 61466 0.058607
2019-12-29 20:24:50,105 -  - INFO - 127.0.0.1 - - [2019-12-29 20:24:50] "GET / HTTP/1.1" 200 29088 0.615394
2019-12-29 20:24:50,433 -  - INFO - REQUEST RECIEVED: {"require":"hot-rank","new":false,"example":0}
2019-12-29 20:24:50,438 -  - INFO - RESPONSE SENDING: {'_id': '', 'rank': {'0': '2019超燃励志故事', '1': '男友晒陈乔恩近照', '2': '荷兰要改名', '3': '林更新上奇葩说', '4': '王一博等赵丽颖', '5': '张若昀回应打过唇钉', '6': '直男怎么跨年', '7': '医院辟谣未对杀医者家属免费治疗', '8': '谭松韵牛角包造型', '9': 'CGTN记者揭西方涉疆涉恐双重标准', '10': '周琦受伤', '11': '富士山的雪', '12': '姚晨饺子裙', '13': '18名新兵收到46份神秘盒饭', '14': 'RNG夺冠', '15': '长沙生态动物园大象踩死驯兽员', '16': '小虎的妖姬', '17': '李现 能放进哪个指头就放哪个指头', '18': '女生眼中最土的行为', '19': '不建议朋友圈三天可见', '20': '幼儿园过出养老院的气质', '21': '吃火锅时最low的行为', '22': '边伯贤蓝发', '23': '眼睛太大有什么烦恼', '24': '6万辆共享单车挤爆两大停车场', '25': '父母姓氏加起来的名字', '26': '沈阳下雪', '27': '翟潇闻劝粉丝不要听新歌', '28': '歌舞青春男主染病紧急送医', '29': '女生眼中的腿精', '30': '2025年社保卡将覆盖全国', '31': '小龙堡好猛', '32': 'EXO演唱会', '33': '迪丽热巴黄景瑜拥吻路透', '34': '最意难平的影视剧角色', '35': '禁止任何人威胁医护人员人身安全', '36': '一个女生堕落的表现', '37': '一起出发吧', '38': '周杰伦深圳演唱会', '39': '囧妈主题曲', '40': '你见过最稀奇的姓氏', '41': '国产阿尔茨海默症新药上市', '42': '赋予综艺灵魂的吃饭镜头', '43': '你最想和谁一起跨年', '44': '第一次搓澡的经历', '45': '儿子不让百岁父亲喝酒被训斥', '46': '杀医嫌犯系无业人员', '47': '李现丁宁互动', '48': '海冰破裂数千企鹅幼仔被淹死', '49': '肖战首唱余年'}, 'rise': {'0': '辣条助警方破获200万盗窃案', '1': '杨幂扶迪丽热巴', '2': '陈林坚46分', '3': '肥宅的特质', '4': '贝弗利受伤', '5': '十余万人现场见证胖五发射', '6': '当今社会年轻人现状', '7': '赵丽颖低头抬眸', '8': '恋爱中男生经常撒哪些谎', '9': '减肥不成功是什么体验', '10': '考场外贴对联求逢考必过', '11': '福岛或2031年仍无法完成清污', '12': '你最让爸妈感到自豪的一次', '13': '假期里计划的我和现实的我', '14': '少儿散打的爆笑打开方式', '15': '2019超暖瞬间', '16': '莫斯科用人造雪迎新年'}, 'hour': 20, 'ready': 1}
2019-12-29 20:24:50,438 -  - INFO - 127.0.0.1 - - [2019-12-29 20:24:50] "GET /data?request=%7B%22require%22%3A%22hot-rank%22%2C%22new%22%3Afalse%2C%22example%22%3A0%7D HTTP/1.1" 200 4201 0.004883
2019-12-29 20:24:52,461 -  - INFO - REQUEST RECIEVED: {"require":"topic","checkstatus":[1,0,0,0,0,0,0,0,0,0,0,0,0,0,0,0,0,0,0,0,0,0,0,0,0,0,0,0,0,0,0,0,0,0,0,0,0,0,0,0,0,0,0,0,0,0,0,0,0,0],"example":0}
2019-12-29 20:24:52,462 -  - INFO - RANKS REQUESTED: [0]
2019-12-29 20:24:52,476 -  - INFO - TIME-USED-FOR-MAINRESPONSE: 0.013663291931152344s
2019-12-29 20:24:52,476 -  - INFO - WAITING FOR WORD CLOUDING
2019-12-29 20:24:52,476 -  - INFO - TIME-WAITED-FOR-WORDCLOUD: 0.0s
2019-12-29 20:24:52,479 -  - INFO - 127.0.0.1 - - [2019-12-29 20:24:52] "GET /data?request=%7B%22require%22%3A%22topic%22%2C%22checkstatus%22%3A%5B1%2C0%2C0%2C0%2C0%2C0%2C0%2C0%2C0%2C0%2C0%2C0%2C0%2C0%2C0%2C0%2C0%2C0%2C0%2C0%2C0%2C0%2C0%2C0%2C0%2C0%2C0%2C0%2C0%2C0%2C0%2C0%2C0%2C0%2C0%2C0%2C0%2C0%2C0%2C0%2C0%2C0%2C0%2C0%2C0%2C0%2C0%2C0%2C0%2C0%5D%2C%22example%22%3A0%7D HTTP/1.1" 200 60489 0.017602
2019-12-29 20:24:56,096 -  - INFO - REQUEST RECIEVED: {"require":"topic","checkstatus":[0,0,0,0,0,0,0,0,0,0,0,0,0,0,0,0,0,0,0,0,0,0,0,0,0,0,0,0,0,0,0,0,0,0,0,0,0,0,0,0,0,0,0,0,0,0,0,0,0,0],"example":0}
2019-12-29 20:24:56,096 -  - INFO - RANKS REQUESTED: []
2019-12-29 20:24:56,098 -  - INFO - TIME-USED-FOR-MAINRESPONSE: 0.0019445419311523438s
2019-12-29 20:24:56,099 -  - INFO - WAITING FOR WORD CLOUDING
2019-12-29 20:24:56,099 -  - INFO - TIME-WAITED-FOR-WORDCLOUD: 0.0009882450103759766s
2019-12-29 20:24:56,100 -  - INFO - 127.0.0.1 - - [2019-12-29 20:24:56] "GET /data?request=%7B%22require%22%3A%22topic%22%2C%22checkstatus%22%3A%5B0%2C0%2C0%2C0%2C0%2C0%2C0%2C0%2C0%2C0%2C0%2C0%2C0%2C0%2C0%2C0%2C0%2C0%2C0%2C0%2C0%2C0%2C0%2C0%2C0%2C0%2C0%2C0%2C0%2C0%2C0%2C0%2C0%2C0%2C0%2C0%2C0%2C0%2C0%2C0%2C0%2C0%2C0%2C0%2C0%2C0%2C0%2C0%2C0%2C0%5D%2C%22example%22%3A0%7D HTTP/1.1" 200 272 0.003912
2019-12-29 20:25:20,555 -  - INFO - REQUEST RECIEVED: {"require":"topic","checkstatus":[1,1,1,1,1,1,1,1,1,1,1,1,1,1,1,1,1,1,1,1,1,1,1,1,1,1,1,1,1,1,1,1,1,1,1,1,1,1,1,1,1,1,1,1,1,1,1,1,1,1],"example":0}
2019-12-29 20:25:20,555 -  - INFO - RANKS REQUESTED: [0, 1, 2, 3, 4, 5, 6, 7, 8, 9, 10, 11, 12, 13, 14, 15, 16, 17, 18, 19, 20, 21, 22, 23, 24, 25, 26, 27, 28, 29, 30, 31, 32, 33, 34, 35, 36, 37, 38, 39, 40, 41, 42, 43, 44, 45, 46, 47, 48, 49]
2019-12-29 20:25:20,569 -  - INFO - TOPIC ERROR - IN TIME TOPIC NOT THERE YET
2019-12-29 20:25:20,572 -  - INFO - TOPIC ERROR - IN TIME TOPIC NOT THERE YET
2019-12-29 20:25:20,575 -  - INFO - TOPIC ERROR - IN TIME TOPIC NOT THERE YET
2019-12-29 20:25:20,576 -  - INFO - TOPIC ERROR - IN TIME TOPIC NOT THERE YET
2019-12-29 20:25:20,580 -  - INFO - TOPIC ERROR - IN TIME TOPIC NOT THERE YET
2019-12-29 20:25:20,583 -  - INFO - TOPIC ERROR - IN TIME TOPIC NOT THERE YET
2019-12-29 20:25:20,585 -  - INFO - TOPIC ERROR - IN TIME TOPIC NOT THERE YET
2019-12-29 20:25:20,588 -  - INFO - TOPIC ERROR - IN TIME TOPIC NOT THERE YET
2019-12-29 20:25:20,590 -  - INFO - TOPIC ERROR - IN TIME TOPIC NOT THERE YET
2019-12-29 20:25:20,593 -  - INFO - TOPIC ERROR - IN TIME TOPIC NOT THERE YET
2019-12-29 20:25:20,595 -  - INFO - TOPIC ERROR - IN TIME TOPIC NOT THERE YET
2019-12-29 20:25:20,649 -  - INFO - TIME-USED-FOR-MAINRESPONSE: 0.09432816505432129s
2019-12-29 20:25:20,649 -  - INFO - WAITING FOR WORD CLOUDING
2019-12-29 20:25:20,697 -  - INFO - TIME-WAITED-FOR-WORDCLOUD: 0.047451019287109375s
2019-12-29 20:25:20,701 -  - INFO - 127.0.0.1 - - [2019-12-29 20:25:20] "GET /data?request=%7B%22require%22%3A%22topic%22%2C%22checkstatus%22%3A%5B1%2C1%2C1%2C1%2C1%2C1%2C1%2C1%2C1%2C1%2C1%2C1%2C1%2C1%2C1%2C1%2C1%2C1%2C1%2C1%2C1%2C1%2C1%2C1%2C1%2C1%2C1%2C1%2C1%2C1%2C1%2C1%2C1%2C1%2C1%2C1%2C1%2C1%2C1%2C1%2C1%2C1%2C1%2C1%2C1%2C1%2C1%2C1%2C1%2C1%5D%2C%22example%22%3A0%7D HTTP/1.1" 200 75709 0.145657
2019-12-29 20:25:24,315 -  - INFO - REQUEST RECIEVED: {"require":"topic","checkstatus":[0,0,0,0,0,0,0,0,0,0,0,0,0,0,0,0,0,0,0,0,0,0,0,0,0,0,0,0,0,0,0,0,0,0,0,0,0,0,0,0,0,0,0,0,0,0,0,0,0,0],"example":0}
2019-12-29 20:25:24,315 -  - INFO - RANKS REQUESTED: []
2019-12-29 20:25:24,317 -  - INFO - TIME-USED-FOR-MAINRESPONSE: 0.0019528865814208984s
2019-12-29 20:25:24,317 -  - INFO - WAITING FOR WORD CLOUDING
2019-12-29 20:25:24,317 -  - INFO - TIME-WAITED-FOR-WORDCLOUD: 0.0s
2019-12-29 20:25:24,318 -  - INFO - 127.0.0.1 - - [2019-12-29 20:25:24] "GET /data?request=%7B%22require%22%3A%22topic%22%2C%22checkstatus%22%3A%5B0%2C0%2C0%2C0%2C0%2C0%2C0%2C0%2C0%2C0%2C0%2C0%2C0%2C0%2C0%2C0%2C0%2C0%2C0%2C0%2C0%2C0%2C0%2C0%2C0%2C0%2C0%2C0%2C0%2C0%2C0%2C0%2C0%2C0%2C0%2C0%2C0%2C0%2C0%2C0%2C0%2C0%2C0%2C0%2C0%2C0%2C0%2C0%2C0%2C0%5D%2C%22example%22%3A0%7D HTTP/1.1" 200 272 0.003903
