2019-12-31 22:08:18,114 -  - INFO - FETCH DICT INITIATED
2019-12-31 22:08:27,479 -  - INFO - BROWSER AND CLIENT INITIATED
2019-12-31 22:08:27,479 -  - INFO - HOT-RANK NOT THERE YET HOUR: 22
2019-12-31 22:08:32,191 -  - INFO - FETCHING-RANK: 0
2019-12-31 22:08:38,960 -  - INFO - FETCHING-RANK: 1
2019-12-31 22:08:46,636 -  - INFO - FETCHING-RANK: 2
2019-12-31 22:08:55,549 -  - INFO - FETCHING-RANK: 3
2019-12-31 22:09:02,236 -  - INFO - FETCHING-RANK: 4
2019-12-31 22:13:51,187 -  - INFO - FETCH DICT INITIATED
2019-12-31 22:14:00,591 -  - INFO - BROWSER AND CLIENT INITIATED
2019-12-31 22:14:00,591 -  - INFO - HOT-RANK NOT THERE YET HOUR: 22
2019-12-31 22:14:06,065 -  - INFO - FETCHING-RANK: 0
2019-12-31 22:14:14,633 -  - INFO - FETCHING-RANK: 1
2019-12-31 22:14:22,101 -  - INFO - FETCHING-RANK: 2
2019-12-31 22:14:30,985 -  - INFO - FETCHING-RANK: 3
2019-12-31 22:14:38,732 -  - INFO - FETCHING-RANK: 4
2019-12-31 22:14:46,843 -  - INFO - FETCHING-RANK: 5
2019-12-31 22:14:55,366 -  - INFO - FETCHING-RANK: 6
2019-12-31 22:15:03,244 -  - INFO - FETCHING-RANK: 7
2019-12-31 22:15:10,167 -  - INFO - FETCHING-RANK: 8
2019-12-31 22:15:17,606 -  - INFO - FETCHING-RANK: 9
2019-12-31 22:15:25,197 -  - INFO - FETCHING-RANK: 10
2019-12-31 22:15:31,845 -  - INFO - FETCHING-RANK: 11
2019-12-31 22:15:38,819 -  - INFO - FETCHING-RANK: 12
2019-12-31 22:15:45,648 -  - INFO - FETCHING-RANK: 13
2020-01-01 20:14:05,541 -  - INFO - FETCH DICT INITIATED
2020-01-01 20:14:15,667 -  - INFO - BROWSER AND CLIENT INITIATED
2020-01-01 20:14:15,667 -  - INFO - HOT-RANK NOT THERE YET HOUR: 20
2020-01-01 20:14:20,095 -  - INFO - FETCHING-RANK: 0
2020-01-01 20:14:26,586 -  - INFO - FETCHING-RANK: 1
2020-01-01 20:14:32,743 -  - INFO - FETCHING-RANK: 2
2020-01-01 20:14:38,526 -  - INFO - FETCHING-RANK: 3
2020-01-01 20:14:43,636 -  - INFO - FETCHING-RANK: 4
2020-01-01 20:14:49,495 -  - INFO - FETCHING-RANK: 5
2020-01-01 20:14:55,603 -  - INFO - FETCHING-RANK: 6
2020-01-01 20:19:23,859 -  - INFO - FETCH DICT INITIATED
2020-01-01 20:19:33,214 -  - INFO - BROWSER AND CLIENT INITIATED
2020-01-01 20:19:33,215 -  - INFO - HOT-RANK NOT THERE YET HOUR: 20
2020-01-01 20:19:37,472 -  - INFO - FETCHING-RANK: 0
2020-01-01 20:19:43,383 -  - INFO - FETCHING-RANK: 1
2020-01-01 20:19:49,569 -  - INFO - FETCHING-RANK: 2
2020-01-01 20:19:54,311 -  - INFO - FETCHING-RANK: 3
2020-01-01 20:19:59,616 -  - INFO - FETCHING-RANK: 4
2020-01-01 20:21:54,788 -  - INFO - FETCH DICT INITIATED
2020-01-01 20:25:00,888 -  - INFO - FETCH DICT INITIATED
2020-01-01 20:25:10,231 -  - INFO - BROWSER AND CLIENT INITIATED
2020-01-01 20:25:10,232 -  - INFO - HOT-RANK NOT THERE YET HOUR: 20
2020-01-01 20:25:14,775 -  - INFO - FETCHING-RANK: 0
2020-01-01 20:25:20,641 -  - INFO - FETCHING-RANK: 1
2020-01-01 20:25:27,029 -  - INFO - FETCHING-RANK: 2
2020-01-01 20:25:32,807 -  - INFO - FETCHING-RANK: 3
2020-01-01 20:25:38,937 -  - INFO - FETCHING-RANK: 4
2020-01-01 20:25:44,184 -  - INFO - FETCHING-RANK: 5
2020-01-01 20:25:50,496 -  - INFO - FETCHING-RANK: 6
2020-01-01 20:26:24,606 -  - INFO - FETCH DICT INITIATED
2020-01-01 20:26:33,954 -  - INFO - BROWSER AND CLIENT INITIATED
2020-01-01 20:26:33,954 -  - INFO - HOT-RANK NOT THERE YET HOUR: 20
2020-01-01 20:26:38,275 -  - INFO - FETCHING-RANK: 0
2020-01-01 20:26:43,645 -  - INFO - FETCHING-RANK: 1
2020-01-01 20:26:49,956 -  - INFO - FETCHING-RANK: 2
2020-01-01 20:26:55,865 -  - INFO - FETCHING-RANK: 3
2020-01-01 20:40:37,698 -  - INFO - FETCH DICT INITIATED
2020-01-01 20:40:47,040 -  - INFO - BROWSER AND CLIENT INITIATED
2020-01-01 20:40:47,041 -  - INFO - HOT-RANK NOT THERE YET HOUR: 20
2020-01-01 20:40:51,451 -  - INFO - FETCHING-RANK: 0
2020-01-01 20:40:57,669 -  - INFO - FETCHING-RANK: 1
2020-01-01 20:41:03,893 -  - INFO - FETCHING-RANK: 2
2020-01-01 20:41:09,789 -  - INFO - FETCHING-RANK: 3
2020-01-01 20:41:15,897 -  - INFO - FETCHING-RANK: 4
2020-01-01 20:41:21,152 -  - INFO - FETCHING-RANK: 5
2020-01-01 20:41:27,649 -  - INFO - FETCHING-RANK: 6
2020-01-01 20:41:33,644 -  - INFO - FETCHING-RANK: 7
2020-01-01 20:41:39,466 -  - INFO - FETCHING-RANK: 8
2020-01-01 20:41:44,425 -  - INFO - FETCHING-RANK: 9
2020-01-01 20:41:49,180 -  - INFO - FETCHING-RANK: 10
2020-01-01 20:41:55,788 -  - INFO - FETCHING-RANK: 11
2020-01-01 20:42:00,586 -  - INFO - FETCHING-RANK: 12
2020-01-01 20:42:06,534 -  - INFO - FETCHING-RANK: 13
2020-01-01 20:42:12,311 -  - INFO - FETCHING-RANK: 14
2020-01-01 20:42:17,088 -  - INFO - FETCHING-RANK: 15
2020-01-01 20:42:23,632 -  - INFO - FETCHING-RANK: 16
2020-01-01 20:42:28,456 -  - INFO - FETCHING-RANK: 17
2020-01-01 20:42:33,273 -  - INFO - FETCHING-RANK: 18
2020-01-01 20:42:38,328 -  - INFO - FETCHING-RANK: 19
2020-01-01 20:42:42,693 -  - INFO - FETCHING-RANK: 20
2020-01-01 20:42:48,041 -  - INFO - FETCHING-RANK: 21
2020-01-01 20:42:51,056 -  - INFO - FETCHING-RANK: 22
2020-01-01 20:42:59,130 -  - INFO - FETCHING-RANK: 23
2020-01-01 20:43:04,400 -  - INFO - FETCHING-RANK: 24
2020-01-01 20:43:10,883 -  - INFO - FETCHING-RANK: 25
2020-01-01 20:43:16,916 -  - INFO - FETCHING-RANK: 26
2020-01-01 20:43:23,065 -  - INFO - FETCHING-RANK: 27
2020-01-01 20:43:28,285 -  - INFO - FETCHING-RANK: 28
2020-01-01 20:43:35,192 -  - INFO - FETCHING-RANK: 29
2020-01-01 20:43:41,219 -  - INFO - FETCHING-RANK: 30
2020-01-01 20:43:46,454 -  - INFO - FETCHING-RANK: 31
2020-01-01 20:43:51,645 -  - INFO - FETCHING-RANK: 32
2020-01-01 20:43:57,387 -  - INFO - FETCHING-RANK: 33
2020-01-01 20:44:02,390 -  - INFO - FETCHING-RANK: 34
2020-01-01 20:44:08,405 -  - INFO - FETCHING-RANK: 35
2020-01-01 20:44:14,278 -  - INFO - FETCHING-RANK: 36
2020-01-01 20:44:20,321 -  - INFO - FETCHING-RANK: 37
2020-01-01 20:44:25,341 -  - INFO - FETCHING-RANK: 38
2020-01-01 20:44:31,478 -  - INFO - FETCHING-RANK: 39
2020-01-01 20:44:36,654 -  - INFO - FETCHING-RANK: 40
2020-01-01 20:44:42,454 -  - INFO - FETCHING-RANK: 41
2020-01-01 20:44:47,826 -  - INFO - FETCHING-RANK: 42
2020-01-01 20:44:53,268 -  - INFO - FETCHING-RANK: 43
2020-01-01 20:44:59,027 -  - INFO - FETCHING-RANK: 44
2020-01-01 20:45:07,157 -  - INFO - FETCHING-RANK: 45
2020-01-01 20:45:12,891 -  - INFO - FETCHING-RANK: 46
2020-01-01 20:45:18,387 -  - INFO - FETCHING-RANK: 47
2020-01-01 20:45:24,749 -  - INFO - FETCHING-RANK: 48
2020-01-01 20:45:30,853 -  - INFO - FETCHING-RANK: 49
2020-01-01 20:45:35,709 -  - INFO - FETCH-HOUR: 20 TIME-USED: 298.0106363296509s
2020-01-01 20:45:35,814 -  - INFO - READY TO SLEEP FOR: 15 min
