2019-12-30 16:13:47,046 -  - INFO - REACH WEIBO
2019-12-30 16:13:48,466 -  - INFO - REACH WEIBO HOT RANK PAGE
2019-12-30 16:13:49,794 -  - INFO - FETCH HOTLIST WITH LENGTH: 67
2019-12-30 16:13:49,794 -  - INFO - HOT RANK PARSED
2019-12-30 16:13:50,091 -  - INFO - HOT RANK SAVED TO MONGODB
2019-12-30 16:13:50,485 -  - INFO - REACH WEIBO
2019-12-30 16:13:51,833 -  - INFO - SEARCHED TOPIC: #2019年解放军明星装备盘点#
2019-12-30 16:13:51,833 -  - INFO - SCROLLING: 0 WAIT: 0.1
2019-12-30 16:13:51,961 -  - INFO - SCROLLING: 1 WAIT: 0.1
2019-12-30 16:13:52,066 -  - INFO - SCROLLING: 2 WAIT: 0.1
2019-12-30 16:13:52,170 -  - INFO - SCROLLING: 3 WAIT: 0.1
2019-12-30 16:13:52,275 -  - INFO - SCROLLING: 4 WAIT: 0.1
2019-12-30 16:13:52,382 -  - INFO - SCROLLING: 5 WAIT: 0.1
2019-12-30 16:13:52,488 -  - INFO - SCROLLING: 6 WAIT: 0.1
2019-12-30 16:13:52,595 -  - INFO - SCROLLING: 7 WAIT: 0.1
2019-12-30 16:13:52,701 -  - INFO - SCROLLING: 8 WAIT: 0.1
2019-12-30 16:13:52,808 -  - INFO - SCROLLING: 9 WAIT: 0.1
2019-12-30 16:13:53,930 -  - INFO - WEIBO CARDS FOUND
2019-12-30 16:13:53,944 -  - INFO - PARSE ERROR: 0
2019-12-30 16:13:54,103 -  - INFO - PARSED: 1 POSITIVE: 0.9999999811953616
2019-12-30 16:13:55,149 -  - INFO - PARSED: 2 POSITIVE: 0.9999996600336333
2019-12-30 16:13:55,163 -  - INFO - PARSE ERROR: 3
2019-12-30 16:13:55,174 -  - INFO - PARSE ERROR: 4
2019-12-30 16:13:55,185 -  - INFO - PARSE ERROR: 5
2019-12-30 16:13:55,200 -  - INFO - PARSE ERROR: 6
2019-12-30 16:13:55,353 -  - INFO - PARSED: 7 POSITIVE: 0.9999999811953616
2019-12-30 16:13:55,471 -  - INFO - PARSED: 8 POSITIVE: 0.9999999811953616
2019-12-30 16:13:55,609 -  - INFO - PARSED: 9 POSITIVE: 0.9999999517428181
2019-12-30 16:13:55,744 -  - INFO - PARSED: 10 POSITIVE: 0.9999284657128619
2019-12-30 16:13:55,861 -  - INFO - PARSED: 11 POSITIVE: 0.9834687762834753
2019-12-30 16:13:56,007 -  - INFO - PARSED: 12 POSITIVE: 0.7613364557338107
2019-12-30 16:13:56,132 -  - INFO - PARSED: 13 POSITIVE: 0.9940388493809924
2019-12-30 16:13:56,263 -  - INFO - PARSED: 14 POSITIVE: 0.9999996395924446
2019-12-30 16:13:56,382 -  - INFO - PARSED: 15 POSITIVE: 0.9999717101803905
2019-12-30 16:13:56,518 -  - INFO - PARSED: 16 POSITIVE: 0.9999996600336333
2019-12-30 16:13:56,633 -  - INFO - PARSED: 17 POSITIVE: 0.7326582908075425
2019-12-30 16:13:56,754 -  - INFO - PARSED: 18 POSITIVE: 0.9947912891041011
2019-12-30 16:13:57,066 -  - INFO - TOPIC: #2019年解放军明星装备盘点# FETCHED TIME-USED: 6.9737794399261475
2019-12-30 16:13:57,414 -  - INFO - REACH WEIBO
2019-12-30 16:13:58,774 -  - INFO - SEARCHED TOPIC: #简弘亦结婚#
2019-12-30 16:13:58,774 -  - INFO - SCROLLING: 0 WAIT: 0.1
2019-12-30 16:13:58,907 -  - INFO - SCROLLING: 1 WAIT: 0.1
2019-12-30 16:13:59,014 -  - INFO - SCROLLING: 2 WAIT: 0.1
2019-12-30 16:13:59,246 -  - INFO - SCROLLING: 3 WAIT: 0.1
2019-12-30 16:13:59,350 -  - INFO - SCROLLING: 4 WAIT: 0.1
2019-12-30 16:13:59,524 -  - INFO - SCROLLING: 5 WAIT: 0.1
2019-12-30 16:13:59,630 -  - INFO - SCROLLING: 6 WAIT: 0.1
2019-12-30 16:13:59,736 -  - INFO - SCROLLING: 7 WAIT: 0.1
2019-12-30 16:13:59,903 -  - INFO - SCROLLING: 8 WAIT: 0.1
2019-12-30 16:14:00,010 -  - INFO - SCROLLING: 9 WAIT: 0.1
2019-12-30 16:14:01,144 -  - INFO - WEIBO CARDS FOUND
2019-12-30 16:14:01,307 -  - INFO - PARSED: 0 POSITIVE: 0.9935372128979202
2019-12-30 16:14:01,429 -  - INFO - PARSED: 1 POSITIVE: 0.9876335288261757
2019-12-30 16:14:01,560 -  - INFO - PARSED: 2 POSITIVE: 0.9952430646343112
2019-12-30 16:14:01,671 -  - INFO - PARSED: 3 POSITIVE: 0.9952430646343112
2019-12-30 16:14:01,684 -  - INFO - PARSE ERROR: 4
2019-12-30 16:14:01,832 -  - INFO - PARSED: 5 POSITIVE: 0.9999999994655551
2019-12-30 16:14:01,847 -  - INFO - PARSE ERROR: 6
2019-12-30 16:14:01,976 -  - INFO - PARSED: 7 POSITIVE: 0.9999999994655551
2019-12-30 16:14:02,120 -  - INFO - PARSED: 8 POSITIVE: 0.9999999999992266
2019-12-30 16:14:02,134 -  - INFO - PARSE ERROR: 9
2019-12-30 16:14:02,145 -  - INFO - PARSE ERROR: 10
2019-12-30 16:14:02,158 -  - INFO - PARSE ERROR: 11
2019-12-30 16:14:02,170 -  - INFO - PARSE ERROR: 12
2019-12-30 16:14:02,180 -  - INFO - PARSE ERROR: 13
2019-12-30 16:14:02,192 -  - INFO - PARSE ERROR: 14
2019-12-30 16:14:02,204 -  - INFO - PARSE ERROR: 15
2019-12-30 16:14:02,216 -  - INFO - PARSE ERROR: 16
2019-12-30 16:14:02,227 -  - INFO - PARSE ERROR: 17
2019-12-30 16:14:02,239 -  - INFO - PARSE ERROR: 18
2019-12-30 16:14:02,370 -  - INFO - PARSED: 19 POSITIVE: 0.9999348228732001
2019-12-30 16:14:02,472 -  - INFO - PARSED: 20 POSITIVE: 0.9999348228732001
2019-12-30 16:14:02,596 -  - INFO - PARSED: 21 POSITIVE: 0.7282379578388013
2019-12-30 16:14:02,715 -  - INFO - PARSED: 22 POSITIVE: 0.9881780191144952
2019-12-30 16:14:02,840 -  - INFO - PARSED: 23 POSITIVE: 0.9420667291902556
2019-12-30 16:14:02,957 -  - INFO - PARSED: 24 POSITIVE: 0.8492227029776275
2019-12-30 16:14:03,092 -  - INFO - PARSED: 25 POSITIVE: 0.8667242074099941
2019-12-30 16:21:38,239 -  - INFO - REACH WEIBO
2019-12-30 16:21:39,659 -  - INFO - REACH WEIBO HOT RANK PAGE
2019-12-30 16:21:40,638 -  - INFO - FETCH HOTLIST WITH LENGTH: 67
2019-12-30 16:21:40,638 -  - INFO - HOT RANK PARSED
2019-12-30 16:21:40,844 -  - INFO - HOT RANK SAVED TO MONGODB
2019-12-30 16:21:41,266 -  - INFO - REACH WEIBO
2019-12-30 16:21:42,731 -  - INFO - SEARCHED TOPIC: #2019年中国声音#
2019-12-30 16:21:42,731 -  - INFO - SCROLLING: 0 WAIT: 0.1
2019-12-30 16:21:42,844 -  - INFO - SCROLLING: 1 WAIT: 0.1
2019-12-30 16:21:42,950 -  - INFO - SCROLLING: 2 WAIT: 0.1
2019-12-30 16:21:43,062 -  - INFO - SCROLLING: 3 WAIT: 0.1
2019-12-30 16:21:43,210 -  - INFO - SCROLLING: 4 WAIT: 0.1
2019-12-30 16:21:43,317 -  - INFO - SCROLLING: 5 WAIT: 0.1
2019-12-30 16:21:43,422 -  - INFO - SCROLLING: 6 WAIT: 0.1
2019-12-30 16:21:43,528 -  - INFO - SCROLLING: 7 WAIT: 0.1
2019-12-30 16:21:43,638 -  - INFO - SCROLLING: 8 WAIT: 0.1
2019-12-30 16:21:43,794 -  - INFO - SCROLLING: 9 WAIT: 0.1
2019-12-30 16:21:44,928 -  - INFO - WEIBO CARDS FOUND
2019-12-30 16:21:44,952 -  - INFO - PARSE ERROR: 0
2019-12-30 16:21:45,113 -  - INFO - PARSED: 1 POSITIVE: 0.9999999999624432
2019-12-30 16:21:46,105 -  - INFO - PARSED: 2 POSITIVE: 0.9999949728308154
2019-12-30 16:21:46,245 -  - INFO - PARSED: 3 POSITIVE: 0.9999996954984983
2019-12-30 16:21:46,345 -  - INFO - PARSED: 4 POSITIVE: 0.9999996954984983
2019-12-30 16:21:46,358 -  - INFO - PARSE ERROR: 5
2019-12-30 16:21:46,371 -  - INFO - PARSE ERROR: 6
2019-12-30 16:21:46,384 -  - INFO - PARSE ERROR: 7
2019-12-30 16:21:46,396 -  - INFO - PARSE ERROR: 8
2019-12-30 16:21:46,408 -  - INFO - PARSE ERROR: 9
2019-12-30 16:21:46,529 -  - INFO - PARSED: 10 POSITIVE: 0.8212129651738975
2019-12-30 16:21:46,620 -  - INFO - PARSED: 11 POSITIVE: 0.8212129651738975
2019-12-30 16:21:46,755 -  - INFO - PARSED: 12 POSITIVE: 0.9663793552854533
2019-12-30 16:21:46,898 -  - INFO - PARSED: 13 POSITIVE: 0.9999999999624432
2019-12-30 16:21:47,039 -  - INFO - PARSED: 14 POSITIVE: 0.9999863468979262
2019-12-30 16:21:47,172 -  - INFO - PARSED: 15 POSITIVE: 0.9823960180842426
2019-12-30 16:21:47,294 -  - INFO - PARSED: 16 POSITIVE: 0.002438857456876331
2019-12-30 16:21:47,430 -  - INFO - PARSED: 17 POSITIVE: 0.49641145493417627
2019-12-30 16:21:47,563 -  - INFO - PARSED: 18 POSITIVE: 0.9999995365093916
2019-12-30 16:21:47,686 -  - INFO - PARSED: 19 POSITIVE: 0.998404413068238
2019-12-30 16:21:47,698 -  - INFO - PARSE ERROR: 20
2019-12-30 16:21:47,709 -  - INFO - PARSE ERROR: 21
2019-12-30 16:21:47,721 -  - INFO - PARSE ERROR: 22
2019-12-30 16:21:47,857 -  - INFO - PARSED: 23 POSITIVE: 0.9999991683545684
2019-12-30 16:21:47,976 -  - INFO - PARSED: 24 POSITIVE: 0.9986053666426524
2019-12-30 16:21:48,124 -  - INFO - PARSED: 25 POSITIVE: 0.267410394770883
2019-12-30 16:21:48,249 -  - INFO - PARSED: 26 POSITIVE: 0.9993691199782343
2019-12-30 16:21:48,386 -  - INFO - PARSED: 27 POSITIVE: 0.6434917299242576
2019-12-30 16:21:48,518 -  - INFO - PARSED: 28 POSITIVE: 0.9573261464508233
2019-12-30 16:21:48,662 -  - INFO - PARSED: 29 POSITIVE: 0.999999972592425
2019-12-30 16:21:48,800 -  - INFO - PARSED: 30 POSITIVE: 0.9999967467698005
2019-12-30 16:21:48,929 -  - INFO - PARSED: 31 POSITIVE: 0.9945007992631218
2019-12-30 16:21:49,061 -  - INFO - PARSED: 32 POSITIVE: 0.9984051908457566
2019-12-30 16:21:49,190 -  - INFO - PARSED: 33 POSITIVE: 0.7955383628255623
2019-12-30 16:21:49,428 -  - INFO - PARSED: 34 POSITIVE: 0.9964081319932789
2019-12-30 16:21:49,572 -  - INFO - PARSED: 35 POSITIVE: 0.9999608709808641
2019-12-30 16:21:49,697 -  - INFO - PARSED: 36 POSITIVE: 0.9291476777011695
2019-12-30 16:21:49,833 -  - INFO - PARSED: 37 POSITIVE: 0.9992417580658213
2019-12-30 16:21:49,948 -  - INFO - PARSED: 38 POSITIVE: 0.5137157019257692
2019-12-30 16:21:50,185 -  - INFO - TOPIC: #2019年中国声音# FETCHED TIME-USED: 9.33452558517456
2019-12-30 16:21:50,447 -  - INFO - REACH WEIBO
2019-12-30 16:21:51,650 -  - INFO - SEARCHED TOPIC: #简弘亦结婚#
2019-12-30 16:21:51,650 -  - INFO - SCROLLING: 0 WAIT: 0.1
2019-12-30 16:21:51,768 -  - INFO - SCROLLING: 1 WAIT: 0.1
2019-12-30 16:21:51,877 -  - INFO - SCROLLING: 2 WAIT: 0.1
2019-12-30 16:21:52,077 -  - INFO - SCROLLING: 3 WAIT: 0.1
2019-12-30 16:21:52,187 -  - INFO - SCROLLING: 4 WAIT: 0.1
2019-12-30 16:21:52,293 -  - INFO - SCROLLING: 5 WAIT: 0.1
2019-12-30 16:21:52,489 -  - INFO - SCROLLING: 6 WAIT: 0.1
2019-12-30 16:21:52,599 -  - INFO - SCROLLING: 7 WAIT: 0.1
2019-12-30 16:21:52,709 -  - INFO - SCROLLING: 8 WAIT: 0.1
2019-12-30 16:21:52,823 -  - INFO - SCROLLING: 9 WAIT: 0.1
2019-12-30 16:21:53,950 -  - INFO - WEIBO CARDS FOUND
2019-12-30 16:21:54,095 -  - INFO - PARSED: 0 POSITIVE: 0.9935372128979202
2019-12-30 16:21:54,215 -  - INFO - PARSED: 1 POSITIVE: 0.9876335288261757
2019-12-30 16:21:54,348 -  - INFO - PARSED: 2 POSITIVE: 0.9952430646343112
2019-12-30 16:21:54,447 -  - INFO - PARSED: 3 POSITIVE: 0.9952430646343112
2019-12-30 16:21:54,461 -  - INFO - PARSE ERROR: 4
2019-12-30 16:21:54,614 -  - INFO - PARSED: 5 POSITIVE: 0.9999999994655551
2019-12-30 16:21:54,627 -  - INFO - PARSE ERROR: 6
2019-12-30 16:21:54,769 -  - INFO - PARSED: 7 POSITIVE: 0.9999999994655551
2019-12-30 16:21:54,911 -  - INFO - PARSED: 8 POSITIVE: 0.9999999999992266
2019-12-30 16:21:54,925 -  - INFO - PARSE ERROR: 9
2019-12-30 16:21:54,936 -  - INFO - PARSE ERROR: 10
2019-12-30 16:21:54,947 -  - INFO - PARSE ERROR: 11
2019-12-30 16:21:54,958 -  - INFO - PARSE ERROR: 12
2019-12-30 16:21:54,970 -  - INFO - PARSE ERROR: 13
2019-12-30 16:21:54,981 -  - INFO - PARSE ERROR: 14
2019-12-30 16:21:54,994 -  - INFO - PARSE ERROR: 15
2019-12-30 16:21:55,007 -  - INFO - PARSE ERROR: 16
2019-12-30 16:21:55,019 -  - INFO - PARSE ERROR: 17
2019-12-30 16:21:55,032 -  - INFO - PARSE ERROR: 18
2019-12-30 16:21:55,167 -  - INFO - PARSED: 19 POSITIVE: 0.9984174874471318
2019-12-30 16:21:55,271 -  - INFO - PARSED: 20 POSITIVE: 0.9984174874471318
2019-12-30 16:21:55,392 -  - INFO - PARSED: 21 POSITIVE: 0.9922029311274297
2019-12-30 16:21:55,515 -  - INFO - PARSED: 22 POSITIVE: 0.9998516412048493
2019-12-30 16:21:55,626 -  - INFO - PARSED: 23 POSITIVE: 0.6951852784550479
2019-12-30 16:21:55,740 -  - INFO - PARSED: 24 POSITIVE: 0.980069845027384
2019-12-30 16:21:55,873 -  - INFO - PARSED: 25 POSITIVE: 0.998862291355426
2019-12-30 16:21:55,991 -  - INFO - PARSED: 26 POSITIVE: 0.28322293717811253
2019-12-30 16:21:56,111 -  - INFO - PARSED: 27 POSITIVE: 0.9956506785144685
2019-12-30 16:21:56,240 -  - INFO - PARSED: 28 POSITIVE: 0.2649539488131468
2019-12-30 16:21:56,356 -  - INFO - PARSED: 29 POSITIVE: 0.3767602034400881
2019-12-30 16:21:56,368 -  - INFO - PARSE ERROR: 30
2019-12-30 16:21:56,381 -  - INFO - PARSE ERROR: 31
2019-12-30 16:21:56,394 -  - INFO - PARSE ERROR: 32
2019-12-30 16:21:56,406 -  - INFO - PARSE ERROR: 33
2019-12-30 16:21:56,530 -  - INFO - PARSED: 34 POSITIVE: 0.9999273643473988
2019-12-30 16:21:56,646 -  - INFO - PARSED: 35 POSITIVE: 0.06160460069496154
2019-12-30 16:21:56,768 -  - INFO - PARSED: 36 POSITIVE: 0.9680142639270444
2019-12-30 16:21:56,892 -  - INFO - PARSED: 37 POSITIVE: 0.6285533189223377
2019-12-30 16:21:57,040 -  - INFO - PARSED: 38 POSITIVE: 0.9999999966657067
2019-12-30 16:21:57,178 -  - INFO - PARSED: 39 POSITIVE: 0.9613224997387954
2019-12-30 16:21:57,302 -  - INFO - PARSED: 40 POSITIVE: 0.05087227050422849
2019-12-30 16:21:57,424 -  - INFO - PARSED: 41 POSITIVE: 0.9598087751102445
2019-12-30 16:21:57,546 -  - INFO - PARSED: 42 POSITIVE: 0.994672109696381
2019-12-30 16:21:57,669 -  - INFO - PARSED: 43 POSITIVE: 0.1504283872324632
2019-12-30 16:21:57,796 -  - INFO - PARSED: 44 POSITIVE: 0.9941444675610104
2019-12-30 16:21:57,947 -  - INFO - PARSED: 45 POSITIVE: 0.7206958152069988
2019-12-30 16:21:58,090 -  - INFO - PARSED: 46 POSITIVE: 0.9999999999997622
2019-12-30 16:21:58,205 -  - INFO - PARSED: 47 POSITIVE: 0.500287139372876
2019-12-30 16:21:58,331 -  - INFO - PARSED: 48 POSITIVE: 0.9753858814313604
2019-12-30 16:21:58,457 -  - INFO - PARSED: 49 POSITIVE: 0.971217975247877
2019-12-30 16:21:58,584 -  - INFO - PARSED: 50 POSITIVE: 0.12874516718843276
2019-12-30 16:21:58,743 -  - INFO - PARSED: 51 POSITIVE: 0.9999998761424576
2019-12-30 16:21:58,869 -  - INFO - PARSED: 52 POSITIVE: 0.0003178094697217082
2019-12-30 16:21:58,984 -  - INFO - PARSED: 53 POSITIVE: 0.987371367686502
2019-12-30 16:21:59,108 -  - INFO - PARSED: 54 POSITIVE: 0.9002131660863928
2019-12-30 16:21:59,225 -  - INFO - PARSED: 55 POSITIVE: 0.9840088902372311
2019-12-30 16:21:59,359 -  - INFO - PARSED: 56 POSITIVE: 0.9999464783324099
2019-12-30 16:21:59,486 -  - INFO - PARSED: 57 POSITIVE: 0.17864257958537
2019-12-30 16:21:59,619 -  - INFO - PARSED: 58 POSITIVE: 0.9999943928437232
2019-12-30 16:21:59,761 -  - INFO - PARSED: 59 POSITIVE: 0.9952430646343112
2019-12-30 16:21:59,912 -  - INFO - PARSED: 60 POSITIVE: 0.9999999999992266
2019-12-30 16:22:00,074 -  - INFO - PARSED: 61 POSITIVE: 0.9999999999997788
2019-12-30 16:22:00,221 -  - INFO - PARSED: 62 POSITIVE: 0.9931151836144293
2019-12-30 16:22:00,551 -  - INFO - TOPIC: #简弘亦结婚# FETCHED TIME-USED: 10.317882537841797
2019-12-30 16:22:00,842 -  - INFO - REACH WEIBO
2019-12-30 16:22:02,201 -  - INFO - SEARCHED TOPIC: #男子上海持刀杀害儿童二审仍判死刑#
2019-12-30 16:22:02,202 -  - INFO - SCROLLING: 0 WAIT: 0.1
2019-12-30 16:22:02,331 -  - INFO - SCROLLING: 1 WAIT: 0.1
2019-12-30 16:22:02,441 -  - INFO - SCROLLING: 2 WAIT: 0.1
2019-12-30 16:22:02,547 -  - INFO - SCROLLING: 3 WAIT: 0.1
2019-12-30 16:22:02,652 -  - INFO - SCROLLING: 4 WAIT: 0.1
2019-12-30 16:22:02,757 -  - INFO - SCROLLING: 5 WAIT: 0.1
2019-12-30 16:22:02,862 -  - INFO - SCROLLING: 6 WAIT: 0.1
2019-12-30 16:22:02,969 -  - INFO - SCROLLING: 7 WAIT: 0.1
2019-12-30 16:22:03,074 -  - INFO - SCROLLING: 8 WAIT: 0.1
2019-12-30 16:22:03,181 -  - INFO - SCROLLING: 9 WAIT: 0.1
2019-12-30 16:22:04,328 -  - INFO - WEIBO CARDS FOUND
2019-12-30 16:22:04,353 -  - INFO - PARSE ERROR: 0
2019-12-30 16:22:04,546 -  - INFO - PARSED: 1 POSITIVE: 0.006468831179866741
2019-12-30 16:22:04,689 -  - INFO - PARSED: 2 POSITIVE: 0.0001619632378691005
2019-12-30 16:22:04,834 -  - INFO - PARSED: 3 POSITIVE: 0.9865835602659216
2019-12-30 16:22:04,981 -  - INFO - PARSED: 4 POSITIVE: 0.41328767411927825
2019-12-30 16:22:05,088 -  - INFO - PARSED: 5 POSITIVE: 0.41328767411927825
2019-12-30 16:22:05,101 -  - INFO - PARSE ERROR: 6
2019-12-30 16:22:05,242 -  - INFO - PARSED: 7 POSITIVE: 0.9999967904630215
2019-12-30 16:22:05,254 -  - INFO - PARSE ERROR: 8
2019-12-30 16:22:05,367 -  - INFO - PARSED: 9 POSITIVE: 0.9999967904630215
2019-12-30 16:22:05,514 -  - INFO - PARSED: 10 POSITIVE: 0.550896495118383
2019-12-30 16:22:05,529 -  - INFO - PARSE ERROR: 11
2019-12-30 16:22:05,541 -  - INFO - PARSE ERROR: 12
2019-12-30 16:22:05,552 -  - INFO - PARSE ERROR: 13
2019-12-30 16:22:05,564 -  - INFO - PARSE ERROR: 14
2019-12-30 16:22:05,576 -  - INFO - PARSE ERROR: 15
2019-12-30 16:22:05,712 -  - INFO - PARSED: 16 POSITIVE: 0.019549573211066873
2019-12-30 16:22:28,639 -  - INFO - REACH WEIBO
2019-12-30 16:22:30,008 -  - INFO - REACH WEIBO HOT RANK PAGE
2019-12-30 16:22:31,036 -  - INFO - FETCH HOTLIST WITH LENGTH: 67
2019-12-30 16:22:31,037 -  - INFO - HOT RANK PARSED
2019-12-30 16:22:31,267 -  - INFO - HOT RANK SAVED TO MONGODB
2019-12-30 16:22:31,663 -  - INFO - REACH WEIBO
2019-12-30 16:22:33,060 -  - INFO - SEARCHED TOPIC: #2019年中国声音#
2019-12-30 16:22:33,060 -  - INFO - SCROLLING: 0 WAIT: 0.1
2019-12-30 16:22:33,189 -  - INFO - SCROLLING: 1 WAIT: 0.1
2019-12-30 16:22:33,292 -  - INFO - SCROLLING: 2 WAIT: 0.1
2019-12-30 16:22:33,402 -  - INFO - SCROLLING: 3 WAIT: 0.1
2019-12-30 16:22:33,510 -  - INFO - SCROLLING: 4 WAIT: 0.1
2019-12-30 16:22:33,646 -  - INFO - SCROLLING: 5 WAIT: 0.1
2019-12-30 16:22:33,751 -  - INFO - SCROLLING: 6 WAIT: 0.1
2019-12-30 16:22:33,861 -  - INFO - SCROLLING: 7 WAIT: 0.1
2019-12-30 16:22:33,981 -  - INFO - SCROLLING: 8 WAIT: 0.1
2019-12-30 16:22:34,092 -  - INFO - SCROLLING: 9 WAIT: 0.1
2019-12-30 16:22:35,223 -  - INFO - WEIBO CARDS FOUND
2019-12-30 16:22:35,239 -  - INFO - PARSE ERROR: 0
2019-12-30 16:22:35,402 -  - INFO - PARSED: 1 POSITIVE: 0.9999999999624432
2019-12-30 16:22:36,373 -  - INFO - PARSED: 2 POSITIVE: 0.9999949728308154
2019-12-30 16:22:36,500 -  - INFO - PARSED: 3 POSITIVE: 0.9999996954984983
2019-12-30 16:22:36,603 -  - INFO - PARSED: 4 POSITIVE: 0.9999996954984983
2019-12-30 16:22:36,618 -  - INFO - PARSE ERROR: 5
2019-12-30 16:22:36,631 -  - INFO - PARSE ERROR: 6
2019-12-30 16:22:36,643 -  - INFO - PARSE ERROR: 7
2019-12-30 16:22:36,654 -  - INFO - PARSE ERROR: 8
2019-12-30 16:22:36,665 -  - INFO - PARSE ERROR: 9
2019-12-30 16:22:36,785 -  - INFO - PARSED: 10 POSITIVE: 0.8212129651738975
2019-12-30 16:22:36,887 -  - INFO - PARSED: 11 POSITIVE: 0.8212129651738975
2019-12-30 16:22:37,030 -  - INFO - PARSED: 12 POSITIVE: 0.9663793552854533
2019-12-30 16:22:37,166 -  - INFO - PARSED: 13 POSITIVE: 0.9999999999624432
2019-12-30 16:22:37,307 -  - INFO - PARSED: 14 POSITIVE: 0.9999863468979262
2019-12-30 16:22:37,435 -  - INFO - PARSED: 15 POSITIVE: 0.9823960180842426
2019-12-30 16:22:37,556 -  - INFO - PARSED: 16 POSITIVE: 0.002438857456876331
2019-12-30 16:22:37,688 -  - INFO - PARSED: 17 POSITIVE: 0.49641145493417627
2019-12-30 16:22:37,817 -  - INFO - PARSED: 18 POSITIVE: 0.9999995365093916
2019-12-30 16:22:37,943 -  - INFO - PARSED: 19 POSITIVE: 0.998404413068238
2019-12-30 16:22:37,956 -  - INFO - PARSE ERROR: 20
2019-12-30 16:22:37,968 -  - INFO - PARSE ERROR: 21
2019-12-30 16:22:37,980 -  - INFO - PARSE ERROR: 22
2019-12-30 16:22:38,121 -  - INFO - PARSED: 23 POSITIVE: 0.9999991683545684
2019-12-30 16:22:38,247 -  - INFO - PARSED: 24 POSITIVE: 0.9986053666426524
2019-12-30 16:22:38,401 -  - INFO - PARSED: 25 POSITIVE: 0.267410394770883
2019-12-30 16:22:38,528 -  - INFO - PARSED: 26 POSITIVE: 0.9993691199782343
2019-12-30 16:22:38,652 -  - INFO - PARSED: 27 POSITIVE: 0.6434917299242576
2019-12-30 16:22:38,771 -  - INFO - PARSED: 28 POSITIVE: 0.9573261464508233
2019-12-30 16:22:38,930 -  - INFO - PARSED: 29 POSITIVE: 0.999999972592425
2019-12-30 16:22:39,066 -  - INFO - PARSED: 30 POSITIVE: 0.9999967467698005
2019-12-30 16:22:39,201 -  - INFO - PARSED: 31 POSITIVE: 0.9945007992631218
2019-12-30 16:22:39,329 -  - INFO - PARSED: 32 POSITIVE: 0.9984051908457566
2019-12-30 16:22:39,464 -  - INFO - PARSED: 33 POSITIVE: 0.7955383628255623
2019-12-30 16:22:39,600 -  - INFO - PARSED: 34 POSITIVE: 0.9964081319932789
2019-12-30 16:22:39,747 -  - INFO - PARSED: 35 POSITIVE: 0.9999608709808641
2019-12-30 16:22:39,891 -  - INFO - PARSED: 36 POSITIVE: 0.9291476777011695
2019-12-30 16:22:40,036 -  - INFO - PARSED: 37 POSITIVE: 0.9992417580658213
2019-12-30 16:22:40,160 -  - INFO - PARSED: 38 POSITIVE: 0.5137157019257692
2019-12-30 16:22:40,451 -  - INFO - TOPIC: #2019年中国声音# FETCHED TIME-USED: 9.174386501312256
2019-12-30 16:22:40,703 -  - INFO - REACH WEIBO
2019-12-30 16:22:41,913 -  - INFO - SEARCHED TOPIC: #简弘亦结婚#
2019-12-30 16:22:41,914 -  - INFO - SCROLLING: 0 WAIT: 0.1
2019-12-30 16:22:42,044 -  - INFO - SCROLLING: 1 WAIT: 0.1
2019-12-30 16:22:42,150 -  - INFO - SCROLLING: 2 WAIT: 0.1
2019-12-30 16:22:42,334 -  - INFO - SCROLLING: 3 WAIT: 0.1
2019-12-30 16:22:42,440 -  - INFO - SCROLLING: 4 WAIT: 0.1
2019-12-30 16:22:42,751 -  - INFO - SCROLLING: 5 WAIT: 0.1
2019-12-30 16:22:42,856 -  - INFO - SCROLLING: 6 WAIT: 0.1
2019-12-30 16:22:42,964 -  - INFO - SCROLLING: 7 WAIT: 0.1
2019-12-30 16:22:43,082 -  - INFO - SCROLLING: 8 WAIT: 0.1
2019-12-30 16:22:43,188 -  - INFO - SCROLLING: 9 WAIT: 0.1
2019-12-30 16:22:44,391 -  - INFO - WEIBO CARDS FOUND
2019-12-30 16:22:44,508 -  - INFO - PARSED: 0 POSITIVE: 0.9935372128979202
2019-12-30 16:22:44,633 -  - INFO - PARSED: 1 POSITIVE: 0.9876335288261757
2019-12-30 16:22:44,765 -  - INFO - PARSED: 2 POSITIVE: 0.9952430646343112
2019-12-30 16:22:44,867 -  - INFO - PARSED: 3 POSITIVE: 0.9952430646343112
2019-12-30 16:22:44,881 -  - INFO - PARSE ERROR: 4
2019-12-30 16:22:45,029 -  - INFO - PARSED: 5 POSITIVE: 0.9999999994655551
2019-12-30 16:22:45,044 -  - INFO - PARSE ERROR: 6
2019-12-30 16:22:45,175 -  - INFO - PARSED: 7 POSITIVE: 0.9999999994655551
2019-12-30 16:22:45,330 -  - INFO - PARSED: 8 POSITIVE: 0.9999999999992266
2019-12-30 16:22:45,347 -  - INFO - PARSE ERROR: 9
2019-12-30 16:22:45,358 -  - INFO - PARSE ERROR: 10
2019-12-30 16:22:45,371 -  - INFO - PARSE ERROR: 11
2019-12-30 16:22:45,383 -  - INFO - PARSE ERROR: 12
2019-12-30 16:22:45,396 -  - INFO - PARSE ERROR: 13
2019-12-30 16:22:45,409 -  - INFO - PARSE ERROR: 14
2019-12-30 16:22:45,423 -  - INFO - PARSE ERROR: 15
2019-12-30 16:22:45,434 -  - INFO - PARSE ERROR: 16
2019-12-30 16:22:45,445 -  - INFO - PARSE ERROR: 17
2019-12-30 16:22:45,456 -  - INFO - PARSE ERROR: 18
2019-12-30 16:22:45,578 -  - INFO - PARSED: 19 POSITIVE: 0.17864257958537
2019-12-30 16:22:45,674 -  - INFO - PARSED: 20 POSITIVE: 0.17864257958537
2019-12-30 16:22:45,799 -  - INFO - PARSED: 21 POSITIVE: 0.9994911622975603
2019-12-30 16:22:45,932 -  - INFO - PARSED: 22 POSITIVE: 0.9437003314001106
2019-12-30 16:22:46,077 -  - INFO - PARSED: 23 POSITIVE: 0.7771576456970273
2019-12-30 16:22:46,210 -  - INFO - PARSED: 24 POSITIVE: 0.9999348228732001
2019-12-30 16:22:46,331 -  - INFO - PARSED: 25 POSITIVE: 0.5658112820207498
2019-12-30 16:22:46,455 -  - INFO - PARSED: 26 POSITIVE: 0.980444853457273
2019-12-30 16:22:46,603 -  - INFO - PARSED: 27 POSITIVE: 0.99999999999998
2019-12-30 16:22:46,749 -  - INFO - PARSED: 28 POSITIVE: 0.999999966510797
2019-12-30 16:22:46,896 -  - INFO - PARSED: 29 POSITIVE: 0.999999999999972
2019-12-30 16:22:46,911 -  - INFO - PARSE ERROR: 30
2019-12-30 16:22:46,923 -  - INFO - PARSE ERROR: 31
2019-12-30 16:22:46,934 -  - INFO - PARSE ERROR: 32
2019-12-30 16:22:47,078 -  - INFO - PARSED: 33 POSITIVE: 0.999999999999972
2019-12-30 16:22:47,217 -  - INFO - PARSED: 34 POSITIVE: 0.9999956723429403
2019-12-30 16:22:47,345 -  - INFO - PARSED: 35 POSITIVE: 0.9984174874471318
2019-12-30 16:22:47,511 -  - INFO - PARSED: 36 POSITIVE: 0.9789764435713073
2019-12-30 16:22:47,523 -  - INFO - PARSE ERROR: 37
2019-12-30 16:22:47,652 -  - INFO - PARSED: 38 POSITIVE: 0.9998516412048493
2019-12-30 16:22:47,772 -  - INFO - PARSED: 39 POSITIVE: 0.6951852784550479
2019-12-30 16:22:47,936 -  - INFO - PARSED: 40 POSITIVE: 0.980069845027384
2019-12-30 16:22:48,068 -  - INFO - PARSED: 41 POSITIVE: 0.998862291355426
2019-12-30 16:22:48,175 -  - INFO - PARSED: 42 POSITIVE: 0.28322293717811253
2019-12-30 16:22:48,290 -  - INFO - PARSED: 43 POSITIVE: 0.9956506785144685
2019-12-30 16:22:48,415 -  - INFO - PARSED: 44 POSITIVE: 0.2649539488131468
2019-12-30 16:22:48,545 -  - INFO - PARSED: 45 POSITIVE: 0.9999273643473988
2019-12-30 16:22:48,662 -  - INFO - PARSED: 46 POSITIVE: 0.06160460069496154
2019-12-30 16:22:48,781 -  - INFO - PARSED: 47 POSITIVE: 0.9680142639270444
2019-12-30 16:22:48,905 -  - INFO - PARSED: 48 POSITIVE: 0.6285533189223377
2019-12-30 16:22:49,049 -  - INFO - PARSED: 49 POSITIVE: 0.9999999966657067
2019-12-30 16:22:49,179 -  - INFO - PARSED: 50 POSITIVE: 0.9613224997387954
2019-12-30 16:22:49,293 -  - INFO - PARSED: 51 POSITIVE: 0.05087227050422849
2019-12-30 16:22:49,410 -  - INFO - PARSED: 52 POSITIVE: 0.9598087751102445
2019-12-30 16:22:49,533 -  - INFO - PARSED: 53 POSITIVE: 0.994672109696381
2019-12-30 16:22:49,658 -  - INFO - PARSED: 54 POSITIVE: 0.9941444675610104
2019-12-30 16:22:49,780 -  - INFO - PARSED: 55 POSITIVE: 0.7206958152069988
2019-12-30 16:22:49,925 -  - INFO - PARSED: 56 POSITIVE: 0.9999999999997622
2019-12-30 16:22:50,045 -  - INFO - PARSED: 57 POSITIVE: 0.500287139372876
2019-12-30 16:22:50,179 -  - INFO - PARSED: 58 POSITIVE: 0.9753858814313604
2019-12-30 16:22:50,299 -  - INFO - PARSED: 59 POSITIVE: 0.971217975247877
2019-12-30 16:22:50,427 -  - INFO - PARSED: 60 POSITIVE: 0.12874516718843276
2019-12-30 16:22:50,601 -  - INFO - PARSED: 61 POSITIVE: 0.9999998761424576
2019-12-30 16:22:50,731 -  - INFO - PARSED: 62 POSITIVE: 0.0003178094697217082
2019-12-30 16:22:50,860 -  - INFO - PARSED: 63 POSITIVE: 0.987371367686502
2019-12-30 16:22:50,983 -  - INFO - PARSED: 64 POSITIVE: 0.9002131660863928
2019-12-30 16:22:51,111 -  - INFO - PARSED: 65 POSITIVE: 0.9840088902372311
2019-12-30 16:22:51,246 -  - INFO - PARSED: 66 POSITIVE: 0.9999943928437232
2019-12-30 16:22:51,387 -  - INFO - PARSED: 67 POSITIVE: 0.9952430646343112
2019-12-30 16:22:51,546 -  - INFO - PARSED: 68 POSITIVE: 0.9999999999992266
2019-12-30 16:22:51,705 -  - INFO - PARSED: 69 POSITIVE: 0.9999999999997788
2019-12-30 16:22:51,825 -  - INFO - PARSED: 70 POSITIVE: 0.9931151836144293
2019-12-30 16:22:51,953 -  - INFO - PARSED: 71 POSITIVE: 0.2724732163623713
2019-12-30 16:22:52,085 -  - INFO - PARSED: 72 POSITIVE: 0.0016775121144062544
2019-12-30 16:22:52,374 -  - INFO - TOPIC: #简弘亦结婚# FETCHED TIME-USED: 11.869199991226196
2019-12-30 16:22:52,621 -  - INFO - REACH WEIBO
2019-12-30 16:22:53,874 -  - INFO - SEARCHED TOPIC: #男子上海持刀杀害儿童二审仍判死刑#
2019-12-30 16:22:53,874 -  - INFO - SCROLLING: 0 WAIT: 0.1
2019-12-30 16:22:53,981 -  - INFO - SCROLLING: 1 WAIT: 0.1
2019-12-30 16:22:54,087 -  - INFO - SCROLLING: 2 WAIT: 0.1
2019-12-30 16:22:54,194 -  - INFO - SCROLLING: 3 WAIT: 0.1
2019-12-30 16:22:54,302 -  - INFO - SCROLLING: 4 WAIT: 0.1
2019-12-30 16:22:54,410 -  - INFO - SCROLLING: 5 WAIT: 0.1
2019-12-30 16:22:54,519 -  - INFO - SCROLLING: 6 WAIT: 0.1
2019-12-30 16:22:54,627 -  - INFO - SCROLLING: 7 WAIT: 0.1
2019-12-30 16:22:54,732 -  - INFO - SCROLLING: 8 WAIT: 0.1
2019-12-30 16:22:54,840 -  - INFO - SCROLLING: 9 WAIT: 0.1
2019-12-30 16:22:55,965 -  - INFO - WEIBO CARDS FOUND
2019-12-30 16:22:55,995 -  - INFO - PARSE ERROR: 0
2019-12-30 16:22:56,165 -  - INFO - PARSED: 1 POSITIVE: 0.006468831179866741
2019-12-30 16:22:56,315 -  - INFO - PARSED: 2 POSITIVE: 0.0001619632378691005
2019-12-30 16:22:56,453 -  - INFO - PARSED: 3 POSITIVE: 0.9865835602659216
2019-12-30 16:22:56,595 -  - INFO - PARSED: 4 POSITIVE: 0.41328767411927825
2019-12-30 16:22:56,714 -  - INFO - PARSED: 5 POSITIVE: 0.41328767411927825
2019-12-30 16:22:56,726 -  - INFO - PARSE ERROR: 6
2019-12-30 16:22:56,864 -  - INFO - PARSED: 7 POSITIVE: 0.9999967904630215
2019-12-30 16:22:56,876 -  - INFO - PARSE ERROR: 8
2019-12-30 16:22:56,997 -  - INFO - PARSED: 9 POSITIVE: 0.9999967904630215
2019-12-30 16:22:57,146 -  - INFO - PARSED: 10 POSITIVE: 0.550896495118383
2019-12-30 16:22:57,159 -  - INFO - PARSE ERROR: 11
2019-12-30 16:22:57,172 -  - INFO - PARSE ERROR: 12
2019-12-30 16:22:57,184 -  - INFO - PARSE ERROR: 13
2019-12-30 16:22:57,196 -  - INFO - PARSE ERROR: 14
2019-12-30 16:22:57,208 -  - INFO - PARSE ERROR: 15
2019-12-30 16:22:57,362 -  - INFO - PARSED: 16 POSITIVE: 4.911147236108526e-06
2019-12-30 16:22:57,495 -  - INFO - PARSED: 17 POSITIVE: 4.911147236108526e-06
2019-12-30 16:22:57,628 -  - INFO - PARSED: 18 POSITIVE: 0.5576913180380368
2019-12-30 16:22:57,759 -  - INFO - PARSED: 19 POSITIVE: 0.19886043398732856
2019-12-30 16:22:57,899 -  - INFO - PARSED: 20 POSITIVE: 0.0009720453553525576
2019-12-30 16:22:58,027 -  - INFO - PARSED: 21 POSITIVE: 0.18433000498154795
2019-12-30 16:22:58,166 -  - INFO - PARSED: 22 POSITIVE: 0.019549573211066873
2019-12-30 16:22:58,300 -  - INFO - PARSED: 23 POSITIVE: 0.9164526137984089
2019-12-30 16:22:58,431 -  - INFO - PARSED: 24 POSITIVE: 0.7219313610006195
2019-12-30 16:22:58,590 -  - INFO - PARSED: 25 POSITIVE: 0.9999999991262016
2019-12-30 16:22:58,602 -  - INFO - PARSE ERROR: 26
2019-12-30 16:22:58,615 -  - INFO - PARSE ERROR: 27
2019-12-30 16:22:58,627 -  - INFO - PARSE ERROR: 28
2019-12-30 16:22:58,760 -  - INFO - PARSED: 29 POSITIVE: 0.9985918786514768
2019-12-30 16:22:58,904 -  - INFO - PARSED: 30 POSITIVE: 0.9989531025832843
2019-12-30 16:22:59,044 -  - INFO - PARSED: 31 POSITIVE: 0.999178300625812
2019-12-30 16:22:59,199 -  - INFO - PARSED: 32 POSITIVE: 0.9999896131727293
2019-12-30 16:22:59,366 -  - INFO - PARSED: 33 POSITIVE: 0.11884058532648467
2019-12-30 16:22:59,501 -  - INFO - PARSED: 34 POSITIVE: 0.8359814805955708
2019-12-30 16:22:59,659 -  - INFO - PARSED: 35 POSITIVE: 0.9999999995401287
2019-12-30 16:22:59,826 -  - INFO - PARSED: 36 POSITIVE: 0.019977207174532885
2019-12-30 16:22:59,977 -  - INFO - PARSED: 37 POSITIVE: 0.24203791125942187
2019-12-30 16:23:00,130 -  - INFO - PARSED: 38 POSITIVE: 0.9919219271301453
2019-12-30 16:23:00,275 -  - INFO - PARSED: 39 POSITIVE: 0.010613582675702005
2019-12-30 16:23:00,453 -  - INFO - PARSED: 40 POSITIVE: 0.2407804207642601
2019-12-30 16:23:00,594 -  - INFO - PARSED: 41 POSITIVE: 0.5877945438806532
2019-12-30 16:23:00,609 -  - INFO - PARSE ERROR: 42
2019-12-30 16:23:00,805 -  - INFO - PARSED: 43 POSITIVE: 0.06493868510867695
2019-12-30 16:23:00,952 -  - INFO - PARSED: 44 POSITIVE: 0.0014674306302975282
2019-12-30 16:23:01,082 -  - INFO - PARSED: 45 POSITIVE: 0.046267231770413586
2019-12-30 16:23:01,218 -  - INFO - PARSED: 46 POSITIVE: 0.06714231179912977
2019-12-30 16:23:01,355 -  - INFO - PARSED: 47 POSITIVE: 0.4263610724355973
2019-12-30 16:23:01,504 -  - INFO - PARSED: 48 POSITIVE: 0.00030551887785856824
2019-12-30 16:23:01,654 -  - INFO - PARSED: 49 POSITIVE: 0.9979521682145395
2019-12-30 16:23:01,809 -  - INFO - PARSED: 50 POSITIVE: 0.3881046769324368
2019-12-30 16:23:01,941 -  - INFO - PARSED: 51 POSITIVE: 0.34730294248773175
2019-12-30 16:23:02,103 -  - INFO - PARSED: 52 POSITIVE: 0.550896495118383
2019-12-30 16:23:02,242 -  - INFO - PARSED: 53 POSITIVE: 0.3886320874742546
2019-12-30 16:23:02,386 -  - INFO - PARSED: 54 POSITIVE: 0.0855199270089877
2019-12-30 16:23:02,529 -  - INFO - PARSED: 55 POSITIVE: 0.7469884213108814
2019-12-30 16:23:02,672 -  - INFO - PARSED: 56 POSITIVE: 0.06683962118999798
2019-12-30 16:23:02,821 -  - INFO - PARSED: 57 POSITIVE: 0.24407262808756958
2019-12-30 16:23:02,996 -  - INFO - PARSED: 58 POSITIVE: 0.9865835602659216
2019-12-30 16:23:03,342 -  - INFO - TOPIC: #男子上海持刀杀害儿童二审仍判死刑# FETCHED TIME-USED: 10.933285474777222
2019-12-30 16:23:03,581 -  - INFO - REACH WEIBO
2019-12-30 16:23:04,887 -  - INFO - SEARCHED TOPIC: #喝康师傅饮品看番茄台跨年#
2019-12-30 16:23:04,887 -  - INFO - SCROLLING: 0 WAIT: 0.1
2019-12-30 16:23:04,994 -  - INFO - SCROLLING: 1 WAIT: 0.1
2019-12-30 16:23:05,098 -  - INFO - SCROLLING: 2 WAIT: 0.1
2019-12-30 16:23:05,207 -  - INFO - SCROLLING: 3 WAIT: 0.1
2019-12-30 16:23:05,315 -  - INFO - SCROLLING: 4 WAIT: 0.1
2019-12-30 16:23:05,424 -  - INFO - SCROLLING: 5 WAIT: 0.1
2019-12-30 16:23:05,533 -  - INFO - SCROLLING: 6 WAIT: 0.1
2019-12-30 16:23:05,642 -  - INFO - SCROLLING: 7 WAIT: 0.1
2019-12-30 16:23:05,752 -  - INFO - SCROLLING: 8 WAIT: 0.1
2019-12-30 16:23:05,861 -  - INFO - SCROLLING: 9 WAIT: 0.1
2019-12-30 16:23:06,981 -  - INFO - WEIBO CARDS FOUND
2019-12-30 16:23:07,005 -  - INFO - PARSE ERROR: 0
2019-12-30 16:23:07,030 -  - INFO - PARSE ERROR: 1
2019-12-30 16:23:07,172 -  - INFO - PARSED: 2 POSITIVE: 0.9984972491857627
2019-12-30 16:23:07,319 -  - INFO - PARSED: 3 POSITIVE: 0.0001619550754489163
2019-12-30 16:23:07,488 -  - INFO - PARSED: 4 POSITIVE: 0.0001619550754489163
2019-12-30 16:23:07,511 -  - INFO - PARSE ERROR: 5
2019-12-30 16:23:07,523 -  - INFO - PARSE ERROR: 6
2019-12-30 16:23:07,537 -  - INFO - PARSE ERROR: 7
2019-12-30 16:23:07,550 -  - INFO - PARSE ERROR: 8
2019-12-30 16:23:07,561 -  - INFO - PARSE ERROR: 9
2019-12-30 16:23:07,719 -  - INFO - PARSED: 10 POSITIVE: 0.08904031920969979
2019-12-30 16:23:07,812 -  - INFO - PARSED: 11 POSITIVE: 0.08904031920969979
2019-12-30 16:23:07,826 -  - INFO - PARSE ERROR: 12
2019-12-30 16:23:07,957 -  - INFO - PARSED: 13 POSITIVE: 0.5460279926974715
2019-12-30 16:23:08,117 -  - INFO - PARSED: 14 POSITIVE: 0.2967768290516891
2019-12-30 16:23:08,130 -  - INFO - PARSE ERROR: 15
2019-12-30 16:23:08,278 -  - INFO - PARSED: 16 POSITIVE: 0.9982068145906359
2019-12-30 16:23:08,291 -  - INFO - PARSE ERROR: 17
2019-12-30 16:23:08,414 -  - INFO - PARSED: 18 POSITIVE: 0.46787257152390727
2019-12-30 16:23:08,553 -  - INFO - PARSED: 19 POSITIVE: 0.5617555088166378
2019-12-30 16:23:08,565 -  - INFO - PARSE ERROR: 20
2019-12-30 16:23:08,695 -  - INFO - PARSED: 21 POSITIVE: 0.0051692444355314615
2019-12-30 16:23:08,709 -  - INFO - PARSE ERROR: 22
2019-12-30 16:23:08,835 -  - INFO - PARSED: 23 POSITIVE: 0.25213433015082454
2019-12-30 16:23:08,848 -  - INFO - PARSE ERROR: 24
2019-12-30 16:23:08,968 -  - INFO - PARSED: 25 POSITIVE: 0.1725171427661487
2019-12-30 16:23:09,099 -  - INFO - PARSED: 26 POSITIVE: 0.351787823671016
2019-12-30 16:23:09,113 -  - INFO - PARSE ERROR: 27
2019-12-30 16:23:09,236 -  - INFO - PARSED: 28 POSITIVE: 0.3268664824460954
2019-12-30 16:23:09,247 -  - INFO - PARSE ERROR: 29
2019-12-30 16:23:09,372 -  - INFO - PARSED: 30 POSITIVE: 0.02325535404207857
2019-12-30 16:23:09,386 -  - INFO - PARSE ERROR: 31
2019-12-30 16:23:09,511 -  - INFO - PARSED: 32 POSITIVE: 0.0003732661347236599
2019-12-30 16:23:09,528 -  - INFO - PARSE ERROR: 33
2019-12-30 16:23:09,654 -  - INFO - PARSED: 34 POSITIVE: 0.11144939846875046
2019-12-30 16:23:09,667 -  - INFO - PARSE ERROR: 35
2019-12-30 16:23:09,791 -  - INFO - PARSED: 36 POSITIVE: 0.01102580432703082
2019-12-30 16:23:09,912 -  - INFO - PARSED: 37 POSITIVE: 0.03838289632756653
2019-12-30 16:23:09,925 -  - INFO - PARSE ERROR: 38
2019-12-30 16:23:10,060 -  - INFO - PARSED: 39 POSITIVE: 0.007373677441940063
2019-12-30 16:23:10,076 -  - INFO - PARSE ERROR: 40
2019-12-30 16:23:10,209 -  - INFO - PARSED: 41 POSITIVE: 0.9604151336000175
2019-12-30 16:23:10,224 -  - INFO - PARSE ERROR: 42
2019-12-30 16:23:10,377 -  - INFO - PARSED: 43 POSITIVE: 0.0021778819308471142
2019-12-30 16:23:10,392 -  - INFO - PARSE ERROR: 44
2019-12-30 16:23:10,514 -  - INFO - PARSED: 45 POSITIVE: 0.024377752499918026
2019-12-30 16:23:10,526 -  - INFO - PARSE ERROR: 46
2019-12-30 16:23:10,677 -  - INFO - PARSED: 47 POSITIVE: 0.0001619550754489163
2019-12-30 16:23:10,986 -  - INFO - TOPIC: #喝康师傅饮品看番茄台跨年# FETCHED TIME-USED: 7.597407102584839
2019-12-30 16:23:11,241 -  - INFO - REACH WEIBO
2019-12-30 16:23:12,441 -  - INFO - SEARCHED TOPIC: #当袁隆平被问帅不帅#
2019-12-30 16:23:12,441 -  - INFO - SCROLLING: 0 WAIT: 0.1
2019-12-30 16:23:12,547 -  - INFO - SCROLLING: 1 WAIT: 0.1
2019-12-30 16:23:12,654 -  - INFO - SCROLLING: 2 WAIT: 0.1
2019-12-30 16:23:12,763 -  - INFO - SCROLLING: 3 WAIT: 0.1
2019-12-30 16:23:12,911 -  - INFO - SCROLLING: 4 WAIT: 0.1
2019-12-30 16:23:13,017 -  - INFO - SCROLLING: 5 WAIT: 0.1
2019-12-30 16:23:13,124 -  - INFO - SCROLLING: 6 WAIT: 0.1
2019-12-30 16:23:13,241 -  - INFO - SCROLLING: 7 WAIT: 0.1
2019-12-30 16:23:13,351 -  - INFO - SCROLLING: 8 WAIT: 0.1
2019-12-30 16:23:13,460 -  - INFO - SCROLLING: 9 WAIT: 0.1
2019-12-30 16:23:14,607 -  - INFO - WEIBO CARDS FOUND
2019-12-30 16:23:14,630 -  - INFO - PARSE ERROR: 0
2019-12-30 16:23:14,774 -  - INFO - PARSED: 1 POSITIVE: 0.9989363273618802
2019-12-30 16:23:14,896 -  - INFO - PARSED: 2 POSITIVE: 0.9983657383001534
2019-12-30 16:23:15,040 -  - INFO - PARSED: 3 POSITIVE: 0.9999999750247635
2019-12-30 16:23:15,169 -  - INFO - PARSED: 4 POSITIVE: 0.9988485598037277
2019-12-30 16:23:15,277 -  - INFO - PARSED: 5 POSITIVE: 0.9988485598037277
2019-12-30 16:23:15,291 -  - INFO - PARSE ERROR: 6
2019-12-30 16:23:15,304 -  - INFO - PARSE ERROR: 7
2019-12-30 16:23:15,317 -  - INFO - PARSE ERROR: 8
2019-12-30 16:23:15,330 -  - INFO - PARSE ERROR: 9
2019-12-30 16:23:15,343 -  - INFO - PARSE ERROR: 10
2019-12-30 16:23:15,355 -  - INFO - PARSE ERROR: 11
2019-12-30 16:23:15,368 -  - INFO - PARSE ERROR: 12
2019-12-30 16:23:15,380 -  - INFO - PARSE ERROR: 13
2019-12-30 16:23:15,510 -  - INFO - PARSED: 14 POSITIVE: 0.7904565219046573
2019-12-30 16:23:15,605 -  - INFO - PARSED: 15 POSITIVE: 0.7904565219046573
2019-12-30 16:23:15,728 -  - INFO - PARSED: 16 POSITIVE: 0.9966211706973948
2019-12-30 16:23:15,861 -  - INFO - PARSED: 17 POSITIVE: 0.9997405634537961
2019-12-30 16:23:16,000 -  - INFO - PARSED: 18 POSITIVE: 0.25121502693080544
2019-12-30 16:23:16,119 -  - INFO - PARSED: 19 POSITIVE: 0.9380717075609363
2019-12-30 16:23:16,236 -  - INFO - PARSED: 20 POSITIVE: 0.757192631600501
2019-12-30 16:23:16,364 -  - INFO - PARSED: 21 POSITIVE: 0.9941872373651836
2019-12-30 16:23:16,377 -  - INFO - PARSE ERROR: 22
2019-12-30 16:23:16,519 -  - INFO - PARSED: 23 POSITIVE: 0.9999891073044368
2019-12-30 16:23:16,532 -  - INFO - PARSE ERROR: 24
2019-12-30 16:23:16,546 -  - INFO - PARSE ERROR: 25
2019-12-30 16:23:16,561 -  - INFO - PARSE ERROR: 26
2019-12-30 16:23:16,707 -  - INFO - PARSED: 27 POSITIVE: 0.9999999991410466
2019-12-30 16:23:16,833 -  - INFO - PARSED: 28 POSITIVE: 0.8340313684764687
2019-12-30 16:23:16,972 -  - INFO - PARSED: 29 POSITIVE: 0.9999894842222589
2019-12-30 16:23:17,098 -  - INFO - PARSED: 30 POSITIVE: 0.3509511415272011
2019-12-30 16:23:17,216 -  - INFO - PARSED: 31 POSITIVE: 0.9773110709753332
2019-12-30 16:23:17,229 -  - INFO - PARSE ERROR: 32
2019-12-30 16:23:17,339 -  - INFO - PARSED: 33 POSITIVE: 0.9150267435768873
2019-12-30 16:23:17,461 -  - INFO - PARSED: 34 POSITIVE: 0.9582000850996998
2019-12-30 16:23:17,586 -  - INFO - PARSED: 35 POSITIVE: 0.9999999430563177
2019-12-30 16:23:17,715 -  - INFO - PARSED: 36 POSITIVE: 0.9999814415340172
2019-12-30 16:23:17,856 -  - INFO - PARSED: 37 POSITIVE: 0.9824616852504391
2019-12-30 16:23:17,980 -  - INFO - PARSED: 38 POSITIVE: 0.9910498877027872
2019-12-30 16:23:18,123 -  - INFO - PARSED: 39 POSITIVE: 0.9999999857822877
2019-12-30 16:23:18,243 -  - INFO - PARSED: 40 POSITIVE: 0.9999886324098128
2019-12-30 16:23:18,399 -  - INFO - PARSED: 41 POSITIVE: 0.9999939045264042
2019-12-30 16:23:18,534 -  - INFO - PARSED: 42 POSITIVE: 0.9999995125956984
2019-12-30 16:23:18,669 -  - INFO - PARSED: 43 POSITIVE: 0.9999999942613866
2019-12-30 16:23:18,797 -  - INFO - PARSED: 44 POSITIVE: 0.760695114194293
2019-12-30 16:23:18,931 -  - INFO - PARSED: 45 POSITIVE: 0.9999999997417328
2019-12-30 16:23:19,063 -  - INFO - PARSED: 46 POSITIVE: 0.9983657383001534
2019-12-30 16:23:19,193 -  - INFO - PARSED: 47 POSITIVE: 0.9750537676586877
2019-12-30 16:23:19,335 -  - INFO - PARSED: 48 POSITIVE: 0.9981203598990815
2019-12-30 16:23:19,468 -  - INFO - PARSED: 49 POSITIVE: 0.9979227161477372
2019-12-30 16:23:19,618 -  - INFO - PARSED: 50 POSITIVE: 0.9999999991207991
2019-12-30 16:23:19,760 -  - INFO - PARSED: 51 POSITIVE: 0.9999999255120602
2019-12-30 16:23:19,926 -  - INFO - PARSED: 52 POSITIVE: 0.9999987541768862
2019-12-30 16:23:20,070 -  - INFO - PARSED: 53 POSITIVE: 0.999992158785661
2019-12-30 16:23:20,199 -  - INFO - PARSED: 54 POSITIVE: 0.999993616974069
2019-12-30 16:23:20,326 -  - INFO - PARSED: 55 POSITIVE: 0.9999729497633802
2019-12-30 16:23:20,446 -  - INFO - PARSED: 56 POSITIVE: 0.4357595237430508
2019-12-30 16:23:20,924 -  - INFO - TOPIC: #当袁隆平被问帅不帅# FETCHED TIME-USED: 9.886962175369263
2019-12-30 16:23:21,146 -  - INFO - REACH WEIBO
2019-12-30 16:23:22,422 -  - INFO - SEARCHED TOPIC: #遇害医生同事回应家属疑问#
2019-12-30 16:23:22,422 -  - INFO - SCROLLING: 0 WAIT: 0.1
2019-12-30 16:23:22,530 -  - INFO - SCROLLING: 1 WAIT: 0.1
2019-12-30 16:23:22,637 -  - INFO - SCROLLING: 2 WAIT: 0.1
2019-12-30 16:23:22,746 -  - INFO - SCROLLING: 3 WAIT: 0.1
2019-12-30 16:23:22,857 -  - INFO - SCROLLING: 4 WAIT: 0.1
2019-12-30 16:23:22,965 -  - INFO - SCROLLING: 5 WAIT: 0.1
2019-12-30 16:23:23,073 -  - INFO - SCROLLING: 6 WAIT: 0.1
2019-12-30 16:23:23,192 -  - INFO - SCROLLING: 7 WAIT: 0.1
2019-12-30 16:23:23,297 -  - INFO - SCROLLING: 8 WAIT: 0.1
2019-12-30 16:23:23,482 -  - INFO - SCROLLING: 9 WAIT: 0.1
2019-12-30 16:23:24,608 -  - INFO - WEIBO CARDS FOUND
2019-12-30 16:23:24,630 -  - INFO - PARSE ERROR: 0
2019-12-30 16:23:24,794 -  - INFO - PARSED: 1 POSITIVE: 0.9160124850442025
2019-12-30 16:23:24,947 -  - INFO - PARSED: 2 POSITIVE: 0.9997266815585086
2019-12-30 16:23:25,096 -  - INFO - PARSED: 3 POSITIVE: 0.9993032653848728
2019-12-30 16:23:25,209 -  - INFO - PARSED: 4 POSITIVE: 0.9993032653848728
2019-12-30 16:23:25,224 -  - INFO - PARSE ERROR: 5
2019-12-30 16:23:25,365 -  - INFO - PARSED: 6 POSITIVE: 0.600170147013268
2019-12-30 16:23:25,378 -  - INFO - PARSE ERROR: 7
2019-12-30 16:23:25,497 -  - INFO - PARSED: 8 POSITIVE: 0.600170147013268
2019-12-30 16:23:25,643 -  - INFO - PARSED: 9 POSITIVE: 0.9984817282334713
2019-12-30 16:23:25,657 -  - INFO - PARSE ERROR: 10
2019-12-30 16:23:25,670 -  - INFO - PARSE ERROR: 11
2019-12-30 16:23:25,684 -  - INFO - PARSE ERROR: 12
2019-12-30 16:23:25,696 -  - INFO - PARSE ERROR: 13
2019-12-30 16:23:25,709 -  - INFO - PARSE ERROR: 14
2019-12-30 16:23:25,722 -  - INFO - PARSE ERROR: 15
2019-12-30 16:23:25,736 -  - INFO - PARSE ERROR: 16
2019-12-30 16:23:25,749 -  - INFO - PARSE ERROR: 17
2019-12-30 16:23:25,906 -  - INFO - PARSED: 18 POSITIVE: 0.9998945262755505
2019-12-30 16:23:26,032 -  - INFO - PARSED: 19 POSITIVE: 0.9998945262755505
2019-12-30 16:23:26,153 -  - INFO - PARSED: 20 POSITIVE: 0.02946991793339193
2019-12-30 16:23:26,301 -  - INFO - PARSED: 21 POSITIVE: 0.999999999683008
2019-12-30 16:23:26,474 -  - INFO - PARSED: 22 POSITIVE: 0.702143542326286
2019-12-30 16:23:26,618 -  - INFO - PARSED: 23 POSITIVE: 0.00246478491859059
2019-12-30 16:23:26,742 -  - INFO - PARSED: 24 POSITIVE: 0.045367116713417865
2019-12-30 16:23:26,884 -  - INFO - PARSED: 25 POSITIVE: 0.042089469410971025
2019-12-30 16:23:27,012 -  - INFO - PARSED: 26 POSITIVE: 0.544585907417355
2019-12-30 16:23:27,144 -  - INFO - PARSED: 27 POSITIVE: 0.00011180382307884873
2019-12-30 16:23:27,282 -  - INFO - PARSED: 28 POSITIVE: 0.0019840619408312277
2019-12-30 16:23:27,295 -  - INFO - PARSE ERROR: 29
2019-12-30 16:23:27,308 -  - INFO - PARSE ERROR: 30
2019-12-30 16:23:27,321 -  - INFO - PARSE ERROR: 31
2019-12-30 16:23:27,457 -  - INFO - PARSED: 32 POSITIVE: 0.019486704334474303
2019-12-30 16:23:27,591 -  - INFO - PARSED: 33 POSITIVE: 0.9999904332035349
2019-12-30 16:23:27,721 -  - INFO - PARSED: 34 POSITIVE: 0.9808641253566114
2019-12-30 16:23:27,870 -  - INFO - PARSED: 35 POSITIVE: 0.14089182727365102
2019-12-30 16:23:28,001 -  - INFO - PARSED: 36 POSITIVE: 0.213596621422807
2019-12-30 16:23:28,143 -  - INFO - PARSED: 37 POSITIVE: 0.7483060198912618
2019-12-30 16:23:28,340 -  - INFO - PARSED: 38 POSITIVE: 0.0001402653299871215
2019-12-30 16:23:28,486 -  - INFO - PARSED: 39 POSITIVE: 0.9997266815585086
2019-12-30 16:23:28,635 -  - INFO - PARSED: 40 POSITIVE: 0.9160124850442025
2019-12-30 16:23:28,786 -  - INFO - PARSED: 41 POSITIVE: 0.25918457222479785
2019-12-30 16:23:28,914 -  - INFO - PARSED: 42 POSITIVE: 0.9835610538807388
2019-12-30 16:23:29,061 -  - INFO - PARSED: 43 POSITIVE: 0.03954923039544911
2019-12-30 16:23:29,199 -  - INFO - PARSED: 44 POSITIVE: 0.8548133143433574
2019-12-30 16:23:29,326 -  - INFO - PARSED: 45 POSITIVE: 0.34704586033201357
2019-12-30 16:23:29,450 -  - INFO - PARSED: 46 POSITIVE: 0.6666239494270503
2019-12-30 16:23:29,576 -  - INFO - PARSED: 47 POSITIVE: 0.13761701339982813
2019-12-30 16:23:29,724 -  - INFO - PARSED: 48 POSITIVE: 0.9999372619174602
2019-12-30 16:23:29,873 -  - INFO - PARSED: 49 POSITIVE: 0.0606072747482338
2019-12-30 16:23:30,017 -  - INFO - PARSED: 50 POSITIVE: 0.030039626488862048
2019-12-30 16:23:30,137 -  - INFO - PARSED: 51 POSITIVE: 0.8814800162158747
2019-12-30 16:23:30,296 -  - INFO - PARSED: 52 POSITIVE: 0.9999933322650606
2019-12-30 16:23:30,475 -  - INFO - PARSED: 53 POSITIVE: 0.9771432298134687
2019-12-30 16:23:30,652 -  - INFO - PARSED: 54 POSITIVE: 0.0312479697360174
2019-12-30 16:23:30,814 -  - INFO - PARSED: 55 POSITIVE: 6.78907893522096e-05
2019-12-30 16:23:30,968 -  - INFO - PARSED: 56 POSITIVE: 0.0009093293485861187
2019-12-30 16:23:31,108 -  - INFO - PARSED: 57 POSITIVE: 0.030512969008647972
2019-12-30 16:23:31,122 -  - INFO - PARSE ERROR: 58
2019-12-30 16:23:31,264 -  - INFO - PARSED: 59 POSITIVE: 0.06671659921963502
2019-12-30 16:23:31,408 -  - INFO - PARSED: 60 POSITIVE: 0.7177624700711684
2019-12-30 16:23:31,542 -  - INFO - PARSED: 61 POSITIVE: 2.501217946215828e-05
2019-12-30 16:23:31,671 -  - INFO - PARSED: 62 POSITIVE: 0.3597429396660021
2019-12-30 16:23:32,000 -  - INFO - TOPIC: #遇害医生同事回应家属疑问# FETCHED TIME-USED: 11.036299228668213
2019-12-30 16:23:32,268 -  - INFO - REACH WEIBO
2019-12-30 16:23:33,618 -  - INFO - SEARCHED TOPIC: #黄子韬带韬斯曼上跨年#
2019-12-30 16:23:33,618 -  - INFO - SCROLLING: 0 WAIT: 0.1
2019-12-30 16:23:33,734 -  - INFO - SCROLLING: 1 WAIT: 0.1
2019-12-30 16:23:33,839 -  - INFO - SCROLLING: 2 WAIT: 0.1
2019-12-30 16:23:33,944 -  - INFO - SCROLLING: 3 WAIT: 0.1
2019-12-30 16:23:34,060 -  - INFO - SCROLLING: 4 WAIT: 0.1
2019-12-30 16:23:34,209 -  - INFO - SCROLLING: 5 WAIT: 0.1
2019-12-30 16:23:34,318 -  - INFO - SCROLLING: 6 WAIT: 0.1
2019-12-30 16:23:34,428 -  - INFO - SCROLLING: 7 WAIT: 0.1
2019-12-30 16:23:34,540 -  - INFO - SCROLLING: 8 WAIT: 0.1
2019-12-30 16:23:34,714 -  - INFO - SCROLLING: 9 WAIT: 0.1
2019-12-30 16:23:35,833 -  - INFO - WEIBO CARDS FOUND
2019-12-30 16:23:35,972 -  - INFO - PARSED: 0 POSITIVE: 0.128253303053812
2019-12-30 16:23:36,106 -  - INFO - PARSED: 1 POSITIVE: 0.10388686620270227
2019-12-30 16:23:36,248 -  - INFO - PARSED: 2 POSITIVE: 0.3049217638269638
2019-12-30 16:23:36,391 -  - INFO - PARSED: 3 POSITIVE: 0.010074112558589476
2019-12-30 16:23:36,507 -  - INFO - PARSED: 4 POSITIVE: 0.010074112558589476
2019-12-30 16:23:36,520 -  - INFO - PARSE ERROR: 5
2019-12-30 16:23:36,533 -  - INFO - PARSE ERROR: 6
2019-12-30 16:23:36,544 -  - INFO - PARSE ERROR: 7
2019-12-30 16:23:36,558 -  - INFO - PARSE ERROR: 8
2019-12-30 16:23:36,569 -  - INFO - PARSE ERROR: 9
2019-12-30 16:23:36,580 -  - INFO - PARSE ERROR: 10
2019-12-30 16:23:36,592 -  - INFO - PARSE ERROR: 11
2019-12-30 16:23:36,602 -  - INFO - PARSE ERROR: 12
2019-12-30 16:23:36,613 -  - INFO - PARSE ERROR: 13
2019-12-30 16:23:36,626 -  - INFO - PARSE ERROR: 14
2019-12-30 16:23:36,639 -  - INFO - PARSE ERROR: 15
2019-12-30 16:23:36,765 -  - INFO - PARSED: 16 POSITIVE: 0.9956754316261204
2019-12-30 16:23:36,873 -  - INFO - PARSED: 17 POSITIVE: 0.9956754316261204
2019-12-30 16:23:36,886 -  - INFO - PARSE ERROR: 18
2019-12-30 16:23:37,010 -  - INFO - PARSED: 19 POSITIVE: 0.04347009931959667
2019-12-30 16:23:37,156 -  - INFO - PARSED: 20 POSITIVE: 0.002452319270225378
2019-12-30 16:23:37,298 -  - INFO - PARSED: 21 POSITIVE: 0.0224518392264913
2019-12-30 16:23:37,424 -  - INFO - PARSED: 22 POSITIVE: 0.9482256228534164
2019-12-30 16:23:37,559 -  - INFO - PARSED: 23 POSITIVE: 0.9994312287167222
2019-12-30 16:23:37,680 -  - INFO - PARSED: 24 POSITIVE: 0.07463175778469133
2019-12-30 16:23:37,816 -  - INFO - PARSED: 25 POSITIVE: 0.22399094950483112
2019-12-30 16:23:37,935 -  - INFO - PARSED: 26 POSITIVE: 0.345457136889769
2019-12-30 16:23:38,066 -  - INFO - PARSED: 27 POSITIVE: 0.08093057442319973
2019-12-30 16:23:38,206 -  - INFO - PARSED: 28 POSITIVE: 0.999068199446388
2019-12-30 16:23:38,377 -  - INFO - PARSED: 29 POSITIVE: 0.8046778990122898
2019-12-30 16:23:38,529 -  - INFO - PARSED: 30 POSITIVE: 0.2043728626509107
2019-12-30 16:23:38,855 -  - INFO - PARSED: 31 POSITIVE: 0.4295102410759002
2019-12-30 16:23:38,995 -  - INFO - PARSED: 32 POSITIVE: 0.9993195846322347
2019-12-30 16:23:39,130 -  - INFO - PARSED: 33 POSITIVE: 0.10623654319349896
2019-12-30 16:23:39,260 -  - INFO - PARSED: 34 POSITIVE: 0.128253303053812
2019-12-30 16:23:39,396 -  - INFO - PARSED: 35 POSITIVE: 0.3432032967618063
2019-12-30 16:23:39,543 -  - INFO - PARSED: 36 POSITIVE: 0.9999616739567789
2019-12-30 16:23:39,682 -  - INFO - PARSED: 37 POSITIVE: 0.6496361448875746
2019-12-30 16:23:39,818 -  - INFO - PARSED: 38 POSITIVE: 0.0031051434063283923
2019-12-30 16:23:39,959 -  - INFO - PARSED: 39 POSITIVE: 0.9495174717922357
2019-12-30 16:23:40,110 -  - INFO - PARSED: 40 POSITIVE: 0.00045317234796493633
2019-12-30 16:23:40,243 -  - INFO - PARSED: 41 POSITIVE: 0.008227860017193
2019-12-30 16:23:40,387 -  - INFO - PARSED: 42 POSITIVE: 0.9994355708128422
2019-12-30 16:23:40,535 -  - INFO - PARSED: 43 POSITIVE: 0.9662330842475164
2019-12-30 16:23:40,665 -  - INFO - PARSED: 44 POSITIVE: 0.24156266930343306
2019-12-30 16:23:40,810 -  - INFO - PARSED: 45 POSITIVE: 0.976723126878648
2019-12-30 16:23:40,945 -  - INFO - PARSED: 46 POSITIVE: 0.45637908240090574
2019-12-30 16:23:41,097 -  - INFO - PARSED: 47 POSITIVE: 0.7853408305563616
2019-12-30 16:23:41,234 -  - INFO - PARSED: 48 POSITIVE: 0.27989432976815953
2019-12-30 16:23:41,377 -  - INFO - PARSED: 49 POSITIVE: 0.7266432937734272
2019-12-30 16:23:41,511 -  - INFO - PARSED: 50 POSITIVE: 0.9073806277961358
2019-12-30 16:23:41,646 -  - INFO - PARSED: 51 POSITIVE: 0.038075709861287166
2019-12-30 16:23:41,793 -  - INFO - PARSED: 52 POSITIVE: 0.10388686620270227
2019-12-30 16:23:41,934 -  - INFO - PARSED: 53 POSITIVE: 0.100720174049854
2019-12-30 16:23:42,076 -  - INFO - PARSED: 54 POSITIVE: 0.00058743527792815
2019-12-30 16:23:42,245 -  - INFO - PARSED: 55 POSITIVE: 0.042714491901012175
2019-12-30 16:23:42,378 -  - INFO - PARSED: 56 POSITIVE: 0.8422377811489118
2019-12-30 16:23:42,720 -  - INFO - TOPIC: #黄子韬带韬斯曼上跨年# FETCHED TIME-USED: 10.676960229873657
2019-12-30 16:23:42,953 -  - INFO - REACH WEIBO
2019-12-30 16:23:44,220 -  - INFO - SEARCHED TOPIC: #操场埋尸案校长被判15年#
2019-12-30 16:23:44,220 -  - INFO - SCROLLING: 0 WAIT: 0.1
2019-12-30 16:23:44,328 -  - INFO - SCROLLING: 1 WAIT: 0.1
2019-12-30 16:23:44,453 -  - INFO - SCROLLING: 2 WAIT: 0.1
2019-12-30 16:23:44,561 -  - INFO - SCROLLING: 3 WAIT: 0.1
2019-12-30 16:23:44,754 -  - INFO - SCROLLING: 4 WAIT: 0.1
2019-12-30 16:23:44,864 -  - INFO - SCROLLING: 5 WAIT: 0.1
2019-12-30 16:23:44,970 -  - INFO - SCROLLING: 6 WAIT: 0.1
2019-12-30 16:23:45,093 -  - INFO - SCROLLING: 7 WAIT: 0.1
2019-12-30 16:23:45,199 -  - INFO - SCROLLING: 8 WAIT: 0.1
2019-12-30 16:23:45,310 -  - INFO - SCROLLING: 9 WAIT: 0.1
2019-12-30 16:23:46,438 -  - INFO - WEIBO CARDS FOUND
2019-12-30 16:23:46,457 -  - INFO - PARSE ERROR: 0
2019-12-30 16:23:46,631 -  - INFO - PARSED: 1 POSITIVE: 0.998803707741991
2019-12-30 16:23:46,767 -  - INFO - PARSED: 2 POSITIVE: 0.9982873057724505
2019-12-30 16:23:46,889 -  - INFO - PARSED: 3 POSITIVE: 0.9273780740529297
2019-12-30 16:23:47,050 -  - INFO - PARSED: 4 POSITIVE: 0.9739569288665988
2019-12-30 16:23:47,194 -  - INFO - PARSED: 5 POSITIVE: 0.9999721785821196
2019-12-30 16:23:47,306 -  - INFO - PARSED: 6 POSITIVE: 0.9999721785821196
2019-12-30 16:23:47,318 -  - INFO - PARSE ERROR: 7
2019-12-30 16:23:47,466 -  - INFO - PARSED: 8 POSITIVE: 0.9999995986294564
2019-12-30 16:23:47,479 -  - INFO - PARSE ERROR: 9
2019-12-30 16:23:47,606 -  - INFO - PARSED: 10 POSITIVE: 0.9999995986294564
2019-12-30 16:23:47,746 -  - INFO - PARSED: 11 POSITIVE: 0.9999999999999989
2019-12-30 16:23:47,758 -  - INFO - PARSE ERROR: 12
2019-12-30 16:23:47,769 -  - INFO - PARSE ERROR: 13
2019-12-30 16:23:47,782 -  - INFO - PARSE ERROR: 14
2019-12-30 16:23:47,793 -  - INFO - PARSE ERROR: 15
2019-12-30 16:23:47,805 -  - INFO - PARSE ERROR: 16
2019-12-30 16:23:47,815 -  - INFO - PARSE ERROR: 17
2019-12-30 16:23:47,828 -  - INFO - PARSE ERROR: 18
2019-12-30 16:23:47,841 -  - INFO - PARSE ERROR: 19
2019-12-30 16:23:47,974 -  - INFO - PARSED: 20 POSITIVE: 0.03672326592657138
2019-12-30 16:23:48,066 -  - INFO - PARSED: 21 POSITIVE: 0.03672326592657138
2019-12-30 16:23:48,204 -  - INFO - PARSED: 22 POSITIVE: 0.6142156789118224
2019-12-30 16:23:48,318 -  - INFO - PARSED: 23 POSITIVE: 0.04103211110975458
2019-12-30 16:23:48,440 -  - INFO - PARSED: 24 POSITIVE: 0.637557226874666
2019-12-30 16:23:48,582 -  - INFO - PARSED: 25 POSITIVE: 0.99950700579507
2019-12-30 16:23:48,736 -  - INFO - PARSED: 26 POSITIVE: 0.35535968007373553
2019-12-30 16:23:48,749 -  - INFO - PARSE ERROR: 27
2019-12-30 16:23:48,924 -  - INFO - PARSED: 28 POSITIVE: 0.7824144763697822
2019-12-30 16:23:49,073 -  - INFO - PARSED: 29 POSITIVE: 0.9587395724875717
2019-12-30 16:23:49,198 -  - INFO - PARSED: 30 POSITIVE: 0.99798862815165
2019-12-30 16:23:49,334 -  - INFO - PARSED: 31 POSITIVE: 0.9438445976712886
2019-12-30 16:23:49,458 -  - INFO - PARSED: 32 POSITIVE: 0.9951128483557837
2019-12-30 16:23:49,598 -  - INFO - PARSED: 33 POSITIVE: 0.9999872815729279
2019-12-30 16:23:49,770 -  - INFO - PARSED: 34 POSITIVE: 0.9848919845079794
2019-12-30 16:23:49,924 -  - INFO - PARSED: 35 POSITIVE: 0.9596571572254914
2019-12-30 16:23:50,085 -  - INFO - PARSED: 36 POSITIVE: 0.9739631187687562
2019-12-30 16:23:50,217 -  - INFO - PARSED: 37 POSITIVE: 0.5818651235875888
2019-12-30 16:23:50,367 -  - INFO - PARSED: 38 POSITIVE: 4.070447225612561e-05
2019-12-30 16:23:50,523 -  - INFO - PARSED: 39 POSITIVE: 0.9999999613290228
2019-12-30 16:23:50,705 -  - INFO - PARSED: 40 POSITIVE: 0.9999999894263766
2019-12-30 16:23:50,865 -  - INFO - PARSED: 41 POSITIVE: 0.998803707741991
2019-12-30 16:23:50,996 -  - INFO - PARSED: 42 POSITIVE: 0.9999250043158672
2019-12-30 16:23:51,150 -  - INFO - PARSED: 43 POSITIVE: 0.9994286526240038
2019-12-30 16:23:51,315 -  - INFO - PARSED: 44 POSITIVE: 0.9926602439977803
2019-12-30 16:23:51,440 -  - INFO - PARSED: 45 POSITIVE: 0.8240044202817235
2019-12-30 16:23:51,579 -  - INFO - PARSED: 46 POSITIVE: 0.368374180793164
2019-12-30 16:23:51,711 -  - INFO - PARSED: 47 POSITIVE: 0.9992150659075714
2019-12-30 16:23:51,856 -  - INFO - PARSED: 48 POSITIVE: 0.9273780740529297
2019-12-30 16:23:52,006 -  - INFO - PARSED: 49 POSITIVE: 0.9869091404485576
2019-12-30 16:23:52,170 -  - INFO - PARSED: 50 POSITIVE: 0.9999999997394804
2019-12-30 16:23:52,329 -  - INFO - PARSED: 51 POSITIVE: 0.9999999999999989
2019-12-30 16:23:52,513 -  - INFO - PARSED: 52 POSITIVE: 0.9999989789712944
2019-12-30 16:23:52,646 -  - INFO - PARSED: 53 POSITIVE: 0.8766661268933773
2019-12-30 16:23:52,764 -  - INFO - PARSED: 54 POSITIVE: 0.9999917464484409
2019-12-30 16:23:52,900 -  - INFO - PARSED: 55 POSITIVE: 0.008619993973766782
2019-12-30 16:23:53,051 -  - INFO - PARSED: 56 POSITIVE: 0.9999997536858347
2019-12-30 16:23:53,171 -  - INFO - PARSED: 57 POSITIVE: 0.30262337655735405
2019-12-30 16:23:53,324 -  - INFO - PARSED: 58 POSITIVE: 0.7899149472898247
2019-12-30 16:23:53,592 -  - INFO - TOPIC: #操场埋尸案校长被判15年# FETCHED TIME-USED: 10.817105770111084
2019-12-30 16:23:53,880 -  - INFO - REACH WEIBO
2019-12-30 16:23:55,142 -  - INFO - SEARCHED TOPIC: #刘涛 懵#
2019-12-30 16:23:55,142 -  - INFO - SCROLLING: 0 WAIT: 0.1
2019-12-30 16:23:55,288 -  - INFO - SCROLLING: 1 WAIT: 0.1
2019-12-30 16:23:55,393 -  - INFO - SCROLLING: 2 WAIT: 0.1
2019-12-30 16:23:55,518 -  - INFO - SCROLLING: 3 WAIT: 0.1
2019-12-30 16:23:55,625 -  - INFO - SCROLLING: 4 WAIT: 0.1
2019-12-30 16:23:55,731 -  - INFO - SCROLLING: 5 WAIT: 0.1
2019-12-30 16:23:55,841 -  - INFO - SCROLLING: 6 WAIT: 0.1
2019-12-30 16:23:55,947 -  - INFO - SCROLLING: 7 WAIT: 0.1
2019-12-30 16:23:56,059 -  - INFO - SCROLLING: 8 WAIT: 0.1
2019-12-30 16:23:56,169 -  - INFO - SCROLLING: 9 WAIT: 0.1
2019-12-30 16:23:57,316 -  - INFO - WEIBO CARDS FOUND
2019-12-30 16:23:57,490 -  - INFO - PARSED: 0 POSITIVE: 0.35991979574455113
2019-12-30 16:23:57,635 -  - INFO - PARSED: 1 POSITIVE: 0.8519503408463576
2019-12-30 16:23:57,767 -  - INFO - PARSED: 2 POSITIVE: 0.9940127197697534
2019-12-30 16:23:57,869 -  - INFO - PARSED: 3 POSITIVE: 0.9940127197697534
2019-12-30 16:23:57,881 -  - INFO - PARSE ERROR: 4
2019-12-30 16:23:58,027 -  - INFO - PARSED: 5 POSITIVE: 1.0
2019-12-30 16:23:58,040 -  - INFO - PARSE ERROR: 6
2019-12-30 16:23:58,156 -  - INFO - PARSED: 7 POSITIVE: 1.0
2019-12-30 16:23:58,169 -  - INFO - PARSE ERROR: 8
2019-12-30 16:23:58,179 -  - INFO - PARSE ERROR: 9
2019-12-30 16:23:58,191 -  - INFO - PARSE ERROR: 10
2019-12-30 16:23:58,202 -  - INFO - PARSE ERROR: 11
2019-12-30 16:23:58,214 -  - INFO - PARSE ERROR: 12
2019-12-30 16:23:58,224 -  - INFO - PARSE ERROR: 13
2019-12-30 16:23:58,235 -  - INFO - PARSE ERROR: 14
2019-12-30 16:23:58,248 -  - INFO - PARSE ERROR: 15
2019-12-30 16:23:58,258 -  - INFO - PARSE ERROR: 16
2019-12-30 16:23:58,270 -  - INFO - PARSE ERROR: 17
2019-12-30 16:23:58,401 -  - INFO - PARSED: 18 POSITIVE: 0.014781821072137324
2019-12-30 16:23:58,505 -  - INFO - PARSED: 19 POSITIVE: 0.014781821072137324
2019-12-30 16:23:58,643 -  - INFO - PARSED: 20 POSITIVE: 0.9996643086775991
2019-12-30 16:23:58,771 -  - INFO - PARSED: 21 POSITIVE: 1.2384383057062465e-05
2019-12-30 16:23:58,905 -  - INFO - PARSED: 22 POSITIVE: 0.9746505694211263
2019-12-30 16:23:59,057 -  - INFO - PARSED: 23 POSITIVE: 0.7138808396621344
2019-12-30 16:23:59,187 -  - INFO - PARSED: 24 POSITIVE: 0.7406712178209579
2019-12-30 16:23:59,331 -  - INFO - PARSED: 25 POSITIVE: 0.7771576456970273
2019-12-30 16:23:59,455 -  - INFO - PARSED: 26 POSITIVE: 0.7113375039609603
2019-12-30 16:23:59,586 -  - INFO - PARSED: 27 POSITIVE: 0.6797487427504374
2019-12-30 16:23:59,719 -  - INFO - PARSED: 28 POSITIVE: 0.48005539137773956
2019-12-30 16:23:59,847 -  - INFO - PARSED: 29 POSITIVE: 0.8327865284352961
2019-12-30 16:23:59,976 -  - INFO - PARSED: 30 POSITIVE: 0.8126070948832937
2019-12-30 16:24:00,117 -  - INFO - PARSED: 31 POSITIVE: 0.6841473143040068
2019-12-30 16:24:00,264 -  - INFO - PARSED: 32 POSITIVE: 0.9994702773372817
2019-12-30 16:24:00,432 -  - INFO - PARSED: 33 POSITIVE: 0.8329240324414029
2019-12-30 16:24:00,577 -  - INFO - PARSED: 34 POSITIVE: 0.999999783404749
2019-12-30 16:24:00,709 -  - INFO - PARSED: 35 POSITIVE: 0.9494447505450484
2019-12-30 16:24:00,860 -  - INFO - PARSED: 36 POSITIVE: 0.8998319995111791
2019-12-30 16:24:01,047 -  - INFO - PARSED: 37 POSITIVE: 0.9967775064458482
2019-12-30 16:24:01,180 -  - INFO - PARSED: 38 POSITIVE: 0.9967775064458482
2019-12-30 16:24:01,309 -  - INFO - PARSED: 39 POSITIVE: 0.8948363578478776
2019-12-30 16:24:01,435 -  - INFO - PARSED: 40 POSITIVE: 0.9768973550385658
2019-12-30 16:24:01,577 -  - INFO - PARSED: 41 POSITIVE: 0.9930919638238627
2019-12-30 16:24:01,712 -  - INFO - PARSED: 42 POSITIVE: 0.6410206732245279
2019-12-30 16:24:01,848 -  - INFO - PARSED: 43 POSITIVE: 0.04149711426125169
2019-12-30 16:24:01,974 -  - INFO - PARSED: 44 POSITIVE: 0.7203125441398304
2019-12-30 16:24:02,097 -  - INFO - PARSED: 45 POSITIVE: 0.8727147529808985
2019-12-30 16:24:02,242 -  - INFO - PARSED: 46 POSITIVE: 0.9999997701701318
2019-12-30 16:24:02,373 -  - INFO - PARSED: 47 POSITIVE: 0.9732698587354007
2019-12-30 16:24:02,566 -  - INFO - PARSED: 48 POSITIVE: 0.9999999998383149
2019-12-30 16:24:02,734 -  - INFO - PARSED: 49 POSITIVE: 0.9925542563642298
2019-12-30 16:24:02,874 -  - INFO - PARSED: 50 POSITIVE: 0.1132118792245187
2019-12-30 16:24:03,032 -  - INFO - PARSED: 51 POSITIVE: 0.8519503408463576
2019-12-30 16:24:03,168 -  - INFO - PARSED: 52 POSITIVE: 0.999733740808228
2019-12-30 16:24:03,306 -  - INFO - PARSED: 53 POSITIVE: 0.7335946620128085
2019-12-30 16:24:03,441 -  - INFO - PARSED: 54 POSITIVE: 0.8812603085513899
2019-12-30 16:24:03,581 -  - INFO - PARSED: 55 POSITIVE: 0.9011665124298618
2019-12-30 16:24:03,721 -  - INFO - PARSED: 56 POSITIVE: 0.998904618238405
2019-12-30 16:24:03,858 -  - INFO - PARSED: 57 POSITIVE: 0.28051620842921987
2019-12-30 16:24:04,503 -  - INFO - TOPIC: #刘涛 懵# FETCHED TIME-USED: 10.870893001556396
2019-12-30 16:24:04,809 -  - INFO - REACH WEIBO
