2019-12-29 21:48:12,512 -  - INFO - REACH WEIBO
2019-12-29 21:48:13,912 -  - INFO - REACH WEIBO HOT RANK PAGE
2019-12-29 21:48:14,886 -  - INFO - FETCH HOTLIST WITH LENGTH: 67
2019-12-29 21:48:14,886 -  - INFO - HOT RANK PARSED
2019-12-29 21:48:15,126 -  - INFO - HOT RANK SAVED TO MONGODB
2019-12-29 21:48:15,510 -  - INFO - REACH WEIBO
2019-12-29 21:48:17,288 -  - INFO - SEARCHED TOPIC: #2019年解放军明星装备盘点#
2019-12-29 21:48:17,288 -  - INFO - SCROLLING: 0 WAIT: 0.1
2019-12-29 21:48:17,397 -  - INFO - SCROLLING: 1 WAIT: 0.1
2019-12-29 21:48:17,501 -  - INFO - SCROLLING: 2 WAIT: 0.1
2019-12-29 21:48:17,606 -  - INFO - SCROLLING: 3 WAIT: 0.1
2019-12-29 21:48:17,711 -  - INFO - SCROLLING: 4 WAIT: 0.1
2019-12-29 21:48:17,816 -  - INFO - SCROLLING: 5 WAIT: 0.1
2019-12-29 21:48:17,923 -  - INFO - SCROLLING: 6 WAIT: 0.1
2019-12-29 21:48:18,028 -  - INFO - SCROLLING: 7 WAIT: 0.1
2019-12-29 21:48:18,135 -  - INFO - SCROLLING: 8 WAIT: 0.1
2019-12-29 21:48:18,241 -  - INFO - SCROLLING: 9 WAIT: 0.1
2019-12-29 21:48:19,370 -  - INFO - WEIBO CARDS FOUND
2019-12-29 21:48:19,384 -  - INFO - PARSE ERROR: 0
2019-12-29 21:48:19,527 -  - INFO - PARSED: 1 POSITIVE: 0.9999999811953616
2019-12-29 21:48:20,652 -  - INFO - PARSED: 2 POSITIVE: 0.9999996600336333
2019-12-29 21:48:20,663 -  - INFO - PARSE ERROR: 3
2019-12-29 21:48:20,674 -  - INFO - PARSE ERROR: 4
2019-12-29 21:48:20,684 -  - INFO - PARSE ERROR: 5
2019-12-29 21:48:20,694 -  - INFO - PARSE ERROR: 6
2019-12-29 21:48:20,820 -  - INFO - PARSED: 7 POSITIVE: 0.9993792448497125
2019-12-29 21:48:20,920 -  - INFO - PARSED: 8 POSITIVE: 0.9993792448497125
2019-12-29 21:48:21,046 -  - INFO - PARSED: 9 POSITIVE: 0.8691979077958485
2019-12-29 21:48:21,171 -  - INFO - PARSED: 10 POSITIVE: 0.8691979077958485
2019-12-29 21:48:21,310 -  - INFO - PARSED: 11 POSITIVE: 0.9999999811953616
2019-12-29 21:48:21,444 -  - INFO - PARSED: 12 POSITIVE: 0.9999998432479947
2019-12-29 21:48:21,607 -  - INFO - PARSED: 13 POSITIVE: 0.9999996600336333
2019-12-29 21:48:21,723 -  - INFO - PARSED: 14 POSITIVE: 0.7326582908075425
2019-12-29 21:48:21,852 -  - INFO - PARSED: 15 POSITIVE: 0.9947912891041011
2019-12-29 21:48:22,072 -  - INFO - TOPIC: #2019年解放军明星装备盘点# FETCHED TIME-USED: 6.94419527053833
2019-12-29 21:48:22,402 -  - INFO - REACH WEIBO
2019-12-29 21:48:23,723 -  - INFO - SEARCHED TOPIC: #金希澈收养雪莉的猫#
2019-12-29 21:48:23,724 -  - INFO - SCROLLING: 0 WAIT: 0.1
2019-12-29 21:48:23,867 -  - INFO - SCROLLING: 1 WAIT: 0.1
2019-12-29 21:48:23,973 -  - INFO - SCROLLING: 2 WAIT: 0.1
2019-12-29 21:48:24,080 -  - INFO - SCROLLING: 3 WAIT: 0.1
2019-12-29 21:48:24,213 -  - INFO - SCROLLING: 4 WAIT: 0.1
2019-12-29 21:48:24,322 -  - INFO - SCROLLING: 5 WAIT: 0.1
2019-12-29 21:48:24,428 -  - INFO - SCROLLING: 6 WAIT: 0.1
2019-12-29 21:48:24,539 -  - INFO - SCROLLING: 7 WAIT: 0.1
2019-12-29 21:48:24,649 -  - INFO - SCROLLING: 8 WAIT: 0.1
2019-12-29 21:48:24,761 -  - INFO - SCROLLING: 9 WAIT: 0.1
2019-12-29 21:48:25,981 -  - INFO - WEIBO CARDS FOUND
2019-12-29 21:48:25,995 -  - INFO - PARSE ERROR: 0
2019-12-29 21:48:26,147 -  - INFO - PARSED: 1 POSITIVE: 0.9999999986625709
2019-12-29 21:48:26,274 -  - INFO - PARSED: 2 POSITIVE: 0.9999999004547916
2019-12-29 21:48:26,396 -  - INFO - PARSED: 3 POSITIVE: 0.9999999890757952
2019-12-29 21:48:26,526 -  - INFO - PARSED: 4 POSITIVE: 0.9999955490831643
2019-12-29 21:48:26,640 -  - INFO - PARSED: 5 POSITIVE: 0.9999955490831643
2019-12-29 21:48:26,654 -  - INFO - PARSE ERROR: 6
2019-12-29 21:48:26,668 -  - INFO - PARSE ERROR: 7
2019-12-29 21:48:26,681 -  - INFO - PARSE ERROR: 8
2019-12-29 21:48:26,692 -  - INFO - PARSE ERROR: 9
2019-12-29 21:48:26,707 -  - INFO - PARSE ERROR: 10
2019-12-29 21:48:26,720 -  - INFO - PARSE ERROR: 11
2019-12-29 21:48:26,731 -  - INFO - PARSE ERROR: 12
2019-12-29 21:48:26,744 -  - INFO - PARSE ERROR: 13
2019-12-29 21:48:26,756 -  - INFO - PARSE ERROR: 14
2019-12-29 21:48:26,769 -  - INFO - PARSE ERROR: 15
2019-12-29 21:48:26,783 -  - INFO - PARSE ERROR: 16
2019-12-29 21:48:26,795 -  - INFO - PARSE ERROR: 17
2019-12-29 21:48:26,959 -  - INFO - PARSED: 18 POSITIVE: 0.9999995506499212
2019-12-29 21:48:27,095 -  - INFO - PARSED: 19 POSITIVE: 0.9999995506499212
2019-12-29 21:48:27,221 -  - INFO - PARSED: 20 POSITIVE: 0.9999940922073355
2019-12-29 21:48:27,376 -  - INFO - PARSED: 21 POSITIVE: 0.9999999980738097
2019-12-29 21:48:27,505 -  - INFO - PARSED: 22 POSITIVE: 0.9981132731099756
2019-12-29 21:48:27,641 -  - INFO - PARSED: 23 POSITIVE: 0.9999997546561343
2019-12-29 21:48:27,792 -  - INFO - PARSED: 24 POSITIVE: 0.9999415454813806
2019-12-29 21:48:27,928 -  - INFO - PARSED: 25 POSITIVE: 0.970412039659797
2019-12-29 21:48:28,077 -  - INFO - PARSED: 26 POSITIVE: 0.9999999568123091
2019-12-29 21:48:28,213 -  - INFO - PARSED: 27 POSITIVE: 0.9997369465387242
2019-12-29 21:48:28,365 -  - INFO - PARSED: 28 POSITIVE: 0.9999995295317059
2019-12-29 21:48:28,497 -  - INFO - PARSED: 29 POSITIVE: 0.9943031584303865
2019-12-29 21:48:28,627 -  - INFO - PARSED: 30 POSITIVE: 0.9997048951180256
2019-12-29 21:48:28,756 -  - INFO - PARSED: 31 POSITIVE: 0.9999886130172925
2019-12-29 21:48:28,893 -  - INFO - PARSED: 32 POSITIVE: 0.9985665341020317
2019-12-29 21:48:29,020 -  - INFO - PARSED: 33 POSITIVE: 0.48418220830414804
2019-12-29 21:48:29,150 -  - INFO - PARSED: 34 POSITIVE: 0.9997883467124019
2019-12-29 21:48:29,274 -  - INFO - PARSED: 35 POSITIVE: 0.9998012250868122
2019-12-29 21:48:29,397 -  - INFO - PARSED: 36 POSITIVE: 0.9996192440703704
2019-12-29 21:48:29,553 -  - INFO - PARSED: 37 POSITIVE: 0.9999336437180532
2019-12-29 21:48:29,675 -  - INFO - PARSED: 38 POSITIVE: 0.9999999999946989
2019-12-29 21:48:29,799 -  - INFO - PARSED: 39 POSITIVE: 0.9997620091522944
2019-12-29 21:48:29,924 -  - INFO - PARSED: 40 POSITIVE: 0.9973707113985156
2019-12-29 21:48:30,075 -  - INFO - PARSED: 41 POSITIVE: 0.5249361014176552
2019-12-29 21:48:30,206 -  - INFO - PARSED: 42 POSITIVE: 0.9982095316033275
2019-12-29 21:48:30,357 -  - INFO - PARSED: 43 POSITIVE: 0.9999999993733675
2019-12-29 21:48:30,494 -  - INFO - PARSED: 44 POSITIVE: 0.9707232848036591
2019-12-29 21:48:30,625 -  - INFO - PARSED: 45 POSITIVE: 0.9999990015345768
2019-12-29 21:48:30,762 -  - INFO - PARSED: 46 POSITIVE: 0.9962273095801083
2019-12-29 21:48:30,908 -  - INFO - PARSED: 47 POSITIVE: 0.9999999999238445
2019-12-29 21:48:31,090 -  - INFO - PARSED: 48 POSITIVE: 0.010755423051409196
2019-12-29 21:48:31,229 -  - INFO - PARSED: 49 POSITIVE: 0.9999979535865424
2019-12-29 21:48:31,346 -  - INFO - PARSED: 50 POSITIVE: 0.9991135009292017
2019-12-29 21:48:31,465 -  - INFO - PARSED: 51 POSITIVE: 0.9999858672363486
2019-12-29 21:48:31,588 -  - INFO - PARSED: 52 POSITIVE: 0.9992746344720672
2019-12-29 21:48:31,720 -  - INFO - PARSED: 53 POSITIVE: 0.9999985964577818
2019-12-29 21:48:31,852 -  - INFO - PARSED: 54 POSITIVE: 0.9989258422278594
2019-12-29 21:48:31,977 -  - INFO - PARSED: 55 POSITIVE: 0.9999999576824226
2019-12-29 21:48:32,103 -  - INFO - PARSED: 56 POSITIVE: 0.9999949072898772
2019-12-29 21:48:32,234 -  - INFO - PARSED: 57 POSITIVE: 0.9915890678232069
2019-12-29 21:48:32,351 -  - INFO - PARSED: 58 POSITIVE: 0.9998210637068394
2019-12-29 21:48:32,567 -  - INFO - TOPIC: #金希澈收养雪莉的猫# FETCHED TIME-USED: 10.49375057220459
2019-12-29 21:48:32,762 -  - INFO - REACH WEIBO
2019-12-29 21:48:34,070 -  - INFO - SEARCHED TOPIC: #荷兰要改名#
2019-12-29 21:48:34,070 -  - INFO - SCROLLING: 0 WAIT: 0.1
2019-12-29 21:48:34,197 -  - INFO - SCROLLING: 1 WAIT: 0.1
2019-12-29 21:48:34,304 -  - INFO - SCROLLING: 2 WAIT: 0.1
2019-12-29 21:48:34,409 -  - INFO - SCROLLING: 3 WAIT: 0.1
2019-12-29 21:48:34,571 -  - INFO - SCROLLING: 4 WAIT: 0.1
2019-12-29 21:48:34,676 -  - INFO - SCROLLING: 5 WAIT: 0.1
2019-12-29 21:48:34,781 -  - INFO - SCROLLING: 6 WAIT: 0.1
2019-12-29 21:48:34,888 -  - INFO - SCROLLING: 7 WAIT: 0.1
2019-12-29 21:48:34,993 -  - INFO - SCROLLING: 8 WAIT: 0.1
2019-12-29 21:48:35,099 -  - INFO - SCROLLING: 9 WAIT: 0.1
2019-12-29 21:48:36,216 -  - INFO - WEIBO CARDS FOUND
2019-12-29 21:48:36,230 -  - INFO - PARSE ERROR: 0
2019-12-29 21:48:36,378 -  - INFO - PARSED: 1 POSITIVE: 0.9992560291187211
2019-12-29 21:48:36,515 -  - INFO - PARSED: 2 POSITIVE: 0.4331596324544963
2019-12-29 21:48:36,528 -  - INFO - PARSE ERROR: 3
2019-12-29 21:48:36,677 -  - INFO - PARSED: 4 POSITIVE: 0.9993301535498309
2019-12-29 21:48:36,834 -  - INFO - PARSED: 5 POSITIVE: 0.9998623546688747
2019-12-29 21:48:36,958 -  - INFO - PARSED: 6 POSITIVE: 0.881283947721974
2019-12-29 21:48:37,046 -  - INFO - PARSED: 7 POSITIVE: 0.881283947721974
2019-12-29 21:48:37,058 -  - INFO - PARSE ERROR: 8
2019-12-29 21:48:37,070 -  - INFO - PARSE ERROR: 9
2019-12-29 21:48:37,082 -  - INFO - PARSE ERROR: 10
2019-12-29 21:48:37,093 -  - INFO - PARSE ERROR: 11
2019-12-29 21:48:37,107 -  - INFO - PARSE ERROR: 12
2019-12-29 21:48:37,229 -  - INFO - PARSED: 13 POSITIVE: 0.02347176011881802
2019-12-29 21:48:37,324 -  - INFO - PARSED: 14 POSITIVE: 0.02347176011881802
2019-12-29 21:48:37,482 -  - INFO - PARSED: 15 POSITIVE: 0.9999995506499212
2019-12-29 21:48:37,648 -  - INFO - PARSED: 16 POSITIVE: 0.08465770946533024
2019-12-29 21:48:37,768 -  - INFO - PARSED: 17 POSITIVE: 0.3413210181137021
2019-12-29 21:48:37,901 -  - INFO - PARSED: 18 POSITIVE: 0.00700226866138709
2019-12-29 21:48:38,024 -  - INFO - PARSED: 19 POSITIVE: 0.1389219544647179
2019-12-29 21:48:38,177 -  - INFO - PARSED: 20 POSITIVE: 0.47558640952808795
2019-12-29 21:48:38,361 -  - INFO - PARSED: 21 POSITIVE: 0.9995617394965303
2019-12-29 21:48:38,484 -  - INFO - PARSED: 22 POSITIVE: 0.10669903250268431
2019-12-29 21:48:38,615 -  - INFO - PARSED: 23 POSITIVE: 0.10614517568604487
2019-12-29 21:48:38,627 -  - INFO - PARSE ERROR: 24
2019-12-29 21:48:38,639 -  - INFO - PARSE ERROR: 25
2019-12-29 21:48:38,652 -  - INFO - PARSE ERROR: 26
2019-12-29 21:48:38,820 -  - INFO - PARSED: 27 POSITIVE: 0.9999802692745325
2019-12-29 21:48:38,951 -  - INFO - PARSED: 28 POSITIVE: 0.4243984304966827
2019-12-29 21:48:39,096 -  - INFO - PARSED: 29 POSITIVE: 0.9379031475588964
2019-12-29 21:48:39,110 -  - INFO - PARSE ERROR: 30
2019-12-29 21:48:39,267 -  - INFO - PARSED: 31 POSITIVE: 0.9999999999238445
2019-12-29 21:48:39,410 -  - INFO - PARSED: 32 POSITIVE: 0.8441420739271006
2019-12-29 21:48:39,550 -  - INFO - PARSED: 33 POSITIVE: 0.5262150604149156
2019-12-29 21:48:39,687 -  - INFO - PARSED: 34 POSITIVE: 0.7045722001991631
2019-12-29 21:48:39,844 -  - INFO - PARSED: 35 POSITIVE: 0.9999999997660471
2019-12-29 21:48:40,011 -  - INFO - PARSED: 36 POSITIVE: 0.4502364400782588
2019-12-29 21:48:40,131 -  - INFO - PARSED: 37 POSITIVE: 7.42914024138841e-05
2019-12-29 21:48:40,248 -  - INFO - PARSED: 38 POSITIVE: 0.9484214027433343
2019-12-29 21:48:40,381 -  - INFO - PARSED: 39 POSITIVE: 0.06265971942144055
2019-12-29 21:48:40,519 -  - INFO - PARSED: 40 POSITIVE: 0.4921069927119196
2019-12-29 21:48:40,670 -  - INFO - PARSED: 41 POSITIVE: 0.9993687395160159
2019-12-29 21:48:40,803 -  - INFO - PARSED: 42 POSITIVE: 0.12419715316877711
2019-12-29 21:48:40,944 -  - INFO - PARSED: 43 POSITIVE: 0.937262342061554
2019-12-29 21:48:41,068 -  - INFO - PARSED: 44 POSITIVE: 0.7802411555321381
2019-12-29 21:48:41,228 -  - INFO - PARSED: 45 POSITIVE: 0.9999999986694417
2019-12-29 21:48:41,371 -  - INFO - PARSED: 46 POSITIVE: 0.7930311358163614
2019-12-29 21:48:41,515 -  - INFO - PARSED: 47 POSITIVE: 0.08412816367286025
2019-12-29 21:48:41,736 -  - INFO - TOPIC: #荷兰要改名# FETCHED TIME-USED: 9.168467283248901
2019-12-29 21:48:41,984 -  - INFO - REACH WEIBO
2019-12-29 21:48:43,315 -  - INFO - SEARCHED TOPIC: #男友晒陈乔恩近照#
2019-12-29 21:48:43,315 -  - INFO - SCROLLING: 0 WAIT: 0.1
2019-12-29 21:48:43,428 -  - INFO - SCROLLING: 1 WAIT: 0.1
2019-12-29 21:48:43,538 -  - INFO - SCROLLING: 2 WAIT: 0.1
2019-12-29 21:48:43,648 -  - INFO - SCROLLING: 3 WAIT: 0.1
2019-12-29 21:48:43,760 -  - INFO - SCROLLING: 4 WAIT: 0.1
2019-12-29 21:48:43,866 -  - INFO - SCROLLING: 5 WAIT: 0.1
2019-12-29 21:48:43,976 -  - INFO - SCROLLING: 6 WAIT: 0.1
2019-12-29 21:48:44,083 -  - INFO - SCROLLING: 7 WAIT: 0.1
2019-12-29 21:48:44,191 -  - INFO - SCROLLING: 8 WAIT: 0.1
2019-12-29 21:48:44,297 -  - INFO - SCROLLING: 9 WAIT: 0.1
2019-12-29 21:48:45,433 -  - INFO - WEIBO CARDS FOUND
2019-12-29 21:48:45,448 -  - INFO - PARSE ERROR: 0
2019-12-29 21:48:45,583 -  - INFO - PARSED: 1 POSITIVE: 0.9999999999796936
2019-12-29 21:48:45,723 -  - INFO - PARSED: 2 POSITIVE: 0.9999999999870104
2019-12-29 21:48:45,861 -  - INFO - PARSED: 3 POSITIVE: 0.9999992118264084
2019-12-29 21:48:45,983 -  - INFO - PARSED: 4 POSITIVE: 0.9999424163014693
2019-12-29 21:48:46,103 -  - INFO - PARSED: 5 POSITIVE: 0.8325130729258361
2019-12-29 21:48:46,184 -  - INFO - PARSED: 6 POSITIVE: 0.8325130729258361
2019-12-29 21:48:46,195 -  - INFO - PARSE ERROR: 7
2019-12-29 21:48:46,207 -  - INFO - PARSE ERROR: 8
2019-12-29 21:48:46,218 -  - INFO - PARSE ERROR: 9
2019-12-29 21:48:46,230 -  - INFO - PARSE ERROR: 10
2019-12-29 21:48:46,241 -  - INFO - PARSE ERROR: 11
2019-12-29 21:48:46,251 -  - INFO - PARSE ERROR: 12
2019-12-29 21:48:46,265 -  - INFO - PARSE ERROR: 13
2019-12-29 21:48:46,275 -  - INFO - PARSE ERROR: 14
2019-12-29 21:48:46,286 -  - INFO - PARSE ERROR: 15
2019-12-29 21:48:46,297 -  - INFO - PARSE ERROR: 16
2019-12-29 21:48:46,310 -  - INFO - PARSE ERROR: 17
2019-12-29 21:48:46,433 -  - INFO - PARSED: 18 POSITIVE: 0.9911361174136641
2019-12-29 21:48:46,528 -  - INFO - PARSED: 19 POSITIVE: 0.9911361174136641
2019-12-29 21:48:46,649 -  - INFO - PARSED: 20 POSITIVE: 0.999979969666544
2019-12-29 21:48:46,798 -  - INFO - PARSED: 21 POSITIVE: 0.9999999999997915
2019-12-29 21:48:46,922 -  - INFO - PARSED: 22 POSITIVE: 0.9999996084722361
2019-12-29 21:48:47,047 -  - INFO - PARSED: 23 POSITIVE: 0.9919642702934829
2019-12-29 21:48:47,190 -  - INFO - PARSED: 24 POSITIVE: 0.0014967981365265892
2019-12-29 21:48:47,316 -  - INFO - PARSED: 25 POSITIVE: 0.9992784986248873
2019-12-29 21:48:47,447 -  - INFO - PARSED: 26 POSITIVE: 0.9989430928227038
2019-12-29 21:48:47,597 -  - INFO - PARSED: 27 POSITIVE: 0.6188321648868883
2019-12-29 21:48:47,734 -  - INFO - PARSED: 28 POSITIVE: 0.9979259413953673
2019-12-29 21:48:47,868 -  - INFO - PARSED: 29 POSITIVE: 0.8939344688056728
2019-12-29 21:48:48,019 -  - INFO - PARSED: 30 POSITIVE: 0.9999999989710222
2019-12-29 21:48:48,146 -  - INFO - PARSED: 31 POSITIVE: 0.9883240712813883
2019-12-29 21:48:48,276 -  - INFO - PARSED: 32 POSITIVE: 0.7149106124018455
2019-12-29 21:48:48,417 -  - INFO - PARSED: 33 POSITIVE: 0.9968055755673225
2019-12-29 21:48:48,562 -  - INFO - PARSED: 34 POSITIVE: 0.9916703614909181
2019-12-29 21:48:48,678 -  - INFO - PARSED: 35 POSITIVE: 0.4461328340354378
2019-12-29 21:48:48,794 -  - INFO - PARSED: 36 POSITIVE: 0.11491122284336475
2019-12-29 21:48:48,922 -  - INFO - PARSED: 37 POSITIVE: 0.9273222824661961
2019-12-29 21:48:49,043 -  - INFO - PARSED: 38 POSITIVE: 0.9253035782180817
2019-12-29 21:48:49,177 -  - INFO - PARSED: 39 POSITIVE: 0.8395958624132622
2019-12-29 21:48:49,315 -  - INFO - PARSED: 40 POSITIVE: 0.9999393900148746
2019-12-29 21:48:49,444 -  - INFO - PARSED: 41 POSITIVE: 0.9994036478274106
2019-12-29 21:48:49,580 -  - INFO - PARSED: 42 POSITIVE: 0.9999951969003983
2019-12-29 21:48:49,733 -  - INFO - PARSED: 43 POSITIVE: 0.9973795164650918
2019-12-29 21:48:49,865 -  - INFO - PARSED: 44 POSITIVE: 0.9999940150387951
2019-12-29 21:48:49,879 -  - INFO - PARSE ERROR: 45
2019-12-29 21:48:50,009 -  - INFO - PARSED: 46 POSITIVE: 0.001193507585234621
2019-12-29 21:48:50,133 -  - INFO - PARSED: 47 POSITIVE: 0.9176727270312143
2019-12-29 21:48:50,255 -  - INFO - PARSED: 48 POSITIVE: 0.554202052504754
2019-12-29 21:48:50,395 -  - INFO - PARSED: 49 POSITIVE: 0.9999999999796936
2019-12-29 21:48:50,530 -  - INFO - PARSED: 50 POSITIVE: 0.8480426627308888
2019-12-29 21:48:50,665 -  - INFO - PARSED: 51 POSITIVE: 0.9887344146128069
2019-12-29 21:48:50,819 -  - INFO - PARSED: 52 POSITIVE: 0.9999967343241799
2019-12-29 21:48:50,834 -  - INFO - PARSE ERROR: 53
2019-12-29 21:48:50,957 -  - INFO - PARSED: 54 POSITIVE: 0.1618292724291821
2019-12-29 21:48:51,099 -  - INFO - PARSED: 55 POSITIVE: 0.9998625545827493
2019-12-29 21:48:51,296 -  - INFO - PARSED: 56 POSITIVE: 0.9999999999890004
2019-12-29 21:48:51,431 -  - INFO - PARSED: 57 POSITIVE: 0.9999917327108514
2019-12-29 21:48:51,558 -  - INFO - PARSED: 58 POSITIVE: 0.9586634596383359
2019-12-29 21:48:51,708 -  - INFO - PARSED: 59 POSITIVE: 0.9999999999291553
2019-12-29 21:48:51,908 -  - INFO - TOPIC: #男友晒陈乔恩近照# FETCHED TIME-USED: 10.171778440475464
2019-12-29 21:48:52,145 -  - INFO - REACH WEIBO
2019-12-29 21:48:53,392 -  - INFO - SEARCHED TOPIC: #王一博等赵丽颖#
2019-12-29 21:48:53,392 -  - INFO - SCROLLING: 0 WAIT: 0.1
2019-12-29 21:48:53,521 -  - INFO - SCROLLING: 1 WAIT: 0.1
2019-12-29 21:48:53,627 -  - INFO - SCROLLING: 2 WAIT: 0.1
2019-12-29 21:48:53,734 -  - INFO - SCROLLING: 3 WAIT: 0.1
2019-12-29 21:48:53,860 -  - INFO - SCROLLING: 4 WAIT: 0.1
2019-12-29 21:48:53,974 -  - INFO - SCROLLING: 5 WAIT: 0.1
2019-12-29 21:48:54,084 -  - INFO - SCROLLING: 6 WAIT: 0.1
2019-12-29 21:48:54,190 -  - INFO - SCROLLING: 7 WAIT: 0.1
2019-12-29 21:48:54,296 -  - INFO - SCROLLING: 8 WAIT: 0.1
2019-12-29 21:48:54,407 -  - INFO - SCROLLING: 9 WAIT: 0.1
2019-12-29 21:48:55,577 -  - INFO - WEIBO CARDS FOUND
2019-12-29 21:48:55,752 -  - INFO - PARSED: 0 POSITIVE: 0.9996451945999801
2019-12-29 21:48:55,885 -  - INFO - PARSED: 1 POSITIVE: 0.9908872897860269
2019-12-29 21:48:56,053 -  - INFO - PARSED: 2 POSITIVE: 0.9994691547240124
2019-12-29 21:48:56,163 -  - INFO - PARSED: 3 POSITIVE: 0.9994691547240124
2019-12-29 21:48:56,178 -  - INFO - PARSE ERROR: 4
2019-12-29 21:48:56,358 -  - INFO - PARSED: 5 POSITIVE: 0.9999945098872093
2019-12-29 21:48:56,373 -  - INFO - PARSE ERROR: 6
2019-12-29 21:48:56,503 -  - INFO - PARSED: 7 POSITIVE: 0.9999945098872093
2019-12-29 21:48:56,652 -  - INFO - PARSED: 8 POSITIVE: 0.9999999999751714
2019-12-29 21:48:56,667 -  - INFO - PARSE ERROR: 9
2019-12-29 21:48:56,682 -  - INFO - PARSE ERROR: 10
2019-12-29 21:48:56,695 -  - INFO - PARSE ERROR: 11
2019-12-29 21:48:56,709 -  - INFO - PARSE ERROR: 12
2019-12-29 21:48:56,723 -  - INFO - PARSE ERROR: 13
2019-12-29 21:48:56,736 -  - INFO - PARSE ERROR: 14
2019-12-29 21:48:56,748 -  - INFO - PARSE ERROR: 15
2019-12-29 21:48:56,760 -  - INFO - PARSE ERROR: 16
2019-12-29 21:48:56,772 -  - INFO - PARSE ERROR: 17
2019-12-29 21:48:56,783 -  - INFO - PARSE ERROR: 18
2019-12-29 21:48:56,794 -  - INFO - PARSE ERROR: 19
2019-12-29 21:48:56,930 -  - INFO - PARSED: 20 POSITIVE: 0.9998754867189792
2019-12-29 21:48:57,036 -  - INFO - PARSED: 21 POSITIVE: 0.9998754867189792
2019-12-29 21:48:57,167 -  - INFO - PARSED: 22 POSITIVE: 0.9908872897860269
2019-12-29 21:48:57,320 -  - INFO - PARSED: 23 POSITIVE: 0.9999944866795146
2019-12-29 21:48:57,476 -  - INFO - PARSED: 24 POSITIVE: 0.999993407467754
2019-12-29 21:48:57,615 -  - INFO - PARSED: 25 POSITIVE: 0.9303070286367986
2019-12-29 21:48:57,755 -  - INFO - PARSED: 26 POSITIVE: 0.9578692240193963
2019-12-29 21:48:57,892 -  - INFO - PARSED: 27 POSITIVE: 0.9996451945999801
2019-12-29 21:48:58,019 -  - INFO - PARSED: 28 POSITIVE: 0.9999970180729002
2019-12-29 21:48:58,165 -  - INFO - PARSED: 29 POSITIVE: 0.9999802692745325
2019-12-29 21:48:58,334 -  - INFO - PARSED: 30 POSITIVE: 0.9999802692745325
2019-12-29 21:48:58,488 -  - INFO - PARSED: 31 POSITIVE: 0.9999945098872093
2019-12-29 21:48:58,629 -  - INFO - PARSED: 32 POSITIVE: 0.9857554202748982
2019-12-29 21:48:58,763 -  - INFO - PARSED: 33 POSITIVE: 0.9999976947848866
2019-12-29 21:48:58,887 -  - INFO - PARSED: 34 POSITIVE: 0.9999999046383949
2019-12-29 21:48:59,013 -  - INFO - PARSED: 35 POSITIVE: 0.984474644017552
2019-12-29 21:48:59,136 -  - INFO - PARSED: 36 POSITIVE: 0.9999693036687846
2019-12-29 21:48:59,266 -  - INFO - PARSED: 37 POSITIVE: 0.9999991908543507
2019-12-29 21:48:59,381 -  - INFO - PARSED: 38 POSITIVE: 0.8150953677076782
2019-12-29 21:48:59,508 -  - INFO - PARSED: 39 POSITIVE: 0.9996754876128575
2019-12-29 21:48:59,669 -  - INFO - PARSED: 40 POSITIVE: 0.999999657497311
2019-12-29 21:48:59,839 -  - INFO - PARSED: 41 POSITIVE: 0.9999999678221064
2019-12-29 21:48:59,962 -  - INFO - PARSED: 42 POSITIVE: 0.9999990486541857
2019-12-29 21:49:00,089 -  - INFO - PARSED: 43 POSITIVE: 0.996976350433921
2019-12-29 21:49:00,211 -  - INFO - PARSED: 44 POSITIVE: 0.9855784382154198
2019-12-29 21:49:00,330 -  - INFO - PARSED: 45 POSITIVE: 0.9649166787172991
2019-12-29 21:49:00,459 -  - INFO - PARSED: 46 POSITIVE: 0.9998479702382808
2019-12-29 21:49:00,582 -  - INFO - PARSED: 47 POSITIVE: 0.9974996697404959
2019-12-29 21:49:00,693 -  - INFO - PARSED: 48 POSITIVE: 0.892976511884451
2019-12-29 21:49:00,819 -  - INFO - PARSED: 49 POSITIVE: 0.9995615689183392
2019-12-29 21:49:00,938 -  - INFO - PARSED: 50 POSITIVE: 0.3025916613457078
2019-12-29 21:49:01,065 -  - INFO - PARSED: 51 POSITIVE: 0.9976268385955843
2019-12-29 21:49:01,182 -  - INFO - PARSED: 52 POSITIVE: 0.9924761746430564
2019-12-29 21:49:01,296 -  - INFO - PARSED: 53 POSITIVE: 0.9998010017423715
2019-12-29 21:49:01,436 -  - INFO - PARSED: 54 POSITIVE: 0.9999977571676516
2019-12-29 21:49:01,564 -  - INFO - PARSED: 55 POSITIVE: 0.9999968538067439
2019-12-29 21:49:01,688 -  - INFO - PARSED: 56 POSITIVE: 0.9598330827711666
2019-12-29 21:49:01,828 -  - INFO - PARSED: 57 POSITIVE: 0.5971130003726658
2019-12-29 21:49:01,967 -  - INFO - PARSED: 58 POSITIVE: 0.9999961418727339
2019-12-29 21:49:02,115 -  - INFO - PARSED: 59 POSITIVE: 0.7876969376275366
2019-12-29 21:49:02,310 -  - INFO - TOPIC: #王一博等赵丽颖# FETCHED TIME-USED: 10.402200937271118
2019-12-29 21:49:02,594 -  - INFO - REACH WEIBO
2019-12-29 21:49:04,002 -  - INFO - SEARCHED TOPIC: #医院辟谣未对杀医者家属免费治疗#
2019-12-29 21:49:04,002 -  - INFO - SCROLLING: 0 WAIT: 0.1
2019-12-29 21:49:04,110 -  - INFO - SCROLLING: 1 WAIT: 0.1
2019-12-29 21:49:04,216 -  - INFO - SCROLLING: 2 WAIT: 0.1
2019-12-29 21:49:04,323 -  - INFO - SCROLLING: 3 WAIT: 0.1
2019-12-29 21:49:04,455 -  - INFO - SCROLLING: 4 WAIT: 0.1
2019-12-29 21:49:04,561 -  - INFO - SCROLLING: 5 WAIT: 0.1
2019-12-29 21:49:04,666 -  - INFO - SCROLLING: 6 WAIT: 0.1
2019-12-29 21:49:04,771 -  - INFO - SCROLLING: 7 WAIT: 0.1
2019-12-29 21:49:04,876 -  - INFO - SCROLLING: 8 WAIT: 0.1
2019-12-29 21:49:04,982 -  - INFO - SCROLLING: 9 WAIT: 0.1
2019-12-29 21:49:06,141 -  - INFO - WEIBO CARDS FOUND
2019-12-29 21:49:06,157 -  - INFO - PARSE ERROR: 0
2019-12-29 21:49:06,330 -  - INFO - PARSED: 1 POSITIVE: 0.9999308343142566
2019-12-29 21:49:06,490 -  - INFO - PARSED: 2 POSITIVE: 0.99997294488041
2019-12-29 21:49:06,657 -  - INFO - PARSED: 3 POSITIVE: 0.9999212566486142
2019-12-29 21:49:06,819 -  - INFO - PARSED: 4 POSITIVE: 0.9999999996680307
2019-12-29 21:49:06,953 -  - INFO - PARSED: 5 POSITIVE: 0.9999999996680307
2019-12-29 21:49:06,965 -  - INFO - PARSE ERROR: 6
2019-12-29 21:49:07,112 -  - INFO - PARSED: 7 POSITIVE: 3.4022501714803255e-06
2019-12-29 21:49:07,125 -  - INFO - PARSE ERROR: 8
2019-12-29 21:49:07,245 -  - INFO - PARSED: 9 POSITIVE: 3.4022501714803255e-06
2019-12-29 21:49:07,258 -  - INFO - PARSE ERROR: 10
2019-12-29 21:49:07,270 -  - INFO - PARSE ERROR: 11
2019-12-29 21:49:07,282 -  - INFO - PARSE ERROR: 12
2019-12-29 21:49:07,294 -  - INFO - PARSE ERROR: 13
2019-12-29 21:49:07,305 -  - INFO - PARSE ERROR: 14
2019-12-29 21:49:07,318 -  - INFO - PARSE ERROR: 15
2019-12-29 21:49:07,332 -  - INFO - PARSE ERROR: 16
2019-12-29 21:49:07,345 -  - INFO - PARSE ERROR: 17
2019-12-29 21:49:07,486 -  - INFO - PARSED: 18 POSITIVE: 0.8506870867898142
2019-12-29 21:49:07,588 -  - INFO - PARSED: 19 POSITIVE: 0.8506870867898142
2019-12-29 21:49:07,707 -  - INFO - PARSED: 20 POSITIVE: 0.07166006435959349
2019-12-29 21:49:07,832 -  - INFO - PARSED: 21 POSITIVE: 0.9641902607075441
2019-12-29 21:49:07,978 -  - INFO - PARSED: 22 POSITIVE: 0.031658862789303854
2019-12-29 21:49:08,156 -  - INFO - PARSED: 23 POSITIVE: 0.8394955546178854
2019-12-29 21:49:08,558 -  - INFO - PARSED: 24 POSITIVE: 0.2369432042882147
2019-12-29 21:49:08,686 -  - INFO - PARSED: 25 POSITIVE: 0.9922848750595645
2019-12-29 21:49:08,820 -  - INFO - PARSED: 26 POSITIVE: 0.04097885073347807
2019-12-29 21:49:08,952 -  - INFO - PARSED: 27 POSITIVE: 0.40232888757734964
2019-12-29 21:49:09,094 -  - INFO - PARSED: 28 POSITIVE: 0.11791351124667926
2019-12-29 21:49:09,107 -  - INFO - PARSE ERROR: 29
2019-12-29 21:49:09,119 -  - INFO - PARSE ERROR: 30
2019-12-29 21:49:09,130 -  - INFO - PARSE ERROR: 31
2019-12-29 21:49:09,267 -  - INFO - PARSED: 32 POSITIVE: 0.11791351124667926
2019-12-29 21:49:09,402 -  - INFO - PARSED: 33 POSITIVE: 0.13683584999708942
2019-12-29 21:49:09,566 -  - INFO - PARSED: 34 POSITIVE: 0.9999308343142566
2019-12-29 21:49:09,717 -  - INFO - PARSED: 35 POSITIVE: 0.3227316242093159
2019-12-29 21:49:09,880 -  - INFO - PARSED: 36 POSITIVE: 0.5076463850102199
2019-12-29 21:49:10,040 -  - INFO - PARSED: 37 POSITIVE: 0.9999979046694408
2019-12-29 21:49:10,168 -  - INFO - PARSED: 38 POSITIVE: 0.6616330668038756
2019-12-29 21:49:10,302 -  - INFO - PARSED: 39 POSITIVE: 0.7738439591949506
2019-12-29 21:49:10,437 -  - INFO - PARSED: 40 POSITIVE: 0.598018202149785
2019-12-29 21:49:10,597 -  - INFO - PARSED: 41 POSITIVE: 0.999978450958823
2019-12-29 21:49:10,740 -  - INFO - PARSED: 42 POSITIVE: 0.9947197456702366
2019-12-29 21:49:10,895 -  - INFO - PARSED: 43 POSITIVE: 0.9403799913201849
2019-12-29 21:49:11,029 -  - INFO - PARSED: 44 POSITIVE: 0.03219529022308598
2019-12-29 21:49:11,174 -  - INFO - PARSED: 45 POSITIVE: 0.9986580213606275
2019-12-29 21:49:11,304 -  - INFO - PARSED: 46 POSITIVE: 0.05720829755615109
2019-12-29 21:49:11,441 -  - INFO - PARSED: 47 POSITIVE: 0.28395662116956577
2019-12-29 21:49:11,563 -  - INFO - PARSED: 48 POSITIVE: 0.1781844722545055
2019-12-29 21:49:11,690 -  - INFO - PARSED: 49 POSITIVE: 0.02900285973830019
2019-12-29 21:49:11,813 -  - INFO - PARSED: 50 POSITIVE: 0.023269301009081644
2019-12-29 21:49:11,975 -  - INFO - PARSED: 51 POSITIVE: 0.9999308343142566
2019-12-29 21:49:12,135 -  - INFO - PARSED: 52 POSITIVE: 0.9998076027865977
2019-12-29 21:49:12,281 -  - INFO - PARSED: 53 POSITIVE: 0.6033795857131267
2019-12-29 21:49:12,420 -  - INFO - PARSED: 54 POSITIVE: 0.6162530100157939
2019-12-29 21:49:12,554 -  - INFO - PARSED: 55 POSITIVE: 0.31767192985585524
2019-12-29 21:49:12,709 -  - INFO - PARSED: 56 POSITIVE: 0.655727410006739
2019-12-29 21:49:12,840 -  - INFO - PARSED: 57 POSITIVE: 0.611316706816554
2019-12-29 21:49:12,979 -  - INFO - PARSED: 58 POSITIVE: 0.059439453022203215
2019-12-29 21:49:13,111 -  - INFO - PARSED: 59 POSITIVE: 0.41186349134549305
2019-12-29 21:49:13,247 -  - INFO - PARSED: 60 POSITIVE: 0.027083535493501176
2019-12-29 21:49:13,403 -  - INFO - PARSED: 61 POSITIVE: 0.9939056410821038
2019-12-29 21:49:13,663 -  - INFO - TOPIC: #医院辟谣未对杀医者家属免费治疗# FETCHED TIME-USED: 11.353006601333618
2019-12-29 21:49:13,900 -  - INFO - REACH WEIBO
2019-12-29 21:49:15,119 -  - INFO - SEARCHED TOPIC: #韬斯曼次元星推计划#
2019-12-29 21:49:15,119 -  - INFO - SCROLLING: 0 WAIT: 0.1
2019-12-29 21:49:15,224 -  - INFO - SCROLLING: 1 WAIT: 0.1
2019-12-29 21:49:15,332 -  - INFO - SCROLLING: 2 WAIT: 0.1
2019-12-29 21:49:15,438 -  - INFO - SCROLLING: 3 WAIT: 0.1
2019-12-29 21:49:15,545 -  - INFO - SCROLLING: 4 WAIT: 0.1
2019-12-29 21:49:15,652 -  - INFO - SCROLLING: 5 WAIT: 0.1
2019-12-29 21:49:15,756 -  - INFO - SCROLLING: 6 WAIT: 0.1
2019-12-29 21:49:15,862 -  - INFO - SCROLLING: 7 WAIT: 0.1
2019-12-29 21:49:15,971 -  - INFO - SCROLLING: 8 WAIT: 0.1
2019-12-29 21:49:16,079 -  - INFO - SCROLLING: 9 WAIT: 0.1
2019-12-29 21:49:17,272 -  - INFO - WEIBO CARDS FOUND
2019-12-29 21:49:17,425 -  - INFO - PARSED: 0 POSITIVE: 0.9999972479726458
2019-12-29 21:49:17,576 -  - INFO - PARSED: 1 POSITIVE: 0.9970244356445326
2019-12-29 21:49:17,707 -  - INFO - PARSED: 2 POSITIVE: 0.9994863773739606
2019-12-29 21:49:17,837 -  - INFO - PARSED: 3 POSITIVE: 0.3669571470201183
2019-12-29 21:49:17,929 -  - INFO - PARSED: 4 POSITIVE: 0.3669571470201183
2019-12-29 21:49:17,940 -  - INFO - PARSE ERROR: 5
2019-12-29 21:49:17,952 -  - INFO - PARSE ERROR: 6
2019-12-29 21:49:17,964 -  - INFO - PARSE ERROR: 7
2019-12-29 21:49:17,975 -  - INFO - PARSE ERROR: 8
2019-12-29 21:49:17,986 -  - INFO - PARSE ERROR: 9
2019-12-29 21:49:18,112 -  - INFO - PARSED: 10 POSITIVE: 0.5425309911758064
2019-12-29 21:49:18,199 -  - INFO - PARSED: 11 POSITIVE: 0.5425309911758064
2019-12-29 21:49:18,368 -  - INFO - PARSED: 12 POSITIVE: 0.8978335425827246
2019-12-29 21:49:18,519 -  - INFO - PARSED: 13 POSITIVE: 0.7057152306256032
2019-12-29 21:49:18,650 -  - INFO - PARSED: 14 POSITIVE: 0.007671390372102405
2019-12-29 21:49:18,782 -  - INFO - PARSED: 15 POSITIVE: 0.0465936041352063
2019-12-29 21:49:18,905 -  - INFO - PARSED: 16 POSITIVE: 0.05738623506912244
2019-12-29 21:49:19,030 -  - INFO - PARSED: 17 POSITIVE: 0.02767332391926791
2019-12-29 21:49:19,145 -  - INFO - PARSED: 18 POSITIVE: 0.0050476465535534976
2019-12-29 21:49:19,266 -  - INFO - PARSED: 19 POSITIVE: 0.003150425092164122
2019-12-29 21:49:19,390 -  - INFO - PARSED: 20 POSITIVE: 0.23292062738851937
2019-12-29 21:49:19,510 -  - INFO - PARSED: 21 POSITIVE: 0.00646097427182768
2019-12-29 21:49:19,632 -  - INFO - PARSED: 22 POSITIVE: 0.0006241513388957065
2019-12-29 21:49:19,758 -  - INFO - PARSED: 23 POSITIVE: 0.0015173051998370601
2019-12-29 21:49:19,887 -  - INFO - PARSED: 24 POSITIVE: 0.02123947850108565
2019-12-29 21:49:20,047 -  - INFO - PARSED: 25 POSITIVE: 0.002779249923498095
2019-12-29 21:49:20,180 -  - INFO - PARSED: 26 POSITIVE: 0.727223237616147
2019-12-29 21:49:20,321 -  - INFO - PARSED: 27 POSITIVE: 0.15337816791298353
2019-12-29 21:49:20,453 -  - INFO - PARSED: 28 POSITIVE: 0.9987320624104455
2019-12-29 21:49:20,466 -  - INFO - PARSE ERROR: 29
2019-12-29 21:49:20,595 -  - INFO - PARSED: 30 POSITIVE: 0.004839313020699398
2019-12-29 21:49:20,721 -  - INFO - PARSED: 31 POSITIVE: 0.0477364620944396
2019-12-29 21:49:20,850 -  - INFO - PARSED: 32 POSITIVE: 0.2712899972936549
2019-12-29 21:49:20,987 -  - INFO - PARSED: 33 POSITIVE: 0.27508697049534636
2019-12-29 21:49:21,149 -  - INFO - PARSED: 34 POSITIVE: 0.06541181797025497
2019-12-29 21:49:21,281 -  - INFO - PARSED: 35 POSITIVE: 0.41285937390996275
2019-12-29 21:49:21,409 -  - INFO - PARSED: 36 POSITIVE: 0.18745047478928512
2019-12-29 21:49:21,558 -  - INFO - PARSED: 37 POSITIVE: 0.554652951084772
2019-12-29 21:49:21,681 -  - INFO - PARSED: 38 POSITIVE: 0.13441749820773885
2019-12-29 21:49:21,805 -  - INFO - PARSED: 39 POSITIVE: 0.0011875845121085415
2019-12-29 21:49:21,937 -  - INFO - PARSED: 40 POSITIVE: 0.9750979187685785
2019-12-29 21:49:22,058 -  - INFO - PARSED: 41 POSITIVE: 0.012445549839887438
2019-12-29 21:49:22,183 -  - INFO - PARSED: 42 POSITIVE: 0.0017664852214323012
2019-12-29 21:49:22,313 -  - INFO - PARSED: 43 POSITIVE: 0.9934197749889532
2019-12-29 21:49:22,442 -  - INFO - PARSED: 44 POSITIVE: 0.47419158998036015
2019-12-29 21:49:22,557 -  - INFO - PARSED: 45 POSITIVE: 0.014310126149237545
2019-12-29 21:49:22,682 -  - INFO - PARSED: 46 POSITIVE: 0.9994863773739606
2019-12-29 21:49:22,803 -  - INFO - PARSED: 47 POSITIVE: 0.08202499765417404
2019-12-29 21:49:23,037 -  - INFO - TOPIC: #韬斯曼次元星推计划# FETCHED TIME-USED: 9.37340521812439
2019-12-29 21:49:23,269 -  - INFO - REACH WEIBO
2019-12-29 21:49:24,540 -  - INFO - SEARCHED TOPIC: #周琦受伤#
2019-12-29 21:49:24,540 -  - INFO - SCROLLING: 0 WAIT: 0.1
2019-12-29 21:49:24,670 -  - INFO - SCROLLING: 1 WAIT: 0.1
2019-12-29 21:49:24,775 -  - INFO - SCROLLING: 2 WAIT: 0.1
2019-12-29 21:49:24,973 -  - INFO - SCROLLING: 3 WAIT: 0.1
2019-12-29 21:49:25,080 -  - INFO - SCROLLING: 4 WAIT: 0.1
2019-12-29 21:49:25,184 -  - INFO - SCROLLING: 5 WAIT: 0.1
2019-12-29 21:49:25,290 -  - INFO - SCROLLING: 6 WAIT: 0.1
2019-12-29 21:49:25,395 -  - INFO - SCROLLING: 7 WAIT: 0.1
2019-12-29 21:49:25,501 -  - INFO - SCROLLING: 8 WAIT: 0.1
2019-12-29 21:49:25,607 -  - INFO - SCROLLING: 9 WAIT: 0.1
2019-12-29 21:49:26,721 -  - INFO - WEIBO CARDS FOUND
2019-12-29 21:49:26,734 -  - INFO - PARSE ERROR: 0
2019-12-29 21:49:26,876 -  - INFO - PARSED: 1 POSITIVE: 0.9999742306633633
2019-12-29 21:49:27,029 -  - INFO - PARSED: 2 POSITIVE: 0.9998953274610494
2019-12-29 21:49:27,165 -  - INFO - PARSED: 3 POSITIVE: 0.03623154132502793
2019-12-29 21:49:27,289 -  - INFO - PARSED: 4 POSITIVE: 0.9999933445483168
2019-12-29 21:49:27,429 -  - INFO - PARSED: 5 POSITIVE: 0.8345013742156085
2019-12-29 21:49:27,529 -  - INFO - PARSED: 6 POSITIVE: 0.8345013742156085
2019-12-29 21:49:27,539 -  - INFO - PARSE ERROR: 7
2019-12-29 21:49:27,701 -  - INFO - PARSED: 8 POSITIVE: 0.9978910144221615
2019-12-29 21:49:27,716 -  - INFO - PARSE ERROR: 9
2019-12-29 21:49:27,845 -  - INFO - PARSED: 10 POSITIVE: 0.9978910144221615
2019-12-29 21:49:27,858 -  - INFO - PARSE ERROR: 11
2019-12-29 21:49:27,873 -  - INFO - PARSE ERROR: 12
2019-12-29 21:49:27,885 -  - INFO - PARSE ERROR: 13
2019-12-29 21:49:27,898 -  - INFO - PARSE ERROR: 14
2019-12-29 21:49:27,908 -  - INFO - PARSE ERROR: 15
2019-12-29 21:49:27,919 -  - INFO - PARSE ERROR: 16
2019-12-29 21:49:27,931 -  - INFO - PARSE ERROR: 17
2019-12-29 21:49:27,943 -  - INFO - PARSE ERROR: 18
2019-12-29 21:49:28,072 -  - INFO - PARSED: 19 POSITIVE: 0.9839575569807235
2019-12-29 21:49:28,173 -  - INFO - PARSED: 20 POSITIVE: 0.9839575569807235
2019-12-29 21:49:28,305 -  - INFO - PARSED: 21 POSITIVE: 0.9988815858559732
2019-12-29 21:49:28,461 -  - INFO - PARSED: 22 POSITIVE: 0.999999996883183
2019-12-29 21:49:28,642 -  - INFO - PARSED: 23 POSITIVE: 0.9999999930292194
2019-12-29 21:49:28,783 -  - INFO - PARSED: 24 POSITIVE: 0.996383572488151
2019-12-29 21:49:28,930 -  - INFO - PARSED: 25 POSITIVE: 0.013880466779416567
2019-12-29 21:49:29,061 -  - INFO - PARSED: 26 POSITIVE: 0.22274442139076323
2019-12-29 21:49:29,190 -  - INFO - PARSED: 27 POSITIVE: 0.9983718722304589
2019-12-29 21:49:29,314 -  - INFO - PARSED: 28 POSITIVE: 0.25132934693072284
2019-12-29 21:49:29,435 -  - INFO - PARSED: 29 POSITIVE: 0.5608160470264173
2019-12-29 21:49:29,560 -  - INFO - PARSED: 30 POSITIVE: 0.9490688226620742
2019-12-29 21:49:29,705 -  - INFO - PARSED: 31 POSITIVE: 0.007815889632219353
2019-12-29 21:49:29,843 -  - INFO - PARSED: 32 POSITIVE: 0.9986183533700592
2019-12-29 21:49:29,980 -  - INFO - PARSED: 33 POSITIVE: 0.9028781719554763
2019-12-29 21:49:30,107 -  - INFO - PARSED: 34 POSITIVE: 0.05796041266162211
2019-12-29 21:49:30,256 -  - INFO - PARSED: 35 POSITIVE: 0.9996318534629782
2019-12-29 21:49:30,396 -  - INFO - PARSED: 36 POSITIVE: 0.8345013742156085
2019-12-29 21:49:30,538 -  - INFO - PARSED: 37 POSITIVE: 0.8368326007611848
2019-12-29 21:49:30,688 -  - INFO - PARSED: 38 POSITIVE: 0.9999657115315094
2019-12-29 21:49:30,829 -  - INFO - PARSED: 39 POSITIVE: 0.08201218999531379
2019-12-29 21:49:30,954 -  - INFO - PARSED: 40 POSITIVE: 0.9846105306710183
2019-12-29 21:49:31,082 -  - INFO - PARSED: 41 POSITIVE: 0.9999933445483168
2019-12-29 21:49:31,238 -  - INFO - PARSED: 42 POSITIVE: 0.9999999989186907
2019-12-29 21:49:31,367 -  - INFO - PARSED: 43 POSITIVE: 0.7198338329573924
2019-12-29 21:49:31,496 -  - INFO - PARSED: 44 POSITIVE: 0.9984396732951644
2019-12-29 21:49:31,611 -  - INFO - PARSED: 45 POSITIVE: 0.4444544963794608
2019-12-29 21:49:31,739 -  - INFO - PARSED: 46 POSITIVE: 0.5152774615523543
2019-12-29 21:49:31,874 -  - INFO - PARSED: 47 POSITIVE: 0.9245658464015812
2019-12-29 21:49:32,066 -  - INFO - PARSED: 48 POSITIVE: 0.9999999998069362
2019-12-29 21:49:32,208 -  - INFO - PARSED: 49 POSITIVE: 0.8896006417235426
2019-12-29 21:49:32,346 -  - INFO - PARSED: 50 POSITIVE: 0.946780362944889
2019-12-29 21:49:32,526 -  - INFO - PARSED: 51 POSITIVE: 0.4303100501856699
2019-12-29 21:49:32,658 -  - INFO - PARSED: 52 POSITIVE: 0.9999932907921449
2019-12-29 21:49:32,793 -  - INFO - PARSED: 53 POSITIVE: 0.9999999384543725
2019-12-29 21:49:32,944 -  - INFO - PARSED: 54 POSITIVE: 0.9420069664534916
2019-12-29 21:49:33,070 -  - INFO - PARSED: 55 POSITIVE: 0.9481987641850002
2019-12-29 21:49:33,207 -  - INFO - PARSED: 56 POSITIVE: 0.9999633992340456
2019-12-29 21:49:33,331 -  - INFO - PARSED: 57 POSITIVE: 0.9980735712921569
2019-12-29 21:49:33,462 -  - INFO - PARSED: 58 POSITIVE: 0.9450515615158592
2019-12-29 21:49:33,672 -  - INFO - TOPIC: #周琦受伤# FETCHED TIME-USED: 10.63527536392212
2019-12-29 21:49:33,905 -  - INFO - REACH WEIBO
2019-12-29 21:49:35,170 -  - INFO - SEARCHED TOPIC: #6万辆共享单车挤爆两大停车场#
2019-12-29 21:49:35,170 -  - INFO - SCROLLING: 0 WAIT: 0.1
2019-12-29 21:49:35,274 -  - INFO - SCROLLING: 1 WAIT: 0.1
2019-12-29 21:49:35,378 -  - INFO - SCROLLING: 2 WAIT: 0.1
2019-12-29 21:49:35,485 -  - INFO - SCROLLING: 3 WAIT: 0.1
2019-12-29 21:49:35,591 -  - INFO - SCROLLING: 4 WAIT: 0.1
2019-12-29 21:49:35,707 -  - INFO - SCROLLING: 5 WAIT: 0.1
2019-12-29 21:49:35,812 -  - INFO - SCROLLING: 6 WAIT: 0.1
2019-12-29 21:49:35,917 -  - INFO - SCROLLING: 7 WAIT: 0.1
2019-12-29 21:49:36,024 -  - INFO - SCROLLING: 8 WAIT: 0.1
2019-12-29 21:49:36,130 -  - INFO - SCROLLING: 9 WAIT: 0.1
2019-12-29 21:49:37,249 -  - INFO - WEIBO CARDS FOUND
2019-12-29 21:49:37,264 -  - INFO - PARSE ERROR: 0
2019-12-29 21:49:37,432 -  - INFO - PARSED: 1 POSITIVE: 0.013681964742299546
2019-12-29 21:49:37,579 -  - INFO - PARSED: 2 POSITIVE: 0.8586533355066691
2019-12-29 21:49:37,741 -  - INFO - PARSED: 3 POSITIVE: 0.297744579690575
2019-12-29 21:49:37,757 -  - INFO - PARSE ERROR: 4
2019-12-29 21:49:37,897 -  - INFO - PARSED: 5 POSITIVE: 0.9477746975904959
2019-12-29 21:49:38,009 -  - INFO - PARSED: 6 POSITIVE: 0.9477746975904959
2019-12-29 21:49:38,024 -  - INFO - PARSE ERROR: 7
2019-12-29 21:49:38,034 -  - INFO - PARSE ERROR: 8
2019-12-29 21:49:38,044 -  - INFO - PARSE ERROR: 9
2019-12-29 21:49:38,055 -  - INFO - PARSE ERROR: 10
2019-12-29 21:49:38,066 -  - INFO - PARSE ERROR: 11
2019-12-29 21:49:38,078 -  - INFO - PARSE ERROR: 12
2019-12-29 21:49:38,089 -  - INFO - PARSE ERROR: 13
2019-12-29 21:49:38,103 -  - INFO - PARSE ERROR: 14
2019-12-29 21:49:38,236 -  - INFO - PARSED: 15 POSITIVE: 0.02998771134137468
2019-12-29 21:49:38,329 -  - INFO - PARSED: 16 POSITIVE: 0.02998771134137468
2019-12-29 21:49:38,452 -  - INFO - PARSED: 17 POSITIVE: 0.6960975049374316
2019-12-29 21:49:38,578 -  - INFO - PARSED: 18 POSITIVE: 0.868961022236476
2019-12-29 21:49:38,732 -  - INFO - PARSED: 19 POSITIVE: 0.0413894890634835
2019-12-29 21:49:38,901 -  - INFO - PARSED: 20 POSITIVE: 0.03198225183464398
2019-12-29 21:49:39,034 -  - INFO - PARSED: 21 POSITIVE: 0.9593917329326557
2019-12-29 21:49:39,164 -  - INFO - PARSED: 22 POSITIVE: 0.6755707864739937
2019-12-29 21:49:39,286 -  - INFO - PARSED: 23 POSITIVE: 0.015369988881856589
2019-12-29 21:49:39,405 -  - INFO - PARSED: 24 POSITIVE: 0.012978330930102255
2019-12-29 21:49:39,523 -  - INFO - PARSED: 25 POSITIVE: 0.05899252226857932
2019-12-29 21:49:39,663 -  - INFO - PARSED: 26 POSITIVE: 0.11745845628636042
2019-12-29 21:49:39,797 -  - INFO - PARSED: 27 POSITIVE: 0.998960418836034
2019-12-29 21:49:39,962 -  - INFO - PARSED: 28 POSITIVE: 0.003533288168303783
2019-12-29 21:49:40,122 -  - INFO - PARSED: 29 POSITIVE: 0.007777848247957686
2019-12-29 21:49:40,292 -  - INFO - PARSED: 30 POSITIVE: 0.006260879672977282
2019-12-29 21:49:40,425 -  - INFO - PARSED: 31 POSITIVE: 0.10340952689020644
2019-12-29 21:49:40,573 -  - INFO - PARSED: 32 POSITIVE: 0.04217510961332405
2019-12-29 21:49:40,695 -  - INFO - PARSED: 33 POSITIVE: 0.06448983110375939
2019-12-29 21:49:40,813 -  - INFO - PARSED: 34 POSITIVE: 0.39264658793889207
2019-12-29 21:49:40,950 -  - INFO - PARSED: 35 POSITIVE: 0.34379133277575535
2019-12-29 21:49:41,113 -  - INFO - PARSED: 36 POSITIVE: 0.24791043690494163
2019-12-29 21:49:41,249 -  - INFO - PARSED: 37 POSITIVE: 0.9849266095245156
2019-12-29 21:49:41,376 -  - INFO - PARSED: 38 POSITIVE: 0.25210024356485905
2019-12-29 21:49:41,510 -  - INFO - PARSED: 39 POSITIVE: 0.4862236574032621
2019-12-29 21:49:41,660 -  - INFO - PARSED: 40 POSITIVE: 0.006348872358306834
2019-12-29 21:49:41,802 -  - INFO - PARSED: 41 POSITIVE: 0.18460234305544843
2019-12-29 21:49:41,948 -  - INFO - PARSED: 42 POSITIVE: 0.4328742826269921
2019-12-29 21:49:42,087 -  - INFO - PARSED: 43 POSITIVE: 0.0028305614102549503
2019-12-29 21:49:42,228 -  - INFO - PARSED: 44 POSITIVE: 0.02776000182968763
2019-12-29 21:49:42,362 -  - INFO - PARSED: 45 POSITIVE: 0.02772172451755439
2019-12-29 21:49:42,504 -  - INFO - PARSED: 46 POSITIVE: 0.009881828150824945
2019-12-29 21:49:42,638 -  - INFO - PARSED: 47 POSITIVE: 0.27183600681312725
2019-12-29 21:49:42,768 -  - INFO - PARSED: 48 POSITIVE: 0.0009306800354683675
2019-12-29 21:49:42,901 -  - INFO - PARSED: 49 POSITIVE: 0.42007565060413243
2019-12-29 21:49:43,057 -  - INFO - PARSED: 50 POSITIVE: 0.5859798530344463
2019-12-29 21:49:43,212 -  - INFO - PARSED: 51 POSITIVE: 0.15940153688529457
2019-12-29 21:49:43,361 -  - INFO - PARSED: 52 POSITIVE: 0.9985178419102451
2019-12-29 21:49:43,528 -  - INFO - PARSED: 53 POSITIVE: 0.013681964742299546
2019-12-29 21:49:43,678 -  - INFO - PARSED: 54 POSITIVE: 0.1423798604635622
2019-12-29 21:49:43,880 -  - INFO - TOPIC: #6万辆共享单车挤爆两大停车场# FETCHED TIME-USED: 10.20697808265686
2019-12-29 21:49:44,104 -  - INFO - REACH WEIBO
2019-12-29 21:49:45,348 -  - INFO - SEARCHED TOPIC: #CGTN记者揭西方涉疆涉恐双重标准#
2019-12-29 21:49:45,349 -  - INFO - SCROLLING: 0 WAIT: 0.1
2019-12-29 21:49:45,452 -  - INFO - SCROLLING: 1 WAIT: 0.1
2019-12-29 21:49:45,559 -  - INFO - SCROLLING: 2 WAIT: 0.1
2019-12-29 21:49:45,668 -  - INFO - SCROLLING: 3 WAIT: 0.1
2019-12-29 21:49:45,774 -  - INFO - SCROLLING: 4 WAIT: 0.1
2019-12-29 21:49:45,885 -  - INFO - SCROLLING: 5 WAIT: 0.1
2019-12-29 21:49:45,992 -  - INFO - SCROLLING: 6 WAIT: 0.1
2019-12-29 21:49:46,100 -  - INFO - SCROLLING: 7 WAIT: 0.1
2019-12-29 21:49:46,208 -  - INFO - SCROLLING: 8 WAIT: 0.1
2019-12-29 21:49:46,314 -  - INFO - SCROLLING: 9 WAIT: 0.1
2019-12-29 21:49:47,429 -  - INFO - WEIBO CARDS FOUND
2019-12-29 21:49:47,443 -  - INFO - PARSE ERROR: 0
2019-12-29 21:49:47,609 -  - INFO - PARSED: 1 POSITIVE: 0.9999974900657612
2019-12-29 21:49:47,764 -  - INFO - PARSED: 2 POSITIVE: 0.9999013696811999
2019-12-29 21:49:47,916 -  - INFO - PARSED: 3 POSITIVE: 0.9997904821777664
2019-12-29 21:49:48,071 -  - INFO - PARSED: 4 POSITIVE: 0.9994212141166674
2019-12-29 21:49:48,193 -  - INFO - PARSED: 5 POSITIVE: 0.9994212141166674
2019-12-29 21:49:48,208 -  - INFO - PARSE ERROR: 6
2019-12-29 21:49:48,222 -  - INFO - PARSE ERROR: 7
2019-12-29 21:49:48,235 -  - INFO - PARSE ERROR: 8
2019-12-29 21:49:48,246 -  - INFO - PARSE ERROR: 9
2019-12-29 21:49:48,257 -  - INFO - PARSE ERROR: 10
2019-12-29 21:49:48,270 -  - INFO - PARSE ERROR: 11
2019-12-29 21:49:48,283 -  - INFO - PARSE ERROR: 12
2019-12-29 21:49:48,295 -  - INFO - PARSE ERROR: 13
2019-12-29 21:49:48,424 -  - INFO - PARSED: 14 POSITIVE: 0.9272271483073402
2019-12-29 21:49:48,523 -  - INFO - PARSED: 15 POSITIVE: 0.9272271483073402
2019-12-29 21:49:48,661 -  - INFO - PARSED: 16 POSITIVE: 0.995094916668133
2019-12-29 21:49:48,794 -  - INFO - PARSED: 17 POSITIVE: 0.6844375232070068
2019-12-29 21:49:48,937 -  - INFO - PARSED: 18 POSITIVE: 0.9956694016112727
2019-12-29 21:49:48,952 -  - INFO - PARSE ERROR: 19
2019-12-29 21:49:49,106 -  - INFO - PARSED: 20 POSITIVE: 0.00576964073774322
2019-12-29 21:49:49,238 -  - INFO - PARSED: 21 POSITIVE: 0.6620970137734069
2019-12-29 21:49:49,386 -  - INFO - PARSED: 22 POSITIVE: 0.9999998942003506
2019-12-29 21:49:49,401 -  - INFO - PARSE ERROR: 23
2019-12-29 21:49:49,415 -  - INFO - PARSE ERROR: 24
2019-12-29 21:49:49,426 -  - INFO - PARSE ERROR: 25
2019-12-29 21:49:49,563 -  - INFO - PARSED: 26 POSITIVE: 0.07966597187552438
2019-12-29 21:49:49,704 -  - INFO - PARSED: 27 POSITIVE: 0.7960025780277564
2019-12-29 21:49:49,839 -  - INFO - PARSED: 28 POSITIVE: 0.8952340359218026
2019-12-29 21:49:49,993 -  - INFO - PARSED: 29 POSITIVE: 0.9999999997668918
2019-12-29 21:49:50,133 -  - INFO - PARSED: 30 POSITIVE: 0.9275697173303142
2019-12-29 21:49:50,259 -  - INFO - PARSED: 31 POSITIVE: 0.5573424482464294
2019-12-29 21:49:50,392 -  - INFO - PARSED: 32 POSITIVE: 0.9177972289046026
2019-12-29 21:49:50,539 -  - INFO - PARSED: 33 POSITIVE: 0.999999999979513
2019-12-29 21:49:50,693 -  - INFO - PARSED: 34 POSITIVE: 0.9999999696674744
2019-12-29 21:49:50,833 -  - INFO - PARSED: 35 POSITIVE: 0.999620871247857
2019-12-29 21:49:50,967 -  - INFO - PARSED: 36 POSITIVE: 0.9899561314191639
2019-12-29 21:49:51,121 -  - INFO - PARSED: 37 POSITIVE: 0.999764536554934
2019-12-29 21:49:51,273 -  - INFO - PARSED: 38 POSITIVE: 0.0034327009315203716
2019-12-29 21:49:51,409 -  - INFO - PARSED: 39 POSITIVE: 0.8817879615730301
2019-12-29 21:49:51,555 -  - INFO - PARSED: 40 POSITIVE: 0.9966232161464404
2019-12-29 21:49:51,708 -  - INFO - PARSED: 41 POSITIVE: 0.8281002006063435
2019-12-29 21:49:51,925 -  - INFO - TOPIC: #CGTN记者揭西方涉疆涉恐双重标准# FETCHED TIME-USED: 8.044092416763306
2019-12-29 21:49:52,113 -  - INFO - REACH WEIBO
2019-12-29 21:49:53,383 -  - INFO - SEARCHED TOPIC: #富士山的雪#
2019-12-29 21:49:53,384 -  - INFO - SCROLLING: 0 WAIT: 0.1
2019-12-29 21:49:53,491 -  - INFO - SCROLLING: 1 WAIT: 0.1
2019-12-29 21:49:53,599 -  - INFO - SCROLLING: 2 WAIT: 0.1
2019-12-29 21:49:53,704 -  - INFO - SCROLLING: 3 WAIT: 0.1
2019-12-29 21:49:53,914 -  - INFO - SCROLLING: 4 WAIT: 0.1
2019-12-29 21:49:54,019 -  - INFO - SCROLLING: 5 WAIT: 0.1
2019-12-29 21:49:54,125 -  - INFO - SCROLLING: 6 WAIT: 0.1
2019-12-29 21:49:54,231 -  - INFO - SCROLLING: 7 WAIT: 0.1
2019-12-29 21:49:54,336 -  - INFO - SCROLLING: 8 WAIT: 0.1
2019-12-29 21:49:54,442 -  - INFO - SCROLLING: 9 WAIT: 0.1
2019-12-29 21:49:55,628 -  - INFO - WEIBO CARDS FOUND
2019-12-29 21:49:55,791 -  - INFO - PARSED: 0 POSITIVE: 0.939333453314103
2019-12-29 21:49:55,962 -  - INFO - PARSED: 1 POSITIVE: 0.9888660310552482
2019-12-29 21:49:56,093 -  - INFO - PARSED: 2 POSITIVE: 0.8397822529363088
2019-12-29 21:49:56,184 -  - INFO - PARSED: 3 POSITIVE: 0.8397822529363088
2019-12-29 21:49:56,197 -  - INFO - PARSE ERROR: 4
2019-12-29 21:49:56,209 -  - INFO - PARSE ERROR: 5
2019-12-29 21:49:56,219 -  - INFO - PARSE ERROR: 6
2019-12-29 21:49:56,232 -  - INFO - PARSE ERROR: 7
2019-12-29 21:49:56,244 -  - INFO - PARSE ERROR: 8
2019-12-29 21:49:56,255 -  - INFO - PARSE ERROR: 9
2019-12-29 21:49:56,267 -  - INFO - PARSE ERROR: 10
2019-12-29 21:49:56,392 -  - INFO - PARSED: 11 POSITIVE: 0.39549714318545615
2019-12-29 21:49:56,491 -  - INFO - PARSED: 12 POSITIVE: 0.39549714318545615
2019-12-29 21:49:56,613 -  - INFO - PARSED: 13 POSITIVE: 0.9661271551401215
2019-12-29 21:49:56,768 -  - INFO - PARSED: 14 POSITIVE: 0.9832271615518752
2019-12-29 21:49:56,904 -  - INFO - PARSED: 15 POSITIVE: 0.9915069204590505
2019-12-29 21:49:57,056 -  - INFO - PARSED: 16 POSITIVE: 0.48304106902844923
2019-12-29 21:49:57,195 -  - INFO - PARSED: 17 POSITIVE: 0.8616661159009226
2019-12-29 21:49:57,326 -  - INFO - PARSED: 18 POSITIVE: 0.9412393140152493
2019-12-29 21:49:57,459 -  - INFO - PARSED: 19 POSITIVE: 0.9995575194995943
2019-12-29 21:49:57,579 -  - INFO - PARSED: 20 POSITIVE: 0.4170778367853337
2019-12-29 21:49:57,702 -  - INFO - PARSED: 21 POSITIVE: 0.31093587108794596
2019-12-29 21:49:57,715 -  - INFO - PARSE ERROR: 22
2019-12-29 21:49:57,729 -  - INFO - PARSE ERROR: 23
2019-12-29 21:49:57,740 -  - INFO - PARSE ERROR: 24
2019-12-29 21:49:57,883 -  - INFO - PARSED: 25 POSITIVE: 0.9410582655281982
2019-12-29 21:49:58,008 -  - INFO - PARSED: 26 POSITIVE: 0.679203359175837
2019-12-29 21:49:58,132 -  - INFO - PARSED: 27 POSITIVE: 0.7956538878975948
2019-12-29 21:49:58,257 -  - INFO - PARSED: 28 POSITIVE: 0.032063482360297435
2019-12-29 21:49:58,389 -  - INFO - PARSED: 29 POSITIVE: 0.6882834257956024
2019-12-29 21:49:58,527 -  - INFO - PARSED: 30 POSITIVE: 0.9998406786543174
2019-12-29 21:49:58,673 -  - INFO - PARSED: 31 POSITIVE: 0.7410033309009361
2019-12-29 21:49:58,685 -  - INFO - PARSE ERROR: 32
2019-12-29 21:49:58,896 -  - INFO - PARSED: 33 POSITIVE: 0.6012595603720441
2019-12-29 21:49:59,031 -  - INFO - PARSED: 34 POSITIVE: 0.07999820042255934
2019-12-29 21:49:59,171 -  - INFO - PARSED: 35 POSITIVE: 0.8362914556789541
2019-12-29 21:49:59,299 -  - INFO - PARSED: 36 POSITIVE: 0.21811559087293197
2019-12-29 21:49:59,428 -  - INFO - PARSED: 37 POSITIVE: 0.26751355268365995
2019-12-29 21:49:59,565 -  - INFO - PARSED: 38 POSITIVE: 0.9898145892690992
2019-12-29 21:49:59,709 -  - INFO - PARSED: 39 POSITIVE: 0.9999999999926326
2019-12-29 21:49:59,869 -  - INFO - PARSED: 40 POSITIVE: 0.557860363569149
2019-12-29 21:50:00,004 -  - INFO - PARSED: 41 POSITIVE: 0.2546672230444261
2019-12-29 21:50:00,157 -  - INFO - PARSED: 42 POSITIVE: 0.9999999202123159
2019-12-29 21:50:00,291 -  - INFO - PARSED: 43 POSITIVE: 0.9974794155326466
2019-12-29 21:50:00,404 -  - INFO - PARSED: 44 POSITIVE: 0.2709364298190917
2019-12-29 21:50:00,524 -  - INFO - PARSED: 45 POSITIVE: 0.21098216386577384
2019-12-29 21:50:00,653 -  - INFO - PARSED: 46 POSITIVE: 0.21098216386577384
2019-12-29 21:50:00,769 -  - INFO - PARSED: 47 POSITIVE: 0.7082707188286613
2019-12-29 21:50:00,890 -  - INFO - PARSED: 48 POSITIVE: 0.15837130365106566
2019-12-29 21:50:01,014 -  - INFO - PARSED: 49 POSITIVE: 0.19921331189741942
2019-12-29 21:50:01,144 -  - INFO - PARSED: 50 POSITIVE: 0.7600614765040145
2019-12-29 21:50:01,273 -  - INFO - PARSED: 51 POSITIVE: 0.9659612496929271
2019-12-29 21:50:01,285 -  - INFO - PARSE ERROR: 52
2019-12-29 21:50:01,422 -  - INFO - PARSED: 53 POSITIVE: 0.04834779771169939
2019-12-29 21:50:01,577 -  - INFO - PARSED: 54 POSITIVE: 0.011479558519544741
2019-12-29 21:50:01,725 -  - INFO - PARSED: 55 POSITIVE: 0.9410394143333715
2019-12-29 21:50:01,864 -  - INFO - PARSED: 56 POSITIVE: 0.9703286391448058
2019-12-29 21:50:02,063 -  - INFO - TOPIC: #富士山的雪# FETCHED TIME-USED: 10.136619329452515
2019-12-29 21:50:02,286 -  - INFO - REACH WEIBO
2019-12-29 21:50:03,575 -  - INFO - SEARCHED TOPIC: #孟美岐跳舞时把脚崴了#
2019-12-29 21:50:03,575 -  - INFO - SCROLLING: 0 WAIT: 0.1
2019-12-29 21:50:03,683 -  - INFO - SCROLLING: 1 WAIT: 0.1
2019-12-29 21:50:03,787 -  - INFO - SCROLLING: 2 WAIT: 0.1
2019-12-29 21:50:03,893 -  - INFO - SCROLLING: 3 WAIT: 0.1
2019-12-29 21:50:03,999 -  - INFO - SCROLLING: 4 WAIT: 0.1
2019-12-29 21:50:04,194 -  - INFO - SCROLLING: 5 WAIT: 0.1
2019-12-29 21:50:04,299 -  - INFO - SCROLLING: 6 WAIT: 0.1
2019-12-29 21:50:04,404 -  - INFO - SCROLLING: 7 WAIT: 0.1
2019-12-29 21:50:04,577 -  - INFO - SCROLLING: 8 WAIT: 0.1
2019-12-29 21:50:04,682 -  - INFO - SCROLLING: 9 WAIT: 0.1
2019-12-29 21:50:05,798 -  - INFO - WEIBO CARDS FOUND
2019-12-29 21:50:05,944 -  - INFO - PARSED: 0 POSITIVE: 0.20630084897189283
2019-12-29 21:50:06,103 -  - INFO - PARSED: 1 POSITIVE: 0.9901793366098929
2019-12-29 21:50:06,230 -  - INFO - PARSED: 2 POSITIVE: 0.9933665351073884
2019-12-29 21:50:06,320 -  - INFO - PARSED: 3 POSITIVE: 0.9933665351073884
2019-12-29 21:50:06,331 -  - INFO - PARSE ERROR: 4
2019-12-29 21:50:06,492 -  - INFO - PARSED: 5 POSITIVE: 0.9999999989994037
2019-12-29 21:50:06,504 -  - INFO - PARSE ERROR: 6
2019-12-29 21:50:06,630 -  - INFO - PARSED: 7 POSITIVE: 0.9999999989994037
2019-12-29 21:50:06,644 -  - INFO - PARSE ERROR: 8
2019-12-29 21:50:06,656 -  - INFO - PARSE ERROR: 9
2019-12-29 21:50:06,668 -  - INFO - PARSE ERROR: 10
2019-12-29 21:50:06,681 -  - INFO - PARSE ERROR: 11
2019-12-29 21:50:06,693 -  - INFO - PARSE ERROR: 12
2019-12-29 21:50:06,705 -  - INFO - PARSE ERROR: 13
2019-12-29 21:50:06,716 -  - INFO - PARSE ERROR: 14
2019-12-29 21:50:06,727 -  - INFO - PARSE ERROR: 15
2019-12-29 21:50:06,739 -  - INFO - PARSE ERROR: 16
2019-12-29 21:50:06,752 -  - INFO - PARSE ERROR: 17
2019-12-29 21:50:06,917 -  - INFO - PARSED: 18 POSITIVE: 0.720509766978385
2019-12-29 21:50:07,017 -  - INFO - PARSED: 19 POSITIVE: 0.720509766978385
2019-12-29 21:50:07,169 -  - INFO - PARSED: 20 POSITIVE: 0.8770623976749636
2019-12-29 21:50:07,314 -  - INFO - PARSED: 21 POSITIVE: 0.9999705962867358
2019-12-29 21:50:07,453 -  - INFO - PARSED: 22 POSITIVE: 0.8975085508712053
2019-12-29 21:50:07,577 -  - INFO - PARSED: 23 POSITIVE: 0.999122060256561
2019-12-29 21:50:07,715 -  - INFO - PARSED: 24 POSITIVE: 0.14827700287480405
2019-12-29 21:50:07,850 -  - INFO - PARSED: 25 POSITIVE: 0.9900405757734927
2019-12-29 21:50:07,984 -  - INFO - PARSED: 26 POSITIVE: 0.9909448977834135
2019-12-29 21:50:08,121 -  - INFO - PARSED: 27 POSITIVE: 0.6980129133036165
2019-12-29 21:50:08,264 -  - INFO - PARSED: 28 POSITIVE: 0.999610940002367
2019-12-29 21:50:08,400 -  - INFO - PARSED: 29 POSITIVE: 0.9999248038285948
2019-12-29 21:50:08,600 -  - INFO - PARSED: 30 POSITIVE: 0.9999424312842041
2019-12-29 21:50:08,750 -  - INFO - PARSED: 31 POSITIVE: 0.999999289526177
2019-12-29 21:50:08,884 -  - INFO - PARSED: 32 POSITIVE: 0.9994656902329355
2019-12-29 21:50:09,021 -  - INFO - PARSED: 33 POSITIVE: 0.9925736123352429
2019-12-29 21:50:09,153 -  - INFO - PARSED: 34 POSITIVE: 0.7408250904018747
2019-12-29 21:50:09,295 -  - INFO - PARSED: 35 POSITIVE: 0.12177613848418933
2019-12-29 21:50:09,432 -  - INFO - PARSED: 36 POSITIVE: 0.999985136483614
2019-12-29 21:50:09,572 -  - INFO - PARSED: 37 POSITIVE: 0.9999321268844032
2019-12-29 21:50:09,712 -  - INFO - PARSED: 38 POSITIVE: 0.9867660075434502
2019-12-29 21:50:09,877 -  - INFO - PARSED: 39 POSITIVE: 0.9984312539841242
2019-12-29 21:50:10,011 -  - INFO - PARSED: 40 POSITIVE: 0.9086688590182672
2019-12-29 21:50:10,145 -  - INFO - PARSED: 41 POSITIVE: 0.7226349022403235
2019-12-29 21:50:10,278 -  - INFO - PARSED: 42 POSITIVE: 0.9888037357901882
2019-12-29 21:50:10,459 -  - INFO - PARSED: 43 POSITIVE: 0.9997873178255068
2019-12-29 21:50:10,592 -  - INFO - PARSED: 44 POSITIVE: 0.5239305567847325
2019-12-29 21:50:10,729 -  - INFO - PARSED: 45 POSITIVE: 0.9985797156432804
2019-12-29 21:50:10,864 -  - INFO - PARSED: 46 POSITIVE: 0.9481826820519097
2019-12-29 21:50:10,995 -  - INFO - PARSED: 47 POSITIVE: 0.9481826820519097
2019-12-29 21:50:11,138 -  - INFO - PARSED: 48 POSITIVE: 0.9848554981860127
2019-12-29 21:50:11,288 -  - INFO - PARSED: 49 POSITIVE: 0.9810150113191228
2019-12-29 21:50:11,421 -  - INFO - PARSED: 50 POSITIVE: 0.324246678708235
2019-12-29 21:50:11,574 -  - INFO - PARSED: 51 POSITIVE: 0.0003999968217617278
2019-12-29 21:50:11,733 -  - INFO - PARSED: 52 POSITIVE: 0.9966251926067465
2019-12-29 21:50:11,868 -  - INFO - PARSED: 53 POSITIVE: 0.9966428554993283
2019-12-29 21:50:12,008 -  - INFO - PARSED: 54 POSITIVE: 0.992922394267003
2019-12-29 21:50:12,161 -  - INFO - PARSED: 55 POSITIVE: 0.7523125877511695
2019-12-29 21:50:12,390 -  - INFO - TOPIC: #孟美岐跳舞时把脚崴了# FETCHED TIME-USED: 10.326177597045898
2019-12-29 21:50:12,650 -  - INFO - REACH WEIBO
2019-12-29 21:50:13,872 -  - INFO - SEARCHED TOPIC: #北方多地将在瑟瑟发抖中结束2019年#
2019-12-29 21:50:13,873 -  - INFO - SCROLLING: 0 WAIT: 0.1
2019-12-29 21:50:13,978 -  - INFO - SCROLLING: 1 WAIT: 0.1
2019-12-29 21:50:14,083 -  - INFO - SCROLLING: 2 WAIT: 0.1
2019-12-29 21:50:14,188 -  - INFO - SCROLLING: 3 WAIT: 0.1
2019-12-29 21:50:14,292 -  - INFO - SCROLLING: 4 WAIT: 0.1
2019-12-29 21:50:14,397 -  - INFO - SCROLLING: 5 WAIT: 0.1
2019-12-29 21:50:14,502 -  - INFO - SCROLLING: 6 WAIT: 0.1
2019-12-29 21:50:14,610 -  - INFO - SCROLLING: 7 WAIT: 0.1
2019-12-29 21:50:14,721 -  - INFO - SCROLLING: 8 WAIT: 0.1
2019-12-29 21:50:14,828 -  - INFO - SCROLLING: 9 WAIT: 0.1
2019-12-29 21:50:16,020 -  - INFO - WEIBO CARDS FOUND
2019-12-29 21:50:16,036 -  - INFO - PARSE ERROR: 0
2019-12-29 21:50:16,207 -  - INFO - PARSED: 1 POSITIVE: 0.001612501922770182
2019-12-29 21:50:16,350 -  - INFO - PARSED: 2 POSITIVE: 0.0002484130152519137
2019-12-29 21:50:16,489 -  - INFO - PARSED: 3 POSITIVE: 0.014036748234615759
2019-12-29 21:50:16,583 -  - INFO - PARSED: 4 POSITIVE: 0.014036748234615759
2019-12-29 21:50:16,595 -  - INFO - PARSE ERROR: 5
2019-12-29 21:50:16,609 -  - INFO - PARSE ERROR: 6
2019-12-29 21:50:16,620 -  - INFO - PARSE ERROR: 7
2019-12-29 21:50:16,633 -  - INFO - PARSE ERROR: 8
2019-12-29 21:50:16,646 -  - INFO - PARSE ERROR: 9
2019-12-29 21:50:16,782 -  - INFO - PARSED: 10 POSITIVE: 0.9793094416215252
2019-12-29 21:50:16,890 -  - INFO - PARSED: 11 POSITIVE: 0.9793094416215252
2019-12-29 21:50:17,026 -  - INFO - PARSED: 12 POSITIVE: 0.004884515840781423
2019-12-29 21:50:17,154 -  - INFO - PARSED: 13 POSITIVE: 0.8016474176403242
2019-12-29 21:50:17,298 -  - INFO - PARSED: 14 POSITIVE: 0.021366480042941283
2019-12-29 21:50:17,441 -  - INFO - PARSED: 15 POSITIVE: 0.8426474110192904
2019-12-29 21:50:17,579 -  - INFO - PARSED: 16 POSITIVE: 0.969955977525545
2019-12-29 21:50:17,709 -  - INFO - PARSED: 17 POSITIVE: 0.9060536510383542
2019-12-29 21:50:17,838 -  - INFO - PARSED: 18 POSITIVE: 0.18579165392014851
2019-12-29 21:50:17,972 -  - INFO - PARSED: 19 POSITIVE: 0.2872946465482644
2019-12-29 21:50:18,107 -  - INFO - PARSED: 20 POSITIVE: 0.021134347107230833
2019-12-29 21:50:18,236 -  - INFO - PARSED: 21 POSITIVE: 0.9395156691444065
2019-12-29 21:50:18,369 -  - INFO - PARSED: 22 POSITIVE: 0.9639344396049271
2019-12-29 21:50:18,498 -  - INFO - PARSED: 23 POSITIVE: 0.5655189029284035
2019-12-29 21:50:18,635 -  - INFO - PARSED: 24 POSITIVE: 0.3065970553343871
2019-12-29 21:50:18,767 -  - INFO - PARSED: 25 POSITIVE: 0.15909750211308238
2019-12-29 21:50:18,901 -  - INFO - PARSED: 26 POSITIVE: 0.14727957017782978
2019-12-29 21:50:19,028 -  - INFO - PARSED: 27 POSITIVE: 0.05856449356789428
2019-12-29 21:50:19,166 -  - INFO - PARSED: 28 POSITIVE: 0.009237165228900057
2019-12-29 21:50:19,297 -  - INFO - PARSED: 29 POSITIVE: 0.6377697676484045
2019-12-29 21:50:19,428 -  - INFO - PARSED: 30 POSITIVE: 0.147749440146152
2019-12-29 21:50:19,565 -  - INFO - PARSED: 31 POSITIVE: 0.3625910669918363
2019-12-29 21:50:19,710 -  - INFO - PARSED: 32 POSITIVE: 0.0856630882221514
2019-12-29 21:50:19,868 -  - INFO - PARSED: 33 POSITIVE: 0.07440389184281737
2019-12-29 21:50:19,984 -  - INFO - PARSED: 34 POSITIVE: 0.5533657070177793
2019-12-29 21:50:20,106 -  - INFO - PARSED: 35 POSITIVE: 0.35613474596490335
2019-12-29 21:50:20,241 -  - INFO - PARSED: 36 POSITIVE: 0.17710866601072062
2019-12-29 21:50:20,255 -  - INFO - PARSE ERROR: 37
2019-12-29 21:50:20,392 -  - INFO - PARSED: 38 POSITIVE: 0.00016578978286152513
2019-12-29 21:50:20,523 -  - INFO - PARSED: 39 POSITIVE: 0.7047149021017861
2019-12-29 21:50:20,659 -  - INFO - PARSED: 40 POSITIVE: 0.7716982556191673
2019-12-29 21:50:20,785 -  - INFO - PARSED: 41 POSITIVE: 0.0028202871270058827
2019-12-29 21:50:20,918 -  - INFO - PARSED: 42 POSITIVE: 0.9659349564221298
2019-12-29 21:50:21,051 -  - INFO - PARSED: 43 POSITIVE: 0.4372222091767388
2019-12-29 21:50:21,194 -  - INFO - PARSED: 44 POSITIVE: 0.0005207378358895731
2019-12-29 21:50:21,306 -  - INFO - PARSED: 45 POSITIVE: 0.17342263610827802
2019-12-29 21:50:21,453 -  - INFO - PARSED: 46 POSITIVE: 0.03497612601883404
2019-12-29 21:50:21,580 -  - INFO - PARSED: 47 POSITIVE: 0.6842398525184322
2019-12-29 21:50:21,721 -  - INFO - PARSED: 48 POSITIVE: 0.7362740363410742
2019-12-29 21:50:21,863 -  - INFO - PARSED: 49 POSITIVE: 0.4936187654542783
2019-12-29 21:50:21,987 -  - INFO - PARSED: 50 POSITIVE: 0.0005022251972077729
2019-12-29 21:50:22,194 -  - INFO - TOPIC: #北方多地将在瑟瑟发抖中结束2019年# FETCHED TIME-USED: 9.802664041519165
2019-12-29 21:50:22,435 -  - INFO - REACH WEIBO
2019-12-29 21:50:23,687 -  - INFO - SEARCHED TOPIC: #18名新兵收到46份神秘盒饭#
2019-12-29 21:50:23,688 -  - INFO - SCROLLING: 0 WAIT: 0.1
2019-12-29 21:50:23,819 -  - INFO - SCROLLING: 1 WAIT: 0.1
2019-12-29 21:50:23,924 -  - INFO - SCROLLING: 2 WAIT: 0.1
2019-12-29 21:50:24,035 -  - INFO - SCROLLING: 3 WAIT: 0.1
2019-12-29 21:50:24,184 -  - INFO - SCROLLING: 4 WAIT: 0.1
2019-12-29 21:50:24,289 -  - INFO - SCROLLING: 5 WAIT: 0.1
2019-12-29 21:50:24,396 -  - INFO - SCROLLING: 6 WAIT: 0.1
2019-12-29 21:50:24,501 -  - INFO - SCROLLING: 7 WAIT: 0.1
2019-12-29 21:50:24,607 -  - INFO - SCROLLING: 8 WAIT: 0.1
2019-12-29 21:50:24,712 -  - INFO - SCROLLING: 9 WAIT: 0.1
2019-12-29 21:50:25,835 -  - INFO - WEIBO CARDS FOUND
2019-12-29 21:50:25,857 -  - INFO - PARSE ERROR: 0
2019-12-29 21:50:26,046 -  - INFO - PARSED: 1 POSITIVE: 0.9999999999014884
2019-12-29 21:50:26,207 -  - INFO - PARSED: 2 POSITIVE: 0.9999999848677876
2019-12-29 21:50:26,340 -  - INFO - PARSED: 3 POSITIVE: 0.9961505277281975
2019-12-29 21:50:26,477 -  - INFO - PARSED: 4 POSITIVE: 0.9999993607029055
2019-12-29 21:50:26,583 -  - INFO - PARSED: 5 POSITIVE: 0.9999993607029055
2019-12-29 21:50:26,598 -  - INFO - PARSE ERROR: 6
2019-12-29 21:50:26,750 -  - INFO - PARSED: 7 POSITIVE: 0.9999964879871414
2019-12-29 21:50:26,763 -  - INFO - PARSE ERROR: 8
2019-12-29 21:50:26,890 -  - INFO - PARSED: 9 POSITIVE: 0.9999964879871414
2019-12-29 21:50:27,023 -  - INFO - PARSED: 10 POSITIVE: 0.9999894640354289
2019-12-29 21:50:27,036 -  - INFO - PARSE ERROR: 11
2019-12-29 21:50:27,045 -  - INFO - PARSE ERROR: 12
2019-12-29 21:50:27,055 -  - INFO - PARSE ERROR: 13
2019-12-29 21:50:27,067 -  - INFO - PARSE ERROR: 14
2019-12-29 21:50:27,079 -  - INFO - PARSE ERROR: 15
2019-12-29 21:50:27,197 -  - INFO - PARSED: 16 POSITIVE: 0.9999647293128286
2019-12-29 21:50:27,292 -  - INFO - PARSED: 17 POSITIVE: 0.9999647293128286
2019-12-29 21:50:27,423 -  - INFO - PARSED: 18 POSITIVE: 0.9991125924655848
2019-12-29 21:50:27,568 -  - INFO - PARSED: 19 POSITIVE: 0.9999976884795899
2019-12-29 21:50:27,686 -  - INFO - PARSED: 20 POSITIVE: 0.9761201929038151
2019-12-29 21:50:27,815 -  - INFO - PARSED: 21 POSITIVE: 0.3407233835776735
2019-12-29 21:50:27,946 -  - INFO - PARSED: 22 POSITIVE: 0.9999222551879939
2019-12-29 21:50:28,073 -  - INFO - PARSED: 23 POSITIVE: 0.9525420351736938
2019-12-29 21:50:28,201 -  - INFO - PARSED: 24 POSITIVE: 0.9999993607029055
2019-12-29 21:50:28,322 -  - INFO - PARSED: 25 POSITIVE: 0.9981969029280373
2019-12-29 21:50:28,450 -  - INFO - PARSED: 26 POSITIVE: 0.9980573705843435
2019-12-29 21:50:28,579 -  - INFO - PARSED: 27 POSITIVE: 0.9993680610724055
2019-12-29 21:50:28,717 -  - INFO - PARSED: 28 POSITIVE: 0.9967822993954011
2019-12-29 21:50:28,874 -  - INFO - PARSED: 29 POSITIVE: 0.9999999848677876
2019-12-29 21:50:29,026 -  - INFO - PARSED: 30 POSITIVE: 0.9994355652187347
2019-12-29 21:50:29,159 -  - INFO - PARSED: 31 POSITIVE: 0.9995885536526755
2019-12-29 21:50:29,297 -  - INFO - PARSED: 32 POSITIVE: 0.8212620875506754
2019-12-29 21:50:29,307 -  - INFO - PARSE ERROR: 33
2019-12-29 21:50:29,427 -  - INFO - PARSED: 34 POSITIVE: 0.9918531063684065
2019-12-29 21:50:29,555 -  - INFO - PARSED: 35 POSITIVE: 0.9920445968161423
2019-12-29 21:50:29,707 -  - INFO - PARSED: 36 POSITIVE: 0.9999894640354289
2019-12-29 21:50:29,857 -  - INFO - PARSED: 37 POSITIVE: 0.9931733177704503
2019-12-29 21:50:30,015 -  - INFO - PARSED: 38 POSITIVE: 0.6919964989449211
2019-12-29 21:50:30,140 -  - INFO - PARSED: 39 POSITIVE: 0.992256970109642
2019-12-29 21:50:30,266 -  - INFO - PARSED: 40 POSITIVE: 0.6660425575709299
2019-12-29 21:50:30,423 -  - INFO - PARSED: 41 POSITIVE: 0.999995900375682
2019-12-29 21:50:30,573 -  - INFO - PARSED: 42 POSITIVE: 0.9961505277281975
2019-12-29 21:50:30,702 -  - INFO - PARSED: 43 POSITIVE: 0.9994475617382544
2019-12-29 21:50:30,834 -  - INFO - PARSED: 44 POSITIVE: 0.9987385850286312
2019-12-29 21:50:30,968 -  - INFO - PARSED: 45 POSITIVE: 0.9998927412717944
2019-12-29 21:50:31,115 -  - INFO - PARSED: 46 POSITIVE: 0.9999998474339888
2019-12-29 21:50:31,286 -  - INFO - PARSED: 47 POSITIVE: 0.9999977277256473
2019-12-29 21:50:31,540 -  - INFO - TOPIC: #18名新兵收到46份神秘盒饭# FETCHED TIME-USED: 9.344767808914185
2019-12-29 21:50:31,758 -  - INFO - REACH WEIBO
2019-12-29 21:50:44,979 -  - INFO - REACH WEIBO
2019-12-29 21:50:58,209 -  - INFO - REACH WEIBO
2019-12-29 21:51:11,347 -  - INFO - REACH WEIBO
2019-12-29 21:51:24,578 -  - INFO - REACH WEIBO
2019-12-29 21:51:37,863 -  - INFO - REACH WEIBO
2019-12-29 21:51:51,096 -  - INFO - REACH WEIBO
2019-12-29 21:52:04,354 -  - INFO - REACH WEIBO
2019-12-29 21:52:17,615 -  - INFO - REACH WEIBO
2019-12-29 21:52:30,946 -  - INFO - REACH WEIBO
2019-12-29 21:52:44,162 -  - INFO - REACH WEIBO
2019-12-29 21:52:57,386 -  - INFO - REACH WEIBO
2019-12-29 21:53:10,626 -  - INFO - REACH WEIBO
2019-12-29 21:53:23,888 -  - INFO - REACH WEIBO
2019-12-29 21:53:37,188 -  - INFO - REACH WEIBO
2019-12-29 21:53:50,421 -  - INFO - REACH WEIBO
2019-12-29 21:54:03,642 -  - INFO - REACH WEIBO
2019-12-29 21:54:19,684 -  - INFO - REACH WEIBO
2019-12-29 21:54:33,052 -  - INFO - REACH WEIBO
2019-12-29 21:54:46,182 -  - INFO - REACH WEIBO
