2019-12-31 22:08:28,374 -  - INFO - REACH WEIBO
2019-12-31 22:08:29,692 -  - INFO - REACH WEIBO HOT RANK PAGE
2019-12-31 22:08:30,709 -  - INFO - FETCH HOTLIST WITH LENGTH: 67
2019-12-31 22:08:30,709 -  - INFO - HOT RANK PARSED
2019-12-31 22:08:31,112 -  - INFO - HOT RANK SAVED TO MONGODB
2019-12-31 22:08:31,560 -  - INFO - REACH WEIBO
2019-12-31 22:08:33,907 -  - INFO - SEARCHED TOPIC: #2019年中国体育创16项世界纪录#
2019-12-31 22:08:34,932 -  - INFO - WEIBO CARDS FOUND
2019-12-31 22:08:35,093 -  - INFO - PARSED: 0 POSITIVE: 0.9999999887472343
2019-12-31 22:08:35,904 -  - INFO - PARSE ERROR: 1
2019-12-31 22:08:36,051 -  - INFO - PARSED: 2 POSITIVE: 0.9999999887472343
2019-12-31 22:08:36,159 -  - INFO - PARSED: 3 POSITIVE: 0.9999999887472343
2019-12-31 22:08:36,292 -  - INFO - PARSED: 4 POSITIVE: 0.9999999887472343
2019-12-31 22:08:36,419 -  - INFO - PARSED: 5 POSITIVE: 0.9999999887472343
2019-12-31 22:08:36,528 -  - INFO - PARSED: 6 POSITIVE: 0.6183335034010714
2019-12-31 22:08:36,669 -  - INFO - PARSED: 7 POSITIVE: 0.9998285036433477
2019-12-31 22:08:36,913 -  - INFO - TOPIC: #2019年中国体育创16项世界纪录# FETCHED TIME-USED: 4.721516132354736
2019-12-31 22:08:40,665 -  - INFO - SEARCHED TOPIC: #谢娜的主持#
2019-12-31 22:08:41,677 -  - INFO - WEIBO CARDS FOUND
2019-12-31 22:08:41,817 -  - INFO - PARSED: 0 POSITIVE: 0.08883534374385094
2019-12-31 22:08:41,964 -  - INFO - PARSED: 1 POSITIVE: 0.9999986865697519
2019-12-31 22:08:41,979 -  - INFO - PARSE ERROR: 2
2019-12-31 22:08:42,117 -  - INFO - PARSED: 3 POSITIVE: 0.999985242265785
2019-12-31 22:08:42,227 -  - INFO - PARSED: 4 POSITIVE: 0.999985242265785
2019-12-31 22:08:42,240 -  - INFO - PARSE ERROR: 5
2019-12-31 22:08:42,366 -  - INFO - PARSED: 6 POSITIVE: 0.999942212206793
2019-12-31 22:08:42,533 -  - INFO - PARSED: 7 POSITIVE: 0.9998568870409553
2019-12-31 22:08:42,545 -  - INFO - PARSE ERROR: 8
2019-12-31 22:08:42,673 -  - INFO - PARSED: 9 POSITIVE: 0.9998568870409553
2019-12-31 22:08:42,818 -  - INFO - PARSED: 10 POSITIVE: 0.9999988187699513
2019-12-31 22:08:42,832 -  - INFO - PARSE ERROR: 11
2019-12-31 22:08:42,844 -  - INFO - PARSE ERROR: 12
2019-12-31 22:08:42,857 -  - INFO - PARSE ERROR: 13
2019-12-31 22:08:42,869 -  - INFO - PARSE ERROR: 14
2019-12-31 22:08:42,880 -  - INFO - PARSE ERROR: 15
2019-12-31 22:08:42,892 -  - INFO - PARSE ERROR: 16
2019-12-31 22:08:42,902 -  - INFO - PARSE ERROR: 17
2019-12-31 22:08:42,916 -  - INFO - PARSE ERROR: 18
2019-12-31 22:08:42,927 -  - INFO - PARSE ERROR: 19
2019-12-31 22:08:42,940 -  - INFO - PARSE ERROR: 20
2019-12-31 22:08:42,953 -  - INFO - PARSE ERROR: 21
2019-12-31 22:08:42,965 -  - INFO - PARSE ERROR: 22
2019-12-31 22:08:43,116 -  - INFO - PARSED: 23 POSITIVE: 0.9928921243945044
2019-12-31 22:08:43,221 -  - INFO - PARSED: 24 POSITIVE: 0.9928921243945044
2019-12-31 22:08:43,335 -  - INFO - PARSED: 25 POSITIVE: 0.007586676077081966
2019-12-31 22:08:43,456 -  - INFO - PARSED: 26 POSITIVE: 0.12410453253105069
2019-12-31 22:08:43,604 -  - INFO - PARSED: 27 POSITIVE: 0.9461722014587923
2019-12-31 22:08:43,759 -  - INFO - PARSED: 28 POSITIVE: 0.9999676123238768
2019-12-31 22:08:43,885 -  - INFO - PARSED: 29 POSITIVE: 1.6846922391677843e-05
2019-12-31 22:08:44,013 -  - INFO - PARSED: 30 POSITIVE: 0.0004120838355265999
2019-12-31 22:08:44,178 -  - INFO - PARSED: 31 POSITIVE: 0.012826933018484699
2019-12-31 22:08:44,315 -  - INFO - PARSED: 32 POSITIVE: 0.9998900182437931
2019-12-31 22:08:44,588 -  - INFO - TOPIC: #谢娜的主持# FETCHED TIME-USED: 5.627418041229248
2019-12-31 22:08:49,356 -  - INFO - SEARCHED TOPIC: #跨年#
2019-12-31 22:08:50,385 -  - INFO - WEIBO CARDS FOUND
2019-12-31 22:08:50,401 -  - INFO - PARSE ERROR: 0
2019-12-31 22:08:50,414 -  - INFO - PARSE ERROR: 1
2019-12-31 22:08:50,596 -  - INFO - PARSED: 2 POSITIVE: 0.9999601342810476
2019-12-31 22:08:50,797 -  - INFO - PARSED: 3 POSITIVE: 0.8407757142709475
2019-12-31 22:08:50,809 -  - INFO - PARSE ERROR: 4
2019-12-31 22:08:50,820 -  - INFO - PARSE ERROR: 5
2019-12-31 22:08:50,933 -  - INFO - PARSED: 6 POSITIVE: 0.191551058663034
2019-12-31 22:08:51,073 -  - INFO - PARSED: 7 POSITIVE: 0.9000043608635899
2019-12-31 22:08:51,209 -  - INFO - PARSED: 8 POSITIVE: 0.999993946853423
2019-12-31 22:08:51,305 -  - INFO - PARSED: 9 POSITIVE: 0.999993946853423
2019-12-31 22:08:51,316 -  - INFO - PARSE ERROR: 10
2019-12-31 22:08:51,450 -  - INFO - PARSED: 11 POSITIVE: 0.8402454566445088
2019-12-31 22:08:51,465 -  - INFO - PARSE ERROR: 12
2019-12-31 22:08:51,588 -  - INFO - PARSED: 13 POSITIVE: 0.8402454566445088
2019-12-31 22:08:51,721 -  - INFO - PARSED: 14 POSITIVE: 0.999917620171411
2019-12-31 22:08:51,736 -  - INFO - PARSE ERROR: 15
2019-12-31 22:08:51,746 -  - INFO - PARSE ERROR: 16
2019-12-31 22:08:51,757 -  - INFO - PARSE ERROR: 17
2019-12-31 22:08:51,769 -  - INFO - PARSE ERROR: 18
2019-12-31 22:08:51,783 -  - INFO - PARSE ERROR: 19
2019-12-31 22:08:51,798 -  - INFO - PARSE ERROR: 20
2019-12-31 22:08:51,816 -  - INFO - PARSE ERROR: 21
2019-12-31 22:08:51,827 -  - INFO - PARSE ERROR: 22
2019-12-31 22:08:51,840 -  - INFO - PARSE ERROR: 23
2019-12-31 22:08:51,851 -  - INFO - PARSE ERROR: 24
2019-12-31 22:08:51,863 -  - INFO - PARSE ERROR: 25
2019-12-31 22:08:51,874 -  - INFO - PARSE ERROR: 26
2019-12-31 22:08:51,886 -  - INFO - PARSE ERROR: 27
2019-12-31 22:08:51,896 -  - INFO - PARSE ERROR: 28
2019-12-31 22:08:52,014 -  - INFO - PARSED: 29 POSITIVE: 0.9994915632238068
2019-12-31 22:08:52,106 -  - INFO - PARSED: 30 POSITIVE: 0.9994915632238068
2019-12-31 22:08:52,219 -  - INFO - PARSED: 31 POSITIVE: 0.9931304288068948
2019-12-31 22:08:52,362 -  - INFO - PARSED: 32 POSITIVE: 0.9999990247016797
2019-12-31 22:08:52,501 -  - INFO - PARSED: 33 POSITIVE: 0.9973500610974728
2019-12-31 22:08:52,622 -  - INFO - PARSED: 34 POSITIVE: 0.001266864762013431
2019-12-31 22:08:52,740 -  - INFO - PARSED: 35 POSITIVE: 0.998839522933768
2019-12-31 22:08:52,869 -  - INFO - PARSED: 36 POSITIVE: 0.9999770342675001
2019-12-31 22:08:52,993 -  - INFO - PARSED: 37 POSITIVE: 0.9905440077314696
2019-12-31 22:08:53,113 -  - INFO - PARSED: 38 POSITIVE: 0.9993033179993944
2019-12-31 22:08:53,248 -  - INFO - PARSED: 39 POSITIVE: 0.8939241908450284
2019-12-31 22:08:53,263 -  - INFO - PARSE ERROR: 40
2019-12-31 22:08:53,284 -  - INFO - PARSE ERROR: 41
2019-12-31 22:08:53,297 -  - INFO - PARSE ERROR: 42
2019-12-31 22:08:53,506 -  - INFO - TOPIC: #跨年# FETCHED TIME-USED: 6.8697052001953125
2019-12-31 22:08:57,223 -  - INFO - SEARCHED TOPIC: #bilibili晚会#
2019-12-31 22:08:58,240 -  - INFO - WEIBO CARDS FOUND
2019-12-31 22:08:58,262 -  - INFO - PARSE ERROR: 0
2019-12-31 22:08:58,284 -  - INFO - PARSE ERROR: 1
2019-12-31 22:08:58,305 -  - INFO - PARSE ERROR: 2
2019-12-31 22:08:58,444 -  - INFO - PARSED: 3 POSITIVE: 0.9999957411870114
2019-12-31 22:08:58,573 -  - INFO - PARSED: 4 POSITIVE: 0.9637445276523265
2019-12-31 22:08:58,685 -  - INFO - PARSED: 5 POSITIVE: 0.576755880906002
2019-12-31 22:08:58,812 -  - INFO - PARSED: 6 POSITIVE: 0.9995740469558716
2019-12-31 22:08:58,947 -  - INFO - PARSED: 7 POSITIVE: 0.03109021169524262
2019-12-31 22:08:59,055 -  - INFO - PARSED: 8 POSITIVE: 0.03109021169524262
2019-12-31 22:08:59,066 -  - INFO - PARSE ERROR: 9
2019-12-31 22:08:59,076 -  - INFO - PARSE ERROR: 10
2019-12-31 22:08:59,089 -  - INFO - PARSE ERROR: 11
2019-12-31 22:08:59,098 -  - INFO - PARSE ERROR: 12
2019-12-31 22:08:59,109 -  - INFO - PARSE ERROR: 13
2019-12-31 22:08:59,120 -  - INFO - PARSE ERROR: 14
2019-12-31 22:08:59,240 -  - INFO - PARSED: 15 POSITIVE: 0.9999828401497806
2019-12-31 22:08:59,336 -  - INFO - PARSED: 16 POSITIVE: 0.9999828401497806
2019-12-31 22:08:59,350 -  - INFO - PARSE ERROR: 17
2019-12-31 22:08:59,453 -  - INFO - PARSED: 18 POSITIVE: 0.8098788180476212
2019-12-31 22:08:59,466 -  - INFO - PARSE ERROR: 19
2019-12-31 22:08:59,589 -  - INFO - PARSED: 20 POSITIVE: 0.9999843838149752
2019-12-31 22:08:59,703 -  - INFO - PARSED: 21 POSITIVE: 0.9805466848295865
2019-12-31 22:08:59,826 -  - INFO - PARSED: 22 POSITIVE: 0.9987699463457671
2019-12-31 22:08:59,838 -  - INFO - PARSE ERROR: 23
2019-12-31 22:08:59,951 -  - INFO - PARSED: 24 POSITIVE: 0.9990313908421181
2019-12-31 22:08:59,967 -  - INFO - PARSE ERROR: 25
2019-12-31 22:09:00,189 -  - INFO - TOPIC: #bilibili晚会# FETCHED TIME-USED: 4.639355421066284
2019-12-31 22:14:02,298 -  - INFO - REACH WEIBO
2019-12-31 22:14:03,631 -  - INFO - REACH WEIBO HOT RANK PAGE
2019-12-31 22:14:04,654 -  - INFO - FETCH HOTLIST WITH LENGTH: 67
2019-12-31 22:14:04,654 -  - INFO - HOT RANK PARSED
2019-12-31 22:14:05,022 -  - INFO - HOT RANK SAVED TO MONGODB
2019-12-31 22:14:05,430 -  - INFO - REACH WEIBO
2019-12-31 22:14:09,335 -  - INFO - SEARCHED TOPIC: #2020新年贺词#
2019-12-31 22:14:10,349 -  - INFO - WEIBO CARDS FOUND
2019-12-31 22:14:10,361 -  - INFO - PARSE ERROR: 0
2019-12-31 22:14:10,491 -  - INFO - PARSED: 1 POSITIVE: 0.37803976351497337
2019-12-31 22:14:11,441 -  - INFO - PARSED: 2 POSITIVE: 0.9844501827898914
2019-12-31 22:14:11,455 -  - INFO - PARSE ERROR: 3
2019-12-31 22:14:11,468 -  - INFO - PARSE ERROR: 4
2019-12-31 22:14:11,482 -  - INFO - PARSE ERROR: 5
2019-12-31 22:14:11,605 -  - INFO - PARSED: 6 POSITIVE: 0.13594222894271435
2019-12-31 22:14:11,700 -  - INFO - PARSED: 7 POSITIVE: 0.13594222894271435
2019-12-31 22:14:11,835 -  - INFO - PARSED: 8 POSITIVE: 0.998150234441173
2019-12-31 22:14:11,951 -  - INFO - PARSED: 9 POSITIVE: 1.3200170650096155e-05
2019-12-31 22:14:12,066 -  - INFO - PARSED: 10 POSITIVE: 0.10103806197934961
2019-12-31 22:14:12,215 -  - INFO - PARSED: 11 POSITIVE: 0.9976151953423077
2019-12-31 22:14:12,340 -  - INFO - PARSED: 12 POSITIVE: 0.2875399272096417
2019-12-31 22:14:12,583 -  - INFO - TOPIC: #2020新年贺词# FETCHED TIME-USED: 6.517247200012207
2019-12-31 22:14:16,298 -  - INFO - SEARCHED TOPIC: #谢娜的主持#
2019-12-31 22:14:17,309 -  - INFO - WEIBO CARDS FOUND
2019-12-31 22:14:17,464 -  - INFO - PARSED: 0 POSITIVE: 0.9999674287343824
2019-12-31 22:14:17,617 -  - INFO - PARSED: 1 POSITIVE: 0.9999986865697519
2019-12-31 22:14:17,630 -  - INFO - PARSE ERROR: 2
2019-12-31 22:14:17,806 -  - INFO - PARSED: 3 POSITIVE: 0.999985242265785
2019-12-31 22:14:17,932 -  - INFO - PARSED: 4 POSITIVE: 0.999985242265785
2019-12-31 22:14:17,946 -  - INFO - PARSE ERROR: 5
2019-12-31 22:14:18,078 -  - INFO - PARSED: 6 POSITIVE: 0.5119717666070727
2019-12-31 22:14:18,226 -  - INFO - PARSED: 7 POSITIVE: 0.9998568870409553
2019-12-31 22:14:18,240 -  - INFO - PARSE ERROR: 8
2019-12-31 22:14:18,389 -  - INFO - PARSED: 9 POSITIVE: 0.9998568870409553
2019-12-31 22:14:18,540 -  - INFO - PARSED: 10 POSITIVE: 0.9999988187699513
2019-12-31 22:14:18,554 -  - INFO - PARSE ERROR: 11
2019-12-31 22:14:18,568 -  - INFO - PARSE ERROR: 12
2019-12-31 22:14:18,582 -  - INFO - PARSE ERROR: 13
2019-12-31 22:14:18,595 -  - INFO - PARSE ERROR: 14
2019-12-31 22:14:18,607 -  - INFO - PARSE ERROR: 15
2019-12-31 22:14:18,619 -  - INFO - PARSE ERROR: 16
2019-12-31 22:14:18,632 -  - INFO - PARSE ERROR: 17
2019-12-31 22:14:18,644 -  - INFO - PARSE ERROR: 18
2019-12-31 22:14:18,657 -  - INFO - PARSE ERROR: 19
2019-12-31 22:14:18,670 -  - INFO - PARSE ERROR: 20
2019-12-31 22:14:18,682 -  - INFO - PARSE ERROR: 21
2019-12-31 22:14:18,694 -  - INFO - PARSE ERROR: 22
2019-12-31 22:14:18,817 -  - INFO - PARSED: 23 POSITIVE: 0.3160470917002284
2019-12-31 22:14:18,909 -  - INFO - PARSED: 24 POSITIVE: 0.3160470917002284
2019-12-31 22:14:19,043 -  - INFO - PARSED: 25 POSITIVE: 0.10473109583730134
2019-12-31 22:14:19,171 -  - INFO - PARSED: 26 POSITIVE: 0.6165079221772191
2019-12-31 22:14:19,186 -  - INFO - PARSE ERROR: 27
2019-12-31 22:14:19,314 -  - INFO - PARSED: 28 POSITIVE: 0.0004514304069702657
2019-12-31 22:14:19,451 -  - INFO - PARSED: 29 POSITIVE: 0.5031391989479906
2019-12-31 22:14:19,589 -  - INFO - PARSED: 30 POSITIVE: 0.04102148439685427
2019-12-31 22:14:19,703 -  - INFO - PARSED: 31 POSITIVE: 0.8925028246002025
2019-12-31 22:14:19,820 -  - INFO - PARSED: 32 POSITIVE: 0.0057509548052968595
2019-12-31 22:14:20,041 -  - INFO - TOPIC: #谢娜的主持# FETCHED TIME-USED: 5.4078521728515625
2019-12-31 22:14:24,741 -  - INFO - SEARCHED TOPIC: #跨年#
2019-12-31 22:14:25,759 -  - INFO - WEIBO CARDS FOUND
2019-12-31 22:14:25,774 -  - INFO - PARSE ERROR: 0
2019-12-31 22:14:25,787 -  - INFO - PARSE ERROR: 1
2019-12-31 22:14:25,939 -  - INFO - PARSED: 2 POSITIVE: 0.9999601342810476
2019-12-31 22:14:26,075 -  - INFO - PARSED: 3 POSITIVE: 0.8407757142709475
2019-12-31 22:14:26,088 -  - INFO - PARSE ERROR: 4
2019-12-31 22:14:26,099 -  - INFO - PARSE ERROR: 5
2019-12-31 22:14:26,239 -  - INFO - PARSED: 6 POSITIVE: 0.9000043608635899
2019-12-31 22:14:26,377 -  - INFO - PARSED: 7 POSITIVE: 0.191551058663034
2019-12-31 22:14:26,508 -  - INFO - PARSED: 8 POSITIVE: 0.999993946853423
2019-12-31 22:14:26,613 -  - INFO - PARSED: 9 POSITIVE: 0.999993946853423
2019-12-31 22:14:26,625 -  - INFO - PARSE ERROR: 10
2019-12-31 22:14:26,782 -  - INFO - PARSED: 11 POSITIVE: 0.8402454566445088
2019-12-31 22:14:26,795 -  - INFO - PARSE ERROR: 12
2019-12-31 22:14:26,921 -  - INFO - PARSED: 13 POSITIVE: 0.8402454566445088
2019-12-31 22:14:27,058 -  - INFO - PARSED: 14 POSITIVE: 0.999917620171411
2019-12-31 22:14:27,071 -  - INFO - PARSE ERROR: 15
2019-12-31 22:14:27,084 -  - INFO - PARSE ERROR: 16
2019-12-31 22:14:27,122 -  - INFO - PARSE ERROR: 17
2019-12-31 22:14:27,133 -  - INFO - PARSE ERROR: 18
2019-12-31 22:14:27,144 -  - INFO - PARSE ERROR: 19
2019-12-31 22:14:27,154 -  - INFO - PARSE ERROR: 20
2019-12-31 22:14:27,163 -  - INFO - PARSE ERROR: 21
2019-12-31 22:14:27,174 -  - INFO - PARSE ERROR: 22
2019-12-31 22:14:27,185 -  - INFO - PARSE ERROR: 23
2019-12-31 22:14:27,195 -  - INFO - PARSE ERROR: 24
2019-12-31 22:14:27,204 -  - INFO - PARSE ERROR: 25
2019-12-31 22:14:27,214 -  - INFO - PARSE ERROR: 26
2019-12-31 22:14:27,224 -  - INFO - PARSE ERROR: 27
2019-12-31 22:14:27,344 -  - INFO - PARSED: 28 POSITIVE: 0.9999383044557311
2019-12-31 22:14:27,451 -  - INFO - PARSED: 29 POSITIVE: 0.9999383044557311
2019-12-31 22:14:27,565 -  - INFO - PARSED: 30 POSITIVE: 0.6253350679671081
2019-12-31 22:14:27,732 -  - INFO - PARSED: 31 POSITIVE: 0.9821065803548621
2019-12-31 22:14:27,863 -  - INFO - PARSED: 32 POSITIVE: 0.024650280598247365
2019-12-31 22:14:28,008 -  - INFO - PARSED: 33 POSITIVE: 0.9968783137047752
2019-12-31 22:14:28,139 -  - INFO - PARSED: 34 POSITIVE: 0.9691551934768045
2019-12-31 22:14:28,282 -  - INFO - PARSED: 35 POSITIVE: 0.9993572329365875
2019-12-31 22:14:28,424 -  - INFO - PARSED: 36 POSITIVE: 0.8532451227527216
2019-12-31 22:14:28,533 -  - INFO - PARSED: 37 POSITIVE: 0.38314288309851385
2019-12-31 22:14:28,677 -  - INFO - PARSED: 38 POSITIVE: 0.01918340678015018
2019-12-31 22:14:28,938 -  - INFO - TOPIC: #跨年# FETCHED TIME-USED: 6.837132453918457
2019-12-31 22:14:33,676 -  - INFO - SEARCHED TOPIC: #小米年货节#
2019-12-31 22:14:34,690 -  - INFO - WEIBO CARDS FOUND
2019-12-31 22:14:34,708 -  - INFO - PARSE ERROR: 0
2019-12-31 22:14:34,721 -  - INFO - PARSE ERROR: 1
2019-12-31 22:14:34,838 -  - INFO - PARSED: 2 POSITIVE: 0.9109233620737731
2019-12-31 22:14:34,988 -  - INFO - PARSED: 3 POSITIVE: 0.9974028641057091
2019-12-31 22:14:35,102 -  - INFO - PARSED: 4 POSITIVE: 0.9974028641057091
2019-12-31 22:14:35,116 -  - INFO - PARSE ERROR: 5
2019-12-31 22:14:35,126 -  - INFO - PARSE ERROR: 6
2019-12-31 22:14:35,136 -  - INFO - PARSE ERROR: 7
2019-12-31 22:14:35,153 -  - INFO - PARSE ERROR: 8
2019-12-31 22:14:35,175 -  - INFO - PARSE ERROR: 9
2019-12-31 22:14:35,196 -  - INFO - PARSE ERROR: 10
2019-12-31 22:14:35,217 -  - INFO - PARSE ERROR: 11
2019-12-31 22:14:35,237 -  - INFO - PARSE ERROR: 12
2019-12-31 22:14:35,250 -  - INFO - PARSE ERROR: 13
2019-12-31 22:14:35,265 -  - INFO - PARSE ERROR: 14
2019-12-31 22:14:35,280 -  - INFO - PARSE ERROR: 15
2019-12-31 22:14:35,404 -  - INFO - PARSED: 16 POSITIVE: 0.5978685132221535
2019-12-31 22:14:35,505 -  - INFO - PARSED: 17 POSITIVE: 0.5978685132221535
2019-12-31 22:14:35,643 -  - INFO - PARSED: 18 POSITIVE: 3.184710573034266e-08
2019-12-31 22:14:35,804 -  - INFO - PARSED: 19 POSITIVE: 0.9331902805794221
2019-12-31 22:14:35,928 -  - INFO - PARSED: 20 POSITIVE: 0.9999999582599954
2019-12-31 22:14:36,054 -  - INFO - PARSED: 21 POSITIVE: 0.4003784996925668
2019-12-31 22:14:36,067 -  - INFO - PARSE ERROR: 22
2019-12-31 22:14:36,186 -  - INFO - PARSED: 23 POSITIVE: 0.9721108672402251
2019-12-31 22:14:36,307 -  - INFO - PARSED: 24 POSITIVE: 0.994624799235988
2019-12-31 22:14:36,432 -  - INFO - PARSED: 25 POSITIVE: 0.001163574739045714
2019-12-31 22:14:36,684 -  - INFO - TOPIC: #小米年货节# FETCHED TIME-USED: 5.698899269104004
2019-12-31 22:14:41,506 -  - INFO - SEARCHED TOPIC: #杨幂腾格尔王晨艺 野狼disco#
2019-12-31 22:14:42,524 -  - INFO - WEIBO CARDS FOUND
2019-12-31 22:14:42,686 -  - INFO - PARSED: 0 POSITIVE: 0.9999999999999318
2019-12-31 22:14:42,829 -  - INFO - PARSED: 1 POSITIVE: 0.011422006627059944
2019-12-31 22:14:42,842 -  - INFO - PARSE ERROR: 2
2019-12-31 22:14:42,974 -  - INFO - PARSED: 3 POSITIVE: 0.9999999999999776
2019-12-31 22:14:43,085 -  - INFO - PARSED: 4 POSITIVE: 0.9999999999999776
2019-12-31 22:14:43,097 -  - INFO - PARSE ERROR: 5
2019-12-31 22:14:43,110 -  - INFO - PARSE ERROR: 6
2019-12-31 22:14:43,123 -  - INFO - PARSE ERROR: 7
2019-12-31 22:14:43,136 -  - INFO - PARSE ERROR: 8
2019-12-31 22:14:43,148 -  - INFO - PARSE ERROR: 9
2019-12-31 22:14:43,161 -  - INFO - PARSE ERROR: 10
2019-12-31 22:14:43,173 -  - INFO - PARSE ERROR: 11
2019-12-31 22:14:43,183 -  - INFO - PARSE ERROR: 12
2019-12-31 22:14:43,195 -  - INFO - PARSE ERROR: 13
2019-12-31 22:14:43,208 -  - INFO - PARSE ERROR: 14
2019-12-31 22:14:43,332 -  - INFO - PARSED: 15 POSITIVE: 0.9999999999999771
2019-12-31 22:14:43,431 -  - INFO - PARSED: 16 POSITIVE: 0.9999999999999771
2019-12-31 22:14:43,562 -  - INFO - PARSED: 17 POSITIVE: 0.9999992595035591
2019-12-31 22:14:43,692 -  - INFO - PARSED: 18 POSITIVE: 1.0
2019-12-31 22:14:43,803 -  - INFO - PARSED: 19 POSITIVE: 0.9999995423777919
2019-12-31 22:14:43,914 -  - INFO - PARSED: 20 POSITIVE: 0.9999998439402867
2019-12-31 22:14:44,032 -  - INFO - PARSED: 21 POSITIVE: 0.9999260791985246
2019-12-31 22:14:44,165 -  - INFO - PARSED: 22 POSITIVE: 0.9999999998271709
2019-12-31 22:14:44,282 -  - INFO - PARSED: 23 POSITIVE: 0.9999970453065204
2019-12-31 22:14:44,408 -  - INFO - PARSED: 24 POSITIVE: 0.9999988634792687
2019-12-31 22:14:44,543 -  - INFO - PARSED: 25 POSITIVE: 0.999999998991834
2019-12-31 22:14:44,557 -  - INFO - PARSE ERROR: 26
2019-12-31 22:14:44,567 -  - INFO - PARSE ERROR: 27
2019-12-31 22:14:44,579 -  - INFO - PARSE ERROR: 28
2019-12-31 22:14:44,797 -  - INFO - TOPIC: #杨幂腾格尔王晨艺 野狼disco# FETCHED TIME-USED: 6.064236164093018
2019-12-31 22:14:49,631 -  - INFO - SEARCHED TOPIC: #假唱#
2019-12-31 22:14:50,641 -  - INFO - WEIBO CARDS FOUND
2019-12-31 22:14:50,786 -  - INFO - PARSED: 0 POSITIVE: 0.9999426814932295
2019-12-31 22:14:50,924 -  - INFO - PARSED: 1 POSITIVE: 0.9968835140126384
2019-12-31 22:14:51,044 -  - INFO - PARSED: 2 POSITIVE: 0.9999237684238924
2019-12-31 22:14:51,125 -  - INFO - PARSED: 3 POSITIVE: 0.9999237684238924
2019-12-31 22:14:51,137 -  - INFO - PARSE ERROR: 4
2019-12-31 22:14:51,149 -  - INFO - PARSE ERROR: 5
2019-12-31 22:14:51,282 -  - INFO - PARSED: 6 POSITIVE: 0.9997663745048302
2019-12-31 22:14:51,296 -  - INFO - PARSE ERROR: 7
2019-12-31 22:14:51,408 -  - INFO - PARSED: 8 POSITIVE: 0.9997663745048302
2019-12-31 22:14:51,423 -  - INFO - PARSE ERROR: 9
2019-12-31 22:14:51,434 -  - INFO - PARSE ERROR: 10
2019-12-31 22:14:51,444 -  - INFO - PARSE ERROR: 11
2019-12-31 22:14:51,456 -  - INFO - PARSE ERROR: 12
2019-12-31 22:14:51,467 -  - INFO - PARSE ERROR: 13
2019-12-31 22:14:51,478 -  - INFO - PARSE ERROR: 14
2019-12-31 22:14:51,489 -  - INFO - PARSE ERROR: 15
2019-12-31 22:14:51,621 -  - INFO - PARSED: 16 POSITIVE: 0.9382714216918666
2019-12-31 22:14:51,727 -  - INFO - PARSED: 17 POSITIVE: 0.9382714216918666
2019-12-31 22:14:51,846 -  - INFO - PARSED: 18 POSITIVE: 0.9710205532468923
2019-12-31 22:14:51,965 -  - INFO - PARSED: 19 POSITIVE: 0.9080363762355481
2019-12-31 22:14:52,110 -  - INFO - PARSED: 20 POSITIVE: 0.010221167657649133
2019-12-31 22:14:52,232 -  - INFO - PARSED: 21 POSITIVE: 0.1935692089864619
2019-12-31 22:14:52,343 -  - INFO - PARSED: 22 POSITIVE: 0.868986373466026
2019-12-31 22:14:52,481 -  - INFO - PARSED: 23 POSITIVE: 0.34124908223196904
2019-12-31 22:14:52,630 -  - INFO - PARSED: 24 POSITIVE: 0.999999999924488
2019-12-31 22:14:52,752 -  - INFO - PARSED: 25 POSITIVE: 0.952096762687126
2019-12-31 22:14:52,917 -  - INFO - PARSED: 26 POSITIVE: 0.46515445958217805
2019-12-31 22:14:52,931 -  - INFO - PARSE ERROR: 27
2019-12-31 22:14:52,942 -  - INFO - PARSE ERROR: 28
2019-12-31 22:14:52,956 -  - INFO - PARSE ERROR: 29
2019-12-31 22:14:53,307 -  - INFO - TOPIC: #假唱# FETCHED TIME-USED: 6.464083433151245
2019-12-31 22:14:58,044 -  - INFO - SEARCHED TOPIC: #iPad茅台9块9抢#
2019-12-31 22:14:59,059 -  - INFO - WEIBO CARDS FOUND
2019-12-31 22:14:59,074 -  - INFO - PARSE ERROR: 0
2019-12-31 22:14:59,091 -  - INFO - PARSE ERROR: 1
2019-12-31 22:14:59,242 -  - INFO - PARSED: 2 POSITIVE: 0.15567061069915522
2019-12-31 22:14:59,386 -  - INFO - PARSED: 3 POSITIVE: 0.9999946726089644
2019-12-31 22:14:59,530 -  - INFO - PARSED: 4 POSITIVE: 0.002457728068545939
2019-12-31 22:14:59,658 -  - INFO - PARSED: 5 POSITIVE: 4.737444923741396e-05
2019-12-31 22:14:59,791 -  - INFO - PARSED: 6 POSITIVE: 0.011218047177140922
2019-12-31 22:14:59,923 -  - INFO - PARSED: 7 POSITIVE: 0.011218047177140922
2019-12-31 22:14:59,935 -  - INFO - PARSE ERROR: 8
2019-12-31 22:15:00,059 -  - INFO - PARSED: 9 POSITIVE: 0.046565928012390345
2019-12-31 22:15:00,143 -  - INFO - PARSED: 10 POSITIVE: 0.046565928012390345
2019-12-31 22:15:00,254 -  - INFO - PARSED: 11 POSITIVE: 0.07068491933834464
2019-12-31 22:15:00,370 -  - INFO - PARSED: 12 POSITIVE: 0.3489475488759033
2019-12-31 22:15:00,500 -  - INFO - PARSED: 13 POSITIVE: 0.00017339345511135917
2019-12-31 22:15:00,514 -  - INFO - PARSE ERROR: 14
2019-12-31 22:15:00,632 -  - INFO - PARSED: 15 POSITIVE: 0.26101692215191985
2019-12-31 22:15:00,645 -  - INFO - PARSE ERROR: 16
2019-12-31 22:15:00,757 -  - INFO - PARSED: 17 POSITIVE: 0.09295071983961778
2019-12-31 22:15:00,861 -  - INFO - PARSED: 18 POSITIVE: 0.13063692818444006
2019-12-31 22:15:00,960 -  - INFO - PARSED: 19 POSITIVE: 0.07516296034527581
2019-12-31 22:15:01,184 -  - INFO - TOPIC: #iPad茅台9块9抢# FETCHED TIME-USED: 5.817948818206787
2019-12-31 22:15:04,924 -  - INFO - SEARCHED TOPIC: #湖南卫视跨年节目单#
2019-12-31 22:15:05,945 -  - INFO - WEIBO CARDS FOUND
2019-12-31 22:15:06,075 -  - INFO - PARSED: 0 POSITIVE: 0.01469297832072436
2019-12-31 22:15:06,207 -  - INFO - PARSED: 1 POSITIVE: 0.011422006627059944
2019-12-31 22:15:06,220 -  - INFO - PARSE ERROR: 2
2019-12-31 22:15:06,334 -  - INFO - PARSED: 3 POSITIVE: 0.9920160389976351
2019-12-31 22:15:06,468 -  - INFO - PARSED: 4 POSITIVE: 0.0019810531150250554
2019-12-31 22:15:06,576 -  - INFO - PARSED: 5 POSITIVE: 0.0019810531150250554
2019-12-31 22:15:06,587 -  - INFO - PARSE ERROR: 6
2019-12-31 22:15:06,600 -  - INFO - PARSE ERROR: 7
2019-12-31 22:15:06,612 -  - INFO - PARSE ERROR: 8
2019-12-31 22:15:06,624 -  - INFO - PARSE ERROR: 9
2019-12-31 22:15:06,635 -  - INFO - PARSE ERROR: 10
2019-12-31 22:15:06,649 -  - INFO - PARSE ERROR: 11
2019-12-31 22:15:06,660 -  - INFO - PARSE ERROR: 12
2019-12-31 22:15:06,673 -  - INFO - PARSE ERROR: 13
2019-12-31 22:15:06,685 -  - INFO - PARSE ERROR: 14
2019-12-31 22:15:06,696 -  - INFO - PARSE ERROR: 15
2019-12-31 22:15:06,709 -  - INFO - PARSE ERROR: 16
2019-12-31 22:15:06,720 -  - INFO - PARSE ERROR: 17
2019-12-31 22:15:06,942 -  - INFO - PARSED: 18 POSITIVE: 0.9999810936772646
2019-12-31 22:15:07,048 -  - INFO - PARSED: 19 POSITIVE: 0.9999810936772646
2019-12-31 22:15:07,152 -  - INFO - PARSED: 20 POSITIVE: 0.8164684637145913
2019-12-31 22:15:07,273 -  - INFO - PARSED: 21 POSITIVE: 0.6279798768539556
2019-12-31 22:15:07,391 -  - INFO - PARSED: 22 POSITIVE: 0.03021468613679157
2019-12-31 22:15:07,521 -  - INFO - PARSED: 23 POSITIVE: 0.995120194444146
2019-12-31 22:15:07,651 -  - INFO - PARSED: 24 POSITIVE: 0.00361462176281957
2019-12-31 22:15:07,785 -  - INFO - PARSED: 25 POSITIVE: 0.9827864977690518
2019-12-31 22:15:07,899 -  - INFO - PARSED: 26 POSITIVE: 0.7349350420594035
2019-12-31 22:15:08,117 -  - INFO - TOPIC: #湖南卫视跨年节目单# FETCHED TIME-USED: 4.873088598251343
2019-12-31 22:15:12,368 -  - INFO - SEARCHED TOPIC: #迪丽热巴 唱跳#
2019-12-31 22:15:13,385 -  - INFO - WEIBO CARDS FOUND
2019-12-31 22:15:13,519 -  - INFO - PARSED: 0 POSITIVE: 0.9994423765278104
2019-12-31 22:15:13,702 -  - INFO - PARSED: 1 POSITIVE: 0.9938869971100441
2019-12-31 22:15:13,850 -  - INFO - PARSED: 2 POSITIVE: 0.9999984455243659
2019-12-31 22:15:13,946 -  - INFO - PARSED: 3 POSITIVE: 0.9999984455243659
2019-12-31 22:15:13,960 -  - INFO - PARSE ERROR: 4
2019-12-31 22:15:13,971 -  - INFO - PARSE ERROR: 5
2019-12-31 22:15:13,983 -  - INFO - PARSE ERROR: 6
2019-12-31 22:15:13,995 -  - INFO - PARSE ERROR: 7
2019-12-31 22:15:14,008 -  - INFO - PARSE ERROR: 8
2019-12-31 22:15:14,020 -  - INFO - PARSE ERROR: 9
2019-12-31 22:15:14,032 -  - INFO - PARSE ERROR: 10
2019-12-31 22:15:14,043 -  - INFO - PARSE ERROR: 11
2019-12-31 22:15:14,059 -  - INFO - PARSE ERROR: 12
2019-12-31 22:15:14,184 -  - INFO - PARSED: 13 POSITIVE: 0.9997687587754889
2019-12-31 22:15:14,274 -  - INFO - PARSED: 14 POSITIVE: 0.9997687587754889
2019-12-31 22:15:14,394 -  - INFO - PARSED: 15 POSITIVE: 0.9862631178012093
2019-12-31 22:15:14,514 -  - INFO - PARSED: 16 POSITIVE: 0.607303280657451
2019-12-31 22:15:14,625 -  - INFO - PARSED: 17 POSITIVE: 0.001319646509228778
2019-12-31 22:15:14,740 -  - INFO - PARSED: 18 POSITIVE: 0.4878912682530605
2019-12-31 22:15:14,859 -  - INFO - PARSED: 19 POSITIVE: 0.16958424536747096
2019-12-31 22:15:14,978 -  - INFO - PARSED: 20 POSITIVE: 0.9999277740916999
2019-12-31 22:15:15,129 -  - INFO - PARSED: 21 POSITIVE: 0.9923308905813972
2019-12-31 22:15:15,262 -  - INFO - PARSED: 22 POSITIVE: 0.9231253760488957
2019-12-31 22:15:15,388 -  - INFO - PARSED: 23 POSITIVE: 0.9129068170649629
2019-12-31 22:15:15,566 -  - INFO - TOPIC: #迪丽热巴 唱跳# FETCHED TIME-USED: 5.399245977401733
2019-12-31 22:15:20,314 -  - INFO - SEARCHED TOPIC: #跨年文案#
2019-12-31 22:15:21,324 -  - INFO - WEIBO CARDS FOUND
2019-12-31 22:15:21,480 -  - INFO - PARSED: 0 POSITIVE: 0.9969956119516922
2019-12-31 22:15:21,655 -  - INFO - PARSED: 1 POSITIVE: 0.9999992250970074
2019-12-31 22:15:21,783 -  - INFO - PARSED: 2 POSITIVE: 0.999993946853423
2019-12-31 22:15:21,885 -  - INFO - PARSED: 3 POSITIVE: 0.999993946853423
2019-12-31 22:15:21,897 -  - INFO - PARSE ERROR: 4
2019-12-31 22:15:21,908 -  - INFO - PARSE ERROR: 5
2019-12-31 22:15:21,918 -  - INFO - PARSE ERROR: 6
2019-12-31 22:15:21,933 -  - INFO - PARSE ERROR: 7
2019-12-31 22:15:21,947 -  - INFO - PARSE ERROR: 8
2019-12-31 22:15:21,958 -  - INFO - PARSE ERROR: 9
2019-12-31 22:15:22,094 -  - INFO - PARSED: 10 POSITIVE: 0.9999963404797854
2019-12-31 22:15:22,200 -  - INFO - PARSED: 11 POSITIVE: 0.9999963404797854
2019-12-31 22:15:22,316 -  - INFO - PARSED: 12 POSITIVE: 0.9998775954429616
2019-12-31 22:15:22,431 -  - INFO - PARSED: 13 POSITIVE: 0.06760268317845441
2019-12-31 22:15:22,604 -  - INFO - PARSED: 14 POSITIVE: 0.999997330757224
2019-12-31 22:15:22,736 -  - INFO - PARSED: 15 POSITIVE: 0.962062794018183
2019-12-31 22:15:22,857 -  - INFO - PARSED: 16 POSITIVE: 0.9798565591926435
2019-12-31 22:15:22,962 -  - INFO - PARSED: 17 POSITIVE: 0.21732162914216324
2019-12-31 22:15:23,153 -  - INFO - TOPIC: #跨年文案# FETCHED TIME-USED: 5.547046422958374
2019-12-31 22:15:26,848 -  - INFO - SEARCHED TOPIC: #荷兰没有改名#
2019-12-31 22:15:27,875 -  - INFO - WEIBO CARDS FOUND
2019-12-31 22:15:27,901 -  - INFO - PARSE ERROR: 0
2019-12-31 22:15:28,105 -  - INFO - PARSED: 1 POSITIVE: 0.9668131252952056
2019-12-31 22:15:28,220 -  - INFO - PARSED: 2 POSITIVE: 0.9354618148188187
2019-12-31 22:15:28,354 -  - INFO - PARSED: 3 POSITIVE: 0.9436860908372705
2019-12-31 22:15:28,480 -  - INFO - PARSED: 4 POSITIVE: 0.9942917661295043
2019-12-31 22:15:28,585 -  - INFO - PARSED: 5 POSITIVE: 0.9942917661295043
2019-12-31 22:15:28,597 -  - INFO - PARSE ERROR: 6
2019-12-31 22:15:28,609 -  - INFO - PARSE ERROR: 7
2019-12-31 22:15:28,619 -  - INFO - PARSE ERROR: 8
2019-12-31 22:15:28,630 -  - INFO - PARSE ERROR: 9
2019-12-31 22:15:28,743 -  - INFO - PARSED: 10 POSITIVE: 0.05582092552254114
2019-12-31 22:15:28,832 -  - INFO - PARSED: 11 POSITIVE: 0.05582092552254114
2019-12-31 22:15:28,966 -  - INFO - PARSED: 12 POSITIVE: 0.44628709755541407
2019-12-31 22:15:29,104 -  - INFO - PARSED: 13 POSITIVE: 0.2690208978404035
2019-12-31 22:15:29,208 -  - INFO - PARSED: 14 POSITIVE: 0.3045814468088185
2019-12-31 22:15:29,319 -  - INFO - PARSED: 15 POSITIVE: 0.6452125540917109
2019-12-31 22:15:29,428 -  - INFO - PARSED: 16 POSITIVE: 0.0002218660209495349
2019-12-31 22:15:29,549 -  - INFO - PARSED: 17 POSITIVE: 0.005067941659346209
2019-12-31 22:15:29,795 -  - INFO - TOPIC: #荷兰没有改名# FETCHED TIME-USED: 4.59806489944458
2019-12-31 22:15:33,539 -  - INFO - SEARCHED TOPIC: #浙江卫视跨年节目单#
2019-12-31 22:15:34,562 -  - INFO - WEIBO CARDS FOUND
2019-12-31 22:15:34,578 -  - INFO - PARSE ERROR: 0
2019-12-31 22:15:34,698 -  - INFO - PARSED: 1 POSITIVE: 0.00018992934474171275
2019-12-31 22:15:34,819 -  - INFO - PARSED: 2 POSITIVE: 0.43392820940413823
2019-12-31 22:15:34,951 -  - INFO - PARSED: 3 POSITIVE: 0.011422006627059944
2019-12-31 22:15:34,964 -  - INFO - PARSE ERROR: 4
2019-12-31 22:15:35,084 -  - INFO - PARSED: 5 POSITIVE: 0.6991832600242286
2019-12-31 22:15:35,185 -  - INFO - PARSED: 6 POSITIVE: 0.6991832600242286
2019-12-31 22:15:35,197 -  - INFO - PARSE ERROR: 7
2019-12-31 22:15:35,209 -  - INFO - PARSE ERROR: 8
2019-12-31 22:15:35,222 -  - INFO - PARSE ERROR: 9
2019-12-31 22:15:35,232 -  - INFO - PARSE ERROR: 10
2019-12-31 22:15:35,244 -  - INFO - PARSE ERROR: 11
2019-12-31 22:15:35,254 -  - INFO - PARSE ERROR: 12
2019-12-31 22:15:35,265 -  - INFO - PARSE ERROR: 13
2019-12-31 22:15:35,277 -  - INFO - PARSE ERROR: 14
2019-12-31 22:15:35,290 -  - INFO - PARSE ERROR: 15
2019-12-31 22:15:35,301 -  - INFO - PARSE ERROR: 16
2019-12-31 22:15:35,312 -  - INFO - PARSE ERROR: 17
2019-12-31 22:15:35,323 -  - INFO - PARSE ERROR: 18
2019-12-31 22:15:35,335 -  - INFO - PARSE ERROR: 19
2019-12-31 22:15:35,346 -  - INFO - PARSE ERROR: 20
2019-12-31 22:15:35,472 -  - INFO - PARSED: 21 POSITIVE: 0.015557437562973342
2019-12-31 22:15:35,557 -  - INFO - PARSED: 22 POSITIVE: 0.015557437562973342
2019-12-31 22:15:35,690 -  - INFO - PARSED: 23 POSITIVE: 0.001973712424955032
2019-12-31 22:15:35,816 -  - INFO - PARSED: 24 POSITIVE: 0.9999999999718787
2019-12-31 22:15:35,943 -  - INFO - PARSED: 25 POSITIVE: 0.8071084886377887
2019-12-31 22:15:36,057 -  - INFO - PARSED: 26 POSITIVE: 0.01710615575468677
2019-12-31 22:15:36,178 -  - INFO - PARSED: 27 POSITIVE: 0.22637861494507627
2019-12-31 22:15:36,288 -  - INFO - PARSED: 28 POSITIVE: 0.04468925730266293
2019-12-31 22:15:36,408 -  - INFO - PARSED: 29 POSITIVE: 0.003062110983704458
2019-12-31 22:15:36,529 -  - INFO - PARSED: 30 POSITIVE: 0.5230073993612631
2019-12-31 22:15:36,769 -  - INFO - TOPIC: #浙江卫视跨年节目单# FETCHED TIME-USED: 4.924242734909058
2019-12-31 22:15:40,482 -  - INFO - SEARCHED TOPIC: #湖南台女主持妆发#
2019-12-31 22:15:41,505 -  - INFO - WEIBO CARDS FOUND
2019-12-31 22:15:41,638 -  - INFO - PARSED: 0 POSITIVE: 0.8395632248863573
2019-12-31 22:15:41,769 -  - INFO - PARSED: 1 POSITIVE: 0.5048568041201805
2019-12-31 22:15:41,784 -  - INFO - PARSE ERROR: 2
2019-12-31 22:15:41,911 -  - INFO - PARSED: 3 POSITIVE: 0.7189479349221903
2019-12-31 22:15:42,006 -  - INFO - PARSED: 4 POSITIVE: 0.7189479349221903
2019-12-31 22:15:42,020 -  - INFO - PARSE ERROR: 5
2019-12-31 22:15:42,033 -  - INFO - PARSE ERROR: 6
2019-12-31 22:15:42,046 -  - INFO - PARSE ERROR: 7
2019-12-31 22:15:42,058 -  - INFO - PARSE ERROR: 8
2019-12-31 22:15:42,068 -  - INFO - PARSE ERROR: 9
2019-12-31 22:15:42,080 -  - INFO - PARSE ERROR: 10
2019-12-31 22:15:42,193 -  - INFO - PARSED: 11 POSITIVE: 0.1267179181278263
2019-12-31 22:15:42,276 -  - INFO - PARSED: 12 POSITIVE: 0.1267179181278263
2019-12-31 22:15:42,387 -  - INFO - PARSED: 13 POSITIVE: 0.3567663554501588
2019-12-31 22:15:42,501 -  - INFO - PARSED: 14 POSITIVE: 0.013260927909658937
2019-12-31 22:15:42,627 -  - INFO - PARSED: 15 POSITIVE: 0.9835149690014527
2019-12-31 22:15:42,741 -  - INFO - PARSED: 16 POSITIVE: 0.9979638777573406
2019-12-31 22:15:42,924 -  - INFO - PARSED: 17 POSITIVE: 0.3169582812875926
2019-12-31 22:15:43,101 -  - INFO - PARSED: 18 POSITIVE: 0.007299874603815093
2019-12-31 22:15:43,218 -  - INFO - PARSED: 19 POSITIVE: 0.9972927155019076
2019-12-31 22:15:43,336 -  - INFO - PARSED: 20 POSITIVE: 0.3254610233260413
2019-12-31 22:15:43,347 -  - INFO - PARSE ERROR: 21
2019-12-31 22:15:43,359 -  - INFO - PARSE ERROR: 22
2019-12-31 22:15:43,372 -  - INFO - PARSE ERROR: 23
2019-12-31 22:15:43,587 -  - INFO - TOPIC: #湖南台女主持妆发# FETCHED TIME-USED: 4.7688148021698
2019-12-31 22:15:47,298 -  - INFO - SEARCHED TOPIC: #东方卫视跨年#
2019-12-31 22:15:48,314 -  - INFO - WEIBO CARDS FOUND
2019-12-31 22:15:48,441 -  - INFO - PARSED: 0 POSITIVE: 0.9994516192108168
2019-12-31 22:15:48,565 -  - INFO - PARSED: 1 POSITIVE: 0.9938869971100441
2019-12-31 22:15:48,710 -  - INFO - PARSED: 2 POSITIVE: 0.011422006627059944
2019-12-31 22:15:48,826 -  - INFO - PARSED: 3 POSITIVE: 0.011422006627059944
2019-12-31 22:15:48,839 -  - INFO - PARSE ERROR: 4
2019-12-31 22:15:48,850 -  - INFO - PARSE ERROR: 5
2019-12-31 22:15:48,864 -  - INFO - PARSE ERROR: 6
2019-12-31 22:15:48,876 -  - INFO - PARSE ERROR: 7
2019-12-31 22:15:48,885 -  - INFO - PARSE ERROR: 8
2019-12-31 22:15:48,896 -  - INFO - PARSE ERROR: 9
2019-12-31 22:15:48,914 -  - INFO - PARSE ERROR: 10
2019-12-31 22:15:48,927 -  - INFO - PARSE ERROR: 11
2019-12-31 22:15:48,941 -  - INFO - PARSE ERROR: 12
2019-12-31 22:15:48,953 -  - INFO - PARSE ERROR: 13
2019-12-31 22:15:48,963 -  - INFO - PARSE ERROR: 14
2019-12-31 22:15:48,975 -  - INFO - PARSE ERROR: 15
2019-12-31 22:15:49,108 -  - INFO - PARSED: 16 POSITIVE: 0.999999999302938
2019-12-31 22:15:49,216 -  - INFO - PARSED: 17 POSITIVE: 0.999999999302938
2019-12-31 22:15:49,342 -  - INFO - PARSED: 18 POSITIVE: 0.9975719995084906
2019-12-31 22:15:49,486 -  - INFO - PARSED: 19 POSITIVE: 0.004496940704158625
2019-12-31 22:15:49,612 -  - INFO - PARSED: 20 POSITIVE: 0.9348467325139898
2019-12-31 22:15:49,727 -  - INFO - PARSED: 21 POSITIVE: 0.8092046507200856
2019-12-31 22:15:49,843 -  - INFO - PARSED: 22 POSITIVE: 0.6972401537217094
