2019-12-29 20:21:49,994 -  - INFO - REACH WEIBO
2019-12-29 20:21:52,580 -  - INFO - REACH WEIBO
2019-12-29 20:21:53,955 -  - INFO - REACH WEIBO HOT RANK PAGE
2019-12-29 20:21:54,981 -  - INFO - FETCH HOTLIST WITH LENGTH: 67
2019-12-29 20:21:54,981 -  - INFO - HOT RANK PARSED
2019-12-29 20:21:55,173 -  - INFO - HOT RANK SAVED TO MONGODB
2019-12-29 20:21:55,443 -  - INFO - REACH WEIBO
2019-12-29 20:21:56,954 -  - INFO - SEARCHED TOPIC: #2019超燃励志故事#
2019-12-29 20:21:56,954 -  - INFO - SCROLLING: 0 WAIT: 0.1
2019-12-29 20:21:57,064 -  - INFO - SCROLLING: 1 WAIT: 0.1
2019-12-29 20:21:57,170 -  - INFO - SCROLLING: 2 WAIT: 0.1
2019-12-29 20:21:57,279 -  - INFO - SCROLLING: 3 WAIT: 0.1
2019-12-29 20:21:57,547 -  - INFO - SCROLLING: 4 WAIT: 0.1
2019-12-29 20:21:57,653 -  - INFO - SCROLLING: 5 WAIT: 0.1
2019-12-29 20:21:57,758 -  - INFO - SCROLLING: 6 WAIT: 0.1
2019-12-29 20:21:57,865 -  - INFO - SCROLLING: 7 WAIT: 0.1
2019-12-29 20:21:57,971 -  - INFO - SCROLLING: 8 WAIT: 0.1
2019-12-29 20:21:58,078 -  - INFO - SCROLLING: 9 WAIT: 0.1
2019-12-29 20:21:59,410 -  - INFO - WEIBO CARDS FOUND
2019-12-29 20:21:59,431 -  - INFO - PARSE ERROR: 0
2019-12-29 20:21:59,576 -  - INFO - PARSED: 1 POSITIVE: 0.9999999999994527
2019-12-29 20:22:00,538 -  - INFO - PARSED: 2 POSITIVE: 0.32781877340871657
2019-12-29 20:22:00,651 -  - INFO - PARSED: 3 POSITIVE: 0.9953424029081195
2019-12-29 20:22:00,773 -  - INFO - PARSED: 4 POSITIVE: 0.9912018112183946
2019-12-29 20:22:00,866 -  - INFO - PARSED: 5 POSITIVE: 0.9912018112183946
2019-12-29 20:22:00,878 -  - INFO - PARSE ERROR: 6
2019-12-29 20:22:00,892 -  - INFO - PARSE ERROR: 7
2019-12-29 20:22:00,903 -  - INFO - PARSE ERROR: 8
2019-12-29 20:22:00,914 -  - INFO - PARSE ERROR: 9
2019-12-29 20:22:00,926 -  - INFO - PARSE ERROR: 10
2019-12-29 20:22:00,938 -  - INFO - PARSE ERROR: 11
2019-12-29 20:22:00,950 -  - INFO - PARSE ERROR: 12
2019-12-29 20:22:00,959 -  - INFO - PARSE ERROR: 13
2019-12-29 20:22:01,096 -  - INFO - PARSED: 14 POSITIVE: 0.9999999999994527
2019-12-29 20:22:01,209 -  - INFO - PARSED: 15 POSITIVE: 0.9999999999994527
2019-12-29 20:22:01,353 -  - INFO - PARSED: 16 POSITIVE: 0.99999997114547
2019-12-29 20:22:01,487 -  - INFO - PARSED: 17 POSITIVE: 0.04635248632062805
2019-12-29 20:22:01,604 -  - INFO - PARSED: 18 POSITIVE: 0.9670943273209465
2019-12-29 20:22:01,742 -  - INFO - PARSED: 19 POSITIVE: 0.970894227111887
2019-12-29 20:22:01,874 -  - INFO - PARSED: 20 POSITIVE: 0.999265169606414
2019-12-29 20:22:02,015 -  - INFO - PARSED: 21 POSITIVE: 0.0015394755400711668
2019-12-29 20:22:02,138 -  - INFO - PARSED: 22 POSITIVE: 0.08359120486060823
2019-12-29 20:22:02,253 -  - INFO - PARSED: 23 POSITIVE: 0.9944105944091143
2019-12-29 20:22:02,395 -  - INFO - PARSED: 24 POSITIVE: 0.9999999995377773
2019-12-29 20:22:02,523 -  - INFO - PARSED: 25 POSITIVE: 0.9992951085113435
2019-12-29 20:22:02,674 -  - INFO - PARSED: 26 POSITIVE: 0.9999827349627923
2019-12-29 20:22:02,830 -  - INFO - PARSED: 27 POSITIVE: 0.9953424029081195
2019-12-29 20:22:02,963 -  - INFO - PARSED: 28 POSITIVE: 0.9993530614638786
2019-12-29 20:22:03,091 -  - INFO - PARSED: 29 POSITIVE: 0.08957534119916388
2019-12-29 20:22:03,212 -  - INFO - PARSED: 30 POSITIVE: 0.9989936300444879
2019-12-29 20:22:03,337 -  - INFO - PARSED: 31 POSITIVE: 0.6679486891317367
2019-12-29 20:22:03,476 -  - INFO - PARSED: 32 POSITIVE: 0.9996683643288752
2019-12-29 20:22:03,590 -  - INFO - PARSED: 33 POSITIVE: 0.9640267552549396
2019-12-29 20:22:03,707 -  - INFO - PARSED: 34 POSITIVE: 0.7596086214289384
2019-12-29 20:22:03,846 -  - INFO - PARSED: 35 POSITIVE: 0.9999973627094347
2019-12-29 20:22:03,968 -  - INFO - PARSED: 36 POSITIVE: 0.5894282688459724
2019-12-29 20:22:04,105 -  - INFO - PARSED: 37 POSITIVE: 0.9999991936708024
2019-12-29 20:22:04,250 -  - INFO - PARSED: 38 POSITIVE: 0.9781537879572938
2019-12-29 20:22:04,389 -  - INFO - PARSED: 39 POSITIVE: 0.9995327236290895
2019-12-29 20:22:04,535 -  - INFO - PARSED: 40 POSITIVE: 0.9999997266092974
2019-12-29 20:22:04,695 -  - INFO - PARSED: 41 POSITIVE: 0.994387311530603
2019-12-29 20:22:04,821 -  - INFO - PARSED: 42 POSITIVE: 0.7487451628142809
2019-12-29 20:22:04,950 -  - INFO - PARSED: 43 POSITIVE: 0.9999999656811908
2019-12-29 20:22:05,078 -  - INFO - PARSED: 44 POSITIVE: 0.9999949459718256
2019-12-29 20:22:05,203 -  - INFO - PARSED: 45 POSITIVE: 0.9960485603667625
2019-12-29 20:22:05,349 -  - INFO - PARSED: 46 POSITIVE: 0.9999999656277087
2019-12-29 20:22:05,478 -  - INFO - PARSED: 47 POSITIVE: 0.9999954703336228
2019-12-29 20:22:05,491 -  - INFO - PARSE ERROR: 48
2019-12-29 20:22:05,610 -  - INFO - PARSED: 49 POSITIVE: 0.913644177961969
2019-12-29 20:22:05,734 -  - INFO - PARSED: 50 POSITIVE: 0.9963539375518178
2019-12-29 20:22:05,860 -  - INFO - PARSED: 51 POSITIVE: 0.6275450944345067
2019-12-29 20:22:05,985 -  - INFO - PARSED: 52 POSITIVE: 0.5958511112185608
2019-12-29 20:22:06,169 -  - INFO - TOPIC: #2019超燃励志故事# FETCHED TIME-USED: 10.993981122970581
2019-12-29 20:22:06,391 -  - INFO - REACH WEIBO
2019-12-29 20:22:07,802 -  - INFO - SEARCHED TOPIC: #男友晒陈乔恩近照#
2019-12-29 20:22:07,802 -  - INFO - SCROLLING: 0 WAIT: 0.1
2019-12-29 20:22:07,916 -  - INFO - SCROLLING: 1 WAIT: 0.1
2019-12-29 20:22:08,021 -  - INFO - SCROLLING: 2 WAIT: 0.1
2019-12-29 20:22:08,129 -  - INFO - SCROLLING: 3 WAIT: 0.1
2019-12-29 20:22:08,235 -  - INFO - SCROLLING: 4 WAIT: 0.1
2019-12-29 20:22:08,343 -  - INFO - SCROLLING: 5 WAIT: 0.1
2019-12-29 20:22:08,450 -  - INFO - SCROLLING: 6 WAIT: 0.1
2019-12-29 20:22:08,562 -  - INFO - SCROLLING: 7 WAIT: 0.1
2019-12-29 20:22:08,666 -  - INFO - SCROLLING: 8 WAIT: 0.1
2019-12-29 20:22:08,894 -  - INFO - SCROLLING: 9 WAIT: 0.1
2019-12-29 20:22:10,009 -  - INFO - WEIBO CARDS FOUND
2019-12-29 20:22:10,024 -  - INFO - PARSE ERROR: 0
2019-12-29 20:22:10,176 -  - INFO - PARSED: 1 POSITIVE: 0.9999999999796936
2019-12-29 20:22:10,306 -  - INFO - PARSED: 2 POSITIVE: 0.9999999999870104
2019-12-29 20:22:10,432 -  - INFO - PARSED: 3 POSITIVE: 0.9999999980778762
2019-12-29 20:22:10,554 -  - INFO - PARSED: 4 POSITIVE: 0.8325130729258361
2019-12-29 20:22:10,679 -  - INFO - PARSED: 5 POSITIVE: 0.9977437519922743
2019-12-29 20:22:10,770 -  - INFO - PARSED: 6 POSITIVE: 0.9977437519922743
2019-12-29 20:22:10,783 -  - INFO - PARSE ERROR: 7
2019-12-29 20:22:10,793 -  - INFO - PARSE ERROR: 8
2019-12-29 20:22:10,806 -  - INFO - PARSE ERROR: 9
2019-12-29 20:22:10,818 -  - INFO - PARSE ERROR: 10
2019-12-29 20:22:10,828 -  - INFO - PARSE ERROR: 11
2019-12-29 20:22:10,840 -  - INFO - PARSE ERROR: 12
2019-12-29 20:22:10,853 -  - INFO - PARSE ERROR: 13
2019-12-29 20:22:10,864 -  - INFO - PARSE ERROR: 14
2019-12-29 20:22:10,875 -  - INFO - PARSE ERROR: 15
2019-12-29 20:22:10,887 -  - INFO - PARSE ERROR: 16
2019-12-29 20:22:10,900 -  - INFO - PARSE ERROR: 17
2019-12-29 20:22:11,028 -  - INFO - PARSED: 18 POSITIVE: 0.9054739260031579
2019-12-29 20:22:11,122 -  - INFO - PARSED: 19 POSITIVE: 0.9054739260031579
2019-12-29 20:22:11,265 -  - INFO - PARSED: 20 POSITIVE: 0.9999989033574579
2019-12-29 20:22:11,395 -  - INFO - PARSED: 21 POSITIVE: 0.9999919632714024
2019-12-29 20:22:11,516 -  - INFO - PARSED: 22 POSITIVE: 0.8052762634450974
2019-12-29 20:22:11,639 -  - INFO - PARSED: 23 POSITIVE: 0.018259757618529715
2019-12-29 20:22:11,777 -  - INFO - PARSED: 24 POSITIVE: 0.9999999971600477
2019-12-29 20:22:11,911 -  - INFO - PARSED: 25 POSITIVE: 0.9999999999931439
2019-12-29 20:22:12,043 -  - INFO - PARSED: 26 POSITIVE: 0.9838614458962663
2019-12-29 20:22:12,055 -  - INFO - PARSE ERROR: 27
2019-12-29 20:22:12,200 -  - INFO - PARSED: 28 POSITIVE: 0.9999997797015044
2019-12-29 20:22:12,353 -  - INFO - PARSED: 29 POSITIVE: 0.9666285048515001
2019-12-29 20:22:12,490 -  - INFO - PARSED: 30 POSITIVE: 0.9999999933374748
2019-12-29 20:22:12,640 -  - INFO - PARSED: 31 POSITIVE: 0.17366778420714024
2019-12-29 20:22:12,770 -  - INFO - PARSED: 32 POSITIVE: 0.9944660480041042
2019-12-29 20:22:12,941 -  - INFO - PARSED: 33 POSITIVE: 0.9999999999736013
2019-12-29 20:22:13,082 -  - INFO - PARSED: 34 POSITIVE: 0.9999909197486055
2019-12-29 20:22:13,234 -  - INFO - PARSED: 35 POSITIVE: 0.9986768220103307
2019-12-29 20:22:13,374 -  - INFO - PARSED: 36 POSITIVE: 0.032478159633692605
2019-12-29 20:22:13,532 -  - INFO - PARSED: 37 POSITIVE: 0.9994925717322211
2019-12-29 20:22:13,654 -  - INFO - PARSED: 38 POSITIVE: 0.6071155984759001
2019-12-29 20:22:13,774 -  - INFO - PARSED: 39 POSITIVE: 0.002414472970259207
2019-12-29 20:22:13,891 -  - INFO - PARSED: 40 POSITIVE: 0.002414472970259207
2019-12-29 20:22:14,027 -  - INFO - PARSED: 41 POSITIVE: 0.9999969400449917
2019-12-29 20:22:14,184 -  - INFO - PARSED: 42 POSITIVE: 1.0
2019-12-29 20:22:14,306 -  - INFO - PARSED: 43 POSITIVE: 0.9292654394397113
2019-12-29 20:22:14,435 -  - INFO - PARSED: 44 POSITIVE: 0.5556967135978561
2019-12-29 20:22:14,567 -  - INFO - PARSED: 45 POSITIVE: 0.2707082607573381
2019-12-29 20:22:14,692 -  - INFO - PARSED: 46 POSITIVE: 0.9541717492755913
2019-12-29 20:22:14,852 -  - INFO - PARSED: 47 POSITIVE: 0.9999959825848471
2019-12-29 20:22:15,015 -  - INFO - PARSED: 48 POSITIVE: 0.8838763310738699
2019-12-29 20:22:15,204 -  - INFO - PARSED: 49 POSITIVE: 0.9960368203900387
2019-12-29 20:22:15,353 -  - INFO - PARSED: 50 POSITIVE: 0.9954294025489543
2019-12-29 20:22:15,500 -  - INFO - PARSED: 51 POSITIVE: 0.9999999999796936
2019-12-29 20:22:15,648 -  - INFO - PARSED: 52 POSITIVE: 0.9999998883690335
2019-12-29 20:22:15,777 -  - INFO - PARSED: 53 POSITIVE: 0.6288155165699301
2019-12-29 20:22:15,903 -  - INFO - PARSED: 54 POSITIVE: 0.8823587790229904
2019-12-29 20:22:16,054 -  - INFO - PARSED: 55 POSITIVE: 0.9999985993367065
2019-12-29 20:22:16,197 -  - INFO - PARSED: 56 POSITIVE: 0.44408256979702987
2019-12-29 20:22:16,319 -  - INFO - PARSED: 57 POSITIVE: 0.9278981982013697
2019-12-29 20:22:16,438 -  - INFO - PARSED: 58 POSITIVE: 0.27925142009328485
2019-12-29 20:22:16,584 -  - INFO - PARSED: 59 POSITIVE: 0.9999999323383549
2019-12-29 20:22:16,890 -  - INFO - TOPIC: #男友晒陈乔恩近照# FETCHED TIME-USED: 10.720967769622803
2019-12-29 20:22:17,130 -  - INFO - REACH WEIBO
2019-12-29 20:22:18,347 -  - INFO - SEARCHED TOPIC: #荷兰要改名#
2019-12-29 20:22:18,347 -  - INFO - SCROLLING: 0 WAIT: 0.1
2019-12-29 20:22:18,452 -  - INFO - SCROLLING: 1 WAIT: 0.1
2019-12-29 20:22:18,558 -  - INFO - SCROLLING: 2 WAIT: 0.1
2019-12-29 20:22:18,666 -  - INFO - SCROLLING: 3 WAIT: 0.1
2019-12-29 20:22:18,781 -  - INFO - SCROLLING: 4 WAIT: 0.1
2019-12-29 20:22:18,889 -  - INFO - SCROLLING: 5 WAIT: 0.1
2019-12-29 20:22:18,997 -  - INFO - SCROLLING: 6 WAIT: 0.1
2019-12-29 20:22:19,103 -  - INFO - SCROLLING: 7 WAIT: 0.1
2019-12-29 20:22:19,213 -  - INFO - SCROLLING: 8 WAIT: 0.1
2019-12-29 20:22:19,321 -  - INFO - SCROLLING: 9 WAIT: 0.1
2019-12-29 20:22:20,448 -  - INFO - WEIBO CARDS FOUND
2019-12-29 20:22:20,462 -  - INFO - PARSE ERROR: 0
2019-12-29 20:22:20,596 -  - INFO - PARSED: 1 POSITIVE: 0.9993883023257498
2019-12-29 20:22:20,720 -  - INFO - PARSED: 2 POSITIVE: 0.4331596324544963
2019-12-29 20:22:20,733 -  - INFO - PARSE ERROR: 3
2019-12-29 20:22:20,862 -  - INFO - PARSED: 4 POSITIVE: 0.9993301535498309
2019-12-29 20:22:21,013 -  - INFO - PARSED: 5 POSITIVE: 0.9999999997668918
2019-12-29 20:22:21,146 -  - INFO - PARSED: 6 POSITIVE: 0.881283947721974
2019-12-29 20:22:21,234 -  - INFO - PARSED: 7 POSITIVE: 0.881283947721974
2019-12-29 20:22:21,247 -  - INFO - PARSE ERROR: 8
2019-12-29 20:22:21,260 -  - INFO - PARSE ERROR: 9
2019-12-29 20:22:21,270 -  - INFO - PARSE ERROR: 10
2019-12-29 20:22:21,283 -  - INFO - PARSE ERROR: 11
2019-12-29 20:22:21,295 -  - INFO - PARSE ERROR: 12
2019-12-29 20:22:21,428 -  - INFO - PARSED: 13 POSITIVE: 0.3918230224858561
2019-12-29 20:22:21,525 -  - INFO - PARSED: 14 POSITIVE: 0.3918230224858561
2019-12-29 20:22:21,676 -  - INFO - PARSED: 15 POSITIVE: 0.9054739260031579
2019-12-29 20:22:21,811 -  - INFO - PARSED: 16 POSITIVE: 0.02408131411134684
2019-12-29 20:22:21,993 -  - INFO - PARSED: 17 POSITIVE: 0.9999802692745325
2019-12-29 20:22:22,123 -  - INFO - PARSED: 18 POSITIVE: 0.4106690031245508
2019-12-29 20:22:22,245 -  - INFO - PARSED: 19 POSITIVE: 0.13455937951763175
2019-12-29 20:22:22,372 -  - INFO - PARSED: 20 POSITIVE: 0.3092681127078559
2019-12-29 20:22:22,511 -  - INFO - PARSED: 21 POSITIVE: 0.33863864978055747
2019-12-29 20:22:22,637 -  - INFO - PARSED: 22 POSITIVE: 0.836240172752068
2019-12-29 20:22:22,760 -  - INFO - PARSED: 23 POSITIVE: 0.10036947116549211
2019-12-29 20:22:22,878 -  - INFO - PARSED: 24 POSITIVE: 0.26005701011180016
2019-12-29 20:22:23,010 -  - INFO - PARSED: 25 POSITIVE: 0.4666308393620373
2019-12-29 20:22:23,130 -  - INFO - PARSED: 26 POSITIVE: 0.015103736288160308
2019-12-29 20:22:23,250 -  - INFO - PARSED: 27 POSITIVE: 0.9636788411694241
2019-12-29 20:22:23,373 -  - INFO - PARSED: 28 POSITIVE: 0.25553744496110176
2019-12-29 20:22:23,526 -  - INFO - PARSED: 29 POSITIVE: 0.6858415548985036
2019-12-29 20:22:23,672 -  - INFO - PARSED: 30 POSITIVE: 0.008838829863667352
2019-12-29 20:22:23,810 -  - INFO - PARSED: 31 POSITIVE: 0.999999999383619
2019-12-29 20:22:23,959 -  - INFO - PARSED: 32 POSITIVE: 0.9993883023257498
2019-12-29 20:22:24,121 -  - INFO - PARSED: 33 POSITIVE: 0.9521601959649895
2019-12-29 20:22:24,291 -  - INFO - PARSED: 34 POSITIVE: 0.9996907408055385
2019-12-29 20:22:24,437 -  - INFO - PARSED: 35 POSITIVE: 0.24312505235877668
2019-12-29 20:22:24,577 -  - INFO - PARSED: 36 POSITIVE: 0.004457669389662522
2019-12-29 20:22:24,704 -  - INFO - PARSED: 37 POSITIVE: 0.47011747521322944
2019-12-29 20:22:24,830 -  - INFO - PARSED: 38 POSITIVE: 0.27581550538354704
2019-12-29 20:22:24,970 -  - INFO - PARSED: 39 POSITIVE: 0.8271946009378442
2019-12-29 20:22:25,116 -  - INFO - PARSED: 40 POSITIVE: 0.9978256157658341
2019-12-29 20:22:25,275 -  - INFO - PARSED: 41 POSITIVE: 0.11584245632425738
2019-12-29 20:22:25,429 -  - INFO - PARSED: 42 POSITIVE: 0.9999999997668918
2019-12-29 20:22:25,570 -  - INFO - PARSED: 43 POSITIVE: 0.075833096723386
2019-12-29 20:22:25,698 -  - INFO - PARSED: 44 POSITIVE: 0.39883771478397356
2019-12-29 20:22:25,821 -  - INFO - PARSED: 45 POSITIVE: 0.049418230707787614
2019-12-29 20:22:25,956 -  - INFO - PARSED: 46 POSITIVE: 0.3802467343341175
2019-12-29 20:22:26,090 -  - INFO - PARSED: 47 POSITIVE: 0.04365038077819694
2019-12-29 20:22:26,225 -  - INFO - PARSED: 48 POSITIVE: 0.5133129529269728
2019-12-29 20:22:26,353 -  - INFO - PARSED: 49 POSITIVE: 0.19618183418050217
2019-12-29 20:22:26,480 -  - INFO - PARSED: 50 POSITIVE: 0.7262128465083005
2019-12-29 20:22:26,655 -  - INFO - PARSED: 51 POSITIVE: 0.004962880571358186
2019-12-29 20:22:26,776 -  - INFO - PARSED: 52 POSITIVE: 0.008886099671578718
2019-12-29 20:22:27,028 -  - INFO - TOPIC: #荷兰要改名# FETCHED TIME-USED: 10.138128995895386
2019-12-29 20:22:27,243 -  - INFO - REACH WEIBO
2019-12-29 20:22:28,531 -  - INFO - SEARCHED TOPIC: #王一博等赵丽颖#
2019-12-29 20:22:28,532 -  - INFO - SCROLLING: 0 WAIT: 0.1
2019-12-29 20:22:28,639 -  - INFO - SCROLLING: 1 WAIT: 0.1
2019-12-29 20:22:28,747 -  - INFO - SCROLLING: 2 WAIT: 0.1
2019-12-29 20:22:28,852 -  - INFO - SCROLLING: 3 WAIT: 0.1
2019-12-29 20:22:28,982 -  - INFO - SCROLLING: 4 WAIT: 0.1
2019-12-29 20:22:29,088 -  - INFO - SCROLLING: 5 WAIT: 0.1
2019-12-29 20:22:29,194 -  - INFO - SCROLLING: 6 WAIT: 0.1
2019-12-29 20:22:29,301 -  - INFO - SCROLLING: 7 WAIT: 0.1
2019-12-29 20:22:29,414 -  - INFO - SCROLLING: 8 WAIT: 0.1
2019-12-29 20:22:29,616 -  - INFO - SCROLLING: 9 WAIT: 0.1
2019-12-29 20:22:30,745 -  - INFO - WEIBO CARDS FOUND
2019-12-29 20:22:30,904 -  - INFO - PARSED: 0 POSITIVE: 0.9996451945999801
2019-12-29 20:22:31,018 -  - INFO - PARSED: 1 POSITIVE: 0.9908872897860269
2019-12-29 20:22:31,169 -  - INFO - PARSED: 2 POSITIVE: 0.9994691547240124
2019-12-29 20:22:31,282 -  - INFO - PARSED: 3 POSITIVE: 0.9994691547240124
2019-12-29 20:22:31,296 -  - INFO - PARSE ERROR: 4
2019-12-29 20:22:31,452 -  - INFO - PARSED: 5 POSITIVE: 0.9999945098872093
2019-12-29 20:22:31,464 -  - INFO - PARSE ERROR: 6
2019-12-29 20:22:31,581 -  - INFO - PARSED: 7 POSITIVE: 0.9999945098872093
2019-12-29 20:22:31,720 -  - INFO - PARSED: 8 POSITIVE: 0.9999999999751714
2019-12-29 20:22:31,733 -  - INFO - PARSE ERROR: 9
2019-12-29 20:22:31,744 -  - INFO - PARSE ERROR: 10
2019-12-29 20:22:31,757 -  - INFO - PARSE ERROR: 11
2019-12-29 20:22:31,769 -  - INFO - PARSE ERROR: 12
2019-12-29 20:22:31,780 -  - INFO - PARSE ERROR: 13
2019-12-29 20:22:31,793 -  - INFO - PARSE ERROR: 14
2019-12-29 20:22:31,802 -  - INFO - PARSE ERROR: 15
2019-12-29 20:22:31,815 -  - INFO - PARSE ERROR: 16
2019-12-29 20:22:31,826 -  - INFO - PARSE ERROR: 17
2019-12-29 20:22:31,836 -  - INFO - PARSE ERROR: 18
2019-12-29 20:22:31,848 -  - INFO - PARSE ERROR: 19
2019-12-29 20:22:31,978 -  - INFO - PARSED: 20 POSITIVE: 0.9989481214024459
2019-12-29 20:22:32,077 -  - INFO - PARSED: 21 POSITIVE: 0.9989481214024459
2019-12-29 20:22:32,206 -  - INFO - PARSED: 22 POSITIVE: 0.9648277592624005
2019-12-29 20:22:32,341 -  - INFO - PARSED: 23 POSITIVE: 0.9999998379332019
2019-12-29 20:22:32,482 -  - INFO - PARSED: 24 POSITIVE: 0.9997579872404044
2019-12-29 20:22:32,617 -  - INFO - PARSED: 25 POSITIVE: 0.998977545886618
2019-12-29 20:22:32,791 -  - INFO - PARSED: 26 POSITIVE: 0.9999802692745325
2019-12-29 20:22:32,924 -  - INFO - PARSED: 27 POSITIVE: 0.9999566226450511
2019-12-29 20:22:33,062 -  - INFO - PARSED: 28 POSITIVE: 0.9999887751945362
2019-12-29 20:22:33,197 -  - INFO - PARSED: 29 POSITIVE: 0.88860225032085
2019-12-29 20:22:33,336 -  - INFO - PARSED: 30 POSITIVE: 0.9914543374132785
2019-12-29 20:22:33,348 -  - INFO - PARSE ERROR: 31
2019-12-29 20:22:33,360 -  - INFO - PARSE ERROR: 32
2019-12-29 20:22:33,371 -  - INFO - PARSE ERROR: 33
2019-12-29 20:22:33,518 -  - INFO - PARSED: 34 POSITIVE: 0.9968676412646773
2019-12-29 20:22:33,640 -  - INFO - PARSED: 35 POSITIVE: 0.99888781438353
2019-12-29 20:22:33,780 -  - INFO - PARSED: 36 POSITIVE: 0.9999775590045636
2019-12-29 20:22:33,909 -  - INFO - PARSED: 37 POSITIVE: 0.9999999989089916
2019-12-29 20:22:34,045 -  - INFO - PARSED: 38 POSITIVE: 0.9998246302778545
2019-12-29 20:22:34,207 -  - INFO - PARSED: 39 POSITIVE: 0.9998521421832504
2019-12-29 20:22:34,347 -  - INFO - PARSED: 40 POSITIVE: 0.9997607700256501
2019-12-29 20:22:34,492 -  - INFO - PARSED: 41 POSITIVE: 0.9996451945999801
2019-12-29 20:22:34,634 -  - INFO - PARSED: 42 POSITIVE: 0.9999999993035853
2019-12-29 20:22:34,787 -  - INFO - PARSED: 43 POSITIVE: 0.9999999999969524
2019-12-29 20:22:34,976 -  - INFO - PARSED: 44 POSITIVE: 0.9999999999969524
2019-12-29 20:22:35,127 -  - INFO - PARSED: 45 POSITIVE: 0.9967585389733348
2019-12-29 20:22:35,254 -  - INFO - PARSED: 46 POSITIVE: 0.9373916922514924
2019-12-29 20:22:35,391 -  - INFO - PARSED: 47 POSITIVE: 0.9991943567684626
2019-12-29 20:22:35,534 -  - INFO - PARSED: 48 POSITIVE: 0.9999862249446202
2019-12-29 20:22:35,683 -  - INFO - PARSED: 49 POSITIVE: 0.999999773662667
2019-12-29 20:22:35,819 -  - INFO - PARSED: 50 POSITIVE: 0.9999877084834411
2019-12-29 20:22:35,972 -  - INFO - PARSED: 51 POSITIVE: 0.7976630093118224
2019-12-29 20:22:36,144 -  - INFO - PARSED: 52 POSITIVE: 0.9999962120220122
2019-12-29 20:22:36,290 -  - INFO - PARSED: 53 POSITIVE: 0.9999670905447822
2019-12-29 20:22:36,407 -  - INFO - PARSED: 54 POSITIVE: 0.7143192204676062
2019-12-29 20:22:36,533 -  - INFO - PARSED: 55 POSITIVE: 0.9989783063361366
2019-12-29 20:22:36,663 -  - INFO - PARSED: 56 POSITIVE: 0.9999841637919685
2019-12-29 20:22:36,836 -  - INFO - PARSED: 57 POSITIVE: 0.9993445782775805
2019-12-29 20:22:37,012 -  - INFO - PARSED: 58 POSITIVE: 0.9959848642555632
2019-12-29 20:22:37,144 -  - INFO - PARSED: 59 POSITIVE: 0.999999122593646
2019-12-29 20:22:37,274 -  - INFO - PARSED: 60 POSITIVE: 0.9999741838487297
2019-12-29 20:22:37,398 -  - INFO - PARSED: 61 POSITIVE: 0.9983392842954433
2019-12-29 20:22:37,577 -  - INFO - PARSED: 62 POSITIVE: 0.999999721409471
2019-12-29 20:22:37,711 -  - INFO - PARSED: 63 POSITIVE: 0.03378484380250635
2019-12-29 20:22:38,019 -  - INFO - TOPIC: #王一博等赵丽颖# FETCHED TIME-USED: 10.989550828933716
2019-12-29 20:22:38,236 -  - INFO - REACH WEIBO
2019-12-29 20:22:39,538 -  - INFO - SEARCHED TOPIC: #张若昀回应打过唇钉#
2019-12-29 20:22:39,538 -  - INFO - SCROLLING: 0 WAIT: 0.1
2019-12-29 20:22:39,645 -  - INFO - SCROLLING: 1 WAIT: 0.1
2019-12-29 20:22:39,752 -  - INFO - SCROLLING: 2 WAIT: 0.1
2019-12-29 20:22:39,858 -  - INFO - SCROLLING: 3 WAIT: 0.1
2019-12-29 20:22:39,967 -  - INFO - SCROLLING: 4 WAIT: 0.1
2019-12-29 20:22:40,074 -  - INFO - SCROLLING: 5 WAIT: 0.1
2019-12-29 20:22:40,177 -  - INFO - SCROLLING: 6 WAIT: 0.1
2019-12-29 20:22:40,284 -  - INFO - SCROLLING: 7 WAIT: 0.1
2019-12-29 20:22:40,389 -  - INFO - SCROLLING: 8 WAIT: 0.1
2019-12-29 20:22:40,496 -  - INFO - SCROLLING: 9 WAIT: 0.1
2019-12-29 20:22:41,642 -  - INFO - WEIBO CARDS FOUND
2019-12-29 20:22:41,785 -  - INFO - PARSED: 0 POSITIVE: 0.0020424028511806247
2019-12-29 20:22:41,920 -  - INFO - PARSED: 1 POSITIVE: 0.02148336308106813
2019-12-29 20:22:42,030 -  - INFO - PARSED: 2 POSITIVE: 0.02148336308106813
2019-12-29 20:22:42,042 -  - INFO - PARSE ERROR: 3
2019-12-29 20:22:42,189 -  - INFO - PARSED: 4 POSITIVE: 0.29041403091672846
2019-12-29 20:22:42,212 -  - INFO - PARSE ERROR: 5
2019-12-29 20:22:42,388 -  - INFO - PARSED: 6 POSITIVE: 0.29041403091672846
2019-12-29 20:22:42,537 -  - INFO - PARSED: 7 POSITIVE: 0.019529976592982834
2019-12-29 20:22:42,557 -  - INFO - PARSE ERROR: 8
2019-12-29 20:22:42,569 -  - INFO - PARSE ERROR: 9
2019-12-29 20:22:42,581 -  - INFO - PARSE ERROR: 10
2019-12-29 20:22:42,592 -  - INFO - PARSE ERROR: 11
2019-12-29 20:22:42,603 -  - INFO - PARSE ERROR: 12
2019-12-29 20:22:42,614 -  - INFO - PARSE ERROR: 13
2019-12-29 20:22:42,626 -  - INFO - PARSE ERROR: 14
2019-12-29 20:22:42,639 -  - INFO - PARSE ERROR: 15
2019-12-29 20:22:42,653 -  - INFO - PARSE ERROR: 16
2019-12-29 20:22:42,666 -  - INFO - PARSE ERROR: 17
2019-12-29 20:22:42,815 -  - INFO - PARSED: 18 POSITIVE: 0.9632078943065157
2019-12-29 20:22:42,935 -  - INFO - PARSED: 19 POSITIVE: 0.9632078943065157
2019-12-29 20:22:43,069 -  - INFO - PARSED: 20 POSITIVE: 0.004273977909256321
2019-12-29 20:22:43,201 -  - INFO - PARSED: 21 POSITIVE: 0.29807946794237195
2019-12-29 20:22:43,328 -  - INFO - PARSED: 22 POSITIVE: 0.9141247915779671
2019-12-29 20:22:43,483 -  - INFO - PARSED: 23 POSITIVE: 0.999999811271331
2019-12-29 20:22:43,608 -  - INFO - PARSED: 24 POSITIVE: 1.4787064023247254e-06
2019-12-29 20:22:43,760 -  - INFO - PARSED: 25 POSITIVE: 0.9999986788127977
2019-12-29 20:22:43,886 -  - INFO - PARSED: 26 POSITIVE: 0.06852737624196859
2019-12-29 20:22:44,027 -  - INFO - PARSED: 27 POSITIVE: 0.5252016515274637
2019-12-29 20:22:44,154 -  - INFO - PARSED: 28 POSITIVE: 0.002350681100803498
2019-12-29 20:22:44,283 -  - INFO - PARSED: 29 POSITIVE: 0.019382280520064854
2019-12-29 20:22:44,431 -  - INFO - PARSED: 30 POSITIVE: 0.9991738010147849
2019-12-29 20:22:44,569 -  - INFO - PARSED: 31 POSITIVE: 0.9999573601880012
2019-12-29 20:22:44,703 -  - INFO - PARSED: 32 POSITIVE: 0.8978129740745668
2019-12-29 20:22:44,927 -  - INFO - PARSED: 33 POSITIVE: 0.9999996250795409
2019-12-29 20:22:45,090 -  - INFO - PARSED: 34 POSITIVE: 0.21781150722343523
2019-12-29 20:22:45,108 -  - INFO - PARSE ERROR: 35
2019-12-29 20:22:45,247 -  - INFO - PARSED: 36 POSITIVE: 0.21781150722343523
2019-12-29 20:22:45,260 -  - INFO - PARSE ERROR: 37
2019-12-29 20:22:45,427 -  - INFO - PARSED: 38 POSITIVE: 0.7677631969108165
2019-12-29 20:22:45,559 -  - INFO - PARSED: 39 POSITIVE: 0.6283160700864311
2019-12-29 20:22:45,686 -  - INFO - PARSED: 40 POSITIVE: 0.012664668705949067
2019-12-29 20:22:45,807 -  - INFO - PARSED: 41 POSITIVE: 0.4324414515243328
2019-12-29 20:22:45,928 -  - INFO - PARSED: 42 POSITIVE: 0.13542873053714521
2019-12-29 20:22:46,084 -  - INFO - PARSED: 43 POSITIVE: 0.9824052243552795
2019-12-29 20:22:46,207 -  - INFO - PARSED: 44 POSITIVE: 0.027314166774787707
2019-12-29 20:22:46,329 -  - INFO - PARSED: 45 POSITIVE: 0.013718628166067282
2019-12-29 20:22:46,466 -  - INFO - PARSED: 46 POSITIVE: 0.0085592086111127
2019-12-29 20:22:46,612 -  - INFO - PARSED: 47 POSITIVE: 0.0008034006979449337
2019-12-29 20:22:46,765 -  - INFO - PARSED: 48 POSITIVE: 0.031978854243838284
2019-12-29 20:22:46,927 -  - INFO - PARSED: 49 POSITIVE: 0.657707862028185
2019-12-29 20:22:47,058 -  - INFO - PARSED: 50 POSITIVE: 0.999718907790716
2019-12-29 20:22:47,190 -  - INFO - PARSED: 51 POSITIVE: 0.003992633433631876
2019-12-29 20:22:47,334 -  - INFO - PARSED: 52 POSITIVE: 0.29870599304134515
2019-12-29 20:22:47,465 -  - INFO - PARSED: 53 POSITIVE: 0.9799033510700823
2019-12-29 20:22:47,630 -  - INFO - PARSED: 54 POSITIVE: 0.8326026243502245
2019-12-29 20:22:47,795 -  - INFO - PARSED: 55 POSITIVE: 0.0020424028511806247
2019-12-29 20:22:48,158 -  - INFO - TOPIC: #张若昀回应打过唇钉# FETCHED TIME-USED: 10.138167381286621
2019-12-29 20:22:48,425 -  - INFO - REACH WEIBO
2019-12-29 20:22:49,665 -  - INFO - SEARCHED TOPIC: #医院辟谣未对杀医者家属免费治疗#
2019-12-29 20:22:49,666 -  - INFO - SCROLLING: 0 WAIT: 0.1
2019-12-29 20:22:49,807 -  - INFO - SCROLLING: 1 WAIT: 0.1
2019-12-29 20:22:49,912 -  - INFO - SCROLLING: 2 WAIT: 0.1
2019-12-29 20:22:50,017 -  - INFO - SCROLLING: 3 WAIT: 0.1
2019-12-29 20:22:50,133 -  - INFO - SCROLLING: 4 WAIT: 0.1
2019-12-29 20:22:50,239 -  - INFO - SCROLLING: 5 WAIT: 0.1
2019-12-29 20:22:50,345 -  - INFO - SCROLLING: 6 WAIT: 0.1
2019-12-29 20:22:50,451 -  - INFO - SCROLLING: 7 WAIT: 0.1
2019-12-29 20:22:50,559 -  - INFO - SCROLLING: 8 WAIT: 0.1
2019-12-29 20:22:50,666 -  - INFO - SCROLLING: 9 WAIT: 0.1
2019-12-29 20:22:51,814 -  - INFO - WEIBO CARDS FOUND
2019-12-29 20:22:51,828 -  - INFO - PARSE ERROR: 0
2019-12-29 20:22:52,007 -  - INFO - PARSED: 1 POSITIVE: 0.9999308343142566
2019-12-29 20:22:52,176 -  - INFO - PARSED: 2 POSITIVE: 0.99997294488041
2019-12-29 20:22:52,347 -  - INFO - PARSED: 3 POSITIVE: 0.9999212566486142
2019-12-29 20:22:52,510 -  - INFO - PARSED: 4 POSITIVE: 0.9999999996680307
2019-12-29 20:22:52,634 -  - INFO - PARSED: 5 POSITIVE: 0.9999999996680307
2019-12-29 20:22:52,651 -  - INFO - PARSE ERROR: 6
2019-12-29 20:22:52,803 -  - INFO - PARSED: 7 POSITIVE: 3.4022501714803255e-06
2019-12-29 20:22:52,817 -  - INFO - PARSE ERROR: 8
2019-12-29 20:22:52,927 -  - INFO - PARSED: 9 POSITIVE: 3.4022501714803255e-06
2019-12-29 20:22:52,940 -  - INFO - PARSE ERROR: 10
2019-12-29 20:22:52,952 -  - INFO - PARSE ERROR: 11
2019-12-29 20:22:52,967 -  - INFO - PARSE ERROR: 12
2019-12-29 20:22:52,979 -  - INFO - PARSE ERROR: 13
2019-12-29 20:22:52,992 -  - INFO - PARSE ERROR: 14
2019-12-29 20:22:53,004 -  - INFO - PARSE ERROR: 15
2019-12-29 20:22:53,016 -  - INFO - PARSE ERROR: 16
2019-12-29 20:22:53,028 -  - INFO - PARSE ERROR: 17
2019-12-29 20:22:53,158 -  - INFO - PARSED: 18 POSITIVE: 0.6090835508264976
2019-12-29 20:22:53,248 -  - INFO - PARSED: 19 POSITIVE: 0.6090835508264976
2019-12-29 20:22:53,421 -  - INFO - PARSED: 20 POSITIVE: 0.9999308343142566
2019-12-29 20:22:53,553 -  - INFO - PARSED: 21 POSITIVE: 0.046174908304098095
2019-12-29 20:22:53,685 -  - INFO - PARSED: 22 POSITIVE: 0.0032769783438578726
2019-12-29 20:22:53,817 -  - INFO - PARSED: 23 POSITIVE: 0.7029066724413638
2019-12-29 20:22:53,967 -  - INFO - PARSED: 24 POSITIVE: 0.994888078888863
2019-12-29 20:22:54,117 -  - INFO - PARSED: 25 POSITIVE: 0.9448493463048263
2019-12-29 20:22:54,255 -  - INFO - PARSED: 26 POSITIVE: 0.16105143277068457
2019-12-29 20:22:54,393 -  - INFO - PARSED: 27 POSITIVE: 0.38564742553131537
2019-12-29 20:22:54,530 -  - INFO - PARSED: 28 POSITIVE: 0.999833018730373
2019-12-29 20:22:54,687 -  - INFO - PARSED: 29 POSITIVE: 0.9975382894506438
2019-12-29 20:22:54,832 -  - INFO - PARSED: 30 POSITIVE: 0.0014098352104605638
2019-12-29 20:22:54,970 -  - INFO - PARSED: 31 POSITIVE: 0.9996069476527167
2019-12-29 20:22:55,117 -  - INFO - PARSED: 32 POSITIVE: 0.7145424586284265
2019-12-29 20:22:55,252 -  - INFO - PARSED: 33 POSITIVE: 0.47269565424224635
2019-12-29 20:22:55,267 -  - INFO - PARSE ERROR: 34
2019-12-29 20:22:55,398 -  - INFO - PARSED: 35 POSITIVE: 0.8837274808095127
2019-12-29 20:22:55,540 -  - INFO - PARSED: 36 POSITIVE: 0.9456691808888995
2019-12-29 20:22:55,669 -  - INFO - PARSED: 37 POSITIVE: 0.05721095555328237
2019-12-29 20:22:55,839 -  - INFO - PARSED: 38 POSITIVE: 0.6033795857131267
2019-12-29 20:22:55,974 -  - INFO - PARSED: 39 POSITIVE: 0.295256687385388
2019-12-29 20:22:56,136 -  - INFO - PARSED: 40 POSITIVE: 0.6929180949533131
2019-12-29 20:22:56,300 -  - INFO - PARSED: 41 POSITIVE: 0.36654192474688807
2019-12-29 20:22:56,481 -  - INFO - PARSED: 42 POSITIVE: 0.019497901530021178
2019-12-29 20:22:56,648 -  - INFO - PARSED: 43 POSITIVE: 0.4658853747751823
2019-12-29 20:22:56,772 -  - INFO - PARSED: 44 POSITIVE: 0.6183772058477677
2019-12-29 20:22:56,897 -  - INFO - PARSED: 45 POSITIVE: 0.21622713315104558
2019-12-29 20:22:57,036 -  - INFO - PARSED: 46 POSITIVE: 0.36787316327965847
2019-12-29 20:22:57,209 -  - INFO - PARSED: 47 POSITIVE: 7.464473950946626e-06
2019-12-29 20:22:57,353 -  - INFO - PARSED: 48 POSITIVE: 0.002827519402639145
2019-12-29 20:22:57,503 -  - INFO - PARSED: 49 POSITIVE: 0.9745763775853847
2019-12-29 20:22:57,646 -  - INFO - PARSED: 50 POSITIVE: 0.6245080069380476
2019-12-29 20:22:57,788 -  - INFO - PARSED: 51 POSITIVE: 0.7142854178551654
2019-12-29 20:22:57,956 -  - INFO - PARSED: 52 POSITIVE: 0.9999999996680307
2019-12-29 20:22:58,109 -  - INFO - PARSED: 53 POSITIVE: 0.655727410006739
2019-12-29 20:22:58,258 -  - INFO - PARSED: 54 POSITIVE: 0.04277193704925719
2019-12-29 20:22:58,430 -  - INFO - PARSED: 55 POSITIVE: 0.01619780723489983
2019-12-29 20:22:58,570 -  - INFO - PARSED: 56 POSITIVE: 0.9263749666809091
2019-12-29 20:22:58,723 -  - INFO - PARSED: 57 POSITIVE: 0.0002114666858907821
2019-12-29 20:22:58,894 -  - INFO - PARSED: 58 POSITIVE: 0.19733233349858925
2019-12-29 20:22:59,092 -  - INFO - TOPIC: #医院辟谣未对杀医者家属免费治疗# FETCHED TIME-USED: 10.934627056121826
2019-12-29 20:22:59,348 -  - INFO - REACH WEIBO
2019-12-29 20:23:00,581 -  - INFO - SEARCHED TOPIC: #金晨马甲线#
2019-12-29 20:23:00,581 -  - INFO - SCROLLING: 0 WAIT: 0.1
2019-12-29 20:23:00,685 -  - INFO - SCROLLING: 1 WAIT: 0.1
2019-12-29 20:23:00,795 -  - INFO - SCROLLING: 2 WAIT: 0.1
2019-12-29 20:23:00,902 -  - INFO - SCROLLING: 3 WAIT: 0.1
2019-12-29 20:23:01,084 -  - INFO - SCROLLING: 4 WAIT: 0.1
2019-12-29 20:23:01,194 -  - INFO - SCROLLING: 5 WAIT: 0.1
2019-12-29 20:23:01,303 -  - INFO - SCROLLING: 6 WAIT: 0.1
2019-12-29 20:23:01,410 -  - INFO - SCROLLING: 7 WAIT: 0.1
2019-12-29 20:23:01,526 -  - INFO - SCROLLING: 8 WAIT: 0.1
2019-12-29 20:23:01,691 -  - INFO - SCROLLING: 9 WAIT: 0.1
2019-12-29 20:23:02,816 -  - INFO - WEIBO CARDS FOUND
2019-12-29 20:23:02,841 -  - INFO - PARSE ERROR: 0
2019-12-29 20:23:02,995 -  - INFO - PARSED: 1 POSITIVE: 0.26672327145563035
2019-12-29 20:23:03,142 -  - INFO - PARSED: 2 POSITIVE: 0.9991170084665861
2019-12-29 20:23:03,280 -  - INFO - PARSED: 3 POSITIVE: 0.9994243416879345
2019-12-29 20:23:03,410 -  - INFO - PARSED: 4 POSITIVE: 0.9985340240504843
2019-12-29 20:23:03,551 -  - INFO - PARSED: 5 POSITIVE: 0.9985340240504843
2019-12-29 20:23:03,564 -  - INFO - PARSE ERROR: 6
2019-12-29 20:23:03,574 -  - INFO - PARSE ERROR: 7
2019-12-29 20:23:03,585 -  - INFO - PARSE ERROR: 8
2019-12-29 20:23:03,597 -  - INFO - PARSE ERROR: 9
2019-12-29 20:23:03,609 -  - INFO - PARSE ERROR: 10
2019-12-29 20:23:03,620 -  - INFO - PARSE ERROR: 11
2019-12-29 20:23:03,631 -  - INFO - PARSE ERROR: 12
2019-12-29 20:23:03,643 -  - INFO - PARSE ERROR: 13
2019-12-29 20:23:03,827 -  - INFO - PARSED: 14 POSITIVE: 0.9723358848863912
2019-12-29 20:23:03,956 -  - INFO - PARSED: 15 POSITIVE: 0.9723358848863912
2019-12-29 20:23:04,092 -  - INFO - PARSED: 16 POSITIVE: 0.9910496837863776
2019-12-29 20:23:04,246 -  - INFO - PARSED: 17 POSITIVE: 0.19681994193254893
2019-12-29 20:23:04,380 -  - INFO - PARSED: 18 POSITIVE: 0.21195802608355285
2019-12-29 20:23:04,520 -  - INFO - PARSED: 19 POSITIVE: 0.24038083483244155
2019-12-29 20:23:04,678 -  - INFO - PARSED: 20 POSITIVE: 0.9999969076293145
2019-12-29 20:23:04,860 -  - INFO - PARSED: 21 POSITIVE: 0.073067323953379
2019-12-29 20:23:04,992 -  - INFO - PARSED: 22 POSITIVE: 0.9692329797093778
2019-12-29 20:23:05,159 -  - INFO - PARSED: 23 POSITIVE: 0.9991170084665861
2019-12-29 20:23:05,293 -  - INFO - PARSED: 24 POSITIVE: 0.9967334378888142
2019-12-29 20:23:05,442 -  - INFO - PARSED: 25 POSITIVE: 0.9999993333742024
2019-12-29 20:23:05,582 -  - INFO - PARSED: 26 POSITIVE: 0.9994243416879345
2019-12-29 20:23:05,710 -  - INFO - PARSED: 27 POSITIVE: 0.08724584454861317
2019-12-29 20:23:05,841 -  - INFO - PARSED: 28 POSITIVE: 0.9992539603765138
2019-12-29 20:23:05,973 -  - INFO - PARSED: 29 POSITIVE: 0.5668571658142137
2019-12-29 20:23:06,137 -  - INFO - PARSED: 30 POSITIVE: 0.972604813619417
2019-12-29 20:23:06,288 -  - INFO - PARSED: 31 POSITIVE: 0.2645542180454984
2019-12-29 20:23:06,433 -  - INFO - PARSED: 32 POSITIVE: 0.999210967881129
2019-12-29 20:23:06,601 -  - INFO - PARSED: 33 POSITIVE: 0.9994538119169258
2019-12-29 20:23:06,865 -  - INFO - PARSED: 34 POSITIVE: 0.05883084924358273
2019-12-29 20:23:07,005 -  - INFO - PARSED: 35 POSITIVE: 0.9985340240504843
2019-12-29 20:23:07,150 -  - INFO - PARSED: 36 POSITIVE: 0.009720624654821375
2019-12-29 20:23:07,283 -  - INFO - PARSED: 37 POSITIVE: 0.36631316046896223
2019-12-29 20:23:07,408 -  - INFO - PARSED: 38 POSITIVE: 0.6944581743391066
2019-12-29 20:23:07,545 -  - INFO - PARSED: 39 POSITIVE: 0.9243731224990326
2019-12-29 20:23:07,677 -  - INFO - PARSED: 40 POSITIVE: 0.926334952390545
2019-12-29 20:23:07,812 -  - INFO - PARSED: 41 POSITIVE: 0.9991303447799423
2019-12-29 20:23:07,948 -  - INFO - PARSED: 42 POSITIVE: 0.9990492232455198
2019-12-29 20:23:08,097 -  - INFO - PARSED: 43 POSITIVE: 0.9999602962670553
2019-12-29 20:23:08,229 -  - INFO - PARSED: 44 POSITIVE: 0.22492842296451
2019-12-29 20:23:08,358 -  - INFO - PARSED: 45 POSITIVE: 0.9783950427806264
2019-12-29 20:23:08,496 -  - INFO - PARSED: 46 POSITIVE: 0.5727638811696104
2019-12-29 20:23:08,655 -  - INFO - PARSED: 47 POSITIVE: 0.05257609212212455
2019-12-29 20:23:08,792 -  - INFO - PARSED: 48 POSITIVE: 0.6229522638509787
2019-12-29 20:23:08,938 -  - INFO - PARSED: 49 POSITIVE: 0.924753667420209
2019-12-29 20:23:09,100 -  - INFO - PARSED: 50 POSITIVE: 0.40990029607362866
2019-12-29 20:23:09,266 -  - INFO - PARSED: 51 POSITIVE: 0.006977656190414017
2019-12-29 20:23:09,501 -  - INFO - TOPIC: #金晨马甲线# FETCHED TIME-USED: 10.407890796661377
2019-12-29 20:23:09,708 -  - INFO - REACH WEIBO
2019-12-29 20:23:11,024 -  - INFO - SEARCHED TOPIC: #谭松韵牛角包造型#
2019-12-29 20:23:11,024 -  - INFO - SCROLLING: 0 WAIT: 0.1
2019-12-29 20:23:11,130 -  - INFO - SCROLLING: 1 WAIT: 0.1
2019-12-29 20:23:11,235 -  - INFO - SCROLLING: 2 WAIT: 0.1
2019-12-29 20:23:11,346 -  - INFO - SCROLLING: 3 WAIT: 0.1
2019-12-29 20:23:11,464 -  - INFO - SCROLLING: 4 WAIT: 0.1
2019-12-29 20:23:11,569 -  - INFO - SCROLLING: 5 WAIT: 0.1
2019-12-29 20:23:11,675 -  - INFO - SCROLLING: 6 WAIT: 0.1
2019-12-29 20:23:11,782 -  - INFO - SCROLLING: 7 WAIT: 0.1
2019-12-29 20:23:11,891 -  - INFO - SCROLLING: 8 WAIT: 0.1
2019-12-29 20:23:12,033 -  - INFO - SCROLLING: 9 WAIT: 0.1
2019-12-29 20:23:13,155 -  - INFO - WEIBO CARDS FOUND
2019-12-29 20:23:13,331 -  - INFO - PARSED: 0 POSITIVE: 0.9632378129245435
2019-12-29 20:23:13,479 -  - INFO - PARSED: 1 POSITIVE: 0.9999998958791707
2019-12-29 20:23:13,588 -  - INFO - PARSED: 2 POSITIVE: 0.9999998958791707
2019-12-29 20:23:13,602 -  - INFO - PARSE ERROR: 3
2019-12-29 20:23:13,746 -  - INFO - PARSED: 4 POSITIVE: 0.986766091477094
2019-12-29 20:23:13,877 -  - INFO - PARSED: 5 POSITIVE: 0.9837591173555341
2019-12-29 20:23:14,046 -  - INFO - PARSED: 6 POSITIVE: 0.5351870653813707
2019-12-29 20:23:14,139 -  - INFO - PARSED: 7 POSITIVE: 0.5351870653813707
2019-12-29 20:23:14,153 -  - INFO - PARSE ERROR: 8
2019-12-29 20:23:14,165 -  - INFO - PARSE ERROR: 9
2019-12-29 20:23:14,177 -  - INFO - PARSE ERROR: 10
2019-12-29 20:23:14,188 -  - INFO - PARSE ERROR: 11
2019-12-29 20:23:14,200 -  - INFO - PARSE ERROR: 12
2019-12-29 20:23:14,212 -  - INFO - PARSE ERROR: 13
2019-12-29 20:23:14,223 -  - INFO - PARSE ERROR: 14
2019-12-29 20:23:14,379 -  - INFO - PARSED: 15 POSITIVE: 0.9967619015594253
2019-12-29 20:23:14,497 -  - INFO - PARSED: 16 POSITIVE: 0.9967619015594253
2019-12-29 20:23:14,660 -  - INFO - PARSED: 17 POSITIVE: 0.10121464491016274
2019-12-29 20:23:14,793 -  - INFO - PARSED: 18 POSITIVE: 0.9825366388876049
2019-12-29 20:23:14,923 -  - INFO - PARSED: 19 POSITIVE: 0.9877699451639866
2019-12-29 20:23:15,060 -  - INFO - PARSED: 20 POSITIVE: 0.2963360136229699
2019-12-29 20:23:15,262 -  - INFO - PARSED: 21 POSITIVE: 0.9980549858212229
2019-12-29 20:23:15,402 -  - INFO - PARSED: 22 POSITIVE: 0.9995984943506635
2019-12-29 20:23:15,553 -  - INFO - PARSED: 23 POSITIVE: 0.34888651664650816
2019-12-29 20:23:15,717 -  - INFO - PARSED: 24 POSITIVE: 0.9975280159857794
2019-12-29 20:23:15,867 -  - INFO - PARSED: 25 POSITIVE: 0.8104978520275324
2019-12-29 20:23:16,002 -  - INFO - PARSED: 26 POSITIVE: 0.9886899387971421
2019-12-29 20:23:16,161 -  - INFO - PARSED: 27 POSITIVE: 0.007576115591210297
2019-12-29 20:23:16,316 -  - INFO - PARSED: 28 POSITIVE: 0.298962063608327
2019-12-29 20:23:16,472 -  - INFO - PARSED: 29 POSITIVE: 0.7009512278399053
2019-12-29 20:23:16,616 -  - INFO - PARSED: 30 POSITIVE: 0.9998482393202818
2019-12-29 20:23:16,762 -  - INFO - PARSED: 31 POSITIVE: 0.46508866622754297
2019-12-29 20:23:16,930 -  - INFO - PARSED: 32 POSITIVE: 0.9971602987364553
2019-12-29 20:23:17,133 -  - INFO - PARSED: 33 POSITIVE: 0.9520055387068906
2019-12-29 20:23:17,286 -  - INFO - PARSED: 34 POSITIVE: 0.9837591173555341
2019-12-29 20:23:17,433 -  - INFO - PARSED: 35 POSITIVE: 0.8177239271777571
2019-12-29 20:23:17,599 -  - INFO - PARSED: 36 POSITIVE: 0.9990701398095398
2019-12-29 20:23:17,754 -  - INFO - PARSED: 37 POSITIVE: 0.9324912030339685
2019-12-29 20:23:17,918 -  - INFO - PARSED: 38 POSITIVE: 0.9318505861336752
2019-12-29 20:23:18,095 -  - INFO - PARSED: 39 POSITIVE: 0.9999819043092254
2019-12-29 20:23:18,259 -  - INFO - PARSED: 40 POSITIVE: 0.9974348078716039
2019-12-29 20:23:18,420 -  - INFO - PARSED: 41 POSITIVE: 0.9974827780698187
2019-12-29 20:23:18,561 -  - INFO - PARSED: 42 POSITIVE: 0.9189512516071007
2019-12-29 20:23:18,712 -  - INFO - PARSED: 43 POSITIVE: 0.999926744758375
2019-12-29 20:23:18,849 -  - INFO - PARSED: 44 POSITIVE: 0.3037958126828717
2019-12-29 20:23:18,995 -  - INFO - PARSED: 45 POSITIVE: 0.9671782463345634
2019-12-29 20:23:19,161 -  - INFO - PARSED: 46 POSITIVE: 0.9999974200029236
2019-12-29 20:23:19,308 -  - INFO - PARSED: 47 POSITIVE: 0.9735519699688312
2019-12-29 20:23:19,444 -  - INFO - PARSED: 48 POSITIVE: 0.9612572142342402
2019-12-29 20:23:19,607 -  - INFO - PARSED: 49 POSITIVE: 0.9985429583664173
2019-12-29 20:23:19,756 -  - INFO - PARSED: 50 POSITIVE: 0.9990036436072712
2019-12-29 20:23:20,029 -  - INFO - TOPIC: #谭松韵牛角包造型# FETCHED TIME-USED: 10.52810025215149
2019-12-29 20:23:20,242 -  - INFO - REACH WEIBO
2019-12-29 20:23:21,495 -  - INFO - SEARCHED TOPIC: #CGTN记者揭西方涉疆涉恐双重标准#
2019-12-29 20:23:21,496 -  - INFO - SCROLLING: 0 WAIT: 0.1
2019-12-29 20:23:21,602 -  - INFO - SCROLLING: 1 WAIT: 0.1
2019-12-29 20:23:21,707 -  - INFO - SCROLLING: 2 WAIT: 0.1
2019-12-29 20:23:21,816 -  - INFO - SCROLLING: 3 WAIT: 0.1
2019-12-29 20:23:22,011 -  - INFO - SCROLLING: 4 WAIT: 0.1
2019-12-29 20:23:22,117 -  - INFO - SCROLLING: 5 WAIT: 0.1
2019-12-29 20:23:22,226 -  - INFO - SCROLLING: 6 WAIT: 0.1
2019-12-29 20:23:22,339 -  - INFO - SCROLLING: 7 WAIT: 0.1
2019-12-29 20:23:22,455 -  - INFO - SCROLLING: 8 WAIT: 0.1
2019-12-29 20:23:22,564 -  - INFO - SCROLLING: 9 WAIT: 0.1
2019-12-29 20:23:23,694 -  - INFO - WEIBO CARDS FOUND
2019-12-29 20:23:23,714 -  - INFO - PARSE ERROR: 0
2019-12-29 20:23:23,895 -  - INFO - PARSED: 1 POSITIVE: 0.9999974900657612
2019-12-29 20:23:24,042 -  - INFO - PARSED: 2 POSITIVE: 0.9999999997668918
2019-12-29 20:23:24,195 -  - INFO - PARSED: 3 POSITIVE: 0.9997904821777664
2019-12-29 20:23:24,346 -  - INFO - PARSED: 4 POSITIVE: 0.9999999999997768
2019-12-29 20:23:24,476 -  - INFO - PARSED: 5 POSITIVE: 0.9999999999997768
2019-12-29 20:23:24,490 -  - INFO - PARSE ERROR: 6
2019-12-29 20:23:24,503 -  - INFO - PARSE ERROR: 7
2019-12-29 20:23:24,517 -  - INFO - PARSE ERROR: 8
2019-12-29 20:23:24,530 -  - INFO - PARSE ERROR: 9
2019-12-29 20:23:24,542 -  - INFO - PARSE ERROR: 10
2019-12-29 20:23:24,555 -  - INFO - PARSE ERROR: 11
2019-12-29 20:23:24,569 -  - INFO - PARSE ERROR: 12
2019-12-29 20:23:24,581 -  - INFO - PARSE ERROR: 13
2019-12-29 20:23:24,720 -  - INFO - PARSED: 14 POSITIVE: 0.9941506932470492
2019-12-29 20:23:24,835 -  - INFO - PARSED: 15 POSITIVE: 0.9941506932470492
2019-12-29 20:23:24,990 -  - INFO - PARSED: 16 POSITIVE: 0.16105143277068457
2019-12-29 20:23:25,125 -  - INFO - PARSED: 17 POSITIVE: 0.992748032751543
2019-12-29 20:23:25,285 -  - INFO - PARSED: 18 POSITIVE: 0.9999835645442782
2019-12-29 20:23:25,427 -  - INFO - PARSED: 19 POSITIVE: 0.9979361674282609
2019-12-29 20:23:25,603 -  - INFO - PARSED: 20 POSITIVE: 0.999999999979513
2019-12-29 20:23:25,743 -  - INFO - PARSED: 21 POSITIVE: 0.4277963183726129
2019-12-29 20:23:25,890 -  - INFO - PARSED: 22 POSITIVE: 0.9973660367860754
2019-12-29 20:23:26,025 -  - INFO - PARSED: 23 POSITIVE: 0.9519688696914876
2019-12-29 20:23:26,038 -  - INFO - PARSE ERROR: 24
2019-12-29 20:23:26,049 -  - INFO - PARSE ERROR: 25
2019-12-29 20:23:26,061 -  - INFO - PARSE ERROR: 26
2019-12-29 20:23:26,234 -  - INFO - PARSED: 27 POSITIVE: 0.7899239968814366
2019-12-29 20:23:26,396 -  - INFO - PARSED: 28 POSITIVE: 0.9999999997668918
2019-12-29 20:23:26,572 -  - INFO - PARSED: 29 POSITIVE: 0.7594548717363552
2019-12-29 20:23:26,756 -  - INFO - PARSED: 30 POSITIVE: 0.9986154652169558
2019-12-29 20:23:26,927 -  - INFO - PARSED: 31 POSITIVE: 0.9999013696811999
2019-12-29 20:23:27,096 -  - INFO - PARSED: 32 POSITIVE: 0.2637434614900358
2019-12-29 20:23:27,260 -  - INFO - PARSED: 33 POSITIVE: 0.9415471379333119
2019-12-29 20:23:27,436 -  - INFO - PARSED: 34 POSITIVE: 0.9746161097977124
2019-12-29 20:23:27,582 -  - INFO - PARSED: 35 POSITIVE: 0.35065106023067094
2019-12-29 20:23:27,716 -  - INFO - PARSED: 36 POSITIVE: 0.9995261072976377
2019-12-29 20:23:27,877 -  - INFO - PARSED: 37 POSITIVE: 0.999199498146842
2019-12-29 20:23:28,035 -  - INFO - PARSED: 38 POSITIVE: 0.00576964073774322
2019-12-29 20:23:28,216 -  - INFO - PARSED: 39 POSITIVE: 0.9999983650462608
2019-12-29 20:23:28,369 -  - INFO - PARSED: 40 POSITIVE: 0.9962358636510632
2019-12-29 20:23:28,527 -  - INFO - PARSED: 41 POSITIVE: 0.997639905156236
2019-12-29 20:23:28,680 -  - INFO - PARSED: 42 POSITIVE: 0.8817879615730301
2019-12-29 20:23:28,832 -  - INFO - PARSED: 43 POSITIVE: 0.7643855215894836
2019-12-29 20:23:28,987 -  - INFO - PARSED: 44 POSITIVE: 0.7122212742485919
2019-12-29 20:23:29,140 -  - INFO - PARSED: 45 POSITIVE: 0.8877511817017089
2019-12-29 20:23:29,282 -  - INFO - PARSED: 46 POSITIVE: 0.7259932148034897
2019-12-29 20:23:29,448 -  - INFO - PARSED: 47 POSITIVE: 0.9997904821777664
2019-12-29 20:23:29,754 -  - INFO - TOPIC: #CGTN记者揭西方涉疆涉恐双重标准# FETCHED TIME-USED: 9.724958658218384
2019-12-29 20:23:29,983 -  - INFO - REACH WEIBO
2019-12-29 20:23:31,230 -  - INFO - SEARCHED TOPIC: #周琦受伤#
2019-12-29 20:23:31,230 -  - INFO - SCROLLING: 0 WAIT: 0.1
2019-12-29 20:23:31,365 -  - INFO - SCROLLING: 1 WAIT: 0.1
2019-12-29 20:23:31,473 -  - INFO - SCROLLING: 2 WAIT: 0.1
2019-12-29 20:23:31,585 -  - INFO - SCROLLING: 3 WAIT: 0.1
2019-12-29 20:23:31,700 -  - INFO - SCROLLING: 4 WAIT: 0.1
2019-12-29 20:23:31,809 -  - INFO - SCROLLING: 5 WAIT: 0.1
2019-12-29 20:23:31,916 -  - INFO - SCROLLING: 6 WAIT: 0.1
2019-12-29 20:23:32,022 -  - INFO - SCROLLING: 7 WAIT: 0.1
2019-12-29 20:23:32,129 -  - INFO - SCROLLING: 8 WAIT: 0.1
2019-12-29 20:23:32,296 -  - INFO - SCROLLING: 9 WAIT: 0.1
2019-12-29 20:23:33,410 -  - INFO - WEIBO CARDS FOUND
2019-12-29 20:23:33,423 -  - INFO - PARSE ERROR: 0
2019-12-29 20:23:33,592 -  - INFO - PARSED: 1 POSITIVE: 0.9999742306633633
2019-12-29 20:23:33,775 -  - INFO - PARSED: 2 POSITIVE: 0.9998953274610494
2019-12-29 20:23:33,921 -  - INFO - PARSED: 3 POSITIVE: 0.03623154132502793
2019-12-29 20:23:34,067 -  - INFO - PARSED: 4 POSITIVE: 0.9999999996754168
2019-12-29 20:23:34,235 -  - INFO - PARSED: 5 POSITIVE: 0.9966158798368676
2019-12-29 20:23:34,339 -  - INFO - PARSED: 6 POSITIVE: 0.9966158798368676
2019-12-29 20:23:34,352 -  - INFO - PARSE ERROR: 7
2019-12-29 20:23:34,364 -  - INFO - PARSE ERROR: 8
2019-12-29 20:23:34,377 -  - INFO - PARSE ERROR: 9
2019-12-29 20:23:34,389 -  - INFO - PARSE ERROR: 10
2019-12-29 20:23:34,402 -  - INFO - PARSE ERROR: 11
2019-12-29 20:23:34,413 -  - INFO - PARSE ERROR: 12
2019-12-29 20:23:34,425 -  - INFO - PARSE ERROR: 13
2019-12-29 20:23:34,437 -  - INFO - PARSE ERROR: 14
2019-12-29 20:23:34,449 -  - INFO - PARSE ERROR: 15
2019-12-29 20:23:34,460 -  - INFO - PARSE ERROR: 16
2019-12-29 20:23:34,473 -  - INFO - PARSE ERROR: 17
2019-12-29 20:23:34,612 -  - INFO - PARSED: 18 POSITIVE: 0.999984918301457
2019-12-29 20:23:34,720 -  - INFO - PARSED: 19 POSITIVE: 0.999984918301457
2019-12-29 20:23:34,863 -  - INFO - PARSED: 20 POSITIVE: 0.9998200031788397
2019-12-29 20:23:34,996 -  - INFO - PARSED: 21 POSITIVE: 0.5360154487518524
2019-12-29 20:23:35,123 -  - INFO - PARSED: 22 POSITIVE: 0.9992697744825835
2019-12-29 20:23:35,262 -  - INFO - PARSED: 23 POSITIVE: 0.9999223565486918
2019-12-29 20:23:35,401 -  - INFO - PARSED: 24 POSITIVE: 0.9999994190331791
2019-12-29 20:23:35,543 -  - INFO - PARSED: 25 POSITIVE: 0.9999902706763318
2019-12-29 20:23:35,679 -  - INFO - PARSED: 26 POSITIVE: 0.9999657115315094
2019-12-29 20:23:35,842 -  - INFO - PARSED: 27 POSITIVE: 0.3819109046763526
2019-12-29 20:23:35,994 -  - INFO - PARSED: 28 POSITIVE: 0.9917956589717947
2019-12-29 20:23:36,131 -  - INFO - PARSED: 29 POSITIVE: 0.3059502900836153
2019-12-29 20:23:36,258 -  - INFO - PARSED: 30 POSITIVE: 0.7198755035499089
2019-12-29 20:23:36,399 -  - INFO - PARSED: 31 POSITIVE: 0.9966158798368676
2019-12-29 20:23:36,532 -  - INFO - PARSED: 32 POSITIVE: 0.8587443600441588
2019-12-29 20:23:36,686 -  - INFO - PARSED: 33 POSITIVE: 0.026375854984443392
2019-12-29 20:23:36,836 -  - INFO - PARSED: 34 POSITIVE: 0.9999999996754168
2019-12-29 20:23:36,989 -  - INFO - PARSED: 35 POSITIVE: 0.9998953274610494
2019-12-29 20:23:37,121 -  - INFO - PARSED: 36 POSITIVE: 0.7912709925212471
2019-12-29 20:23:37,280 -  - INFO - PARSED: 37 POSITIVE: 0.9998591638793768
2019-12-29 20:23:37,424 -  - INFO - PARSED: 38 POSITIVE: 0.9935894088014491
2019-12-29 20:23:37,561 -  - INFO - PARSED: 39 POSITIVE: 0.9469602740767491
2019-12-29 20:23:37,698 -  - INFO - PARSED: 40 POSITIVE: 0.9038821019835356
2019-12-29 20:23:37,834 -  - INFO - PARSED: 41 POSITIVE: 0.8871793039131965
2019-12-29 20:23:37,959 -  - INFO - PARSED: 42 POSITIVE: 0.8410403712762804
2019-12-29 20:23:38,098 -  - INFO - PARSED: 43 POSITIVE: 0.5267383421016447
2019-12-29 20:23:38,239 -  - INFO - PARSED: 44 POSITIVE: 0.9999572243296644
2019-12-29 20:23:38,376 -  - INFO - PARSED: 45 POSITIVE: 0.09177502482898237
2019-12-29 20:23:38,548 -  - INFO - PARSED: 46 POSITIVE: 0.7802599489295357
2019-12-29 20:23:38,688 -  - INFO - PARSED: 47 POSITIVE: 0.9993050049433605
2019-12-29 20:23:38,813 -  - INFO - PARSED: 48 POSITIVE: 0.49428221508997805
2019-12-29 20:23:38,949 -  - INFO - PARSED: 49 POSITIVE: 0.8636705955369904
2019-12-29 20:23:39,077 -  - INFO - PARSED: 50 POSITIVE: 0.8459192550878462
2019-12-29 20:23:39,223 -  - INFO - PARSED: 51 POSITIVE: 0.9992479597960926
2019-12-29 20:23:39,351 -  - INFO - PARSED: 52 POSITIVE: 0.9981409333246352
2019-12-29 20:23:39,477 -  - INFO - PARSED: 53 POSITIVE: 0.3662834034791703
2019-12-29 20:23:39,608 -  - INFO - PARSED: 54 POSITIVE: 0.9870640754931362
2019-12-29 20:23:39,745 -  - INFO - PARSED: 55 POSITIVE: 0.3402714063496731
2019-12-29 20:23:39,879 -  - INFO - PARSED: 56 POSITIVE: 0.9999692676754531
2019-12-29 20:23:40,046 -  - INFO - PARSED: 57 POSITIVE: 0.9731075180718602
2019-12-29 20:23:40,277 -  - INFO - PARSED: 58 POSITIVE: 0.9999999989744963
2019-12-29 20:23:40,487 -  - INFO - TOPIC: #周琦受伤# FETCHED TIME-USED: 10.731767654418945
2019-12-29 20:23:40,705 -  - INFO - REACH WEIBO
2019-12-29 20:23:41,905 -  - INFO - SEARCHED TOPIC: #富士山的雪#
2019-12-29 20:23:41,905 -  - INFO - SCROLLING: 0 WAIT: 0.1
2019-12-29 20:23:42,015 -  - INFO - SCROLLING: 1 WAIT: 0.1
2019-12-29 20:23:42,126 -  - INFO - SCROLLING: 2 WAIT: 0.1
2019-12-29 20:23:42,232 -  - INFO - SCROLLING: 3 WAIT: 0.1
2019-12-29 20:23:42,446 -  - INFO - SCROLLING: 4 WAIT: 0.1
2019-12-29 20:23:42,557 -  - INFO - SCROLLING: 5 WAIT: 0.1
2019-12-29 20:23:42,661 -  - INFO - SCROLLING: 6 WAIT: 0.1
2019-12-29 20:23:42,766 -  - INFO - SCROLLING: 7 WAIT: 0.1
2019-12-29 20:23:42,872 -  - INFO - SCROLLING: 8 WAIT: 0.1
2019-12-29 20:23:43,040 -  - INFO - SCROLLING: 9 WAIT: 0.1
2019-12-29 20:23:44,158 -  - INFO - WEIBO CARDS FOUND
2019-12-29 20:23:44,295 -  - INFO - PARSED: 0 POSITIVE: 0.939333453314103
2019-12-29 20:23:44,409 -  - INFO - PARSED: 1 POSITIVE: 0.9275267023146392
2019-12-29 20:23:44,600 -  - INFO - PARSED: 2 POSITIVE: 0.9888660310552482
2019-12-29 20:23:44,725 -  - INFO - PARSED: 3 POSITIVE: 0.9888660310552482
2019-12-29 20:23:44,739 -  - INFO - PARSE ERROR: 4
2019-12-29 20:23:44,752 -  - INFO - PARSE ERROR: 5
2019-12-29 20:23:44,763 -  - INFO - PARSE ERROR: 6
2019-12-29 20:23:44,776 -  - INFO - PARSE ERROR: 7
2019-12-29 20:23:44,787 -  - INFO - PARSE ERROR: 8
2019-12-29 20:23:44,799 -  - INFO - PARSE ERROR: 9
2019-12-29 20:23:44,812 -  - INFO - PARSE ERROR: 10
2019-12-29 20:23:44,958 -  - INFO - PARSED: 11 POSITIVE: 0.9821240565512467
2019-12-29 20:23:45,049 -  - INFO - PARSED: 12 POSITIVE: 0.9821240565512467
2019-12-29 20:23:45,174 -  - INFO - PARSED: 13 POSITIVE: 0.36320584449075455
2019-12-29 20:23:45,290 -  - INFO - PARSED: 14 POSITIVE: 0.9275267023146392
2019-12-29 20:23:45,412 -  - INFO - PARSED: 15 POSITIVE: 0.7358026350156934
2019-12-29 20:23:45,538 -  - INFO - PARSED: 16 POSITIVE: 0.92180645405184
2019-12-29 20:23:45,657 -  - INFO - PARSED: 17 POSITIVE: 0.31782785503829547
2019-12-29 20:23:45,776 -  - INFO - PARSED: 18 POSITIVE: 0.030039513752099678
2019-12-29 20:23:45,891 -  - INFO - PARSED: 19 POSITIVE: 0.11417639940051949
2019-12-29 20:23:46,016 -  - INFO - PARSED: 20 POSITIVE: 0.09243215377326952
2019-12-29 20:23:46,143 -  - INFO - PARSED: 21 POSITIVE: 0.04439191310993673
2019-12-29 20:23:46,158 -  - INFO - PARSE ERROR: 22
2019-12-29 20:23:46,169 -  - INFO - PARSE ERROR: 23
2019-12-29 20:23:46,181 -  - INFO - PARSE ERROR: 24
2019-12-29 20:23:46,192 -  - INFO - PARSE ERROR: 25
2019-12-29 20:23:46,313 -  - INFO - PARSED: 26 POSITIVE: 0.9309171039001252
2019-12-29 20:23:46,429 -  - INFO - PARSED: 27 POSITIVE: 0.593269336542614
2019-12-29 20:23:46,550 -  - INFO - PARSED: 28 POSITIVE: 0.37159692251801435
2019-12-29 20:23:46,677 -  - INFO - PARSED: 29 POSITIVE: 0.8504438782893405
2019-12-29 20:23:46,799 -  - INFO - PARSED: 30 POSITIVE: 0.0130793171027892
2019-12-29 20:23:46,919 -  - INFO - PARSED: 31 POSITIVE: 0.10668176828344667
2019-12-29 20:23:47,044 -  - INFO - PARSED: 32 POSITIVE: 0.0804453810545247
2019-12-29 20:23:47,188 -  - INFO - PARSED: 33 POSITIVE: 0.3195497788805066
2019-12-29 20:23:47,322 -  - INFO - PARSED: 34 POSITIVE: 0.992074152162496
2019-12-29 20:23:47,462 -  - INFO - PARSED: 35 POSITIVE: 0.9999896318222576
2019-12-29 20:23:47,583 -  - INFO - PARSED: 36 POSITIVE: 0.34302029792133204
2019-12-29 20:23:47,707 -  - INFO - PARSED: 37 POSITIVE: 0.3769627657704133
2019-12-29 20:23:47,844 -  - INFO - PARSED: 38 POSITIVE: 0.9998747779463651
2019-12-29 20:23:47,967 -  - INFO - PARSED: 39 POSITIVE: 0.19827054628338836
2019-12-29 20:23:48,095 -  - INFO - PARSED: 40 POSITIVE: 0.11224712983335317
2019-12-29 20:23:48,258 -  - INFO - PARSED: 41 POSITIVE: 0.0019153365272982503
2019-12-29 20:23:48,392 -  - INFO - PARSED: 42 POSITIVE: 0.08460808864986036
2019-12-29 20:23:48,517 -  - INFO - PARSED: 43 POSITIVE: 0.25333287839927054
2019-12-29 20:23:48,653 -  - INFO - PARSED: 44 POSITIVE: 0.7700849513307294
2019-12-29 20:23:48,801 -  - INFO - PARSED: 45 POSITIVE: 0.9999996562937876
2019-12-29 20:23:48,933 -  - INFO - PARSED: 46 POSITIVE: 0.9998360875253618
2019-12-29 20:23:49,066 -  - INFO - PARSED: 47 POSITIVE: 0.9453993056314016
2019-12-29 20:23:49,199 -  - INFO - PARSED: 48 POSITIVE: 0.6220456955823344
2019-12-29 20:23:49,341 -  - INFO - PARSED: 49 POSITIVE: 0.8370385555347709
2019-12-29 20:23:49,450 -  - INFO - PARSED: 50 POSITIVE: 0.11186084619347203
2019-12-29 20:23:49,563 -  - INFO - PARSED: 51 POSITIVE: 0.602602265530794
2019-12-29 20:23:49,687 -  - INFO - PARSED: 52 POSITIVE: 0.880465549271904
2019-12-29 20:23:49,827 -  - INFO - PARSED: 53 POSITIVE: 0.948110090244702
2019-12-29 20:23:49,970 -  - INFO - PARSED: 54 POSITIVE: 0.9235307839555147
2019-12-29 20:23:50,208 -  - INFO - TOPIC: #富士山的雪# FETCHED TIME-USED: 9.719526290893555
2019-12-29 20:23:50,416 -  - INFO - REACH WEIBO
2019-12-29 20:23:51,728 -  - INFO - SEARCHED TOPIC: #姚晨饺子裙#
2019-12-29 20:23:51,728 -  - INFO - SCROLLING: 0 WAIT: 0.1
2019-12-29 20:23:51,834 -  - INFO - SCROLLING: 1 WAIT: 0.1
2019-12-29 20:23:51,941 -  - INFO - SCROLLING: 2 WAIT: 0.1
2019-12-29 20:23:52,046 -  - INFO - SCROLLING: 3 WAIT: 0.1
2019-12-29 20:23:52,168 -  - INFO - SCROLLING: 4 WAIT: 0.1
2019-12-29 20:23:52,284 -  - INFO - SCROLLING: 5 WAIT: 0.1
2019-12-29 20:23:52,390 -  - INFO - SCROLLING: 6 WAIT: 0.1
2019-12-29 20:23:52,496 -  - INFO - SCROLLING: 7 WAIT: 0.1
2019-12-29 20:23:52,602 -  - INFO - SCROLLING: 8 WAIT: 0.1
2019-12-29 20:23:52,784 -  - INFO - SCROLLING: 9 WAIT: 0.1
2019-12-29 20:23:53,900 -  - INFO - WEIBO CARDS FOUND
2019-12-29 20:23:54,039 -  - INFO - PARSED: 0 POSITIVE: 0.9998257234181185
2019-12-29 20:23:54,170 -  - INFO - PARSED: 1 POSITIVE: 0.9996768886969781
2019-12-29 20:23:54,266 -  - INFO - PARSED: 2 POSITIVE: 0.9996768886969781
2019-12-29 20:23:54,278 -  - INFO - PARSE ERROR: 3
2019-12-29 20:23:54,403 -  - INFO - PARSED: 4 POSITIVE: 0.9981963814403731
2019-12-29 20:23:54,528 -  - INFO - PARSED: 5 POSITIVE: 0.9061122397047224
2019-12-29 20:23:54,676 -  - INFO - PARSED: 6 POSITIVE: 0.0773251412637197
2019-12-29 20:23:54,787 -  - INFO - PARSED: 7 POSITIVE: 0.0773251412637197
2019-12-29 20:23:54,799 -  - INFO - PARSE ERROR: 8
2019-12-29 20:23:54,811 -  - INFO - PARSE ERROR: 9
2019-12-29 20:23:54,823 -  - INFO - PARSE ERROR: 10
2019-12-29 20:23:54,843 -  - INFO - PARSE ERROR: 11
2019-12-29 20:23:54,863 -  - INFO - PARSE ERROR: 12
2019-12-29 20:23:54,887 -  - INFO - PARSE ERROR: 13
2019-12-29 20:23:54,910 -  - INFO - PARSE ERROR: 14
2019-12-29 20:23:54,924 -  - INFO - PARSE ERROR: 15
2019-12-29 20:23:54,935 -  - INFO - PARSE ERROR: 16
2019-12-29 20:23:54,947 -  - INFO - PARSE ERROR: 17
2019-12-29 20:23:55,074 -  - INFO - PARSED: 18 POSITIVE: 0.9126835822524431
2019-12-29 20:23:55,165 -  - INFO - PARSED: 19 POSITIVE: 0.9126835822524431
2019-12-29 20:23:55,306 -  - INFO - PARSED: 20 POSITIVE: 0.999999811271331
2019-12-29 20:23:55,440 -  - INFO - PARSED: 21 POSITIVE: 0.999781146437023
2019-12-29 20:23:55,615 -  - INFO - PARSED: 22 POSITIVE: 0.9992911749619314
2019-12-29 20:23:55,755 -  - INFO - PARSED: 23 POSITIVE: 0.99738141104578
2019-12-29 20:23:55,768 -  - INFO - PARSE ERROR: 24
2019-12-29 20:23:55,778 -  - INFO - PARSE ERROR: 25
2019-12-29 20:23:55,800 -  - INFO - PARSE ERROR: 26
2019-12-29 20:23:55,822 -  - INFO - PARSE ERROR: 27
2019-12-29 20:23:55,962 -  - INFO - PARSED: 28 POSITIVE: 0.5767675193134588
2019-12-29 20:23:55,983 -  - INFO - PARSE ERROR: 29
2019-12-29 20:23:56,119 -  - INFO - PARSED: 30 POSITIVE: 0.9557837479743279
2019-12-29 20:23:56,249 -  - INFO - PARSED: 31 POSITIVE: 0.9999992230935298
2019-12-29 20:23:56,381 -  - INFO - PARSED: 32 POSITIVE: 0.9827881933795147
2019-12-29 20:23:56,525 -  - INFO - PARSED: 33 POSITIVE: 0.9999985475341424
2019-12-29 20:23:56,692 -  - INFO - PARSED: 34 POSITIVE: 0.9999997544075848
2019-12-29 20:23:56,829 -  - INFO - PARSED: 35 POSITIVE: 0.13386160476259534
2019-12-29 20:23:56,984 -  - INFO - PARSED: 36 POSITIVE: 0.9999585277019152
2019-12-29 20:23:57,147 -  - INFO - PARSED: 37 POSITIVE: 0.9992473320207373
2019-12-29 20:23:57,287 -  - INFO - PARSED: 38 POSITIVE: 0.998714233332213
2019-12-29 20:23:57,408 -  - INFO - PARSED: 39 POSITIVE: 0.9980943683789735
2019-12-29 20:23:57,584 -  - INFO - PARSED: 40 POSITIVE: 0.9999991341042666
2019-12-29 20:23:57,710 -  - INFO - PARSED: 41 POSITIVE: 0.7376332086276935
2019-12-29 20:23:57,830 -  - INFO - PARSED: 42 POSITIVE: 0.9507620948452637
2019-12-29 20:23:57,970 -  - INFO - PARSED: 43 POSITIVE: 0.6530255130057696
2019-12-29 20:23:58,094 -  - INFO - PARSED: 44 POSITIVE: 0.8063868278177085
2019-12-29 20:23:58,234 -  - INFO - PARSED: 45 POSITIVE: 0.9998257234181185
2019-12-29 20:23:58,398 -  - INFO - PARSED: 46 POSITIVE: 0.9999989027075785
2019-12-29 20:23:58,537 -  - INFO - PARSED: 47 POSITIVE: 0.9977378772500037
2019-12-29 20:23:58,692 -  - INFO - PARSED: 48 POSITIVE: 0.9999999996486926
2019-12-29 20:23:58,854 -  - INFO - PARSED: 49 POSITIVE: 0.0773251412637197
2019-12-29 20:23:58,992 -  - INFO - PARSED: 50 POSITIVE: 0.9981963814403731
2019-12-29 20:23:59,110 -  - INFO - PARSED: 51 POSITIVE: 0.6397179918557766
2019-12-29 20:23:59,254 -  - INFO - PARSED: 52 POSITIVE: 0.9999999999993272
2019-12-29 20:23:59,390 -  - INFO - PARSED: 53 POSITIVE: 0.17324630014122122
2019-12-29 20:23:59,521 -  - INFO - PARSED: 54 POSITIVE: 0.9344568518574109
2019-12-29 20:23:59,681 -  - INFO - PARSED: 55 POSITIVE: 0.9999997789360175
2019-12-29 20:23:59,829 -  - INFO - PARSED: 56 POSITIVE: 0.9957863387115841
2019-12-29 20:23:59,971 -  - INFO - PARSED: 57 POSITIVE: 0.9885288770732641
2019-12-29 20:24:00,119 -  - INFO - PARSED: 58 POSITIVE: 0.9952102004472418
2019-12-29 20:24:00,430 -  - INFO - TOPIC: #姚晨饺子裙# FETCHED TIME-USED: 10.221417665481567
2019-12-29 20:24:00,753 -  - INFO - REACH WEIBO
2019-12-29 20:24:01,991 -  - INFO - SEARCHED TOPIC: #18名新兵收到46份神秘盒饭#
2019-12-29 20:24:01,991 -  - INFO - SCROLLING: 0 WAIT: 0.1
2019-12-29 20:24:02,098 -  - INFO - SCROLLING: 1 WAIT: 0.1
2019-12-29 20:24:02,204 -  - INFO - SCROLLING: 2 WAIT: 0.1
2019-12-29 20:24:02,309 -  - INFO - SCROLLING: 3 WAIT: 0.1
2019-12-29 20:24:02,442 -  - INFO - SCROLLING: 4 WAIT: 0.1
2019-12-29 20:24:02,551 -  - INFO - SCROLLING: 5 WAIT: 0.1
2019-12-29 20:24:02,656 -  - INFO - SCROLLING: 6 WAIT: 0.1
2019-12-29 20:24:02,775 -  - INFO - SCROLLING: 7 WAIT: 0.1
2019-12-29 20:24:02,881 -  - INFO - SCROLLING: 8 WAIT: 0.1
2019-12-29 20:24:02,991 -  - INFO - SCROLLING: 9 WAIT: 0.1
2019-12-29 20:24:04,108 -  - INFO - WEIBO CARDS FOUND
2019-12-29 20:24:04,120 -  - INFO - PARSE ERROR: 0
2019-12-29 20:24:04,279 -  - INFO - PARSED: 1 POSITIVE: 0.9999999999014884
2019-12-29 20:24:04,442 -  - INFO - PARSED: 2 POSITIVE: 0.9999999848677876
2019-12-29 20:24:04,583 -  - INFO - PARSED: 3 POSITIVE: 0.9961505277281975
2019-12-29 20:24:04,722 -  - INFO - PARSED: 4 POSITIVE: 0.9999993607029055
2019-12-29 20:24:04,822 -  - INFO - PARSED: 5 POSITIVE: 0.9999993607029055
2019-12-29 20:24:04,834 -  - INFO - PARSE ERROR: 6
2019-12-29 20:24:04,845 -  - INFO - PARSE ERROR: 7
2019-12-29 20:24:04,856 -  - INFO - PARSE ERROR: 8
2019-12-29 20:24:04,869 -  - INFO - PARSE ERROR: 9
2019-12-29 20:24:04,879 -  - INFO - PARSE ERROR: 10
2019-12-29 20:24:05,008 -  - INFO - PARSED: 11 POSITIVE: 0.9983769110633784
2019-12-29 20:24:05,102 -  - INFO - PARSED: 12 POSITIVE: 0.9983769110633784
2019-12-29 20:24:05,232 -  - INFO - PARSED: 13 POSITIVE: 0.9999999784627356
2019-12-29 20:24:05,365 -  - INFO - PARSED: 14 POSITIVE: 0.9999999999844105
2019-12-29 20:24:05,475 -  - INFO - PARSED: 15 POSITIVE: 0.9982854317320902
2019-12-29 20:24:05,599 -  - INFO - PARSED: 16 POSITIVE: 0.9998927412717944
2019-12-29 20:24:05,724 -  - INFO - PARSED: 17 POSITIVE: 0.9979339305931523
2019-12-29 20:24:05,843 -  - INFO - PARSED: 18 POSITIVE: 0.9999987780031276
2019-12-29 20:24:05,996 -  - INFO - PARSED: 19 POSITIVE: 0.9989674500062639
2019-12-29 20:24:06,135 -  - INFO - PARSED: 20 POSITIVE: 0.9999886750065858
2019-12-29 20:24:06,299 -  - INFO - PARSED: 21 POSITIVE: 0.9999999848677876
2019-12-29 20:24:06,423 -  - INFO - PARSED: 22 POSITIVE: 0.9993223005267223
2019-12-29 20:24:06,559 -  - INFO - PARSED: 23 POSITIVE: 0.9999588958893646
2019-12-29 20:24:06,696 -  - INFO - PARSED: 24 POSITIVE: 0.9826293105016878
2019-12-29 20:24:06,838 -  - INFO - PARSED: 25 POSITIVE: 0.9961505277281975
2019-12-29 20:24:06,974 -  - INFO - PARSED: 26 POSITIVE: 0.9999892053846562
2019-12-29 20:24:07,094 -  - INFO - PARSED: 27 POSITIVE: 0.9991238362688583
2019-12-29 20:24:07,221 -  - INFO - PARSED: 28 POSITIVE: 0.34761650574895897
2019-12-29 20:24:07,355 -  - INFO - PARSED: 29 POSITIVE: 0.999824647452065
2019-12-29 20:24:07,480 -  - INFO - PARSED: 30 POSITIVE: 0.9610610681736159
2019-12-29 20:24:07,690 -  - INFO - PARSED: 31 POSITIVE: 0.9999999961615968
2019-12-29 20:24:07,830 -  - INFO - PARSED: 32 POSITIVE: 0.9999511953944565
2019-12-29 20:24:07,944 -  - INFO - PARSED: 33 POSITIVE: 0.9863145189152854
2019-12-29 20:24:08,071 -  - INFO - PARSED: 34 POSITIVE: 0.9968804860917803
2019-12-29 20:24:08,220 -  - INFO - PARSED: 35 POSITIVE: 0.9999872375054198
2019-12-29 20:24:08,343 -  - INFO - PARSED: 36 POSITIVE: 0.9997478512190862
2019-12-29 20:24:08,466 -  - INFO - PARSED: 37 POSITIVE: 0.9999285683300991
2019-12-29 20:24:08,587 -  - INFO - PARSED: 38 POSITIVE: 0.7849828204153779
2019-12-29 20:24:08,707 -  - INFO - PARSED: 39 POSITIVE: 0.999850951061103
2019-12-29 20:24:08,857 -  - INFO - PARSED: 40 POSITIVE: 0.9999999996545343
2019-12-29 20:24:09,004 -  - INFO - PARSED: 41 POSITIVE: 0.9999990486722172
2019-12-29 20:24:09,129 -  - INFO - PARSED: 42 POSITIVE: 0.9984704609802166
2019-12-29 20:24:09,261 -  - INFO - PARSED: 43 POSITIVE: 0.9999617174187333
2019-12-29 20:24:09,416 -  - INFO - PARSED: 44 POSITIVE: 0.9999985817516842
2019-12-29 20:24:09,559 -  - INFO - PARSED: 45 POSITIVE: 0.9502508157365238
2019-12-29 20:24:09,690 -  - INFO - PARSED: 46 POSITIVE: 0.9994314266984005
2019-12-29 20:24:09,820 -  - INFO - PARSED: 47 POSITIVE: 0.8987733289835605
2019-12-29 20:24:09,950 -  - INFO - PARSED: 48 POSITIVE: 0.9999961786774652
2019-12-29 20:24:10,425 -  - INFO - TOPIC: #18名新兵收到46份神秘盒饭# FETCHED TIME-USED: 9.993626356124878
2019-12-29 20:24:10,672 -  - INFO - REACH WEIBO
2019-12-29 20:24:11,894 -  - INFO - SEARCHED TOPIC: #RNG夺冠#
2019-12-29 20:24:11,894 -  - INFO - SCROLLING: 0 WAIT: 0.1
2019-12-29 20:24:12,022 -  - INFO - SCROLLING: 1 WAIT: 0.1
2019-12-29 20:24:12,128 -  - INFO - SCROLLING: 2 WAIT: 0.1
2019-12-29 20:24:12,308 -  - INFO - SCROLLING: 3 WAIT: 0.1
2019-12-29 20:24:12,413 -  - INFO - SCROLLING: 4 WAIT: 0.1
2019-12-29 20:24:12,593 -  - INFO - SCROLLING: 5 WAIT: 0.1
2019-12-29 20:24:12,698 -  - INFO - SCROLLING: 6 WAIT: 0.1
2019-12-29 20:24:12,807 -  - INFO - SCROLLING: 7 WAIT: 0.1
2019-12-29 20:24:12,968 -  - INFO - SCROLLING: 8 WAIT: 0.1
2019-12-29 20:24:13,072 -  - INFO - SCROLLING: 9 WAIT: 0.1
2019-12-29 20:24:14,201 -  - INFO - WEIBO CARDS FOUND
2019-12-29 20:24:14,346 -  - INFO - PARSED: 0 POSITIVE: 0.2884180838507333
2019-12-29 20:24:14,520 -  - INFO - PARSED: 1 POSITIVE: 0.07609729090258766
2019-12-29 20:24:14,646 -  - INFO - PARSED: 2 POSITIVE: 0.9941747786064458
2019-12-29 20:24:14,733 -  - INFO - PARSED: 3 POSITIVE: 0.9941747786064458
2019-12-29 20:24:14,746 -  - INFO - PARSE ERROR: 4
2019-12-29 20:24:14,897 -  - INFO - PARSED: 5 POSITIVE: 0.9999999995636906
2019-12-29 20:24:14,910 -  - INFO - PARSE ERROR: 6
2019-12-29 20:24:15,027 -  - INFO - PARSED: 7 POSITIVE: 0.9999999995636906
2019-12-29 20:24:15,039 -  - INFO - PARSE ERROR: 8
2019-12-29 20:24:15,050 -  - INFO - PARSE ERROR: 9
2019-12-29 20:24:15,061 -  - INFO - PARSE ERROR: 10
2019-12-29 20:24:15,073 -  - INFO - PARSE ERROR: 11
2019-12-29 20:24:15,084 -  - INFO - PARSE ERROR: 12
2019-12-29 20:24:15,096 -  - INFO - PARSE ERROR: 13
2019-12-29 20:24:15,108 -  - INFO - PARSE ERROR: 14
2019-12-29 20:24:15,233 -  - INFO - PARSED: 15 POSITIVE: 0.9681333004281267
2019-12-29 20:24:15,320 -  - INFO - PARSED: 16 POSITIVE: 0.9681333004281267
2019-12-29 20:24:15,449 -  - INFO - PARSED: 17 POSITIVE: 0.9975882566912837
2019-12-29 20:24:15,573 -  - INFO - PARSED: 18 POSITIVE: 0.9309778501027518
2019-12-29 20:24:15,700 -  - INFO - PARSED: 19 POSITIVE: 0.0002440133864165528
2019-12-29 20:24:15,821 -  - INFO - PARSED: 20 POSITIVE: 0.965232746808878
2019-12-29 20:24:15,944 -  - INFO - PARSED: 21 POSITIVE: 0.9490433878156925
2019-12-29 20:24:16,113 -  - INFO - PARSED: 22 POSITIVE: 0.988372484801727
2019-12-29 20:24:16,242 -  - INFO - PARSED: 23 POSITIVE: 0.0004306055985584534
2019-12-29 20:24:16,381 -  - INFO - PARSED: 24 POSITIVE: 0.9999996509081543
2019-12-29 20:24:16,526 -  - INFO - PARSED: 25 POSITIVE: 0.5157517642486936
2019-12-29 20:24:16,651 -  - INFO - PARSED: 26 POSITIVE: 0.682280056203271
2019-12-29 20:24:16,778 -  - INFO - PARSED: 27 POSITIVE: 0.9923794120853245
2019-12-29 20:24:16,908 -  - INFO - PARSED: 28 POSITIVE: 0.2834275661155815
2019-12-29 20:24:17,031 -  - INFO - PARSED: 29 POSITIVE: 0.2884180838507333
2019-12-29 20:24:17,207 -  - INFO - PARSED: 30 POSITIVE: 0.2539063287550829
2019-12-29 20:24:17,350 -  - INFO - PARSED: 31 POSITIVE: 0.9812502557306507
2019-12-29 20:24:17,593 -  - INFO - PARSED: 32 POSITIVE: 0.035372092814446976
2019-12-29 20:24:17,738 -  - INFO - PARSED: 33 POSITIVE: 0.9844451261298468
2019-12-29 20:24:17,867 -  - INFO - PARSED: 34 POSITIVE: 0.8716582863932154
2019-12-29 20:24:17,988 -  - INFO - PARSED: 35 POSITIVE: 0.9622550746915756
2019-12-29 20:24:18,116 -  - INFO - PARSED: 36 POSITIVE: 0.9894185764917566
2019-12-29 20:24:18,253 -  - INFO - PARSED: 37 POSITIVE: 0.10835044426507368
2019-12-29 20:24:18,432 -  - INFO - PARSED: 38 POSITIVE: 0.06387188454614934
2019-12-29 20:24:18,642 -  - INFO - PARSED: 39 POSITIVE: 0.7255922020030754
2019-12-29 20:24:18,770 -  - INFO - PARSED: 40 POSITIVE: 0.7243008298511071
2019-12-29 20:24:18,969 -  - INFO - PARSED: 41 POSITIVE: 0.005406877850099967
2019-12-29 20:24:19,141 -  - INFO - PARSED: 42 POSITIVE: 0.9920424229501199
2019-12-29 20:24:19,279 -  - INFO - PARSED: 43 POSITIVE: 0.01787235247895569
2019-12-29 20:24:19,410 -  - INFO - PARSED: 44 POSITIVE: 0.20298832553836532
2019-12-29 20:24:19,559 -  - INFO - PARSED: 45 POSITIVE: 0.9998206803896831
2019-12-29 20:24:19,720 -  - INFO - PARSED: 46 POSITIVE: 0.9997228759486372
2019-12-29 20:24:19,884 -  - INFO - PARSED: 47 POSITIVE: 0.9999540304017156
2019-12-29 20:24:20,021 -  - INFO - PARSED: 48 POSITIVE: 0.9406649123191677
2019-12-29 20:24:20,203 -  - INFO - PARSED: 49 POSITIVE: 0.9995998594070066
2019-12-29 20:24:20,352 -  - INFO - PARSED: 50 POSITIVE: 0.9998282151220932
2019-12-29 20:24:20,485 -  - INFO - PARSED: 51 POSITIVE: 0.9965779682102
2019-12-29 20:24:20,620 -  - INFO - PARSED: 52 POSITIVE: 0.9990990736862176
2019-12-29 20:24:20,787 -  - INFO - PARSED: 53 POSITIVE: 0.9650795901660891
2019-12-29 20:24:20,931 -  - INFO - PARSED: 54 POSITIVE: 0.03140329224567506
2019-12-29 20:24:21,067 -  - INFO - PARSED: 55 POSITIVE: 0.24471641476099448
2019-12-29 20:24:21,198 -  - INFO - PARSED: 56 POSITIVE: 0.2441869159901372
2019-12-29 20:24:21,344 -  - INFO - PARSED: 57 POSITIVE: 0.2901387898638139
2019-12-29 20:24:21,359 -  - INFO - PARSE ERROR: 58
2019-12-29 20:24:21,497 -  - INFO - PARSED: 59 POSITIVE: 0.2165153907540035
2019-12-29 20:24:21,631 -  - INFO - PARSED: 60 POSITIVE: 6.476929418597344e-05
2019-12-29 20:24:21,779 -  - INFO - PARSED: 61 POSITIVE: 0.9999981775879411
2019-12-29 20:24:21,913 -  - INFO - PARSED: 62 POSITIVE: 0.9901773897414723
2019-12-29 20:24:22,041 -  - INFO - PARSED: 63 POSITIVE: 0.3143720924069494
2019-12-29 20:24:22,215 -  - INFO - PARSED: 64 POSITIVE: 0.9994812194334691
2019-12-29 20:24:22,366 -  - INFO - PARSED: 65 POSITIVE: 0.96982547790659
2019-12-29 20:24:22,543 -  - INFO - TOPIC: #RNG夺冠# FETCHED TIME-USED: 12.117088079452515
2019-12-29 20:24:22,784 -  - INFO - REACH WEIBO
2019-12-29 20:24:24,079 -  - INFO - SEARCHED TOPIC: #长沙生态动物园大象踩死驯兽员#
2019-12-29 20:24:24,080 -  - INFO - SCROLLING: 0 WAIT: 0.1
2019-12-29 20:24:24,189 -  - INFO - SCROLLING: 1 WAIT: 0.1
2019-12-29 20:24:24,295 -  - INFO - SCROLLING: 2 WAIT: 0.1
2019-12-29 20:24:24,401 -  - INFO - SCROLLING: 3 WAIT: 0.1
2019-12-29 20:24:24,565 -  - INFO - SCROLLING: 4 WAIT: 0.1
2019-12-29 20:24:24,673 -  - INFO - SCROLLING: 5 WAIT: 0.1
2019-12-29 20:24:24,782 -  - INFO - SCROLLING: 6 WAIT: 0.1
2019-12-29 20:24:24,889 -  - INFO - SCROLLING: 7 WAIT: 0.1
2019-12-29 20:24:24,995 -  - INFO - SCROLLING: 8 WAIT: 0.1
2019-12-29 20:24:25,100 -  - INFO - SCROLLING: 9 WAIT: 0.1
2019-12-29 20:24:26,313 -  - INFO - WEIBO CARDS FOUND
2019-12-29 20:24:26,331 -  - INFO - PARSE ERROR: 0
2019-12-29 20:24:26,547 -  - INFO - PARSED: 1 POSITIVE: 0.5942902498136691
2019-12-29 20:24:26,696 -  - INFO - PARSED: 2 POSITIVE: 0.9895509214890359
2019-12-29 20:24:26,905 -  - INFO - PARSED: 3 POSITIVE: 0.9999999642173765
2019-12-29 20:24:26,917 -  - INFO - PARSE ERROR: 4
2019-12-29 20:24:27,089 -  - INFO - PARSED: 5 POSITIVE: 0.9917438052775631
2019-12-29 20:24:27,203 -  - INFO - PARSED: 6 POSITIVE: 0.9917438052775631
2019-12-29 20:24:27,215 -  - INFO - PARSE ERROR: 7
2019-12-29 20:24:27,392 -  - INFO - PARSED: 8 POSITIVE: 0.9604483560144698
2019-12-29 20:24:27,405 -  - INFO - PARSE ERROR: 9
2019-12-29 20:24:27,536 -  - INFO - PARSED: 10 POSITIVE: 0.9604483560144698
2019-12-29 20:24:27,732 -  - INFO - PARSED: 11 POSITIVE: 0.8133081020785154
2019-12-29 20:24:27,746 -  - INFO - PARSE ERROR: 12
2019-12-29 20:24:27,758 -  - INFO - PARSE ERROR: 13
2019-12-29 20:24:27,770 -  - INFO - PARSE ERROR: 14
2019-12-29 20:24:27,783 -  - INFO - PARSE ERROR: 15
2019-12-29 20:24:27,795 -  - INFO - PARSE ERROR: 16
2019-12-29 20:24:27,941 -  - INFO - PARSED: 17 POSITIVE: 0.9753195146420663
2019-12-29 20:24:28,044 -  - INFO - PARSED: 18 POSITIVE: 0.9753195146420663
2019-12-29 20:24:28,206 -  - INFO - PARSED: 19 POSITIVE: 0.9999958235163494
2019-12-29 20:24:28,345 -  - INFO - PARSED: 20 POSITIVE: 0.9817743201482982
2019-12-29 20:24:28,479 -  - INFO - PARSED: 21 POSITIVE: 0.17366013313544104
2019-12-29 20:24:28,615 -  - INFO - PARSED: 22 POSITIVE: 0.15992297824860713
2019-12-29 20:24:28,747 -  - INFO - PARSED: 23 POSITIVE: 0.9503615119307495
2019-12-29 20:24:28,884 -  - INFO - PARSED: 24 POSITIVE: 0.9572951000878058
2019-12-29 20:24:29,057 -  - INFO - PARSED: 25 POSITIVE: 0.16483449623676305
2019-12-29 20:24:29,070 -  - INFO - PARSE ERROR: 26
2019-12-29 20:24:29,082 -  - INFO - PARSE ERROR: 27
2019-12-29 20:24:29,095 -  - INFO - PARSE ERROR: 28
2019-12-29 20:24:29,251 -  - INFO - PARSED: 29 POSITIVE: 0.016203353981991797
2019-12-29 20:24:29,413 -  - INFO - PARSED: 30 POSITIVE: 0.9275206827538949
2019-12-29 20:24:29,617 -  - INFO - PARSED: 31 POSITIVE: 0.9935544767991132
2019-12-29 20:24:29,781 -  - INFO - PARSED: 32 POSITIVE: 0.9986520669947855
2019-12-29 20:24:29,922 -  - INFO - PARSED: 33 POSITIVE: 0.9755478522735004
2019-12-29 20:24:30,105 -  - INFO - PARSED: 34 POSITIVE: 0.06130957030783157
2019-12-29 20:24:30,321 -  - INFO - PARSED: 35 POSITIVE: 0.9735661544668528
2019-12-29 20:24:30,475 -  - INFO - PARSED: 36 POSITIVE: 0.1793790399919818
2019-12-29 20:24:30,647 -  - INFO - PARSED: 37 POSITIVE: 0.05765751509406325
2019-12-29 20:24:30,791 -  - INFO - PARSED: 38 POSITIVE: 0.6341316923713987
2019-12-29 20:24:30,953 -  - INFO - PARSED: 39 POSITIVE: 0.004697315348470066
2019-12-29 20:24:31,093 -  - INFO - PARSED: 40 POSITIVE: 0.5279597451554133
2019-12-29 20:24:31,230 -  - INFO - PARSED: 41 POSITIVE: 0.628652394742753
2019-12-29 20:24:31,403 -  - INFO - PARSED: 42 POSITIVE: 0.9965343633337943
2019-12-29 20:24:31,569 -  - INFO - PARSED: 43 POSITIVE: 0.9805756205982583
2019-12-29 20:24:31,714 -  - INFO - PARSED: 44 POSITIVE: 0.04113433702957936
2019-12-29 20:24:46,705 -  - INFO - REACH WEIBO
2019-12-29 20:24:48,163 -  - INFO - REACH WEIBO HOT RANK PAGE
2019-12-29 20:24:49,185 -  - INFO - FETCH HOTLIST WITH LENGTH: 67
2019-12-29 20:24:49,186 -  - INFO - HOT RANK PARSED
2019-12-29 20:24:49,398 -  - INFO - HOT RANK SAVED TO MONGODB
2019-12-29 20:24:49,814 -  - INFO - REACH WEIBO
2019-12-29 20:24:51,285 -  - INFO - SEARCHED TOPIC: #2019超燃励志故事#
2019-12-29 20:24:51,285 -  - INFO - SCROLLING: 0 WAIT: 0.1
2019-12-29 20:24:51,393 -  - INFO - SCROLLING: 1 WAIT: 0.1
2019-12-29 20:24:51,499 -  - INFO - SCROLLING: 2 WAIT: 0.1
2019-12-29 20:24:51,610 -  - INFO - SCROLLING: 3 WAIT: 0.1
2019-12-29 20:24:51,714 -  - INFO - SCROLLING: 4 WAIT: 0.1
2019-12-29 20:24:51,846 -  - INFO - SCROLLING: 5 WAIT: 0.1
2019-12-29 20:24:51,952 -  - INFO - SCROLLING: 6 WAIT: 0.1
2019-12-29 20:24:52,058 -  - INFO - SCROLLING: 7 WAIT: 0.1
2019-12-29 20:24:52,170 -  - INFO - SCROLLING: 8 WAIT: 0.1
2019-12-29 20:24:52,278 -  - INFO - SCROLLING: 9 WAIT: 0.1
2019-12-29 20:24:53,400 -  - INFO - WEIBO CARDS FOUND
2019-12-29 20:24:53,413 -  - INFO - PARSE ERROR: 0
2019-12-29 20:24:53,564 -  - INFO - PARSED: 1 POSITIVE: 0.9999999999994527
2019-12-29 20:24:54,628 -  - INFO - PARSED: 2 POSITIVE: 0.32781877340871657
2019-12-29 20:24:54,752 -  - INFO - PARSED: 3 POSITIVE: 0.9953424029081195
2019-12-29 20:24:54,876 -  - INFO - PARSED: 4 POSITIVE: 0.9912018112183946
2019-12-29 20:24:54,975 -  - INFO - PARSED: 5 POSITIVE: 0.9912018112183946
2019-12-29 20:24:54,988 -  - INFO - PARSE ERROR: 6
2019-12-29 20:24:55,002 -  - INFO - PARSE ERROR: 7
2019-12-29 20:24:55,013 -  - INFO - PARSE ERROR: 8
2019-12-29 20:24:55,027 -  - INFO - PARSE ERROR: 9
2019-12-29 20:24:55,038 -  - INFO - PARSE ERROR: 10
2019-12-29 20:24:55,048 -  - INFO - PARSE ERROR: 11
2019-12-29 20:24:55,059 -  - INFO - PARSE ERROR: 12
2019-12-29 20:24:55,070 -  - INFO - PARSE ERROR: 13
2019-12-29 20:24:55,207 -  - INFO - PARSED: 14 POSITIVE: 0.9999999999994527
2019-12-29 20:24:55,318 -  - INFO - PARSED: 15 POSITIVE: 0.9999999999994527
2019-12-29 20:24:55,476 -  - INFO - PARSED: 16 POSITIVE: 0.99999997114547
2019-12-29 20:24:55,609 -  - INFO - PARSED: 17 POSITIVE: 0.04635248632062805
2019-12-29 20:24:55,729 -  - INFO - PARSED: 18 POSITIVE: 0.9670943273209465
2019-12-29 20:24:55,869 -  - INFO - PARSED: 19 POSITIVE: 0.970894227111887
2019-12-29 20:24:56,058 -  - INFO - PARSED: 20 POSITIVE: 0.999265169606414
2019-12-29 20:24:56,210 -  - INFO - PARSED: 21 POSITIVE: 0.0015394755400711668
2019-12-29 20:24:56,326 -  - INFO - PARSED: 22 POSITIVE: 0.08359120486060823
2019-12-29 20:24:56,439 -  - INFO - PARSED: 23 POSITIVE: 0.9944105944091143
2019-12-29 20:24:56,577 -  - INFO - PARSED: 24 POSITIVE: 0.9999999995377773
2019-12-29 20:24:56,707 -  - INFO - PARSED: 25 POSITIVE: 0.9992951085113435
2019-12-29 20:24:56,828 -  - INFO - PARSED: 26 POSITIVE: 0.9999827349627923
2019-12-29 20:24:56,982 -  - INFO - PARSED: 27 POSITIVE: 0.9953424029081195
2019-12-29 20:24:57,123 -  - INFO - PARSED: 28 POSITIVE: 0.9993530614638786
2019-12-29 20:24:57,252 -  - INFO - PARSED: 29 POSITIVE: 0.08957534119916388
2019-12-29 20:24:57,375 -  - INFO - PARSED: 30 POSITIVE: 0.9989936300444879
2019-12-29 20:24:57,557 -  - INFO - PARSED: 31 POSITIVE: 0.6679486891317367
2019-12-29 20:24:57,683 -  - INFO - PARSED: 32 POSITIVE: 0.9996683643288752
2019-12-29 20:24:57,799 -  - INFO - PARSED: 33 POSITIVE: 0.9640267552549396
2019-12-29 20:24:57,915 -  - INFO - PARSED: 34 POSITIVE: 0.7596086214289384
2019-12-29 20:24:58,052 -  - INFO - PARSED: 35 POSITIVE: 0.9999973627094347
2019-12-29 20:24:58,168 -  - INFO - PARSED: 36 POSITIVE: 0.5894282688459724
2019-12-29 20:24:58,300 -  - INFO - PARSED: 37 POSITIVE: 0.9999991936708024
2019-12-29 20:24:58,425 -  - INFO - PARSED: 38 POSITIVE: 0.9781537879572938
2019-12-29 20:24:58,553 -  - INFO - PARSED: 39 POSITIVE: 0.9995327236290895
2019-12-29 20:24:58,685 -  - INFO - PARSED: 40 POSITIVE: 0.9999997266092974
2019-12-29 20:24:58,812 -  - INFO - PARSED: 41 POSITIVE: 0.994387311530603
2019-12-29 20:24:58,934 -  - INFO - PARSED: 42 POSITIVE: 0.7487451628142809
2019-12-29 20:24:59,199 -  - INFO - TOPIC: #2019超燃励志故事# FETCHED TIME-USED: 9.800040483474731
2019-12-29 20:24:59,438 -  - INFO - REACH WEIBO
2019-12-29 20:25:00,670 -  - INFO - SEARCHED TOPIC: #男友晒陈乔恩近照#
2019-12-29 20:25:00,670 -  - INFO - SCROLLING: 0 WAIT: 0.1
2019-12-29 20:25:00,783 -  - INFO - SCROLLING: 1 WAIT: 0.1
2019-12-29 20:25:00,888 -  - INFO - SCROLLING: 2 WAIT: 0.1
2019-12-29 20:25:01,070 -  - INFO - SCROLLING: 3 WAIT: 0.1
2019-12-29 20:25:01,176 -  - INFO - SCROLLING: 4 WAIT: 0.1
2019-12-29 20:25:01,282 -  - INFO - SCROLLING: 5 WAIT: 0.1
2019-12-29 20:25:01,387 -  - INFO - SCROLLING: 6 WAIT: 0.1
2019-12-29 20:25:01,504 -  - INFO - SCROLLING: 7 WAIT: 0.1
2019-12-29 20:25:01,612 -  - INFO - SCROLLING: 8 WAIT: 0.1
2019-12-29 20:25:01,719 -  - INFO - SCROLLING: 9 WAIT: 0.1
2019-12-29 20:25:02,942 -  - INFO - WEIBO CARDS FOUND
2019-12-29 20:25:02,967 -  - INFO - PARSE ERROR: 0
2019-12-29 20:25:03,114 -  - INFO - PARSED: 1 POSITIVE: 0.9999999999796936
2019-12-29 20:25:03,252 -  - INFO - PARSED: 2 POSITIVE: 0.9999999999870104
2019-12-29 20:25:03,389 -  - INFO - PARSED: 3 POSITIVE: 0.9999999980778762
2019-12-29 20:25:03,499 -  - INFO - PARSED: 4 POSITIVE: 0.8325130729258361
2019-12-29 20:25:03,628 -  - INFO - PARSED: 5 POSITIVE: 0.9999424163014693
2019-12-29 20:25:03,722 -  - INFO - PARSED: 6 POSITIVE: 0.9999424163014693
2019-12-29 20:25:03,735 -  - INFO - PARSE ERROR: 7
2019-12-29 20:25:03,746 -  - INFO - PARSE ERROR: 8
2019-12-29 20:25:03,757 -  - INFO - PARSE ERROR: 9
2019-12-29 20:25:03,768 -  - INFO - PARSE ERROR: 10
2019-12-29 20:25:03,781 -  - INFO - PARSE ERROR: 11
2019-12-29 20:25:03,791 -  - INFO - PARSE ERROR: 12
2019-12-29 20:25:03,803 -  - INFO - PARSE ERROR: 13
2019-12-29 20:25:03,815 -  - INFO - PARSE ERROR: 14
2019-12-29 20:25:03,828 -  - INFO - PARSE ERROR: 15
2019-12-29 20:25:03,842 -  - INFO - PARSE ERROR: 16
2019-12-29 20:25:03,855 -  - INFO - PARSE ERROR: 17
2019-12-29 20:25:03,983 -  - INFO - PARSED: 18 POSITIVE: 0.8769898234721367
2019-12-29 20:25:04,084 -  - INFO - PARSED: 19 POSITIVE: 0.8769898234721367
2019-12-29 20:25:04,196 -  - INFO - PARSED: 20 POSITIVE: 0.229955167163311
2019-12-29 20:25:04,308 -  - INFO - PARSED: 21 POSITIVE: 0.9773100073512825
2019-12-29 20:25:04,434 -  - INFO - PARSED: 22 POSITIVE: 0.9999910109484322
2019-12-29 20:25:04,564 -  - INFO - PARSED: 23 POSITIVE: 0.7645873514952384
2019-12-29 20:25:04,688 -  - INFO - PARSED: 24 POSITIVE: 0.9995065762031592
2019-12-29 20:25:04,822 -  - INFO - PARSED: 25 POSITIVE: 0.9941340243980777
2019-12-29 20:25:04,953 -  - INFO - PARSED: 26 POSITIVE: 0.2558438541815684
2019-12-29 20:25:05,083 -  - INFO - PARSED: 27 POSITIVE: 0.9999999980778762
2019-12-29 20:25:05,199 -  - INFO - PARSED: 28 POSITIVE: 0.49521290865755097
2019-12-29 20:25:05,323 -  - INFO - PARSED: 29 POSITIVE: 0.9994925717322211
2019-12-29 20:25:05,443 -  - INFO - PARSED: 30 POSITIVE: 0.967527773311055
2019-12-29 20:25:05,572 -  - INFO - PARSED: 31 POSITIVE: 0.897613423190827
2019-12-29 20:25:05,704 -  - INFO - PARSED: 32 POSITIVE: 0.9958128986298466
2019-12-29 20:25:05,823 -  - INFO - PARSED: 33 POSITIVE: 0.999897972299871
2019-12-29 20:25:05,963 -  - INFO - PARSED: 34 POSITIVE: 0.9999980069328867
2019-12-29 20:25:06,099 -  - INFO - PARSED: 35 POSITIVE: 0.0013950613077315932
2019-12-29 20:25:06,222 -  - INFO - PARSED: 36 POSITIVE: 0.0015904882355219918
2019-12-29 20:25:06,378 -  - INFO - PARSED: 37 POSITIVE: 0.9999999696111659
2019-12-29 20:25:06,513 -  - INFO - PARSED: 38 POSITIVE: 0.9977237173681581
2019-12-29 20:25:06,656 -  - INFO - PARSED: 39 POSITIVE: 0.9647469783744022
2019-12-29 20:25:06,778 -  - INFO - PARSED: 40 POSITIVE: 0.26116678751184574
2019-12-29 20:25:06,905 -  - INFO - PARSED: 41 POSITIVE: 0.9940599155973237
2019-12-29 20:25:07,027 -  - INFO - PARSED: 42 POSITIVE: 0.9866525961103442
2019-12-29 20:25:07,158 -  - INFO - PARSED: 43 POSITIVE: 0.9794151686777213
2019-12-29 20:25:07,330 -  - INFO - PARSED: 44 POSITIVE: 0.9962597653641336
2019-12-29 20:25:07,448 -  - INFO - PARSED: 45 POSITIVE: 0.9835119329401442
2019-12-29 20:25:07,661 -  - INFO - PARSED: 46 POSITIVE: 0.8838495196934272
2019-12-29 20:25:07,798 -  - INFO - PARSED: 47 POSITIVE: 0.9054739260031579
2019-12-29 20:25:07,926 -  - INFO - PARSED: 48 POSITIVE: 0.7001272736469691
2019-12-29 20:25:08,064 -  - INFO - PARSED: 49 POSITIVE: 0.9999989033574579
2019-12-29 20:25:08,199 -  - INFO - PARSED: 50 POSITIVE: 0.9999919632714024
2019-12-29 20:25:08,332 -  - INFO - PARSED: 51 POSITIVE: 0.8052762634450974
2019-12-29 20:25:08,464 -  - INFO - PARSED: 52 POSITIVE: 0.018259757618529715
2019-12-29 20:25:08,612 -  - INFO - PARSED: 53 POSITIVE: 0.9999999971600477
2019-12-29 20:25:08,747 -  - INFO - PARSED: 54 POSITIVE: 0.9838614458962663
2019-12-29 20:25:08,760 -  - INFO - PARSE ERROR: 55
2019-12-29 20:25:08,900 -  - INFO - PARSED: 56 POSITIVE: 0.9999997797015044
2019-12-29 20:25:09,052 -  - INFO - PARSED: 57 POSITIVE: 0.9666285048515001
2019-12-29 20:25:09,177 -  - INFO - PARSED: 58 POSITIVE: 0.17366778420714024
2019-12-29 20:25:09,379 -  - INFO - TOPIC: #男友晒陈乔恩近照# FETCHED TIME-USED: 10.179212093353271
2019-12-29 20:25:09,570 -  - INFO - REACH WEIBO
2019-12-29 20:25:11,004 -  - INFO - SEARCHED TOPIC: #荷兰要改名#
2019-12-29 20:25:11,004 -  - INFO - SCROLLING: 0 WAIT: 0.1
2019-12-29 20:25:11,115 -  - INFO - SCROLLING: 1 WAIT: 0.1
2019-12-29 20:25:11,220 -  - INFO - SCROLLING: 2 WAIT: 0.1
2019-12-29 20:25:11,329 -  - INFO - SCROLLING: 3 WAIT: 0.1
2019-12-29 20:25:11,461 -  - INFO - SCROLLING: 4 WAIT: 0.1
2019-12-29 20:25:11,571 -  - INFO - SCROLLING: 5 WAIT: 0.1
2019-12-29 20:25:11,681 -  - INFO - SCROLLING: 6 WAIT: 0.1
2019-12-29 20:25:11,787 -  - INFO - SCROLLING: 7 WAIT: 0.1
2019-12-29 20:25:11,897 -  - INFO - SCROLLING: 8 WAIT: 0.1
2019-12-29 20:25:12,095 -  - INFO - SCROLLING: 9 WAIT: 0.1
2019-12-29 20:25:13,224 -  - INFO - WEIBO CARDS FOUND
2019-12-29 20:25:13,246 -  - INFO - PARSE ERROR: 0
2019-12-29 20:25:13,411 -  - INFO - PARSED: 1 POSITIVE: 0.9993883023257498
2019-12-29 20:25:13,543 -  - INFO - PARSED: 2 POSITIVE: 0.4331596324544963
2019-12-29 20:25:13,558 -  - INFO - PARSE ERROR: 3
2019-12-29 20:25:13,687 -  - INFO - PARSED: 4 POSITIVE: 0.9993301535498309
2019-12-29 20:25:13,835 -  - INFO - PARSED: 5 POSITIVE: 0.9999999997668918
2019-12-29 20:25:14,009 -  - INFO - PARSED: 6 POSITIVE: 0.881283947721974
2019-12-29 20:25:14,125 -  - INFO - PARSED: 7 POSITIVE: 0.881283947721974
2019-12-29 20:25:14,139 -  - INFO - PARSE ERROR: 8
2019-12-29 20:25:14,154 -  - INFO - PARSE ERROR: 9
2019-12-29 20:25:14,168 -  - INFO - PARSE ERROR: 10
2019-12-29 20:25:14,187 -  - INFO - PARSE ERROR: 11
2019-12-29 20:25:14,209 -  - INFO - PARSE ERROR: 12
2019-12-29 20:25:14,387 -  - INFO - PARSED: 13 POSITIVE: 0.9999541140122968
2019-12-29 20:25:14,513 -  - INFO - PARSED: 14 POSITIVE: 0.9999541140122968
2019-12-29 20:25:14,659 -  - INFO - PARSED: 15 POSITIVE: 0.055563658457044474
2019-12-29 20:25:14,787 -  - INFO - PARSED: 16 POSITIVE: 0.13054611904952573
2019-12-29 20:25:14,931 -  - INFO - PARSED: 17 POSITIVE: 0.9681420465089497
2019-12-29 20:25:15,065 -  - INFO - PARSED: 18 POSITIVE: 0.017902210979528488
2019-12-29 20:25:15,212 -  - INFO - PARSED: 19 POSITIVE: 0.9995096984867602
2019-12-29 20:25:15,338 -  - INFO - PARSED: 20 POSITIVE: 0.14148976543191638
2019-12-29 20:25:15,459 -  - INFO - PARSED: 21 POSITIVE: 0.6629188016406051
2019-12-29 20:25:15,589 -  - INFO - PARSED: 22 POSITIVE: 0.24974786782710756
2019-12-29 20:25:15,733 -  - INFO - PARSED: 23 POSITIVE: 0.9999890485635153
2019-12-29 20:25:15,862 -  - INFO - PARSED: 24 POSITIVE: 0.011102767306179318
2019-12-29 20:25:16,008 -  - INFO - PARSED: 25 POSITIVE: 0.1785296074110827
2019-12-29 20:25:16,138 -  - INFO - PARSED: 26 POSITIVE: 0.9086264098292898
2019-12-29 20:25:16,266 -  - INFO - PARSED: 27 POSITIVE: 0.966614119607955
2019-12-29 20:25:16,399 -  - INFO - PARSED: 28 POSITIVE: 0.7770505730135503
2019-12-29 20:25:16,558 -  - INFO - PARSED: 29 POSITIVE: 0.9999802692745325
2019-12-29 20:25:16,732 -  - INFO - PARSED: 30 POSITIVE: 0.0269286430346396
2019-12-29 20:25:16,855 -  - INFO - PARSED: 31 POSITIVE: 0.5588496412849301
2019-12-29 20:25:16,991 -  - INFO - PARSED: 32 POSITIVE: 0.4331596324544963
2019-12-29 20:25:17,006 -  - INFO - PARSE ERROR: 33
2019-12-29 20:25:17,134 -  - INFO - PARSED: 34 POSITIVE: 0.23236000978455518
2019-12-29 20:25:17,260 -  - INFO - PARSED: 35 POSITIVE: 0.5348330544625735
2019-12-29 20:25:17,396 -  - INFO - PARSED: 36 POSITIVE: 0.1092268138817738
2019-12-29 20:25:17,638 -  - INFO - PARSED: 37 POSITIVE: 0.9999999984041721
2019-12-29 20:25:17,784 -  - INFO - PARSED: 38 POSITIVE: 0.9952670175692335
2019-12-29 20:25:17,922 -  - INFO - PARSED: 39 POSITIVE: 0.5742886389933628
2019-12-29 20:25:18,059 -  - INFO - PARSED: 40 POSITIVE: 0.11581484413112986
2019-12-29 20:25:18,211 -  - INFO - PARSED: 41 POSITIVE: 0.9993883023257498
2019-12-29 20:25:18,338 -  - INFO - PARSED: 42 POSITIVE: 0.9054739260031579
2019-12-29 20:25:18,466 -  - INFO - PARSED: 43 POSITIVE: 0.02408131411134684
2019-12-29 20:25:18,624 -  - INFO - PARSED: 44 POSITIVE: 0.13455937951763175
2019-12-29 20:25:18,746 -  - INFO - PARSED: 45 POSITIVE: 0.3092681127078559
2019-12-29 20:25:18,905 -  - INFO - PARSED: 46 POSITIVE: 0.836240172752068
2019-12-29 20:25:19,034 -  - INFO - PARSED: 47 POSITIVE: 0.10036947116549211
2019-12-29 20:25:19,161 -  - INFO - PARSED: 48 POSITIVE: 0.13325794839382576
2019-12-29 20:25:19,283 -  - INFO - PARSED: 49 POSITIVE: 0.26005701011180016
2019-12-29 20:25:19,410 -  - INFO - PARSED: 50 POSITIVE: 0.4666308393620373
2019-12-29 20:25:19,533 -  - INFO - PARSED: 51 POSITIVE: 0.015103736288160308
2019-12-29 20:25:19,656 -  - INFO - PARSED: 52 POSITIVE: 0.9636788411694241
2019-12-29 20:25:19,777 -  - INFO - PARSED: 53 POSITIVE: 0.25553744496110176
2019-12-29 20:25:19,910 -  - INFO - PARSED: 54 POSITIVE: 0.6858415548985036
2019-12-29 20:25:20,186 -  - INFO - TOPIC: #荷兰要改名# FETCHED TIME-USED: 10.806856393814087
2019-12-29 20:25:20,411 -  - INFO - REACH WEIBO
2019-12-29 20:25:21,709 -  - INFO - SEARCHED TOPIC: #林更新上奇葩说#
2019-12-29 20:25:21,709 -  - INFO - SCROLLING: 0 WAIT: 0.1
2019-12-29 20:25:21,827 -  - INFO - SCROLLING: 1 WAIT: 0.1
2019-12-29 20:25:21,944 -  - INFO - SCROLLING: 2 WAIT: 0.1
2019-12-29 20:25:22,048 -  - INFO - SCROLLING: 3 WAIT: 0.1
2019-12-29 20:25:22,237 -  - INFO - SCROLLING: 4 WAIT: 0.1
2019-12-29 20:25:22,342 -  - INFO - SCROLLING: 5 WAIT: 0.1
2019-12-29 20:25:22,447 -  - INFO - SCROLLING: 6 WAIT: 0.1
2019-12-29 20:25:22,553 -  - INFO - SCROLLING: 7 WAIT: 0.1
2019-12-29 20:25:22,661 -  - INFO - SCROLLING: 8 WAIT: 0.1
2019-12-29 20:25:22,767 -  - INFO - SCROLLING: 9 WAIT: 0.1
2019-12-29 20:25:23,935 -  - INFO - WEIBO CARDS FOUND
2019-12-29 20:25:23,955 -  - INFO - PARSE ERROR: 0
2019-12-29 20:25:23,968 -  - INFO - PARSE ERROR: 1
2019-12-29 20:25:23,981 -  - INFO - PARSE ERROR: 2
2019-12-29 20:25:23,994 -  - INFO - PARSE ERROR: 3
2019-12-29 20:25:24,169 -  - INFO - PARSED: 4 POSITIVE: 0.6419671020942669
2019-12-29 20:25:24,312 -  - INFO - PARSED: 5 POSITIVE: 0.003550186432994318
2019-12-29 20:25:24,458 -  - INFO - PARSED: 6 POSITIVE: 0.08437680002262093
2019-12-29 20:25:24,608 -  - INFO - PARSED: 7 POSITIVE: 0.023540235201904736
2019-12-29 20:25:24,779 -  - INFO - PARSED: 8 POSITIVE: 0.9984325603665617
2019-12-29 20:25:24,888 -  - INFO - PARSED: 9 POSITIVE: 0.9984325603665617
2019-12-29 20:25:24,903 -  - INFO - PARSE ERROR: 10
2019-12-29 20:25:24,915 -  - INFO - PARSE ERROR: 11
2019-12-29 20:25:24,928 -  - INFO - PARSE ERROR: 12
2019-12-29 20:25:24,941 -  - INFO - PARSE ERROR: 13
2019-12-29 20:25:24,954 -  - INFO - PARSE ERROR: 14
2019-12-29 20:25:24,965 -  - INFO - PARSE ERROR: 15
2019-12-29 20:25:24,979 -  - INFO - PARSE ERROR: 16
2019-12-29 20:25:24,990 -  - INFO - PARSE ERROR: 17
2019-12-29 20:25:25,002 -  - INFO - PARSE ERROR: 18
2019-12-29 20:25:25,015 -  - INFO - PARSE ERROR: 19
2019-12-29 20:25:25,026 -  - INFO - PARSE ERROR: 20
2019-12-29 20:25:25,038 -  - INFO - PARSE ERROR: 21
2019-12-29 20:25:25,184 -  - INFO - PARSED: 22 POSITIVE: 0.010601216568195682
2019-12-29 20:25:25,282 -  - INFO - PARSED: 23 POSITIVE: 0.010601216568195682
2019-12-29 20:25:25,295 -  - INFO - PARSE ERROR: 24
2019-12-29 20:25:25,436 -  - INFO - PARSED: 25 POSITIVE: 0.9999971886183274
2019-12-29 20:25:25,562 -  - INFO - PARSED: 26 POSITIVE: 0.03936042644835802
2019-12-29 20:25:25,697 -  - INFO - PARSED: 27 POSITIVE: 0.9218318477546272
2019-12-29 20:25:25,709 -  - INFO - PARSE ERROR: 28
2019-12-29 20:25:25,849 -  - INFO - PARSED: 29 POSITIVE: 0.05615998589553872
2019-12-29 20:25:25,992 -  - INFO - PARSED: 30 POSITIVE: 0.2420816197908653
2019-12-29 20:25:26,126 -  - INFO - PARSED: 31 POSITIVE: 0.14325927209722622
2019-12-29 20:25:26,280 -  - INFO - PARSED: 32 POSITIVE: 0.9979315509410086
2019-12-29 20:25:26,415 -  - INFO - PARSED: 33 POSITIVE: 0.9919484927928989
2019-12-29 20:25:26,565 -  - INFO - PARSED: 34 POSITIVE: 1.0
2019-12-29 20:25:26,579 -  - INFO - PARSE ERROR: 35
2019-12-29 20:25:26,707 -  - INFO - PARSED: 36 POSITIVE: 0.41603598237899686
2019-12-29 20:25:26,719 -  - INFO - PARSE ERROR: 37
2019-12-29 20:25:26,858 -  - INFO - PARSED: 38 POSITIVE: 0.04119644287666013
2019-12-29 20:25:26,990 -  - INFO - PARSED: 39 POSITIVE: 0.3802857046295042
2019-12-29 20:25:27,132 -  - INFO - PARSED: 40 POSITIVE: 0.9963968865687892
2019-12-29 20:25:27,274 -  - INFO - PARSED: 41 POSITIVE: 0.9998209664119034
2019-12-29 20:25:27,416 -  - INFO - PARSED: 42 POSITIVE: 0.8028444834483283
2019-12-29 20:25:27,629 -  - INFO - PARSED: 43 POSITIVE: 0.8053330405635052
2019-12-29 20:25:27,773 -  - INFO - PARSED: 44 POSITIVE: 0.9999999935002006
2019-12-29 20:25:27,920 -  - INFO - PARSED: 45 POSITIVE: 0.07554752100196294
2019-12-29 20:25:28,084 -  - INFO - PARSED: 46 POSITIVE: 0.9999995385664571
2019-12-29 20:25:28,228 -  - INFO - PARSED: 47 POSITIVE: 0.032380621872909576
2019-12-29 20:25:28,365 -  - INFO - PARSED: 48 POSITIVE: 0.01075885286789613
2019-12-29 20:25:28,505 -  - INFO - PARSED: 49 POSITIVE: 0.8587326683608991
2019-12-29 20:25:28,519 -  - INFO - PARSE ERROR: 50
2019-12-29 20:25:28,663 -  - INFO - PARSED: 51 POSITIVE: 0.9996825625896628
2019-12-29 20:25:28,815 -  - INFO - PARSED: 52 POSITIVE: 0.1223207314420619
2019-12-29 20:25:28,958 -  - INFO - PARSED: 53 POSITIVE: 0.9999999611515527
2019-12-29 20:25:29,097 -  - INFO - PARSED: 54 POSITIVE: 0.06505129299050827
2019-12-29 20:25:29,240 -  - INFO - PARSED: 55 POSITIVE: 0.9994572631121696
2019-12-29 20:25:29,382 -  - INFO - PARSED: 56 POSITIVE: 0.09817306874238918
2019-12-29 20:25:29,553 -  - INFO - PARSED: 57 POSITIVE: 0.9999999398480629
2019-12-29 20:25:29,706 -  - INFO - PARSED: 58 POSITIVE: 0.9999999595927168
2019-12-29 20:25:29,832 -  - INFO - PARSED: 59 POSITIVE: 0.9997188466748835
2019-12-29 20:25:29,952 -  - INFO - PARSED: 60 POSITIVE: 0.5736754553289466
2019-12-29 20:25:30,171 -  - INFO - TOPIC: #林更新上奇葩说# FETCHED TIME-USED: 9.983951807022095
2019-12-29 20:25:30,392 -  - INFO - REACH WEIBO
2019-12-29 20:25:31,644 -  - INFO - SEARCHED TOPIC: #王一博等赵丽颖#
2019-12-29 20:25:31,644 -  - INFO - SCROLLING: 0 WAIT: 0.1
2019-12-29 20:25:31,754 -  - INFO - SCROLLING: 1 WAIT: 0.1
2019-12-29 20:25:31,862 -  - INFO - SCROLLING: 2 WAIT: 0.1
2019-12-29 20:25:31,995 -  - INFO - SCROLLING: 3 WAIT: 0.1
2019-12-29 20:25:32,103 -  - INFO - SCROLLING: 4 WAIT: 0.1
2019-12-29 20:25:32,209 -  - INFO - SCROLLING: 5 WAIT: 0.1
2019-12-29 20:25:32,318 -  - INFO - SCROLLING: 6 WAIT: 0.1
2019-12-29 20:25:32,426 -  - INFO - SCROLLING: 7 WAIT: 0.1
2019-12-29 20:25:32,536 -  - INFO - SCROLLING: 8 WAIT: 0.1
2019-12-29 20:25:32,641 -  - INFO - SCROLLING: 9 WAIT: 0.1
2019-12-29 20:25:33,789 -  - INFO - WEIBO CARDS FOUND
2019-12-29 20:25:33,910 -  - INFO - PARSED: 0 POSITIVE: 0.9996451945999801
2019-12-29 20:25:34,030 -  - INFO - PARSED: 1 POSITIVE: 0.9908872897860269
2019-12-29 20:25:34,163 -  - INFO - PARSED: 2 POSITIVE: 0.9994691547240124
2019-12-29 20:25:34,272 -  - INFO - PARSED: 3 POSITIVE: 0.9994691547240124
2019-12-29 20:25:34,285 -  - INFO - PARSE ERROR: 4
2019-12-29 20:25:34,425 -  - INFO - PARSED: 5 POSITIVE: 0.9999945098872093
2019-12-29 20:25:34,437 -  - INFO - PARSE ERROR: 6
2019-12-29 20:25:34,561 -  - INFO - PARSED: 7 POSITIVE: 0.9999945098872093
2019-12-29 20:25:34,703 -  - INFO - PARSED: 8 POSITIVE: 0.9999999999751714
2019-12-29 20:25:34,717 -  - INFO - PARSE ERROR: 9
2019-12-29 20:25:34,730 -  - INFO - PARSE ERROR: 10
2019-12-29 20:25:34,742 -  - INFO - PARSE ERROR: 11
2019-12-29 20:25:34,755 -  - INFO - PARSE ERROR: 12
2019-12-29 20:25:34,767 -  - INFO - PARSE ERROR: 13
2019-12-29 20:25:34,779 -  - INFO - PARSE ERROR: 14
2019-12-29 20:25:34,789 -  - INFO - PARSE ERROR: 15
2019-12-29 20:25:34,801 -  - INFO - PARSE ERROR: 16
2019-12-29 20:25:34,813 -  - INFO - PARSE ERROR: 17
2019-12-29 20:25:34,824 -  - INFO - PARSE ERROR: 18
2019-12-29 20:25:34,837 -  - INFO - PARSE ERROR: 19
2019-12-29 20:25:34,985 -  - INFO - PARSED: 20 POSITIVE: 0.9999802692745325
2019-12-29 20:25:35,116 -  - INFO - PARSED: 21 POSITIVE: 0.9999802692745325
2019-12-29 20:25:35,257 -  - INFO - PARSED: 22 POSITIVE: 0.9999997210956605
2019-12-29 20:25:35,372 -  - INFO - PARSED: 23 POSITIVE: 0.9856530683845878
2019-12-29 20:25:35,489 -  - INFO - PARSED: 24 POSITIVE: 0.5556885117355025
2019-12-29 20:25:35,618 -  - INFO - PARSED: 25 POSITIVE: 0.9987319970263282
2019-12-29 20:25:35,742 -  - INFO - PARSED: 26 POSITIVE: 0.998641879103777
2019-12-29 20:25:35,873 -  - INFO - PARSED: 27 POSITIVE: 0.9994755410784437
2019-12-29 20:25:36,003 -  - INFO - PARSED: 28 POSITIVE: 0.998684410440129
2019-12-29 20:25:36,136 -  - INFO - PARSED: 29 POSITIVE: 0.999738293474202
2019-12-29 20:25:36,251 -  - INFO - PARSED: 30 POSITIVE: 0.9958091508137058
2019-12-29 20:25:36,265 -  - INFO - PARSE ERROR: 31
2019-12-29 20:25:36,279 -  - INFO - PARSE ERROR: 32
2019-12-29 20:25:36,292 -  - INFO - PARSE ERROR: 33
2019-12-29 20:25:36,424 -  - INFO - PARSED: 34 POSITIVE: 0.9943663545466613
2019-12-29 20:25:36,547 -  - INFO - PARSED: 35 POSITIVE: 0.9998937638544731
2019-12-29 20:25:36,674 -  - INFO - PARSED: 36 POSITIVE: 0.9999865005547995
2019-12-29 20:25:36,791 -  - INFO - PARSED: 37 POSITIVE: 0.1868820974809544
2019-12-29 20:25:36,906 -  - INFO - PARSED: 38 POSITIVE: 0.982796515648311
2019-12-29 20:25:37,029 -  - INFO - PARSED: 39 POSITIVE: 0.9995324197714971
2019-12-29 20:25:37,157 -  - INFO - PARSED: 40 POSITIVE: 0.9908077161515925
2019-12-29 20:25:37,285 -  - INFO - PARSED: 41 POSITIVE: 0.9969427871433251
2019-12-29 20:25:37,411 -  - INFO - PARSED: 42 POSITIVE: 0.9998709019574934
2019-12-29 20:25:37,585 -  - INFO - PARSED: 43 POSITIVE: 0.9963954107431882
2019-12-29 20:25:37,712 -  - INFO - PARSED: 44 POSITIVE: 0.9996451945999801
2019-12-29 20:25:37,843 -  - INFO - PARSED: 45 POSITIVE: 0.999999657497311
2019-12-29 20:25:37,963 -  - INFO - PARSED: 46 POSITIVE: 0.9316137477274389
2019-12-29 20:25:38,094 -  - INFO - PARSED: 47 POSITIVE: 0.9999883838171667
2019-12-29 20:25:38,238 -  - INFO - PARSED: 48 POSITIVE: 0.9999826907563804
2019-12-29 20:25:38,366 -  - INFO - PARSED: 49 POSITIVE: 0.7814937499747513
2019-12-29 20:25:38,507 -  - INFO - PARSED: 50 POSITIVE: 0.9998194315036698
2019-12-29 20:25:38,638 -  - INFO - PARSED: 51 POSITIVE: 0.9989481214024459
2019-12-29 20:25:38,803 -  - INFO - PARSED: 52 POSITIVE: 0.9648277592624005
2019-12-29 20:25:38,938 -  - INFO - PARSED: 53 POSITIVE: 0.9999998379332019
2019-12-29 20:25:39,062 -  - INFO - PARSED: 54 POSITIVE: 0.9999999810192172
2019-12-29 20:25:39,196 -  - INFO - PARSED: 55 POSITIVE: 0.9983829965240684
2019-12-29 20:25:39,326 -  - INFO - PARSED: 56 POSITIVE: 0.9577681507751187
2019-12-29 20:26:06,003 -  - INFO - REACH WEIBO
